2019-06-25 21:08:49.691682: I tensorflow/core/platform/cpu_feature_guard.cc:140] Your CPU supports instructions that this TensorFlow binary was not compiled to use: AVX512F
2019-06-25 21:08:51.236802: E tensorflow/stream_executor/cuda/cuda_driver.cc:406] failed call to cuInit: CUDA_ERROR_NO_DEVICE
2019-06-25 21:08:51.236880: I tensorflow/stream_executor/cuda/cuda_diagnostics.cc:158] retrieving CUDA diagnostic information for host: SR760-GPU-4
2019-06-25 21:08:51.236892: I tensorflow/stream_executor/cuda/cuda_diagnostics.cc:165] hostname: SR760-GPU-4
2019-06-25 21:08:51.236957: I tensorflow/stream_executor/cuda/cuda_diagnostics.cc:189] libcuda reported version is: 410.48.0
2019-06-25 21:08:51.237009: I tensorflow/stream_executor/cuda/cuda_diagnostics.cc:193] kernel reported version is: 410.48.0
2019-06-25 21:08:51.237016: I tensorflow/stream_executor/cuda/cuda_diagnostics.cc:300] kernel version seems to match DSO: 410.48.0
f lammps module:
  use deepmd-kit at:  /sharedext4/local/deepmd-kit-0.12.4
  source:             v0.12.4-1-ge3cd911-dirty
  source branch:      master
  source commit:      e3cd911
  source commit at:   2019-02-07 10:22:13 +0800
  build float prec:   double
  build with tf inc:  /sharedext4/local/tensorflow/r1.8.gpu.cc/include
  build with tf lib:  /sharedext4/local/tensorflow/r1.8.gpu.cc/lib/libtensorflow_cc.so;/sharedext4/local/tensorflow/r1.8.gpu.cc/lib/libtensorflow_framework.so
  >>> Info of model(s):
  using   4 model(s): ../graph.002.pb ../graph.003.pb ../graph.000.pb ../graph.001.pb 
  rcut in model:      5
  ntypes in model:    2
Neighbor list info ...
  update every 1 steps, delay 10 steps, check yes
  max neighbors/atom: 2000, page size: 100000
  master list distance cutoff = 6
  ghost atom cutoff = 6
  binsize = 3, bins = 4 4 4
  1 neighbor lists, perpetual/occasional/extra = 1 0 0
  (1) pair deepmd, perpetual
      attributes: , newton on
      pair build: full/bin/atomonly
      stencil: full/bin/3d
      bin: standard
Setting up Verlet run ...
  Unit style    : metal
  Current step  : 0
  Time step     : 0.002
Per MPI rank memory allocation (min/avg/max) = 3.934 | 3.934 | 3.934 Mbytes
Step Temp PotEng KinEng TotEng Press Volume Lx Ly Lz Xy Xz Yz 
       0          100   -23.974366  0.051704058   -23.922662   -425.12997    1002.2046    10.006935    10.192029    9.8264046    0.1226875    0.1866922   -0.1718053 
      10    104.45018   -23.975937  0.054004979   -23.921932   -720.58094    1002.2046    10.006935    10.192029    9.8264046    0.1226875    0.1866922   -0.1718053 
      20     85.62914   -23.966009   0.04427374   -23.921735   -694.65445    1002.2046    10.006935    10.192029    9.8264046    0.1226875    0.1866922   -0.1718053 
      30    114.94657    -23.98402  0.059432042   -23.924587   -325.09469    1002.2046    10.006935    10.192029    9.8264046    0.1226875    0.1866922   -0.1718053 
      40     131.7124   -23.993829  0.068100657   -23.925728    173.86582    1002.2046    10.006935    10.192029    9.8264046    0.1226875    0.1866922   -0.1718053 
      50    86.268068   -23.968366  0.044604092   -23.923762    564.77404    1002.2046    10.006935    10.192029    9.8264046    0.1226875    0.1866922   -0.1718053 
      60    130.88043   -23.989962  0.067670495   -23.922291     716.8292    1002.2046    10.006935    10.192029    9.8264046    0.1226875    0.1866922   -0.1718053 
      70    106.73535   -23.974074  0.055186505   -23.918888    442.03366    1002.2046    10.006935    10.192029    9.8264046    0.1226875    0.1866922   -0.1718053 
      80    106.40964   -23.970931    0.0550181   -23.915913   -56.418816    1002.2046    10.006935    10.192029    9.8264046    0.1226875    0.1866922   -0.1718053 
      90     113.2127    -23.96854  0.058535559   -23.910005   -524.89289    1002.2046    10.006935    10.192029    9.8264046    0.1226875    0.1866922   -0.1718053 
     100    109.81504   -23.959673  0.056778834   -23.902894   -808.19711    1002.2046    10.006935    10.192029    9.8264046    0.1226875    0.1866922   -0.1718053 
     110    102.26087    -23.94959  0.052873018   -23.896717   -693.90737    1002.2046    10.006935    10.192029    9.8264046    0.1226875    0.1866922   -0.1718053 
     120    117.88805   -23.950803  0.060952908    -23.88985   -251.41752    1002.2046    10.006935    10.192029    9.8264046    0.1226875    0.1866922   -0.1718053 
     130    150.52078   -23.961195  0.077825351    -23.88337    284.02605    1002.2046    10.006935    10.192029    9.8264046    0.1226875    0.1866922   -0.1718053 
     140    107.24373   -23.931554  0.055449358   -23.876105     712.2385    1002.2046    10.006935    10.192029    9.8264046    0.1226875    0.1866922   -0.1718053 
     150    149.97565   -23.957083  0.077543496   -23.879539    629.25789    1002.2046    10.006935    10.192029    9.8264046    0.1226875    0.1866922   -0.1718053 
     160    179.33954   -23.978699  0.092725818   -23.885973    155.81036    1002.2046    10.006935    10.192029    9.8264046    0.1226875    0.1866922   -0.1718053 
     170    143.96253   -23.967397  0.074434468   -23.892962   -430.12241    1002.2046    10.006935    10.192029    9.8264046    0.1226875    0.1866922   -0.1718053 
     180    158.05558   -23.981049  0.081721146   -23.899327   -867.47704    1002.2046    10.006935    10.192029    9.8264046    0.1226875    0.1866922   -0.1718053 
     190    142.70656   -23.982781  0.073785083   -23.908996   -830.78264    1002.2046    10.006935    10.192029    9.8264046    0.1226875    0.1866922   -0.1718053 
     200    121.94786   -23.983912  0.063051993    -23.92086   -464.04761    1002.2046    10.006935    10.192029    9.8264046    0.1226875    0.1866922   -0.1718053 
     210     116.2462    -23.99074  0.060104005   -23.930636    30.121662    1002.2046    10.006935    10.192029    9.8264046    0.1226875    0.1866922   -0.1718053 
     220    100.31321   -23.988868     0.051866   -23.937002    503.60207    1002.2046    10.006935    10.192029    9.8264046    0.1226875    0.1866922   -0.1718053 
     230    78.420076   -23.981027  0.040546361    -23.94048    671.65698    1002.2046    10.006935    10.192029    9.8264046    0.1226875    0.1866922   -0.1718053 
     240    65.776284   -23.977352  0.034009008   -23.943343    500.63379    1002.2046    10.006935    10.192029    9.8264046    0.1226875    0.1866922   -0.1718053 
     250    81.237393   -23.988954  0.042003029   -23.946951    161.62128    1002.2046    10.006935    10.192029    9.8264046    0.1226875    0.1866922   -0.1718053 
     260    44.372338    -23.96958  0.022942299   -23.946638   -254.54625    1002.2046    10.006935    10.192029    9.8264046    0.1226875    0.1866922   -0.1718053 
     270    58.089964   -23.976658  0.030034869   -23.946623   -525.84628    1002.2046    10.006935    10.192029    9.8264046    0.1226875    0.1866922   -0.1718053 
     280    50.391147   -23.971861  0.026054268   -23.945807   -533.15399    1002.2046    10.006935    10.192029    9.8264046    0.1226875    0.1866922   -0.1718053 
     290    44.289302   -23.966803  0.022899367   -23.943904   -301.07117    1002.2046    10.006935    10.192029    9.8264046    0.1226875    0.1866922   -0.1718053 
     300    61.302248   -23.973296   0.03169575     -23.9416    112.06555    1002.2046    10.006935    10.192029    9.8264046    0.1226875    0.1866922   -0.1718053 
Loop time of 4.44867 on 1 procs for 300 steps with 5 atoms

Performance: 11.653 ns/day, 2.060 hours/ns, 67.436 timesteps/s
284.6% CPU use with 1 MPI tasks x no OpenMP threads

MPI task timing breakdown:
Section |  min time  |  avg time  |  max time  |%varavg| %total
---------------------------------------------------------------
Pair    | 4.0961     | 4.0961     | 4.0961     |   0.0 | 92.07
Neigh   | 0.00021839 | 0.00021839 | 0.00021839 |   0.0 |  0.00
Comm    | 0.0011454  | 0.0011454  | 0.0011454  |   0.0 |  0.03
Output  | 0.34824    | 0.34824    | 0.34824    |   0.0 |  7.83
Modify  | 0.0018842  | 0.0018842  | 0.0018842  |   0.0 |  0.04
Other   |            | 0.001088   |            |       |  0.02

Nlocal:    5 ave 5 max 5 min
Histogram: 1 0 0 0 0 0 0 0 0 0
Nghost:    103 ave 103 max 103 min
Histogram: 1 0 0 0 0 0 0 0 0 0
Neighs:    0 ave 0 max 0 min
Histogram: 1 0 0 0 0 0 0 0 0 0

Total # of neighbors = 0
Ave neighs/atom = 0
Neighbor list builds = 15
Dangerous builds = 0
Total wall time: 0:00:07
