2019-06-25 21:42:13.759589: I tensorflow/core/platform/cpu_feature_guard.cc:140] Your CPU supports instructions that this TensorFlow binary was not compiled to use: AVX512F
2019-06-25 21:42:15.051378: E tensorflow/stream_executor/cuda/cuda_driver.cc:406] failed call to cuInit: CUDA_ERROR_NO_DEVICE
2019-06-25 21:42:15.051457: I tensorflow/stream_executor/cuda/cuda_diagnostics.cc:158] retrieving CUDA diagnostic information for host: SR760-GPU-5
2019-06-25 21:42:15.051468: I tensorflow/stream_executor/cuda/cuda_diagnostics.cc:165] hostname: SR760-GPU-5
2019-06-25 21:42:15.051530: I tensorflow/stream_executor/cuda/cuda_diagnostics.cc:189] libcuda reported version is: 410.48.0
2019-06-25 21:42:15.051594: I tensorflow/stream_executor/cuda/cuda_diagnostics.cc:193] kernel reported version is: 410.48.0
2019-06-25 21:42:15.051602: I tensorflow/stream_executor/cuda/cuda_diagnostics.cc:300] kernel version seems to match DSO: 410.48.0
> Info of lammps module:
  use deepmd-kit at:  /sharedext4/local/deepmd-kit-0.12.4
  source:             v0.12.4-1-ge3cd911-dirty
  source branch:      master
  source commit:      e3cd911
  source commit at:   2019-02-07 10:22:13 +0800
  build float prec:   double
  build with tf inc:  /sharedext4/local/tensorflow/r1.8.gpu.cc/include
  build with tf lib:  /sharedext4/local/tensorflow/r1.8.gpu.cc/lib/libtensorflow_cc.so;/sharedext4/local/tensorflow/r1.8.gpu.cc/lib/libtensorflow_framework.so
  >>> Info of model(s):
  using   4 model(s): ../graph.002.pb ../graph.003.pb ../graph.000.pb ../graph.001.pb 
  rcut in model:      5
  ntypes in model:    2
Neighbor list info ...
  update every 1 steps, delay 10 steps, check yes
  max neighbors/atom: 2000, page size: 100000
  master list distance cutoff = 6
  ghost atom cutoff = 6
  binsize = 3, bins = 4 4 4
  1 neighbor lists, perpetual/occasional/extra = 1 0 0
  (1) pair deepmd, perpetual
      attributes: , newton on
      pair build: full/bin/atomonly
      stencil: full/bin/3d
      bin: standard
Setting up Verlet run ...
  Unit style    : metal
  Current step  : 0
  Time step     : 0.002
Per MPI rank memory allocation (min/avg/max) = 3.934 | 3.934 | 3.934 Mbytes
Step Temp PotEng KinEng TotEng Press Volume Lx Ly Lz Xy Xz Yz 
       0          100   -23.944658  0.051704058   -23.892954   -2013.2635    1060.5428    10.114259    10.263124    10.216793    0.0367499    0.1383306   -0.0563222 
      10    45.119453   -23.904429  0.023328588     -23.8811   -2773.4995    1060.5428    10.114259    10.263124    10.216793    0.0367499    0.1383306   -0.0563222 
      20    73.871799   -23.925799  0.038194718   -23.887604   -2442.8438    1060.5428    10.114259    10.263124    10.216793    0.0367499    0.1383306   -0.0563222 
      30      148.318   -23.983282  0.076686426   -23.906595   -1101.4914    1060.5428    10.114259    10.263124    10.216793    0.0367499    0.1383306   -0.0563222 
      40    167.38952   -23.999126  0.086547173   -23.912579     757.9966    1060.5428    10.114259    10.263124    10.216793    0.0367499    0.1383306   -0.0563222 
      50    70.419362   -23.928408  0.036409668   -23.891999    2296.5325    1060.5428    10.114259    10.263124    10.216793    0.0367499    0.1383306   -0.0563222 
      60    37.221088   -23.899108  0.019244813   -23.879863    2785.2435    1060.5428    10.114259    10.263124    10.216793    0.0367499    0.1383306   -0.0563222 
      70    90.531953   -23.946303  0.046808693   -23.899494    1972.5005    1060.5428    10.114259    10.263124    10.216793    0.0367499    0.1383306   -0.0563222 
      80    146.64511   -23.992532  0.075821474   -23.916711     312.7325    1060.5428    10.114259    10.263124    10.216793    0.0367499    0.1383306   -0.0563222 
      90     114.5941   -23.970722  0.059249798   -23.911472   -1357.7835    1060.5428    10.114259    10.263124    10.216793    0.0367499    0.1383306   -0.0563222 
     100    35.872514   -23.920206  0.018547546   -23.901659   -2369.5043    1060.5428    10.114259    10.263124    10.216793    0.0367499    0.1383306   -0.0563222 
     110    26.586157    -23.91933  0.013746122   -23.905584    -2409.991    1060.5428    10.114259    10.263124    10.216793    0.0367499    0.1383306   -0.0563222 
     120    84.838783   -23.967044  0.043865093   -23.923179    -1518.835    1060.5428    10.114259    10.263124    10.216793    0.0367499    0.1383306   -0.0563222 
     130    110.88031   -23.994651   0.05732962   -23.937321   -52.392844    1060.5428    10.114259    10.263124    10.216793    0.0367499    0.1383306   -0.0563222 
     140    84.384872    -23.97824  0.043630403   -23.934609    1410.9042    1060.5428    10.114259    10.263124    10.216793    0.0367499    0.1383306   -0.0563222 
     150    18.974143   -23.933827  0.009810402   -23.924017    2253.5341    1060.5428    10.114259    10.263124    10.216793    0.0367499    0.1383306   -0.0563222 
     160    33.185469   -23.947073  0.017158234   -23.929914    2119.7703    1060.5428    10.114259    10.263124    10.216793    0.0367499    0.1383306   -0.0563222 
     170    82.962972   -23.989301  0.042895223   -23.946406    1103.1946    1060.5428    10.114259    10.263124    10.216793    0.0367499    0.1383306   -0.0563222 
     180    98.026446   -24.000953   0.05068365   -23.950269   -311.38041    1060.5428    10.114259    10.263124    10.216793    0.0367499    0.1383306   -0.0563222 
     190    65.744958   -23.974287  0.033992811   -23.940295    -1561.665    1060.5428    10.114259    10.263124    10.216793    0.0367499    0.1383306   -0.0563222 
     200    17.242475   -23.938173 0.0089150591   -23.929258    -2215.679    1060.5428    10.114259    10.263124    10.216793    0.0367499    0.1383306   -0.0563222 
     210    42.474164   -23.950362  0.021960867   -23.928401    -2049.177    1060.5428    10.114259    10.263124    10.216793    0.0367499    0.1383306   -0.0563222 
     220    99.571932   -23.985534  0.051482729   -23.934051    -1076.083    1060.5428    10.114259    10.263124    10.216793    0.0367499    0.1383306   -0.0563222 
     230    129.40704   -23.999586  0.066908693   -23.932677    452.87281    1060.5428    10.114259    10.263124    10.216793    0.0367499    0.1383306   -0.0563222 
     240    90.442643    -23.95642  0.046762517   -23.909658    2014.3633    1060.5428    10.114259    10.263124    10.216793    0.0367499    0.1383306   -0.0563222 
     250    38.399768   -23.901758  0.019854238   -23.881904      2843.15    1060.5428    10.114259    10.263124    10.216793    0.0367499    0.1383306   -0.0563222 
     260    108.50654   -23.941736  0.056102284   -23.885634    2336.6991    1060.5428    10.114259    10.263124    10.216793    0.0367499    0.1383306   -0.0563222 
     270     202.6803   -23.999322   0.10479394   -23.894528    639.15183    1060.5428    10.114259    10.263124    10.216793    0.0367499    0.1383306   -0.0563222 
     280    180.56365   -23.968569  0.093358734   -23.875211   -1382.8974    1060.5428    10.114259    10.263124    10.216793    0.0367499    0.1383306   -0.0563222 
     290    83.954109   -23.893334  0.043407681   -23.849926   -2798.0868    1060.5428    10.114259    10.263124    10.216793    0.0367499    0.1383306   -0.0563222 
     300    52.007784   -23.870559  0.026890135   -23.843669   -3001.3493    1060.5428    10.114259    10.263124    10.216793    0.0367499    0.1383306   -0.0563222 
     310    156.07844   -23.944615  0.080698885   -23.863916   -1907.2246    1060.5428    10.114259    10.263124    10.216793    0.0367499    0.1383306   -0.0563222 
     320    214.25462   -23.994197   0.11077833   -23.883419     45.76944    1060.5428    10.114259    10.263124    10.216793    0.0367499    0.1383306   -0.0563222 
     330    134.24959   -23.941822  0.069412483    -23.87241    2040.9097    1060.5428    10.114259    10.263124    10.216793    0.0367499    0.1383306   -0.0563222 
     340     52.45669   -23.879348  0.027122237   -23.852226    3076.3023    1060.5428    10.114259    10.263124    10.216793    0.0367499    0.1383306   -0.0563222 
     350    71.263718   -23.906725  0.036846234   -23.869878    2624.6683    1060.5428    10.114259    10.263124    10.216793    0.0367499    0.1383306   -0.0563222 
     360    160.90577   -23.983974   0.08319481   -23.900779    1019.4682    1060.5428    10.114259    10.263124    10.216793    0.0367499    0.1383306   -0.0563222 
     370    151.07752    -23.98316  0.078113207   -23.905047   -851.25484    1060.5428    10.114259    10.263124    10.216793    0.0367499    0.1383306   -0.0563222 
     380    65.237344   -23.927957  0.033730354   -23.894226   -2200.7706    1060.5428    10.114259    10.263124    10.216793    0.0367499    0.1383306   -0.0563222 
     390     28.10714   -23.907103  0.014532532   -23.892571   -2596.1745    1060.5428    10.114259    10.263124    10.216793    0.0367499    0.1383306   -0.0563222 
     400    69.661935   -23.943419  0.036018048   -23.907401   -1942.6769    1060.5428    10.114259    10.263124    10.216793    0.0367499    0.1383306   -0.0563222 
     410    136.46472   -23.995416  0.070557796   -23.924858   -520.49863    1060.5428    10.114259    10.263124    10.216793    0.0367499    0.1383306   -0.0563222 
     420    116.95569   -23.986386  0.060470837   -23.925915    1131.5787    1060.5428    10.114259    10.263124    10.216793    0.0367499    0.1383306   -0.0563222 
     430    49.320897   -23.936742  0.025500905   -23.911241    2325.5264    1060.5428    10.114259    10.263124    10.216793    0.0367499    0.1383306   -0.0563222 
     440    36.752626   -23.927666  0.019002599   -23.908664    2513.4936    1060.5428    10.114259    10.263124    10.216793    0.0367499    0.1383306   -0.0563222 
     450    93.841928   -23.974223  0.048520085   -23.925703    1594.4352    1060.5428    10.114259    10.263124    10.216793    0.0367499    0.1383306   -0.0563222 
     460    137.98472    -24.00488  0.071343698   -23.933537    13.717466    1060.5428    10.114259    10.263124    10.216793    0.0367499    0.1383306   -0.0563222 
     470    101.91294   -23.974184  0.052693124   -23.921491   -1515.1711    1060.5428    10.114259    10.263124    10.216793    0.0367499    0.1383306   -0.0563222 
     480    38.184271   -23.925165  0.019742818   -23.905422    -2444.262    1060.5428    10.114259    10.263124    10.216793    0.0367499    0.1383306   -0.0563222 
     490    50.005284   -23.925537  0.025854761   -23.899682   -2466.7649    1060.5428    10.114259    10.263124    10.216793    0.0367499    0.1383306   -0.0563222 
     500    131.11081   -23.969691  0.067789611   -23.901901   -1517.5333    1060.5428    10.114259    10.263124    10.216793    0.0367499    0.1383306   -0.0563222 
     510    214.45595   -24.004612   0.11088243   -23.893729    293.73728    1060.5428    10.114259    10.263124    10.216793    0.0367499    0.1383306   -0.0563222 
     520    166.00503   -23.927965  0.085831338   -23.842134    2467.5142    1060.5428    10.114259    10.263124    10.216793    0.0367499    0.1383306   -0.0563222 
     530    85.246008   -23.823169  0.044075646   -23.779093    3694.3527    1060.5428    10.114259    10.263124    10.216793    0.0367499    0.1383306   -0.0563222 
     540    194.45651   -23.888358    0.1005419   -23.787816    2930.2548    1060.5428    10.114259    10.263124    10.216793    0.0367499    0.1383306   -0.0563222 
     550    319.46888   -23.982388   0.16517837    -23.81721    506.86871    1060.5428    10.114259    10.263124    10.216793    0.0367499    0.1383306   -0.0563222 
     560    242.09603   -23.928502   0.12517347   -23.803329    -1985.573    1060.5428    10.114259    10.263124    10.216793    0.0367499    0.1383306   -0.0563222 
     570    77.041385   -23.832339  0.039833522   -23.792506   -3329.9789    1060.5428    10.114259    10.263124    10.216793    0.0367499    0.1383306   -0.0563222 
     580     78.25025   -23.856502  0.040458555   -23.816043   -3126.4464    1060.5428    10.114259    10.263124    10.216793    0.0367499    0.1383306   -0.0563222 
     590    179.44898   -23.953257  0.092782405   -23.860475    -1621.628    1060.5428    10.114259    10.263124    10.216793    0.0367499    0.1383306   -0.0563222 
     600    203.87374   -23.994966     0.105411   -23.889555    461.75326    1060.5428    10.114259    10.263124    10.216793    0.0367499    0.1383306   -0.0563222 
     610    102.75699   -23.936932  0.053129533   -23.883803    2223.8408    1060.5428    10.114259    10.263124    10.216793    0.0367499    0.1383306   -0.0563222 
     620     38.41624   -23.898392  0.019862755    -23.87853    2888.3024    1060.5428    10.114259    10.263124    10.216793    0.0367499    0.1383306   -0.0563222 
     630    78.412804    -23.94224  0.040542602   -23.901698    2235.0525    1060.5428    10.114259    10.263124    10.216793    0.0367499    0.1383306   -0.0563222 
     640    144.23753   -24.000622  0.074576655   -23.926046    655.86166    1060.5428    10.114259    10.263124    10.216793    0.0367499    0.1383306   -0.0563222 
     650     128.7614    -23.99136  0.066574871   -23.924785    -1032.045    1060.5428    10.114259    10.263124    10.216793    0.0367499    0.1383306   -0.0563222 
     660    54.909566   -23.941843  0.028390474   -23.913452   -2196.5528    1060.5428    10.114259    10.263124    10.216793    0.0367499    0.1383306   -0.0563222 
     670    28.544852   -23.925583  0.014758847   -23.910824   -2497.5851    1060.5428    10.114259    10.263124    10.216793    0.0367499    0.1383306   -0.0563222 
     680    73.799618   -23.960337  0.038157397    -23.92218   -1843.0021    1060.5428    10.114259    10.263124    10.216793    0.0367499    0.1383306   -0.0563222 
     690    128.77722   -24.002683  0.066583049     -23.9361   -455.05996    1060.5428    10.114259    10.263124    10.216793    0.0367499    0.1383306   -0.0563222 
     700    111.54386   -23.991686  0.057672703   -23.934013    1149.1656    1060.5428    10.114259    10.263124    10.216793    0.0367499    0.1383306   -0.0563222 
     710    47.499755   -23.941125  0.024559301   -23.916566    2314.5925    1060.5428    10.114259    10.263124    10.216793    0.0367499    0.1383306   -0.0563222 
     720    36.423729   -23.928999  0.018832546   -23.910167    2512.6986    1060.5428    10.114259    10.263124    10.216793    0.0367499    0.1383306   -0.0563222 
     730    100.87197   -23.975625  0.052154903    -23.92347    1596.9803    1060.5428    10.114259    10.263124    10.216793    0.0367499    0.1383306   -0.0563222 
     740    147.08545   -24.002395  0.076049144   -23.926346   -42.678654    1060.5428    10.114259    10.263124    10.216793    0.0367499    0.1383306   -0.0563222 
     750     111.8262   -23.964929  0.057818683   -23.907111   -1674.5328    1060.5428    10.114259    10.263124    10.216793    0.0367499    0.1383306   -0.0563222 
     760    39.413729   -23.902914  0.020378497   -23.882535   -2704.8407    1060.5428    10.114259    10.263124    10.216793    0.0367499    0.1383306   -0.0563222 
     770    63.423686   -23.904249  0.032792619   -23.871456   -2723.6911    1060.5428    10.114259    10.263124    10.216793    0.0367499    0.1383306   -0.0563222 
     780    167.83411   -23.963968  0.086777047   -23.877191   -1563.2004    1060.5428    10.114259    10.263124    10.216793    0.0367499    0.1383306   -0.0563222 
     790    225.03361   -23.993788   0.11635151   -23.877437    500.42976    1060.5428    10.114259    10.263124    10.216793    0.0367499    0.1383306   -0.0563222 
     800    144.06644   -23.916508  0.074488197    -23.84202    2564.5408    1060.5428    10.114259    10.263124    10.216793    0.0367499    0.1383306   -0.0563222 
     810    55.106334   -23.834585  0.028492211   -23.806093    3478.1148    1060.5428    10.114259    10.263124    10.216793    0.0367499    0.1383306   -0.0563222 
     820    163.54951   -23.917364  0.084561733   -23.832802    2574.4011    1060.5428    10.114259    10.263124    10.216793    0.0367499    0.1383306   -0.0563222 
     830    254.37858    -23.99101   0.13152405   -23.859486     403.1589    1060.5428    10.114259    10.263124    10.216793    0.0367499    0.1383306   -0.0563222 
     840     193.4918   -23.949426   0.10004311   -23.849383   -1806.3343    1060.5428    10.114259    10.263124    10.216793    0.0367499    0.1383306   -0.0563222 
     850    68.452673   -23.873691   0.03539281   -23.838298   -3035.7008    1060.5428    10.114259    10.263124    10.216793    0.0367499    0.1383306   -0.0563222 
     860    57.534761   -23.884273  0.029747806   -23.854525   -2889.3456    1060.5428    10.114259    10.263124    10.216793    0.0367499    0.1383306   -0.0563222 
     870    147.25048   -23.966063  0.076134473   -23.889929   -1581.7802    1060.5428    10.114259    10.263124    10.216793    0.0367499    0.1383306   -0.0563222 
     880    167.55213   -24.001413  0.086631251   -23.914782    255.31044    1060.5428    10.114259    10.263124    10.216793    0.0367499    0.1383306   -0.0563222 
     890    93.295135   -23.960788  0.048237371    -23.91255    1872.9224    1060.5428    10.114259    10.263124    10.216793    0.0367499    0.1383306   -0.0563222 
     900    37.251368    -23.92344  0.019260469    -23.90418    2629.2814    1060.5428    10.114259    10.263124    10.216793    0.0367499    0.1383306   -0.0563222 
     910    52.668158   -23.943499  0.027231575   -23.916267    2218.8629    1060.5428    10.114259    10.263124    10.216793    0.0367499    0.1383306   -0.0563222 
     920    127.13494   -23.999823  0.065733925   -23.934089     885.7088    1060.5428    10.114259    10.263124    10.216793    0.0367499    0.1383306   -0.0563222 
     930    122.15047   -23.995485  0.063156749   -23.932328   -725.54631    1060.5428    10.114259    10.263124    10.216793    0.0367499    0.1383306   -0.0563222 
     940    64.647701    -23.95146  0.033425485   -23.918034   -2009.9747    1060.5428    10.114259    10.263124    10.216793    0.0367499    0.1383306   -0.0563222 
     950    26.921722   -23.922754  0.013919623   -23.908835   -2516.8759    1060.5428    10.114259    10.263124    10.216793    0.0367499    0.1383306   -0.0563222 
     960    62.379885   -23.946912  0.032252932   -23.914659   -2040.2105    1060.5428    10.114259    10.263124    10.216793    0.0367499    0.1383306   -0.0563222 
     970    140.09336   -23.999693  0.072433952   -23.927259   -723.51321    1060.5428    10.114259    10.263124    10.216793    0.0367499    0.1383306   -0.0563222 
     980    128.76431   -23.991639  0.066576375   -23.925063    971.70678    1060.5428    10.114259    10.263124    10.216793    0.0367499    0.1383306   -0.0563222 
     990    66.970016   -23.937602  0.034626216   -23.902976    2371.1096    1060.5428    10.114259    10.263124    10.216793    0.0367499    0.1383306   -0.0563222 
    1000    39.422627   -23.908432  0.020383098   -23.888048    2794.9981    1060.5428    10.114259    10.263124    10.216793    0.0367499    0.1383306   -0.0563222 
    1010    106.30182   -23.955947  0.054962352   -23.900985    1920.3452    1060.5428    10.114259    10.263124    10.216793    0.0367499    0.1383306   -0.0563222 
    1020    178.96363   -24.000148  0.092531459   -23.907617    156.04112    1060.5428    10.114259    10.263124    10.216793    0.0367499    0.1383306   -0.0563222 
    1030    131.57813   -23.956856  0.068031233   -23.888825    -1649.288    1060.5428    10.114259    10.263124    10.216793    0.0367499    0.1383306   -0.0563222 
    1040    49.860576   -23.890221  0.025779941   -23.864441   -2797.0288    1060.5428    10.114259    10.263124    10.216793    0.0367499    0.1383306   -0.0563222 
    1050    62.000101   -23.890426  0.032056568   -23.858369   -2809.7531    1060.5428    10.114259    10.263124    10.216793    0.0367499    0.1383306   -0.0563222 
    1060    158.18379   -23.954567  0.081787439   -23.872779   -1592.1591    1060.5428    10.114259    10.263124    10.216793    0.0367499    0.1383306   -0.0563222 
    1070    222.51895   -23.996706   0.11505133   -23.881655    446.54112    1060.5428    10.114259    10.263124    10.216793    0.0367499    0.1383306   -0.0563222 
    1080    126.89516   -23.923396  0.065609948   -23.857786    2418.8062    1060.5428    10.114259    10.263124    10.216793    0.0367499    0.1383306   -0.0563222 
    1090    51.978529   -23.860575  0.026875009     -23.8337    3306.1963    1060.5428    10.114259    10.263124    10.216793    0.0367499    0.1383306   -0.0563222 
    1100    128.32289   -23.924266   0.06634814   -23.857918    2558.4117    1060.5428    10.114259    10.263124    10.216793    0.0367499    0.1383306   -0.0563222 
    1110    200.31346   -23.990159   0.10357019   -23.886589    622.80803    1060.5428    10.114259    10.263124    10.216793    0.0367499    0.1383306   -0.0563222 
    1120    176.78859   -23.976663  0.091406877   -23.885256   -1391.0056    1060.5428    10.114259    10.263124    10.216793    0.0367499    0.1383306   -0.0563222 
    1130    58.108418   -23.909446   0.03004441   -23.879401     -2594.55    1060.5428    10.114259    10.263124    10.216793    0.0367499    0.1383306   -0.0563222 
    1140    34.826566   -23.909364  0.018006748   -23.891357   -2655.8893    1060.5428    10.114259    10.263124    10.216793    0.0367499    0.1383306   -0.0563222 
    1150      92.9185   -23.966181  0.048042635   -23.918138   -1701.6657    1060.5428    10.114259    10.263124    10.216793    0.0367499    0.1383306   -0.0563222 
    1160     120.3056   -24.001267  0.062202879   -23.939064   -186.42644    1060.5428    10.114259    10.263124    10.216793    0.0367499    0.1383306   -0.0563222 
    1170    94.197826   -23.989148  0.048704099   -23.940444    1305.7437    1060.5428    10.114259    10.263124    10.216793    0.0367499    0.1383306   -0.0563222 
    1180    27.392351   -23.944685  0.014162957   -23.930522    2211.6896    1060.5428    10.114259    10.263124    10.216793    0.0367499    0.1383306   -0.0563222 
    1190     31.91461   -23.949574  0.016501148   -23.933073    2181.0354    1060.5428    10.114259    10.263124    10.216793    0.0367499    0.1383306   -0.0563222 
    1200    82.223899   -23.990074  0.042513092   -23.947561    1241.0292    1060.5428    10.114259    10.263124    10.216793    0.0367499    0.1383306   -0.0563222 
    1210    101.77627   -24.004069  0.052622463   -23.951446   -168.80608    1060.5428    10.114259    10.263124    10.216793    0.0367499    0.1383306   -0.0563222 
    1220    74.299897   -23.979441  0.038416062   -23.941025   -1479.2686    1060.5428    10.114259    10.263124    10.216793    0.0367499    0.1383306   -0.0563222 
    1230    22.029296   -23.939801   0.01139004   -23.928411   -2237.6761    1060.5428    10.114259    10.263124    10.216793    0.0367499    0.1383306   -0.0563222 
    1240    37.464938   -23.945315  0.019370893   -23.925944   -2176.9656    1060.5428    10.114259    10.263124    10.216793    0.0367499    0.1383306   -0.0563222 
    1250    102.09574   -23.985754   0.05278764   -23.932967   -1256.3281    1060.5428    10.114259    10.263124    10.216793    0.0367499    0.1383306   -0.0563222 
    1260    128.69895   -24.001626  0.066542581   -23.935084    281.25089    1060.5428    10.114259    10.263124    10.216793    0.0367499    0.1383306   -0.0563222 
    1270    97.582688   -23.966062   0.05045421   -23.915608    1873.1275    1060.5428    10.114259    10.263124    10.216793    0.0367499    0.1383306   -0.0563222 
    1280     26.93503   -23.901809  0.013926503   -23.887883    2778.2766    1060.5428    10.114259    10.263124    10.216793    0.0367499    0.1383306   -0.0563222 
    1290    79.245718   -23.929499  0.040973252   -23.888526    2438.3804    1060.5428    10.114259    10.263124    10.216793    0.0367499    0.1383306   -0.0563222 
    1300    168.87002   -23.990282  0.087312652   -23.902969      903.245    1060.5428    10.114259    10.263124    10.216793    0.0367499    0.1383306   -0.0563222 
    1310    161.12602   -23.976086  0.083308691   -23.892777   -1046.6883    1060.5428    10.114259    10.263124    10.216793    0.0367499    0.1383306   -0.0563222 
    1320    86.879199   -23.915451  0.044920071   -23.870531   -2519.3541    1060.5428    10.114259    10.263124    10.216793    0.0367499    0.1383306   -0.0563222 
    1330    28.424557   -23.875174   0.01469665   -23.860477   -2958.1396    1060.5428    10.114259    10.263124    10.216793    0.0367499    0.1383306   -0.0563222 
    1340    115.74381   -23.934778  0.059844247   -23.874934   -2186.6982    1060.5428    10.114259    10.263124    10.216793    0.0367499    0.1383306   -0.0563222 
    1350    188.49718   -23.991869  0.097460694   -23.894409    -465.2982    1060.5428    10.114259    10.263124    10.216793    0.0367499    0.1383306   -0.0563222 
    1360    149.18844   -23.966916  0.077136476   -23.889779    1530.5871    1060.5428    10.114259    10.263124    10.216793    0.0367499    0.1383306   -0.0563222 
    1370    61.774922   -23.897964  0.031940142   -23.866024    2843.4732    1060.5428    10.114259    10.263124    10.216793    0.0367499    0.1383306   -0.0563222 
    1380    53.394424   -23.897176  0.027607084   -23.869569    2819.1328    1060.5428    10.114259    10.263124    10.216793    0.0367499    0.1383306   -0.0563222 
    1390    146.45572    -23.97514  0.075723549   -23.899417    1469.7222    1060.5428    10.114259    10.263124    10.216793    0.0367499    0.1383306   -0.0563222 
    1400    181.34546   -24.001493  0.093762962    -23.90773   -454.82057    1060.5428    10.114259    10.263124    10.216793    0.0367499    0.1383306   -0.0563222 
    1410    94.739682   -23.942279   0.04898426   -23.893295   -2056.8337    1060.5428    10.114259    10.263124    10.216793    0.0367499    0.1383306   -0.0563222 
    1420    43.935043   -23.907071    0.0227162   -23.884355   -2774.2458    1060.5428    10.114259    10.263124    10.216793    0.0367499    0.1383306   -0.0563222 
    1430    59.821071   -23.924649  0.030929921   -23.893719   -2382.0126    1060.5428    10.114259    10.263124    10.216793    0.0367499    0.1383306   -0.0563222 
    1440    144.84401   -23.988838  0.074890233   -23.913948   -1052.0253    1060.5428    10.114259    10.263124    10.216793    0.0367499    0.1383306   -0.0563222 
    1450      149.818   -23.999412  0.077461986    -23.92195    715.34166    1060.5428    10.114259    10.263124    10.216793    0.0367499    0.1383306   -0.0563222 
    1460    70.476221   -23.944628  0.036439066   -23.908189    2187.0091    1060.5428    10.114259    10.263124    10.216793    0.0367499    0.1383306   -0.0563222 
    1470    40.388064   -23.921342  0.020882268    -23.90046    2685.1067    1060.5428    10.114259    10.263124    10.216793    0.0367499    0.1383306   -0.0563222 
    1480     74.26635   -23.956387  0.038398716   -23.917988    1967.4474    1060.5428    10.114259    10.263124    10.216793    0.0367499    0.1383306   -0.0563222 
    1490     137.1821   -24.005406  0.070928714   -23.934477    442.45607    1060.5428    10.114259    10.263124    10.216793    0.0367499    0.1383306   -0.0563222 
    1500     107.9154   -23.987336  0.055796641   -23.931539   -1121.6539    1060.5428    10.114259    10.263124    10.216793    0.0367499    0.1383306   -0.0563222 
    1510     39.71624   -23.944221  0.020534908   -23.923686   -2131.7485    1060.5428    10.114259    10.263124    10.216793    0.0367499    0.1383306   -0.0563222 
    1520    25.906841   -23.940153  0.013394888   -23.926758   -2276.8821    1060.5428    10.114259    10.263124    10.216793    0.0367499    0.1383306   -0.0563222 
    1530    60.202871   -23.972635  0.031127328   -23.941508   -1557.0095    1060.5428    10.114259    10.263124    10.216793    0.0367499    0.1383306   -0.0563222 
    1540    97.403823   -24.005846  0.050361729   -23.955484   -284.91701    1060.5428    10.114259    10.263124    10.216793    0.0367499    0.1383306   -0.0563222 
    1550    74.246883   -23.994117  0.038388651   -23.955728    1047.8495    1060.5428    10.114259    10.263124    10.216793    0.0367499    0.1383306   -0.0563222 
    1560    24.338641   -23.959269  0.012584065   -23.946685    1935.1871    1060.5428    10.114259    10.263124    10.216793    0.0367499    0.1383306   -0.0563222 
    1570      23.0219   -23.958228  0.011903257   -23.946325    2024.6371    1060.5428    10.114259    10.263124    10.216793    0.0367499    0.1383306   -0.0563222 
    1580    52.709668    -23.98403  0.027253037   -23.956777    1281.9104    1060.5428    10.114259    10.263124    10.216793    0.0367499    0.1383306   -0.0563222 
    1590    86.738938   -24.006476  0.044847551   -23.961628    51.134493    1060.5428    10.114259    10.263124    10.216793    0.0367499    0.1383306   -0.0563222 
    1600    61.004072   -23.984898  0.031541581   -23.953356   -1178.3526    1060.5428    10.114259    10.263124    10.216793    0.0367499    0.1383306   -0.0563222 
    1610     21.30327   -23.951156  0.011014655   -23.940142   -2003.8926    1060.5428    10.114259    10.263124    10.216793    0.0367499    0.1383306   -0.0563222 
    1620    25.766325   -23.945746  0.013322236   -23.932423   -2130.4637    1060.5428    10.114259    10.263124    10.216793    0.0367499    0.1383306   -0.0563222 
    1630    75.941992   -23.972977  0.039265092   -23.933712   -1416.1629    1060.5428    10.114259    10.263124    10.216793    0.0367499    0.1383306   -0.0563222 
    1640    134.67094    -24.00337  0.069630343   -23.933739    12.753079    1060.5428    10.114259    10.263124    10.216793    0.0367499    0.1383306   -0.0563222 
    1650    97.545098   -23.964455  0.050434774   -23.914021    1670.0672    1060.5428    10.114259    10.263124    10.216793    0.0367499    0.1383306   -0.0563222 
    1660    38.067891    -23.90331  0.019682645   -23.883627    2776.3462    1060.5428    10.114259    10.263124    10.216793    0.0367499    0.1383306   -0.0563222 
    1670    64.535926   -23.913538  0.033367693   -23.880171     2645.748    1060.5428    10.114259    10.263124    10.216793    0.0367499    0.1383306   -0.0563222 
    1680    150.08808   -23.976091  0.077601628   -23.898489     1232.098    1060.5428    10.114259    10.263124    10.216793    0.0367499    0.1383306   -0.0563222 
    1690    179.50633   -23.988252  0.092812059    -23.89544   -718.49135    1060.5428    10.114259    10.263124    10.216793    0.0367499    0.1383306   -0.0563222 
    1700    88.213043   -23.919537  0.045609723   -23.873928   -2306.0898    1060.5428    10.114259    10.263124    10.216793    0.0367499    0.1383306   -0.0563222 
    1710    34.335593   -23.878287  0.017752895   -23.860534   -2928.8998    1060.5428    10.114259    10.263124    10.216793    0.0367499    0.1383306   -0.0563222 
    1720    100.25774   -23.924008  0.051837319    -23.87217   -2305.7431    1060.5428    10.114259    10.263124    10.216793    0.0367499    0.1383306   -0.0563222 
    1730    179.83128   -23.984667  0.092980072   -23.891687   -679.56057    1060.5428    10.114259    10.263124    10.216793    0.0367499    0.1383306   -0.0563222 
    1740    173.72384   -23.982903  0.089822275   -23.893081    1297.9551    1060.5428    10.114259    10.263124    10.216793    0.0367499    0.1383306   -0.0563222 
    1750    70.301518   -23.909257  0.036348737   -23.872909    2752.3419    1060.5428    10.114259    10.263124    10.216793    0.0367499    0.1383306   -0.0563222 
    1760     51.97063   -23.899543  0.026870925   -23.872672    2919.4194    1060.5428    10.114259    10.263124    10.216793    0.0367499    0.1383306   -0.0563222 
    1770    137.81906   -23.974045  0.071258044   -23.902787    1705.8639    1060.5428    10.114259    10.263124    10.216793    0.0367499    0.1383306   -0.0563222 
    1780     166.9535   -24.001788  0.086321736   -23.915466   -138.36243    1060.5428    10.114259    10.263124    10.216793    0.0367499    0.1383306   -0.0563222 
    1790    114.59861   -23.967046  0.059252131   -23.907794   -1744.6399    1060.5428    10.114259    10.263124    10.216793    0.0367499    0.1383306   -0.0563222 
    1800    33.408123   -23.919117  0.017273355   -23.901843    -2551.933    1060.5428    10.114259    10.263124    10.216793    0.0367499    0.1383306   -0.0563222 
    1810    45.439248   -23.936026  0.023493935   -23.912532   -2328.4714    1060.5428    10.114259    10.263124    10.216793    0.0367499    0.1383306   -0.0563222 
    1820    103.07522   -23.987446  0.053294071   -23.934152   -1222.0483    1060.5428    10.114259    10.263124    10.216793    0.0367499    0.1383306   -0.0563222 
    1830    111.12762   -24.005088  0.057457489    -23.94763    282.10563    1060.5428    10.114259    10.263124    10.216793    0.0367499    0.1383306   -0.0563222 
    1840    68.098636   -23.980011  0.035209758   -23.944802    1578.1335    1060.5428    10.114259    10.263124    10.216793    0.0367499    0.1383306   -0.0563222 
    1850    18.152821   -23.948585 0.0093857449   -23.939199     2169.944    1060.5428    10.114259    10.263124    10.216793    0.0367499    0.1383306   -0.0563222 
    1860    36.881272   -23.967534  0.019069114   -23.948465     1833.407    1060.5428    10.114259    10.263124    10.216793    0.0367499    0.1383306   -0.0563222 
    1870    74.224867   -24.000259  0.038377269   -23.961881    786.12156    1060.5428    10.114259    10.263124    10.216793    0.0367499    0.1383306   -0.0563222 
    1880    75.812307   -24.002913  0.039198039   -23.963715   -475.77449    1060.5428    10.114259    10.263124    10.216793    0.0367499    0.1383306   -0.0563222 
    1890    42.880399   -23.978977  0.022170906   -23.956806   -1493.2148    1060.5428    10.114259    10.263124    10.216793    0.0367499    0.1383306   -0.0563222 
    1900     11.96933   -23.957239 0.0061886296    -23.95105   -1954.3751    1060.5428    10.114259    10.263124    10.216793    0.0367499    0.1383306   -0.0563222 
    1910    33.399658   -23.970265  0.017268978   -23.952996   -1711.9994    1060.5428    10.114259    10.263124    10.216793    0.0367499    0.1383306   -0.0563222 
    1920     77.18652   -23.997865  0.039908563   -23.957956   -814.67506    1060.5428    10.114259    10.263124    10.216793    0.0367499    0.1383306   -0.0563222 
    1930    95.153838   -24.002636  0.049198396   -23.953438    518.17227    1060.5428    10.114259    10.263124    10.216793    0.0367499    0.1383306   -0.0563222 
    1940    65.738596   -23.962702  0.033989522   -23.928713    1901.6425    1060.5428    10.114259    10.263124    10.216793    0.0367499    0.1383306   -0.0563222 
    1950    24.004014   -23.910338  0.012411049   -23.897927    2681.8047    1060.5428    10.114259    10.263124    10.216793    0.0367499    0.1383306   -0.0563222 
    1960    87.472817   -23.942113  0.045226996   -23.896886    2209.7891    1060.5428    10.114259    10.263124    10.216793    0.0367499    0.1383306   -0.0563222 
    1970    166.97482   -23.991261  0.086332759   -23.904928    618.92007    1060.5428    10.114259    10.263124    10.216793    0.0367499    0.1383306   -0.0563222 
    1980     152.2228   -23.968867  0.078705364   -23.890162   -1287.1354    1060.5428    10.114259    10.263124    10.216793    0.0367499    0.1383306   -0.0563222 
    1990    68.701319   -23.901001   0.03552137    -23.86548    -2657.797    1060.5428    10.114259    10.263124    10.216793    0.0367499    0.1383306   -0.0563222 
    2000    35.976293   -23.874679  0.018601204   -23.856078   -2938.8648    1060.5428    10.114259    10.263124    10.216793    0.0367499    0.1383306   -0.0563222 
    2010    137.03876   -23.941934  0.070854598   -23.871079   -1984.3306    1060.5428    10.114259    10.263124    10.216793    0.0367499    0.1383306   -0.0563222 
    2020     197.4669   -23.989111    0.1020984   -23.887013   -121.59043    1060.5428    10.114259    10.263124    10.216793    0.0367499    0.1383306   -0.0563222 
    2030     149.2761   -23.953554  0.077181802   -23.876372    1892.1807    1060.5428    10.114259    10.263124    10.216793    0.0367499    0.1383306   -0.0563222 
    2040     48.16775   -23.876665  0.024904682    -23.85176    3058.4793    1060.5428    10.114259    10.263124    10.216793    0.0367499    0.1383306   -0.0563222 
    2050    76.710191   -23.906482  0.039662282    -23.86682    2725.9072    1060.5428    10.114259    10.263124    10.216793    0.0367499    0.1383306   -0.0563222 
    2060    168.01073   -23.985828  0.086868367   -23.898959     1144.832    1060.5428    10.114259    10.263124    10.216793    0.0367499    0.1383306   -0.0563222 
    2070    172.32677    -23.99361  0.089099933    -23.90451   -803.58392    1060.5428    10.114259    10.263124    10.216793    0.0367499    0.1383306   -0.0563222 
    2080    81.164969   -23.935009  0.041965582   -23.893043    -2256.954    1060.5428    10.114259    10.263124    10.216793    0.0367499    0.1383306   -0.0563222 
    2090    33.544868   -23.909241  0.017344058   -23.891897   -2711.4424    1060.5428    10.114259    10.263124    10.216793    0.0367499    0.1383306   -0.0563222 
    2100    70.017943   -23.944532  0.036202118   -23.908329   -2095.5751    1060.5428    10.114259    10.263124    10.216793    0.0367499    0.1383306   -0.0563222 
    2110    132.27649   -23.997498  0.068392315   -23.929106   -716.03417    1060.5428    10.114259    10.263124    10.216793    0.0367499    0.1383306   -0.0563222 
    2120    118.63624   -23.996781   0.06133975   -23.935442    917.93288    1060.5428    10.114259    10.263124    10.216793    0.0367499    0.1383306   -0.0563222 
    2130    50.855189   -23.950512  0.026294196   -23.924218    2146.8247    1060.5428    10.114259    10.263124    10.216793    0.0367499    0.1383306   -0.0563222 
    2140    29.721822    -23.93741  0.015367388   -23.922043    2411.9189    1060.5428    10.114259    10.263124    10.216793    0.0367499    0.1383306   -0.0563222 
    2150    69.828265   -23.973639  0.036104047   -23.937535    1647.1125    1060.5428    10.114259    10.263124    10.216793    0.0367499    0.1383306   -0.0563222 
    2160    114.32219   -24.007338  0.059109209   -23.948228    261.17597    1060.5428    10.114259    10.263124    10.216793    0.0367499    0.1383306   -0.0563222 
    2170    86.793989   -23.986988  0.044876014   -23.942112    -1167.118    1060.5428    10.114259    10.263124    10.216793    0.0367499    0.1383306   -0.0563222 
    2180    35.803824   -23.948887   0.01851203   -23.930375   -2115.0791    1060.5428    10.114259    10.263124    10.216793    0.0367499    0.1383306   -0.0563222 
    2190    24.459359   -23.939197  0.012646481    -23.92655   -2264.0631    1060.5428    10.114259    10.263124    10.216793    0.0367499    0.1383306   -0.0563222 
    2200    79.521968   -23.973694  0.041116085   -23.932578   -1566.8636    1060.5428    10.114259    10.263124    10.216793    0.0367499    0.1383306   -0.0563222 
    2210    131.12401   -24.004223  0.067796436   -23.936427   -200.31794    1060.5428    10.114259    10.263124    10.216793    0.0367499    0.1383306   -0.0563222 
    2220    116.88878    -23.98019  0.060436241   -23.919753    1485.4173    1060.5428    10.114259    10.263124    10.216793    0.0367499    0.1383306   -0.0563222 
    2230    48.233872   -23.905118  0.024938869   -23.880179    2801.2337    1060.5428    10.114259    10.263124    10.216793    0.0367499    0.1383306   -0.0563222 
    2240    73.355227   -23.900888  0.037927629    -23.86296    2889.3703    1060.5428    10.114259    10.263124    10.216793    0.0367499    0.1383306   -0.0563222 
    2250    182.55058   -23.968684  0.094386056   -23.874298     1520.882    1060.5428    10.114259    10.263124    10.216793    0.0367499    0.1383306   -0.0563222 
    2260    225.13859   -23.984746   0.11640579    -23.86834   -636.84837    1060.5428    10.114259    10.263124    10.216793    0.0367499    0.1383306   -0.0563222 
    2270    125.04629    -23.90488  0.064654005   -23.840226   -2486.1668    1060.5428    10.114259    10.263124    10.216793    0.0367499    0.1383306   -0.0563222 
    2280    44.517487   -23.846791  0.023017347   -23.823774   -3206.7908    1060.5428    10.114259    10.263124    10.216793    0.0367499    0.1383306   -0.0563222 
    2290    123.05071   -23.904993  0.063622211   -23.841371   -2489.7447    1060.5428    10.114259    10.263124    10.216793    0.0367499    0.1383306   -0.0563222 
    2300    214.93926   -23.979836   0.11113232   -23.868703   -687.39666    1060.5428    10.114259    10.263124    10.216793    0.0367499    0.1383306   -0.0563222 
    2310    191.09626   -23.974339  0.098804523   -23.875534    1481.0005    1060.5428    10.114259    10.263124    10.216793    0.0367499    0.1383306   -0.0563222 
    2320    69.907388   -23.892876  0.036144956   -23.856731    2935.1991    1060.5428    10.114259    10.263124    10.216793    0.0367499    0.1383306   -0.0563222 
    2330    61.120082   -23.899523  0.031601563   -23.867921    2908.5483    1060.5428    10.114259    10.263124    10.216793    0.0367499    0.1383306   -0.0563222 
    2340     133.6807   -23.971348  0.069118345    -23.90223     1607.844    1060.5428    10.114259    10.263124    10.216793    0.0367499    0.1383306   -0.0563222 
    2350    168.42222   -24.004955  0.087081123   -23.917874   -240.81016    1060.5428    10.114259    10.263124    10.216793    0.0367499    0.1383306   -0.0563222 
    2360     95.85269   -23.959238  0.049559731   -23.909678   -1810.4396    1060.5428    10.114259    10.263124    10.216793    0.0367499    0.1383306   -0.0563222 
    2370    36.417312   -23.922037  0.018829228   -23.903208   -2551.6793    1060.5428    10.114259    10.263124    10.216793    0.0367499    0.1383306   -0.0563222 
    2380    45.340274   -23.934441  0.023442761   -23.910998   -2292.7665    1060.5428    10.114259    10.263124    10.216793    0.0367499    0.1383306   -0.0563222 
    2390    114.73102   -23.987038  0.059320594   -23.927717   -1183.0903    1060.5428    10.114259    10.263124    10.216793    0.0367499    0.1383306   -0.0563222 
    2400    131.89196   -24.004667  0.068193495   -23.936474    402.57225    1060.5428    10.114259    10.263124    10.216793    0.0367499    0.1383306   -0.0563222 
    2410    76.289684   -23.964327  0.039444863   -23.924882    1881.7913    1060.5428    10.114259    10.263124    10.216793    0.0367499    0.1383306   -0.0563222 
    2420    31.891837   -23.927597  0.016489374   -23.911108    2557.0463    1060.5428    10.114259    10.263124    10.216793    0.0367499    0.1383306   -0.0563222 
    2430    62.328844   -23.951379  0.032226542   -23.919152    2104.7798    1060.5428    10.114259    10.263124    10.216793    0.0367499    0.1383306   -0.0563222 
    2440    129.87807   -23.999556  0.067152233   -23.932404    756.74499    1060.5428    10.114259    10.263124    10.216793    0.0367499    0.1383306   -0.0563222 
    2450    126.89384   -23.992334  0.065609265   -23.926725   -898.51449    1060.5428    10.114259    10.263124    10.216793    0.0367499    0.1383306   -0.0563222 
    2460    60.602046   -23.940072  0.031333717   -23.908738   -2186.8961    1060.5428    10.114259    10.263124    10.216793    0.0367499    0.1383306   -0.0563222 
    2470    30.327102   -23.914103  0.015680342   -23.898423   -2628.8275    1060.5428    10.114259    10.263124    10.216793    0.0367499    0.1383306   -0.0563222 
    2480    83.259172   -23.947734  0.043048371   -23.904686   -2043.8502    1060.5428    10.114259    10.263124    10.216793    0.0367499    0.1383306   -0.0563222 
    2490    155.86967   -23.997346  0.080590943   -23.916755   -591.53817    1060.5428    10.114259    10.263124    10.216793    0.0367499    0.1383306   -0.0563222 
    2500    142.59261   -23.984997  0.073726164   -23.911271    1241.9832    1060.5428    10.114259    10.263124    10.216793    0.0367499    0.1383306   -0.0563222 
    2510    54.793565   -23.911646  0.028330497   -23.883315    2627.5378    1060.5428    10.114259    10.263124    10.216793    0.0367499    0.1383306   -0.0563222 
    2520    48.023763   -23.900226  0.024830234   -23.875396    2809.2283    1060.5428    10.114259    10.263124    10.216793    0.0367499    0.1383306   -0.0563222 
    2530    124.26197   -23.960676   0.06424848   -23.896427     1687.119    1060.5428    10.114259    10.263124    10.216793    0.0367499    0.1383306   -0.0563222 
    2540     173.2365   -23.994828  0.089570301   -23.905257   -177.26517    1060.5428    10.114259    10.263124    10.216793    0.0367499    0.1383306   -0.0563222 
    2550    112.61422    -23.94818   0.05822612   -23.889954   -1890.8815    1060.5428    10.114259    10.263124    10.216793    0.0367499    0.1383306   -0.0563222 
    2560      30.5734   -23.890997  0.015807688   -23.875189   -2774.3536    1060.5428    10.114259    10.263124    10.216793    0.0367499    0.1383306   -0.0563222 
    2570    60.912778   -23.911756  0.031494378   -23.880261    -2534.949    1060.5428    10.114259    10.263124    10.216793    0.0367499    0.1383306   -0.0563222 
    2580    139.45932   -23.970485  0.072106126   -23.898379   -1268.5915    1060.5428    10.114259    10.263124    10.216793    0.0367499    0.1383306   -0.0563222 
    2590    166.57367   -23.993525  0.086125346     -23.9074     584.7645    1060.5428    10.114259    10.263124    10.216793    0.0367499    0.1383306   -0.0563222 
    2600    90.457195   -23.936778  0.046770041   -23.890007    2250.3681    1060.5428    10.114259    10.263124    10.216793    0.0367499    0.1383306   -0.0563222 
    2610    30.686352   -23.892204  0.015866089   -23.876338    2896.5433    1060.5428    10.114259    10.263124    10.216793    0.0367499    0.1383306   -0.0563222 
    2620    96.602759   -23.945968  0.049947546   -23.896021    2206.6427    1060.5428    10.114259    10.263124    10.216793    0.0367499    0.1383306   -0.0563222 
    2630    159.53548   -23.998437  0.082486315    -23.91595    545.18697    1060.5428    10.114259    10.263124    10.216793    0.0367499    0.1383306   -0.0563222 
    2640    143.44291   -23.983627  0.074165804   -23.909461   -1253.8785    1060.5428    10.114259    10.263124    10.216793    0.0367499    0.1383306   -0.0563222 
    2650    58.567936   -23.924549  0.030281999   -23.894267   -2457.5987    1060.5428    10.114259    10.263124    10.216793    0.0367499    0.1383306   -0.0563222 
    2660    35.275267   -23.910514  0.018238745   -23.892276   -2668.9998    1060.5428    10.114259    10.263124    10.216793    0.0367499    0.1383306   -0.0563222 
    2670    100.91334   -23.959334  0.052176292   -23.907158   -1838.6218    1060.5428    10.114259    10.263124    10.216793    0.0367499    0.1383306   -0.0563222 
    2680    155.54957   -24.003749   0.08042544   -23.923324   -258.50336    1060.5428    10.114259    10.263124    10.216793    0.0367499    0.1383306   -0.0563222 
    2690     117.6027    -23.98023  0.060805366   -23.919425    1467.1163    1060.5428    10.114259    10.263124    10.216793    0.0367499    0.1383306   -0.0563222 
    2700    51.347351   -23.928767  0.026548664   -23.902219    2563.6158    1060.5428    10.114259    10.263124    10.216793    0.0367499    0.1383306   -0.0563222 
    2710    41.093668   -23.925352  0.021247094   -23.904105    2521.2754    1060.5428    10.114259    10.263124    10.216793    0.0367499    0.1383306   -0.0563222 
    2720    120.69194   -23.986369  0.062402629   -23.923966    1373.9352    1060.5428    10.114259    10.263124    10.216793    0.0367499    0.1383306   -0.0563222 
    2730    137.43322   -23.999611  0.071058551   -23.928553   -313.36134    1060.5428    10.114259    10.263124    10.216793    0.0367499    0.1383306   -0.0563222 
    2740    86.489186   -23.960738  0.044718419    -23.91602   -1780.8028    1060.5428    10.114259    10.263124    10.216793    0.0367499    0.1383306   -0.0563222 
    2750    30.530804   -23.920849  0.015785665   -23.905063   -2512.3554    1060.5428    10.114259    10.263124    10.216793    0.0367499    0.1383306   -0.0563222 
    2760    45.783034   -23.931793  0.023671686   -23.908121   -2277.7015    1060.5428    10.114259    10.263124    10.216793    0.0367499    0.1383306   -0.0563222 
    2770    126.91166   -23.986973   0.06561848   -23.921354   -1141.7249    1060.5428    10.114259    10.263124    10.216793    0.0367499    0.1383306   -0.0563222 
    2780    137.20481    -23.99586  0.070940455    -23.92492    553.30756    1060.5428    10.114259    10.263124    10.216793    0.0367499    0.1383306   -0.0563222 
    2790    85.571217   -23.948661  0.044243792   -23.904418    2135.1993    1060.5428    10.114259    10.263124    10.216793    0.0367499    0.1383306   -0.0563222 
    2800    31.087493   -23.898391  0.016073495   -23.882317    2849.4214    1060.5428    10.114259    10.263124    10.216793    0.0367499    0.1383306   -0.0563222 
    2810    87.960952   -23.934242  0.045479382   -23.888762    2301.1491    1060.5428    10.114259    10.263124    10.216793    0.0367499    0.1383306   -0.0563222 
    2820    179.11168   -23.993106  0.092608007   -23.900498    659.06127    1060.5428    10.114259    10.263124    10.216793    0.0367499    0.1383306   -0.0563222 
    2830    163.72015   -23.968357  0.084649961   -23.883707   -1315.8543    1060.5428    10.114259    10.263124    10.216793    0.0367499    0.1383306   -0.0563222 
    2840     66.04457    -23.88785  0.034147723   -23.853702   -2741.6685    1060.5428    10.114259    10.263124    10.216793    0.0367499    0.1383306   -0.0563222 
    2850    57.895286   -23.870445  0.029934212   -23.840511   -3026.5044    1060.5428    10.114259    10.263124    10.216793    0.0367499    0.1383306   -0.0563222 
    2860    150.91629   -23.931085  0.078029847   -23.853055   -1986.2171    1060.5428    10.114259    10.263124    10.216793    0.0367499    0.1383306   -0.0563222 
    2870    254.09182   -24.000267   0.13137578   -23.868891    26.034098    1060.5428    10.114259    10.263124    10.216793    0.0367499    0.1383306   -0.0563222 
    2880    162.00266   -23.937538   0.08376195   -23.853776    2220.3926    1060.5428    10.114259    10.263124    10.216793    0.0367499    0.1383306   -0.0563222 
    2890    70.976936   -23.866375  0.036697956   -23.829677    3363.7702    1060.5428    10.114259    10.263124    10.216793    0.0367499    0.1383306   -0.0563222 
    2900    114.16578   -23.911879   0.05902834    -23.85285    2803.4806    1060.5428    10.114259    10.263124    10.216793    0.0367499    0.1383306   -0.0563222 
    2910    192.24046   -23.989213  0.099396121   -23.889817    984.25996    1060.5428    10.114259    10.263124    10.216793    0.0367499    0.1383306   -0.0563222 
    2920     183.9119   -23.992984  0.095089916   -23.897894   -1026.1648    1060.5428    10.114259    10.263124    10.216793    0.0367499    0.1383306   -0.0563222 
    2930    67.165807   -23.928619  0.034727448   -23.893892   -2340.7507    1060.5428    10.114259    10.263124    10.216793    0.0367499    0.1383306   -0.0563222 
    2940    30.973628    -23.91736  0.016014623   -23.901345   -2608.9746    1060.5428    10.114259    10.263124    10.216793    0.0367499    0.1383306   -0.0563222 
    2950    71.961909   -23.958806  0.037207227   -23.921599   -1889.0016    1060.5428    10.114259    10.263124    10.216793    0.0367499    0.1383306   -0.0563222 
    2960     115.5237   -24.000049   0.05973044   -23.940318   -521.62189    1060.5428    10.114259    10.263124    10.216793    0.0367499    0.1383306   -0.0563222 
    2970    105.27645   -23.997289  0.054432195   -23.942857    1005.1514    1060.5428    10.114259    10.263124    10.216793    0.0367499    0.1383306   -0.0563222 
    2980    38.089459   -23.948937  0.019693796   -23.929243    2129.8178    1060.5428    10.114259    10.263124    10.216793    0.0367499    0.1383306   -0.0563222 
    2990    26.036986   -23.938145  0.013462178   -23.924683    2346.3366    1060.5428    10.114259    10.263124    10.216793    0.0367499    0.1383306   -0.0563222 
    3000    75.359585   -23.976124  0.038963963    -23.93716    1559.0926    1060.5428    10.114259    10.263124    10.216793    0.0367499    0.1383306   -0.0563222 
Loop time of 33.6577 on 1 procs for 3000 steps with 5 atoms

Performance: 15.402 ns/day, 1.558 hours/ns, 89.133 timesteps/s
237.4% CPU use with 1 MPI tasks x no OpenMP threads

MPI task timing breakdown:
Section |  min time  |  avg time  |  max time  |%varavg| %total
---------------------------------------------------------------
Pair    | 33.247     | 33.247     | 33.247     |   0.0 | 98.78
Neigh   | 0.00088286 | 0.00088286 | 0.00088286 |   0.0 |  0.00
Comm    | 0.01188    | 0.01188    | 0.01188    |   0.0 |  0.04
Output  | 0.37086    | 0.37086    | 0.37086    |   0.0 |  1.10
Modify  | 0.02003    | 0.02003    | 0.02003    |   0.0 |  0.06
Other   |            | 0.006761   |            |       |  0.02

Nlocal:    5 ave 5 max 5 min
Histogram: 1 0 0 0 0 0 0 0 0 0
Nghost:    103 ave 103 max 103 min
Histogram: 1 0 0 0 0 0 0 0 0 0
Neighs:    0 ave 0 max 0 min
Histogram: 1 0 0 0 0 0 0 0 0 0

Total # of neighbors = 0
Ave neighs/atom = 0
Neighbor list builds = 85
Dangerous builds = 0
Total wall time: 0:00:36
