2019-06-25 21:42:08.667821: I tensorflow/core/platform/cpu_feature_guard.cc:140] Your CPU supports instructions that this TensorFlow binary was not compiled to use: AVX512F
2019-06-25 21:42:13.424434: E tensorflow/stream_executor/cuda/cuda_driver.cc:406] failed call to cuInit: CUDA_ERROR_NO_DEVICE
2019-06-25 21:42:13.424516: I tensorflow/stream_executor/cuda/cuda_diagnostics.cc:158] retrieving CUDA diagnostic information for host: SR760-GPU-5
2019-06-25 21:42:13.424526: I tensorflow/stream_executor/cuda/cuda_diagnostics.cc:165] hostname: SR760-GPU-5
2019-06-25 21:42:13.424613: I tensorflow/stream_executor/cuda/cuda_diagnostics.cc:189] libcuda reported version is: 410.48.0
2019-06-25 21:42:13.424681: I tensorflow/stream_executor/cuda/cuda_diagnostics.cc:193] kernel reported version is: 410.48.0
2019-06-25 21:42:13.424691: I tensorflow/stream_executor/cuda/cuda_diagnostics.cc:300] kernel version seems to match DSO: 410.48.0
fo of lammps module:
  use deepmd-kit at:  /sharedext4/local/deepmd-kit-0.12.4
  source:             v0.12.4-1-ge3cd911-dirty
  source branch:      master
  source commit:      e3cd911
  source commit at:   2019-02-07 10:22:13 +0800
  build float prec:   double
  build with tf inc:  /sharedext4/local/tensorflow/r1.8.gpu.cc/include
  build with tf lib:  /sharedext4/local/tensorflow/r1.8.gpu.cc/lib/libtensorflow_cc.so;/sharedext4/local/tensorflow/r1.8.gpu.cc/lib/libtensorflow_framework.so
  >>> Info of model(s):
  using   4 model(s): ../graph.002.pb ../graph.003.pb ../graph.000.pb ../graph.001.pb 
  rcut in model:      5
  ntypes in model:    2
Neighbor list info ...
  update every 1 steps, delay 10 steps, check yes
  max neighbors/atom: 2000, page size: 100000
  master list distance cutoff = 6
  ghost atom cutoff = 6
  binsize = 3, bins = 4 4 4
  1 neighbor lists, perpetual/occasional/extra = 1 0 0
  (1) pair deepmd, perpetual
      attributes: , newton on
      pair build: full/bin/atomonly
      stencil: full/bin/3d
      bin: standard
Setting up Verlet run ...
  Unit style    : metal
  Current step  : 0
  Time step     : 0.002
Per MPI rank memory allocation (min/avg/max) = 3.934 | 3.934 | 3.934 Mbytes
Step Temp PotEng KinEng TotEng Press Volume Lx Ly Lz Xy Xz Yz 
       0          100   -23.961479  0.051704058   -23.909775   -1042.9719     1019.933    10.253989    9.9626608    9.9839736    0.2456221   -0.1862627   -0.2302818 
      10    107.26301    -23.96724  0.055459329   -23.911781   -820.71061     1019.933    10.253989    9.9626608    9.9839736    0.2456221   -0.1862627   -0.2302818 
      20    121.60923   -23.978369  0.062876906   -23.915492   -277.04243     1019.933    10.253989    9.9626608    9.9839736    0.2456221   -0.1862627   -0.2302818 
      30    114.18769   -23.977656  0.059039668   -23.918616     362.9831     1019.933    10.253989    9.9626608    9.9839736    0.2456221   -0.1862627   -0.2302818 
      40    100.46082   -23.972535  0.051942321   -23.920593    888.52737     1019.933    10.253989    9.9626608    9.9839736    0.2456221   -0.1862627   -0.2302818 
      50    92.471489   -23.972803  0.047811513   -23.924991    1012.8083     1019.933    10.253989    9.9626608    9.9839736    0.2456221   -0.1862627   -0.2302818 
      60    97.251729     -23.9847   0.05028309   -23.934417    677.83095     1019.933    10.253989    9.9626608    9.9839736    0.2456221   -0.1862627   -0.2302818 
      70    88.413262   -23.987896  0.045713244   -23.942183    133.48458     1019.933    10.253989    9.9626608    9.9839736    0.2456221   -0.1862627   -0.2302818 
      80    85.198076   -23.993016  0.044050863   -23.948965   -425.02324     1019.933    10.253989    9.9626608    9.9839736    0.2456221   -0.1862627   -0.2302818 
      90    56.285468   -23.982979  0.029101871   -23.953877   -802.15477     1019.933    10.253989    9.9626608    9.9839736    0.2456221   -0.1862627   -0.2302818 
     100    60.824927   -23.991887  0.031448955   -23.960438   -822.45283     1019.933    10.253989    9.9626608    9.9839736    0.2456221   -0.1862627   -0.2302818 
     110    47.067916   -23.991022  0.024336023   -23.966686   -527.55136     1019.933    10.253989    9.9626608    9.9839736    0.2456221   -0.1862627   -0.2302818 
     120    52.393208    -23.99905  0.027089415   -23.971961   -90.206175     1019.933    10.253989    9.9626608    9.9839736    0.2456221   -0.1862627   -0.2302818 
     130    46.390826   -23.998854   0.02398594   -23.974868    355.73519     1019.933    10.253989    9.9626608    9.9839736    0.2456221   -0.1862627   -0.2302818 
     140    35.433123   -23.993762  0.018320362   -23.975442    665.94698     1019.933    10.253989    9.9626608    9.9839736    0.2456221   -0.1862627   -0.2302818 
     150     41.19669   -23.997876   0.02130036   -23.976576    697.69274     1019.933    10.253989    9.9626608    9.9839736    0.2456221   -0.1862627   -0.2302818 
     160    38.210599   -23.997302  0.019756431   -23.977545    453.11062     1019.933    10.253989    9.9626608    9.9839736    0.2456221   -0.1862627   -0.2302818 
     170    48.471212   -24.002174  0.025061584   -23.977112    48.416479     1019.933    10.253989    9.9626608    9.9839736    0.2456221   -0.1862627   -0.2302818 
     180    47.027083   -23.997407   0.02431491   -23.973092   -400.21141     1019.933    10.253989    9.9626608    9.9839736    0.2456221   -0.1862627   -0.2302818 
     190    50.406575   -23.991188  0.026062245   -23.965126   -758.02741     1019.933    10.253989    9.9626608    9.9839736    0.2456221   -0.1862627   -0.2302818 
     200     66.95766   -23.988066  0.034619827   -23.953446   -864.44478     1019.933    10.253989    9.9626608    9.9839736    0.2456221   -0.1862627   -0.2302818 
     210    92.031655    -23.98796    0.0475841   -23.940376   -614.84669     1019.933    10.253989    9.9626608    9.9839736    0.2456221   -0.1862627   -0.2302818 
     220    117.25739   -23.991258  0.060626827   -23.930631   -66.258376     1019.933    10.253989    9.9626608    9.9839736    0.2456221   -0.1862627   -0.2302818 
     230    139.63816   -23.994495  0.072198593   -23.922297    586.74751     1019.933    10.253989    9.9626608    9.9839736    0.2456221   -0.1862627   -0.2302818 
     240    115.67433   -23.973785  0.059808325   -23.913976    1011.6177     1019.933    10.253989    9.9626608    9.9839736    0.2456221   -0.1862627   -0.2302818 
     250    146.88832   -23.988689  0.075947223   -23.912741    973.15865     1019.933    10.253989    9.9626608    9.9839736    0.2456221   -0.1862627   -0.2302818 
     260    135.35639   -23.983218  0.069984746   -23.913233    528.37502     1019.933    10.253989    9.9626608    9.9839736    0.2456221   -0.1862627   -0.2302818 
     270    150.68205   -23.991684  0.077908737   -23.913775   -173.14359     1019.933    10.253989    9.9626608    9.9839736    0.2456221   -0.1862627   -0.2302818 
     280    137.58637   -23.984626  0.071137738   -23.913488   -802.88326     1019.933    10.253989    9.9626608    9.9839736    0.2456221   -0.1862627   -0.2302818 
     290    112.14325   -23.972952   0.05798261   -23.914969   -1054.7426     1019.933    10.253989    9.9626608    9.9839736    0.2456221   -0.1862627   -0.2302818 
     300    115.28334   -23.980159  0.059606166   -23.920552   -906.49358     1019.933    10.253989    9.9626608    9.9839736    0.2456221   -0.1862627   -0.2302818 
     310    120.23815   -23.990283  0.062168001   -23.928115   -429.81074     1019.933    10.253989    9.9626608    9.9839736    0.2456221   -0.1862627   -0.2302818 
     320    108.28911   -23.990412  0.055989863   -23.934422    245.51905     1019.933    10.253989    9.9626608    9.9839736    0.2456221   -0.1862627   -0.2302818 
     330    96.462193   -23.987066  0.049874868   -23.937191    775.74912     1019.933    10.253989    9.9626608    9.9839736    0.2456221   -0.1862627   -0.2302818 
     340    83.321624   -23.984099  0.043080661   -23.941019    921.44839     1019.933    10.253989    9.9626608    9.9839736    0.2456221   -0.1862627   -0.2302818 
     350    79.678569   -23.986973  0.041197054   -23.945776    736.41754     1019.933    10.253989    9.9626608    9.9839736    0.2456221   -0.1862627   -0.2302818 
     360    87.294984   -23.996152  0.045135049   -23.951017    264.36246     1019.933    10.253989    9.9626608    9.9839736    0.2456221   -0.1862627   -0.2302818 
     370    68.988267   -23.988629  0.035669733   -23.952959   -331.84636     1019.933    10.253989    9.9626608    9.9839736    0.2456221   -0.1862627   -0.2302818 
     380    72.171854    -23.99097  0.037315777   -23.953654   -747.61915     1019.933    10.253989    9.9626608    9.9839736    0.2456221   -0.1862627   -0.2302818 
     390    54.514211   -23.982314  0.028186059   -23.954128    -844.6162     1019.933    10.253989    9.9626608    9.9839736    0.2456221   -0.1862627   -0.2302818 
     400    64.055818   -23.988493  0.033119457   -23.955374   -658.13478     1019.933    10.253989    9.9626608    9.9839736    0.2456221   -0.1862627   -0.2302818 
     410    74.257058   -23.994841  0.038393912   -23.956448   -211.67497     1019.933    10.253989    9.9626608    9.9839736    0.2456221   -0.1862627   -0.2302818 
     420    63.121187   -23.986424  0.032636215   -23.953788    372.84837     1019.933    10.253989    9.9626608    9.9839736    0.2456221   -0.1862627   -0.2302818 
     430    80.197175   -23.989187  0.041465194   -23.947721    807.74113     1019.933    10.253989    9.9626608    9.9839736    0.2456221   -0.1862627   -0.2302818 
     440     68.36022   -23.974578  0.035345008   -23.939233    934.94111     1019.933    10.253989    9.9626608    9.9839736    0.2456221   -0.1862627   -0.2302818 
     450    103.86455   -23.983497  0.053702186   -23.929795     733.8627     1019.933    10.253989    9.9626608    9.9839736    0.2456221   -0.1862627   -0.2302818 
     460    120.53238   -23.979425  0.062320131   -23.917105     155.3753     1019.933    10.253989    9.9626608    9.9839736    0.2456221   -0.1862627   -0.2302818 
     470    137.23996   -23.970946  0.070958627   -23.899987   -572.44981     1019.933    10.253989    9.9626608    9.9839736    0.2456221   -0.1862627   -0.2302818 
     480    152.06318   -23.962688  0.078622834   -23.884065   -1028.1865     1019.933    10.253989    9.9626608    9.9839736    0.2456221   -0.1862627   -0.2302818 
     490    135.59344   -23.944461  0.070107312   -23.874353   -1077.3963     1019.933    10.253989    9.9626608    9.9839736    0.2456221   -0.1862627   -0.2302818 
     500    189.76818   -23.974046  0.098117852   -23.875928   -676.31603     1019.933    10.253989    9.9626608    9.9839736    0.2456221   -0.1862627   -0.2302818 
     510    165.03826   -23.966064  0.085331478   -23.880732    116.93284     1019.933    10.253989    9.9626608    9.9839736    0.2456221   -0.1862627   -0.2302818 
     520    155.01093   -23.965636  0.080146941   -23.885489    822.42148     1019.933    10.253989    9.9626608    9.9839736    0.2456221   -0.1862627   -0.2302818 
     530    138.13349   -23.966225  0.071420622   -23.894804    1114.9016     1019.933    10.253989    9.9626608    9.9839736    0.2456221   -0.1862627   -0.2302818 
     540    107.81916   -23.962169  0.055746881   -23.906422     989.3234     1019.933    10.253989    9.9626608    9.9839736    0.2456221   -0.1862627   -0.2302818 
     550    115.92112    -23.98059  0.059935922   -23.920654    434.94502     1019.933    10.253989    9.9626608    9.9839736    0.2456221   -0.1862627   -0.2302818 
     560     99.59105   -23.980348  0.051492614   -23.928855   -247.18245     1019.933    10.253989    9.9626608    9.9839736    0.2456221   -0.1862627   -0.2302818 
     570    88.107136   -23.978485  0.045554965    -23.93293   -728.26196     1019.933    10.253989    9.9626608    9.9839736    0.2456221   -0.1862627   -0.2302818 
     580    78.198555   -23.976366  0.040431826   -23.935935   -919.13215     1019.933    10.253989    9.9626608    9.9839736    0.2456221   -0.1862627   -0.2302818 
     590    70.920548   -23.975644  0.036668801   -23.938975   -766.46191     1019.933    10.253989    9.9626608    9.9839736    0.2456221   -0.1862627   -0.2302818 
     600    94.482971   -23.991836   0.04885153   -23.942985   -271.56869     1019.933    10.253989    9.9626608    9.9839736    0.2456221   -0.1862627   -0.2302818 
     610    80.453576    -23.98434  0.041597763   -23.942742    329.41086     1019.933    10.253989    9.9626608    9.9839736    0.2456221   -0.1862627   -0.2302818 
     620    80.013438   -23.982646  0.041370194   -23.941276    769.22533     1019.933    10.253989    9.9626608    9.9839736    0.2456221   -0.1862627   -0.2302818 
     630    88.333132   -23.986047  0.045671814   -23.940375    950.57717     1019.933    10.253989    9.9626608    9.9839736    0.2456221   -0.1862627   -0.2302818 
     640    71.717763   -23.977289  0.037080994   -23.940208    736.87003     1019.933    10.253989    9.9626608    9.9839736    0.2456221   -0.1862627   -0.2302818 
     650    113.61684   -24.000359  0.058744514   -23.941615    166.90289     1019.933    10.253989    9.9626608    9.9839736    0.2456221   -0.1862627   -0.2302818 
     660      82.8156   -23.980833  0.042819026   -23.938014   -419.11837     1019.933    10.253989    9.9626608    9.9839736    0.2456221   -0.1862627   -0.2302818 
     670    97.976952   -23.985045   0.05065806   -23.934387   -834.00026     1019.933    10.253989    9.9626608    9.9839736    0.2456221   -0.1862627   -0.2302818 
     680    88.446244   -23.975905  0.045730297   -23.930175   -980.51685     1019.933    10.253989    9.9626608    9.9839736    0.2456221   -0.1862627   -0.2302818 
     690    97.928939    -23.97959  0.050633235   -23.928956    -704.6654     1019.933    10.253989    9.9626608    9.9839736    0.2456221   -0.1862627   -0.2302818 
     700    138.98245   -24.000757  0.071859564   -23.928897   -81.198967     1019.933    10.253989    9.9626608    9.9839736    0.2456221   -0.1862627   -0.2302818 
     710    101.96521   -23.976531  0.052720152   -23.923811    529.13099     1019.933    10.253989    9.9626608    9.9839736    0.2456221   -0.1862627   -0.2302818 
     720    141.24032   -23.992926  0.073026977   -23.919899     937.4298     1019.933    10.253989    9.9626608    9.9839736    0.2456221   -0.1862627   -0.2302818 
     730     118.0267   -23.975768  0.061024595   -23.914743    1021.0561     1019.933    10.253989    9.9626608    9.9839736    0.2456221   -0.1862627   -0.2302818 
     740    149.71084   -23.990491  0.077406582   -23.913085    581.88128     1019.933    10.253989    9.9626608    9.9839736    0.2456221   -0.1862627   -0.2302818 
     750    160.26111    -23.98942  0.082861499   -23.906559    -137.9801     1019.933    10.253989    9.9626608    9.9839736    0.2456221   -0.1862627   -0.2302818 
     760    167.24974   -23.982697  0.086474903   -23.896222   -762.06642     1019.933    10.253989    9.9626608    9.9839736    0.2456221   -0.1862627   -0.2302818 
     770    156.68716   -23.965552  0.081013621   -23.884539   -1174.2993     1019.933    10.253989    9.9626608    9.9839736    0.2456221   -0.1862627   -0.2302818 
     780     203.4503   -23.983801   0.10519206   -23.878609    -1122.882     1019.933    10.253989    9.9626608    9.9839736    0.2456221   -0.1862627   -0.2302818 
     790    172.04513    -23.96809  0.088954314   -23.879136   -508.44757     1019.933    10.253989    9.9626608    9.9839736    0.2456221   -0.1862627   -0.2302818 
     800    213.33283   -23.995097   0.11030173   -23.884795    254.88264     1019.933    10.253989    9.9626608    9.9839736    0.2456221   -0.1862627   -0.2302818 
     810    163.04469   -23.975832  0.084300721   -23.891532    853.65748     1019.933    10.253989    9.9626608    9.9839736    0.2456221   -0.1862627   -0.2302818 
     820    129.03329   -23.968264  0.066715448   -23.901548    1089.8482     1019.933    10.253989    9.9626608    9.9839736    0.2456221   -0.1862627   -0.2302818 
     830    138.92435   -23.990452  0.071829525   -23.918622    772.88059     1019.933    10.253989    9.9626608    9.9839736    0.2456221   -0.1862627   -0.2302818 
     840    87.547855   -23.976532  0.045265794   -23.931266    179.96848     1019.933    10.253989    9.9626608    9.9839736    0.2456221   -0.1862627   -0.2302818 
     850    104.91694   -23.995115  0.054246317   -23.940868   -391.60302     1019.933    10.253989    9.9626608    9.9839736    0.2456221   -0.1862627   -0.2302818 
     860    66.959736   -23.980117  0.034620901   -23.945496   -792.96777     1019.933    10.253989    9.9626608    9.9839736    0.2456221   -0.1862627   -0.2302818 
     870     62.00826   -23.981602  0.032060787   -23.949542   -874.06121     1019.933    10.253989    9.9626608    9.9839736    0.2456221   -0.1862627   -0.2302818 
     880    69.445684   -23.989994  0.035906237   -23.954088   -600.60257     1019.933    10.253989    9.9626608    9.9839736    0.2456221   -0.1862627   -0.2302818 
     890     63.60034   -23.989471  0.032883957   -23.956587   -123.61655     1019.933    10.253989    9.9626608    9.9839736    0.2456221   -0.1862627   -0.2302818 
     900    70.103427   -23.992994  0.036246317   -23.956747    375.80908     1019.933    10.253989    9.9626608    9.9839736    0.2456221   -0.1862627   -0.2302818 
     910     62.78659   -23.986728  0.032463215   -23.954265    767.70106     1019.933    10.253989    9.9626608    9.9839736    0.2456221   -0.1862627   -0.2302818 
     920    50.017814   -23.977409   0.02586124   -23.951548    844.28263     1019.933    10.253989    9.9626608    9.9839736    0.2456221   -0.1862627   -0.2302818 
     930    83.367655   -23.993919  0.043104461   -23.950815    542.63152     1019.933    10.253989    9.9626608    9.9839736    0.2456221   -0.1862627   -0.2302818 
     940    63.135935   -23.979195   0.03264384   -23.946551    43.676585     1019.933    10.253989    9.9626608    9.9839736    0.2456221   -0.1862627   -0.2302818 
     950    95.170434   -23.989987  0.049206977    -23.94078    -492.0509     1019.933    10.253989    9.9626608    9.9839736    0.2456221   -0.1862627   -0.2302818 
     960    74.139156    -23.96832  0.038332952   -23.929987   -900.63886     1019.933    10.253989    9.9626608    9.9839736    0.2456221   -0.1862627   -0.2302818 
     970    94.785406   -23.969299  0.049007901   -23.920291   -952.36001     1019.933    10.253989    9.9626608    9.9839736    0.2456221   -0.1862627   -0.2302818 
     980    132.42334   -23.979915  0.068468238   -23.911447   -577.73247     1019.933    10.253989    9.9626608    9.9839736    0.2456221   -0.1862627   -0.2302818 
     990    127.42339   -23.967112  0.065883063   -23.901229    52.870322     1019.933    10.253989    9.9626608    9.9839736    0.2456221   -0.1862627   -0.2302818 
    1000    162.01143   -23.974601  0.083766486   -23.890834    712.21739     1019.933    10.253989    9.9626608    9.9839736    0.2456221   -0.1862627   -0.2302818 
    1010    126.64633   -23.947423  0.065481294   -23.881942    1113.8811     1019.933    10.253989    9.9626608    9.9839736    0.2456221   -0.1862627   -0.2302818 
    1020     170.9166   -23.972087  0.088370819   -23.883716    972.26743     1019.933    10.253989    9.9626608    9.9839736    0.2456221   -0.1862627   -0.2302818 
    1030    146.61429   -23.965991   0.07580554   -23.890186    387.93076     1019.933    10.253989    9.9626608    9.9839736    0.2456221   -0.1862627   -0.2302818 
    1040    155.30554    -23.97922  0.080299264   -23.898921   -313.97329     1019.933    10.253989    9.9626608    9.9839736    0.2456221   -0.1862627   -0.2302818 
    1050    119.07651   -23.967003  0.061567386   -23.905436   -863.63301     1019.933    10.253989    9.9626608    9.9839736    0.2456221   -0.1862627   -0.2302818 
    1060     106.8431   -23.969722  0.055242218    -23.91448   -1034.9557     1019.933    10.253989    9.9626608    9.9839736    0.2456221   -0.1862627   -0.2302818 
    1070    96.941441   -23.975694  0.050122659   -23.925572   -774.33165     1019.933    10.253989    9.9626608    9.9839736    0.2456221   -0.1862627   -0.2302818 
    1080    99.603899   -23.986674  0.051499258   -23.935174   -229.49753     1019.933    10.253989    9.9626608    9.9839736    0.2456221   -0.1862627   -0.2302818 
    1090    88.763369   -23.986287  0.045894264   -23.940393    358.03932     1019.933    10.253989    9.9626608    9.9839736    0.2456221   -0.1862627   -0.2302818 
    1100    85.916135   -23.986768  0.044422128   -23.942345    779.50645     1019.933    10.253989    9.9626608    9.9839736    0.2456221   -0.1862627   -0.2302818 
    1110    75.385122   -23.982133  0.038977167   -23.943155     885.4436     1019.933    10.253989    9.9626608    9.9839736    0.2456221   -0.1862627   -0.2302818 
    1120    86.859798   -23.989866   0.04491004   -23.944956     629.0855     1019.933    10.253989    9.9626608    9.9839736    0.2456221   -0.1862627   -0.2302818 
    1130    85.454321   -23.990738  0.044183352   -23.946555    89.125232     1019.933    10.253989    9.9626608    9.9839736    0.2456221   -0.1862627   -0.2302818 
    1140    92.250616   -23.992761  0.047697312   -23.945064   -484.02086     1019.933    10.253989    9.9626608    9.9839736    0.2456221   -0.1862627   -0.2302818 
    1150    80.889966    -23.98328  0.041823395   -23.941457   -849.22811     1019.933    10.253989    9.9626608    9.9839736    0.2456221   -0.1862627   -0.2302818 
    1160    84.920111   -23.983467  0.043907144    -23.93956   -911.38315     1019.933    10.253989    9.9626608    9.9839736    0.2456221   -0.1862627   -0.2302818 
    1170    97.434386   -23.989108  0.050377532    -23.93873   -631.79453     1019.933    10.253989    9.9626608    9.9839736    0.2456221   -0.1862627   -0.2302818 
    1180    102.85096   -23.990562  0.053178122   -23.937384   -62.837232     1019.933    10.253989    9.9626608    9.9839736    0.2456221   -0.1862627   -0.2302818 
    1190    113.80898   -23.992735  0.058843861   -23.933891    543.11845     1019.933    10.253989    9.9626608    9.9839736    0.2456221   -0.1862627   -0.2302818 
    1200    106.22913   -23.983539  0.054924772   -23.928614    908.12779     1019.933    10.253989    9.9626608    9.9839736    0.2456221   -0.1862627   -0.2302818 
    1210    117.82054   -23.985793  0.060917999   -23.924875    919.14011     1019.933    10.253989    9.9626608    9.9839736    0.2456221   -0.1862627   -0.2302818 
    1220    128.36378   -23.989786  0.066369286   -23.923417    527.66755     1019.933    10.253989    9.9626608    9.9839736    0.2456221   -0.1862627   -0.2302818 
    1230    141.93351   -23.993336  0.073385384    -23.91995   -165.19342     1019.933    10.253989    9.9626608    9.9839736    0.2456221   -0.1862627   -0.2302818 
    1240    137.00432   -23.985034  0.070836794   -23.914197   -767.64837     1019.933    10.253989    9.9626608    9.9839736    0.2456221   -0.1862627   -0.2302818 
    1250    121.95037   -23.973272  0.063053289   -23.910219    -1045.578     1019.933    10.253989    9.9626608    9.9839736    0.2456221   -0.1862627   -0.2302818 
    1260    135.02785   -23.980115  0.069814879     -23.9103   -965.60328     1019.933    10.253989    9.9626608    9.9839736    0.2456221   -0.1862627   -0.2302818 
    1270    138.40038   -23.985268  0.071558612    -23.91371   -475.73835     1019.933    10.253989    9.9626608    9.9839736    0.2456221   -0.1862627   -0.2302818 
    1280    145.96118   -23.993156  0.075467855   -23.917688    256.94169     1019.933    10.253989    9.9626608    9.9839736    0.2456221   -0.1862627   -0.2302818 
    1290    121.17603   -23.982632  0.062652922   -23.919979    802.43243     1019.933    10.253989    9.9626608    9.9839736    0.2456221   -0.1862627   -0.2302818 
    1300    102.13358   -23.977499  0.052807207   -23.924692    972.72958     1019.933    10.253989    9.9626608    9.9839736    0.2456221   -0.1862627   -0.2302818 
    1310    109.87963   -23.990874   0.05681223   -23.934062      780.195     1019.933    10.253989    9.9626608    9.9839736    0.2456221   -0.1862627   -0.2302818 
    1320    79.284076   -23.984131  0.040993085   -23.943138    238.97824     1019.933    10.253989    9.9626608    9.9839736    0.2456221   -0.1862627   -0.2302818 
    1330    92.839808   -23.998483  0.048001948   -23.950481   -351.91028     1019.933    10.253989    9.9626608    9.9839736    0.2456221   -0.1862627   -0.2302818 
    1340    49.189231   -23.980462  0.025432829    -23.95503   -708.86196     1019.933    10.253989    9.9626608    9.9839736    0.2456221   -0.1862627   -0.2302818 
    1350    62.118826   -23.992086  0.032117954   -23.959968   -796.25972     1019.933    10.253989    9.9626608    9.9839736    0.2456221   -0.1862627   -0.2302818 
    1360    51.248613   -23.990317  0.026497613   -23.963819   -612.72479     1019.933    10.253989    9.9626608    9.9839736    0.2456221   -0.1862627   -0.2302818 
    1370    52.679678   -23.994458  0.027237531    -23.96722   -174.19133     1019.933    10.253989    9.9626608    9.9839736    0.2456221   -0.1862627   -0.2302818 
    1380    58.222124   -23.997899  0.030103201   -23.967796    331.03824     1019.933    10.253989    9.9626608    9.9839736    0.2456221   -0.1862627   -0.2302818 
    1390    41.585625   -23.987302  0.021501456     -23.9658    672.91432     1019.933    10.253989    9.9626608    9.9839736    0.2456221   -0.1862627   -0.2302818 
    1400    52.968106   -23.991226   0.02738666    -23.96384    774.47957     1019.933    10.253989    9.9626608    9.9839736    0.2456221   -0.1862627   -0.2302818 
    1410    54.686842   -23.989569  0.028275317   -23.961293    607.38534     1019.933    10.253989    9.9626608    9.9839736    0.2456221   -0.1862627   -0.2302818 
    1420    60.635735   -23.988292  0.031351136   -23.956941    148.49012     1019.933    10.253989    9.9626608    9.9839736    0.2456221   -0.1862627   -0.2302818 
    1430    82.169175   -23.989581  0.042484798   -23.947096   -412.66342     1019.933    10.253989    9.9626608    9.9839736    0.2456221   -0.1862627   -0.2302818 
    1440    71.819342   -23.969233  0.037133514     -23.9321     -818.767     1019.933    10.253989    9.9626608    9.9839736    0.2456221   -0.1862627   -0.2302818 
    1450    107.65693   -23.972157  0.055663002   -23.916494   -949.88217     1019.933    10.253989    9.9626608    9.9839736    0.2456221   -0.1862627   -0.2302818 
    1460     125.0531   -23.969406  0.064657526   -23.904748   -686.54846     1019.933    10.253989    9.9626608    9.9839736    0.2456221   -0.1862627   -0.2302818 
    1470    134.45092   -23.968011  0.069516582   -23.898494   -20.552065     1019.933    10.253989    9.9626608    9.9839736    0.2456221   -0.1862627   -0.2302818 
    1480    162.07192   -23.976948   0.08379776    -23.89315    688.72984     1019.933    10.253989    9.9626608    9.9839736    0.2456221   -0.1862627   -0.2302818 
    1490    116.96557     -23.9504  0.060475947   -23.889924    1069.2908     1019.933    10.253989    9.9626608    9.9839736    0.2456221   -0.1862627   -0.2302818 
    1500    126.95611   -23.958891  0.065641461   -23.893249    1046.0111     1019.933    10.253989    9.9626608    9.9839736    0.2456221   -0.1862627   -0.2302818 
    1510    140.19596   -23.975099     0.072487   -23.902612    555.74786     1019.933    10.253989    9.9626608    9.9839736    0.2456221   -0.1862627   -0.2302818 
    1520    105.60267   -23.963558  0.054600865   -23.908957   -162.79475     1019.933    10.253989    9.9626608    9.9839736    0.2456221   -0.1862627   -0.2302818 
    1530    123.62549   -23.978824  0.063919396   -23.914905   -722.89548     1019.933    10.253989    9.9626608    9.9839736    0.2456221   -0.1862627   -0.2302818 
    1540    75.110706   -23.958712  0.038835283   -23.919877   -948.22745     1019.933    10.253989    9.9626608    9.9839736    0.2456221   -0.1862627   -0.2302818 
    1550    86.878505   -23.972366  0.044919712   -23.927447   -800.93056     1019.933    10.253989    9.9626608    9.9839736    0.2456221   -0.1862627   -0.2302818 
    1560    92.227756   -23.983034  0.047685493   -23.935349   -313.74786     1019.933    10.253989    9.9626608    9.9839736    0.2456221   -0.1862627   -0.2302818 
    1570    70.576751   -23.975906  0.036491044   -23.939415     299.1315     1019.933    10.253989    9.9626608    9.9839736    0.2456221   -0.1862627   -0.2302818 
    1580    85.849375   -23.986616  0.044387611   -23.942229    757.24693     1019.933    10.253989    9.9626608    9.9839736    0.2456221   -0.1862627   -0.2302818 
    1590    51.564747   -23.970365  0.026661067   -23.943704     926.8665     1019.933    10.253989    9.9626608    9.9839736    0.2456221   -0.1862627   -0.2302818 
    1600    70.708197   -23.984104  0.036559007   -23.947545      735.848     1019.933    10.253989    9.9626608    9.9839736    0.2456221   -0.1862627   -0.2302818 
    1610    76.969128   -23.990931  0.039796163   -23.951135    237.83795     1019.933    10.253989    9.9626608    9.9839736    0.2456221   -0.1862627   -0.2302818 
    1620    63.108657   -23.983574  0.032629736   -23.950944   -322.87703     1019.933    10.253989    9.9626608    9.9839736    0.2456221   -0.1862627   -0.2302818 
    1630    70.199332   -23.985359  0.036295904   -23.949063   -736.36022     1019.933    10.253989    9.9626608    9.9839736    0.2456221   -0.1862627   -0.2302818 
    1640    56.023041   -23.975111  0.028966185   -23.946145   -882.33567     1019.933    10.253989    9.9626608    9.9839736    0.2456221   -0.1862627   -0.2302818 
    1650    75.723436   -23.983075  0.039152089   -23.943923   -693.30765     1019.933    10.253989    9.9626608    9.9839736    0.2456221   -0.1862627   -0.2302818 
    1660    98.831675    -23.99024  0.051099987    -23.93914   -185.42992     1019.933    10.253989    9.9626608    9.9839736    0.2456221   -0.1862627   -0.2302818 
    1670    93.492498   -23.976083  0.048339415   -23.927744    450.06529     1019.933    10.253989    9.9626608    9.9839736    0.2456221   -0.1862627   -0.2302818 
    1680     143.8232   -23.985091   0.07436243   -23.910729     949.0232     1019.933    10.253989    9.9626608    9.9839736    0.2456221   -0.1862627   -0.2302818 
    1690    127.64259   -23.956471  0.065996401   -23.890475    1114.6857     1019.933    10.253989    9.9626608    9.9839736    0.2456221   -0.1862627   -0.2302818 
    1700    207.18844   -23.986133   0.10712483   -23.879009    765.42469     1019.933    10.253989    9.9626608    9.9839736    0.2456221   -0.1862627   -0.2302818 
    1710    208.30465   -23.978198   0.10770196   -23.870496   -21.072927     1019.933    10.253989    9.9626608    9.9839736    0.2456221   -0.1862627   -0.2302818 
    1720    195.58982   -23.966946   0.10112787   -23.865818   -784.23707     1019.933    10.253989    9.9626608    9.9839736    0.2456221   -0.1862627   -0.2302818 
    1730    200.02384   -23.973199   0.10342044   -23.869778   -1185.9579     1019.933    10.253989    9.9626608    9.9839736    0.2456221   -0.1862627   -0.2302818 
    1740    160.21888   -23.963556  0.082839662   -23.880716   -1105.3889     1019.933    10.253989    9.9626608    9.9839736    0.2456221   -0.1862627   -0.2302818 
    1750    180.59384   -23.992338  0.093374346   -23.898964   -577.37073     1019.933    10.253989    9.9626608    9.9839736    0.2456221   -0.1862627   -0.2302818 
    1760    135.02635   -23.983712  0.069814101   -23.913898    177.94179     1019.933    10.253989    9.9626608    9.9839736    0.2456221   -0.1862627   -0.2302818 
    1770    132.45463    -23.99153  0.068484417   -23.923045    755.74811     1019.933    10.253989    9.9626608    9.9839736    0.2456221   -0.1862627   -0.2302818 
    1780    109.40563   -23.986293  0.056567149   -23.929726    952.09411     1019.933    10.253989    9.9626608    9.9839736    0.2456221   -0.1862627   -0.2302818 
    1790    94.690027   -23.984425  0.048958586   -23.935466    795.85711     1019.933    10.253989    9.9626608    9.9839736    0.2456221   -0.1862627   -0.2302818 
    1800    117.47663   -24.001984  0.060740186   -23.941244    303.99593     1019.933    10.253989    9.9626608    9.9839736    0.2456221   -0.1862627   -0.2302818 
    1810    88.294654   -23.987761  0.045651919   -23.942109   -338.46407     1019.933    10.253989    9.9626608    9.9839736    0.2456221   -0.1862627   -0.2302818 
    1820    98.038546   -23.992705  0.050689907   -23.942015   -811.03938     1019.933    10.253989    9.9626608    9.9839736    0.2456221   -0.1862627   -0.2302818 
    1830    79.727483   -23.982875  0.041222344   -23.941652   -938.98443     1019.933    10.253989    9.9626608    9.9839736    0.2456221   -0.1862627   -0.2302818 
    1840    85.449912   -23.986632  0.044181072   -23.942451    -748.9539     1019.933    10.253989    9.9626608    9.9839736    0.2456221   -0.1862627   -0.2302818 
    1850    104.59556   -23.998516  0.054080151   -23.944436   -281.16382     1019.933    10.253989    9.9626608    9.9839736    0.2456221   -0.1862627   -0.2302818 
    1860    85.837965    -23.98718  0.044381711   -23.942798    348.88062     1019.933    10.253989    9.9626608    9.9839736    0.2456221   -0.1862627   -0.2302818 
    1870    104.05633   -23.992522  0.053801343   -23.938721    816.86001     1019.933    10.253989    9.9626608    9.9839736    0.2456221   -0.1862627   -0.2302818 
    1880    76.676359   -23.974739  0.039644789   -23.935094    916.09694     1019.933    10.253989    9.9626608    9.9839736    0.2456221   -0.1862627   -0.2302818 
    1890    106.26387    -23.98866  0.054942731   -23.933717    670.72788     1019.933    10.253989    9.9626608    9.9839736    0.2456221   -0.1862627   -0.2302818 
    1900    110.21052   -23.987984  0.056983312   -23.931001    116.40781     1019.933    10.253989    9.9626608    9.9839736    0.2456221   -0.1862627   -0.2302818 
    1910     107.4893    -23.98073  0.055576331   -23.925153   -537.20196     1019.933    10.253989    9.9626608    9.9839736    0.2456221   -0.1862627   -0.2302818 
    1920    108.92196   -23.973624  0.056317071   -23.917307   -967.36977     1019.933    10.253989    9.9626608    9.9839736    0.2456221   -0.1862627   -0.2302818 
    1930    110.72875    -23.96647  0.057251256   -23.909219   -1011.7199     1019.933    10.253989    9.9626608    9.9839736    0.2456221   -0.1862627   -0.2302818 
    1940    147.15259   -23.978635   0.07608386   -23.902551   -682.71368     1019.933    10.253989    9.9626608    9.9839736    0.2456221   -0.1862627   -0.2302818 
    1950    161.26469   -23.976501  0.083380388   -23.893121   -26.134858     1019.933    10.253989    9.9626608    9.9839736    0.2456221   -0.1862627   -0.2302818 
    1960    169.33675   -23.965725   0.08755397   -23.878171    731.02298     1019.933    10.253989    9.9626608    9.9839736    0.2456221   -0.1862627   -0.2302818 
    1970    183.42122   -23.959509  0.094836216   -23.864673    1149.9481     1019.933    10.253989    9.9626608    9.9839736    0.2456221   -0.1862627   -0.2302818 
    1980    173.41535   -23.948871  0.089662775   -23.859209    1044.2055     1019.933    10.253989    9.9626608    9.9839736    0.2456221   -0.1862627   -0.2302818 
    1990    205.69784   -23.973346   0.10635413   -23.866992    436.93156     1019.933    10.253989    9.9626608    9.9839736    0.2456221   -0.1862627   -0.2302818 
    2000    159.28417   -23.960228  0.082356382   -23.877871    -340.9691     1019.933    10.253989    9.9626608    9.9839736    0.2456221   -0.1862627   -0.2302818 
    2010    145.16905   -23.968791   0.07505829   -23.893732   -885.33289     1019.933    10.253989    9.9626608    9.9839736    0.2456221   -0.1862627   -0.2302818 
    2020    98.080559   -23.962927  0.050711629   -23.912216   -1027.0622     1019.933    10.253989    9.9626608    9.9839736    0.2456221   -0.1862627   -0.2302818 
    2030    92.076167   -23.976914  0.047607115   -23.929306   -757.76898     1019.933    10.253989    9.9626608    9.9839736    0.2456221   -0.1862627   -0.2302818 
    2040    91.276984   -23.989223  0.047193905   -23.942029   -217.46639     1019.933    10.253989    9.9626608    9.9839736    0.2456221   -0.1862627   -0.2302818 
    2050    65.010854   -23.981307  0.033613249   -23.947693    350.37996     1019.933    10.253989    9.9626608    9.9839736    0.2456221   -0.1862627   -0.2302818 
    2060    78.529914   -23.991574  0.040603152   -23.950971    733.59495     1019.933    10.253989    9.9626608    9.9839736    0.2456221   -0.1862627   -0.2302818 
    2070    50.030134   -23.977707   0.02586761    -23.95184    834.79221     1019.933    10.253989    9.9626608    9.9839736    0.2456221   -0.1862627   -0.2302818 
    2080    71.484433   -23.991878  0.036960353   -23.954918    595.28117     1019.933    10.253989    9.9626608    9.9839736    0.2456221   -0.1862627   -0.2302818 
    2090    73.462131   -23.994762  0.037982903   -23.956779    89.304404     1019.933    10.253989    9.9626608    9.9839736    0.2456221   -0.1862627   -0.2302818 
    2100    65.587673   -23.988566  0.033911489   -23.954655   -434.96114     1019.933    10.253989    9.9626608    9.9839736    0.2456221   -0.1862627   -0.2302818 
    2110    76.229275   -23.990544  0.039413628   -23.951131   -793.10802     1019.933    10.253989    9.9626608    9.9839736    0.2456221   -0.1862627   -0.2302818 
    2120    61.657009   -23.979088  0.031879176   -23.947208    -880.1432     1019.933    10.253989    9.9626608    9.9839736    0.2456221   -0.1862627   -0.2302818 
    2130    84.504128   -23.988016  0.043692063   -23.944324   -629.59473     1019.933    10.253989    9.9626608    9.9839736    0.2456221   -0.1862627   -0.2302818 
    2140    99.589704   -23.991151  0.051491918    -23.93966   -88.584722     1019.933    10.253989    9.9626608    9.9839736    0.2456221   -0.1862627   -0.2302818 
    2150    98.835668   -23.983298  0.051102051   -23.932196    522.78048     1019.933    10.253989    9.9626608    9.9839736    0.2456221   -0.1862627   -0.2302818 
    2160    129.63683   -23.990003    0.0670275   -23.922976    930.30025     1019.933    10.253989    9.9626608    9.9839736    0.2456221   -0.1862627   -0.2302818 
    2170    113.15153   -23.972047  0.058503933   -23.913543    963.34309     1019.933    10.253989    9.9626608    9.9839736    0.2456221   -0.1862627   -0.2302818 
    2180    152.65195    -23.98807  0.078927252   -23.909143    558.67315     1019.933    10.253989    9.9626608    9.9839736    0.2456221   -0.1862627   -0.2302818 
    2190    176.94143   -23.995133  0.091485902   -23.903647   -139.49257     1019.933    10.253989    9.9626608    9.9839736    0.2456221   -0.1862627   -0.2302818 
    2200    139.33413   -23.967756    0.0720414   -23.895715   -811.53205     1019.933    10.253989    9.9626608    9.9839736    0.2456221   -0.1862627   -0.2302818 
    2210    174.03693   -23.983957  0.089984157   -23.893973   -1158.3715     1019.933    10.253989    9.9626608    9.9839736    0.2456221   -0.1862627   -0.2302818 
    2220    133.72609    -23.96625  0.069141816   -23.897108   -994.97666     1019.933    10.253989    9.9626608    9.9839736    0.2456221   -0.1862627   -0.2302818 
    2230    159.69753    -23.98901  0.082570102    -23.90644   -458.00522     1019.933    10.253989    9.9626608    9.9839736    0.2456221   -0.1862627   -0.2302818 
    2240    148.63134    -23.99564  0.076848432   -23.918792    211.64326     1019.933    10.253989    9.9626608    9.9839736    0.2456221   -0.1862627   -0.2302818 
    2250    100.16616   -23.981688  0.051789971   -23.929898    766.27999     1019.933    10.253989    9.9626608    9.9839736    0.2456221   -0.1862627   -0.2302818 
    2260     85.78943   -23.988618  0.044356616   -23.944262    901.44741     1019.933    10.253989    9.9626608    9.9839736    0.2456221   -0.1862627   -0.2302818 
    2270    64.683972   -23.991531  0.033444238   -23.958087    649.64441     1019.933    10.253989    9.9626608    9.9839736    0.2456221   -0.1862627   -0.2302818 
    2280    56.179136   -23.995171  0.029046893   -23.966124    213.32076     1019.933    10.253989    9.9626608    9.9839736    0.2456221   -0.1862627   -0.2302818 
    2290    63.979836   -24.003012  0.033080172   -23.969932    -263.3896     1019.933    10.253989    9.9626608    9.9839736    0.2456221   -0.1862627   -0.2302818 
    2300    34.542239   -23.987222  0.017859739   -23.969362   -635.00022     1019.933    10.253989    9.9626608    9.9839736    0.2456221   -0.1862627   -0.2302818 
    2310    56.755063    -23.99877  0.029344671   -23.969425   -760.41017     1019.933    10.253989    9.9626608    9.9839736    0.2456221   -0.1862627   -0.2302818 
    2320    40.144511     -23.9893  0.020756341   -23.968544   -597.41527     1019.933    10.253989    9.9626608    9.9839736    0.2456221   -0.1862627   -0.2302818 
    2330    59.956719   -23.999267  0.031000057   -23.968267    -222.2704     1019.933    10.253989    9.9626608    9.9839736    0.2456221   -0.1862627   -0.2302818 
    2340    63.684489   -23.998432  0.032927465   -23.965505    259.59211     1019.933    10.253989    9.9626608    9.9839736    0.2456221   -0.1862627   -0.2302818 
    2350     50.46599   -23.985708  0.026092965   -23.959615    690.91996     1019.933    10.253989    9.9626608    9.9839736    0.2456221   -0.1862627   -0.2302818 
    2360    77.847623   -23.994215   0.04025038   -23.953964    838.17135     1019.933    10.253989    9.9626608    9.9839736    0.2456221   -0.1862627   -0.2302818 
    2370     64.10698   -23.981323   0.03314591   -23.948177    639.15026     1019.933    10.253989    9.9626608    9.9839736    0.2456221   -0.1862627   -0.2302818 
    2380    99.012374   -23.993819  0.051193415   -23.942626    175.87449     1019.933    10.253989    9.9626608    9.9839736    0.2456221   -0.1862627   -0.2302818 
    2390    96.127931   -23.983936  0.049702041   -23.934234    -416.6074     1019.933    10.253989    9.9626608    9.9839736    0.2456221   -0.1862627   -0.2302818 
    2400    90.804192   -23.971699  0.046949452   -23.924749   -880.18772     1019.933    10.253989    9.9626608    9.9839736    0.2456221   -0.1862627   -0.2302818 
    2410    115.89587   -23.978057  0.059922866   -23.918134   -967.75976     1019.933    10.253989    9.9626608    9.9839736    0.2456221   -0.1862627   -0.2302818 
    2420      96.4641   -23.963359  0.049875854   -23.913483   -665.41439     1019.933    10.253989    9.9626608    9.9839736    0.2456221   -0.1862627   -0.2302818 
    2430    150.91698     -23.9904  0.078030203    -23.91237   -89.328992     1019.933    10.253989    9.9626608    9.9839736    0.2456221   -0.1862627   -0.2302818 
    2440    123.06593   -23.971736  0.063630078   -23.908106    612.51467     1019.933    10.253989    9.9626608    9.9839736    0.2456221   -0.1862627   -0.2302818 
    2450    120.93067   -23.966956  0.062526065    -23.90443     1034.426     1019.933    10.253989    9.9626608    9.9839736    0.2456221   -0.1862627   -0.2302818 
    2460    126.27322   -23.971945  0.065288379   -23.906656    963.86362     1019.933    10.253989    9.9626608    9.9839736    0.2456221   -0.1862627   -0.2302818 
    2470    107.70841   -23.966532  0.055689616   -23.910842    558.85241     1019.933    10.253989    9.9626608    9.9839736    0.2456221   -0.1862627   -0.2302818 
    2480      132.278   -23.986242  0.068393096   -23.917849   -86.502928     1019.933    10.253989    9.9626608    9.9839736    0.2456221   -0.1862627   -0.2302818 
    2490    88.745059   -23.966867  0.045884797   -23.920982   -692.29436     1019.933    10.253989    9.9626608    9.9839736    0.2456221   -0.1862627   -0.2302818 
    2500    94.014407   -23.974882  0.048609263   -23.926273   -927.63813     1019.933    10.253989    9.9626608    9.9839736    0.2456221   -0.1862627   -0.2302818 
    2510    74.450783   -23.972634  0.038494076    -23.93414   -767.55793     1019.933    10.253989    9.9626608    9.9839736    0.2456221   -0.1862627   -0.2302818 
    2520    75.182824   -23.981881  0.038872571   -23.943008    -349.4487     1019.933    10.253989    9.9626608    9.9839736    0.2456221   -0.1862627   -0.2302818 
    2530    75.865273   -23.990473  0.039225425   -23.951248    206.75191     1019.933    10.253989    9.9626608    9.9839736    0.2456221   -0.1862627   -0.2302818 
    2540    51.863126   -23.983184  0.026815341   -23.956368     666.4536     1019.933    10.253989    9.9626608    9.9839736    0.2456221   -0.1862627   -0.2302818 
    2550    45.478877   -23.985666  0.023514425   -23.962151     795.4022     1019.933    10.253989    9.9626608    9.9839736    0.2456221   -0.1862627   -0.2302818 
    2560    43.201805   -23.990903  0.022337086   -23.968565    628.53234     1019.933    10.253989    9.9626608    9.9839736    0.2456221   -0.1862627   -0.2302818 
    2570    36.026127   -23.992295  0.018626969   -23.973668    264.30586     1019.933    10.253989    9.9626608    9.9839736    0.2456221   -0.1862627   -0.2302818 
    2580    44.131159   -24.000163    0.0228176   -23.977345   -185.57129     1019.933    10.253989    9.9626608    9.9839736    0.2456221   -0.1862627   -0.2302818 
    2590    24.321397   -23.990557  0.012575149   -23.977982   -535.19508     1019.933    10.253989    9.9626608    9.9839736    0.2456221   -0.1862627   -0.2302818 
    2600    32.261429   -23.995614  0.016680468   -23.978933   -653.73481     1019.933    10.253989    9.9626608    9.9839736    0.2456221   -0.1862627   -0.2302818 
    2610    25.120455   -23.992445  0.012988295   -23.979457   -539.80948     1019.933    10.253989    9.9626608    9.9839736    0.2456221   -0.1862627   -0.2302818 
    2620    34.928352   -23.997729  0.018059376    -23.97967   -239.08777     1019.933    10.253989    9.9626608    9.9839736    0.2456221   -0.1862627   -0.2302818 
    2630     41.14183   -23.998454  0.021271996   -23.977182    188.34316     1019.933    10.253989    9.9626608    9.9839736    0.2456221   -0.1862627   -0.2302818 
    2640    36.276795   -23.988065  0.018756575   -23.969309    609.69428     1019.933    10.253989    9.9626608    9.9839736    0.2456221   -0.1862627   -0.2302818 
    2650    60.869385   -23.988943  0.031471942   -23.957472    829.33242     1019.933    10.253989    9.9626608    9.9839736    0.2456221   -0.1862627   -0.2302818 
    2660    68.719321   -23.980125  0.035530678   -23.944594    732.83072     1019.933    10.253989    9.9626608    9.9839736    0.2456221   -0.1862627   -0.2302818 
    2670    97.366001   -23.985993  0.050342174   -23.935651    308.54377     1019.933    10.253989    9.9626608    9.9839736    0.2456221   -0.1862627   -0.2302818 
    2680     107.7727   -23.982363  0.055722859    -23.92664   -332.78115     1019.933    10.253989    9.9626608    9.9839736    0.2456221   -0.1862627   -0.2302818 
    2690    106.57729   -23.972141  0.055104783   -23.917037    -859.2748     1019.933    10.253989    9.9626608    9.9839736    0.2456221   -0.1862627   -0.2302818 
    2700    120.82941   -23.973076  0.062473707   -23.910603    -1015.693     1019.933    10.253989    9.9626608    9.9839736    0.2456221   -0.1862627   -0.2302818 
    2710    124.04284   -23.971732  0.064135182   -23.907596   -784.33516     1019.933    10.253989    9.9626608    9.9839736    0.2456221   -0.1862627   -0.2302818 
    2720    147.42302   -23.983947  0.076223686   -23.907724   -213.08448     1019.933    10.253989    9.9626608    9.9839736    0.2456221   -0.1862627   -0.2302818 
    2730    146.03033   -23.982505  0.075503606   -23.907001    500.09044     1019.933    10.253989    9.9626608    9.9839736    0.2456221   -0.1862627   -0.2302818 
    2740    139.92249   -23.978695  0.072345606    -23.90635    962.91447     1019.933    10.253989    9.9626608    9.9839736    0.2456221   -0.1862627   -0.2302818 
    2750     121.5183   -23.972739  0.062829892   -23.909909    1006.2516     1019.933    10.253989    9.9626608    9.9839736    0.2456221   -0.1862627   -0.2302818 
    2760    139.89947   -23.990679  0.072333701   -23.918345    654.04828     1019.933    10.253989    9.9626608    9.9839736    0.2456221   -0.1862627   -0.2302818 
    2770    115.75875   -23.985088  0.059851972   -23.925236    8.4700723     1019.933    10.253989    9.9626608    9.9839736    0.2456221   -0.1862627   -0.2302818 
    2780    122.42269   -23.994059  0.063297497   -23.930762   -598.18071     1019.933    10.253989    9.9626608    9.9839736    0.2456221   -0.1862627   -0.2302818 
    2790     90.13187   -23.982034  0.046601835   -23.935432   -904.88694     1019.933    10.253989    9.9626608    9.9839736    0.2456221   -0.1862627   -0.2302818 
    2800    80.624016   -23.982804  0.041685888   -23.941118   -869.52747     1019.933    10.253989    9.9626608    9.9839736    0.2456221   -0.1862627   -0.2302818 
    2810    92.622382   -23.996193   0.04788953   -23.948303   -513.11617     1019.933    10.253989    9.9626608    9.9839736    0.2456221   -0.1862627   -0.2302818 
    2820    73.150724   -23.990843  0.037821893   -23.953021    35.028532     1019.933    10.253989    9.9626608    9.9839736    0.2456221   -0.1862627   -0.2302818 
    2830    87.552639   -24.001019  0.045268267   -23.955751    534.04969     1019.933    10.253989    9.9626608    9.9839736    0.2456221   -0.1862627   -0.2302818 
    2840    58.358463   -23.985974  0.030173694     -23.9558    799.35844     1019.933    10.253989    9.9626608    9.9839736    0.2456221   -0.1862627   -0.2302818 
    2850    73.854897   -23.995976  0.038185979    -23.95779    755.56176     1019.933    10.253989    9.9626608    9.9839736    0.2456221   -0.1862627   -0.2302818 
    2860    70.523715   -23.995206  0.036463622   -23.958743    392.38079     1019.933    10.253989    9.9626608    9.9839736    0.2456221   -0.1862627   -0.2302818 
    2870    75.526219   -23.997102   0.03905012   -23.958052   -130.93218     1019.933    10.253989    9.9626608    9.9839736    0.2456221   -0.1862627   -0.2302818 
    2880    70.411418   -23.990808  0.036405561   -23.954402   -596.50376     1019.933    10.253989    9.9626608    9.9839736    0.2456221   -0.1862627   -0.2302818 
    2890    74.710682   -23.987352  0.038628454   -23.948723   -856.88146     1019.933    10.253989    9.9626608    9.9839736    0.2456221   -0.1862627   -0.2302818 
    2900    77.601373    -23.98191  0.040123059   -23.941787   -821.71859     1019.933    10.253989    9.9626608    9.9839736    0.2456221   -0.1862627   -0.2302818 
    2910    122.54367   -23.996621  0.063360053   -23.933261   -433.53838     1019.933    10.253989    9.9626608    9.9839736    0.2456221   -0.1862627   -0.2302818 
    2920    118.78474   -23.981025   0.06141653   -23.919608    210.91025     1019.933    10.253989    9.9626608    9.9839736    0.2456221   -0.1862627   -0.2302818 
    2930    161.76193    -23.98546   0.08363748   -23.901822    814.10402     1019.933    10.253989    9.9626608    9.9839736    0.2456221   -0.1862627   -0.2302818 
    2940    157.75347   -23.967003  0.081564948   -23.885438    1123.1659     1019.933    10.253989    9.9626608    9.9839736    0.2456221   -0.1862627   -0.2302818 
    2950    178.37112   -23.970899  0.092225107   -23.878674     930.4834     1019.933    10.253989    9.9626608    9.9839736    0.2456221   -0.1862627   -0.2302818 
    2960    190.84077   -23.977194  0.098672422   -23.878522    282.35899     1019.933    10.253989    9.9626608    9.9839736    0.2456221   -0.1862627   -0.2302818 
    2970     161.6623   -23.964742  0.083585967   -23.881156   -441.45506     1019.933    10.253989    9.9626608    9.9839736    0.2456221   -0.1862627   -0.2302818 
    2980    154.85332   -23.967022  0.080065449   -23.886957   -950.07449     1019.933    10.253989    9.9626608    9.9839736    0.2456221   -0.1862627   -0.2302818 
    2990    128.16356    -23.96185  0.066265759   -23.895584   -1043.2692     1019.933    10.253989    9.9626608    9.9839736    0.2456221   -0.1862627   -0.2302818 
    3000    123.90689   -23.971715  0.064064889    -23.90765   -681.32952     1019.933    10.253989    9.9626608    9.9839736    0.2456221   -0.1862627   -0.2302818 
Loop time of 32.8769 on 1 procs for 3000 steps with 5 atoms

Performance: 15.768 ns/day, 1.522 hours/ns, 91.249 timesteps/s
236.4% CPU use with 1 MPI tasks x no OpenMP threads

MPI task timing breakdown:
Section |  min time  |  avg time  |  max time  |%varavg| %total
---------------------------------------------------------------
Pair    | 32.479     | 32.479     | 32.479     |   0.0 | 98.79
Neigh   | 0.0015199  | 0.0015199  | 0.0015199  |   0.0 |  0.00
Comm    | 0.012057   | 0.012057   | 0.012057   |   0.0 |  0.04
Output  | 0.35871    | 0.35871    | 0.35871    |   0.0 |  1.09
Modify  | 0.019173   | 0.019173   | 0.019173   |   0.0 |  0.06
Other   |            | 0.006437   |            |       |  0.02

Nlocal:    5 ave 5 max 5 min
Histogram: 1 0 0 0 0 0 0 0 0 0
Nghost:    103 ave 103 max 103 min
Histogram: 1 0 0 0 0 0 0 0 0 0
Neighs:    0 ave 0 max 0 min
Histogram: 1 0 0 0 0 0 0 0 0 0

Total # of neighbors = 0
Ave neighs/atom = 0
Neighbor list builds = 160
Dangerous builds = 0
Total wall time: 0:00:38
