#       step         max_devi_e         min_devi_e         avg_devi_e         max_devi_f         min_devi_f         avg_devi_f
           0       7.081142e-01       1.689279e-01       2.834523e-01       6.536319e-03       3.045149e-03       5.373694e-03
          10       6.976703e-01       1.633144e-01       2.794328e-01       3.469402e-03       1.979326e-03       2.613871e-03
          20       6.761376e-01       1.507180e-01       2.714100e-01       4.098216e-03       2.276065e-03       3.275001e-03
          30       6.476331e-01       1.503009e-01       2.597587e-01       6.813477e-03       2.749932e-03       4.185203e-03
          40       6.291194e-01       1.446584e-01       2.527422e-01       4.966477e-03       2.451356e-03       3.147099e-03
          50       6.282498e-01       1.358968e-01       2.540545e-01       1.094089e-02       3.791202e-03       6.259547e-03
          60       6.399982e-01       1.410250e-01       2.586463e-01       5.866666e-03       2.400256e-03       3.906214e-03
          70       6.648613e-01       1.473497e-01       2.687214e-01       1.182811e-02       3.990051e-03       7.130960e-03
          80       6.891620e-01       1.429154e-01       2.805462e-01       1.398942e-02       5.854110e-03       7.853568e-03
          90       6.985308e-01       1.443379e-01       2.848311e-01       2.266369e-02       4.104277e-03       1.100654e-02
         100       6.860235e-01       1.492831e-01       2.780801e-01       1.364950e-02       5.588152e-03       9.126815e-03
         110       6.578464e-01       1.400511e-01       2.673055e-01       5.485690e-03       3.854271e-03       4.914558e-03
         120       6.327593e-01       1.339734e-01       2.582611e-01       8.071715e-03       4.337139e-03       6.435527e-03
         130       6.133909e-01       1.419313e-01       2.467948e-01       8.872504e-03       7.096959e-03       7.961970e-03
         140       6.201634e-01       1.502632e-01       2.483965e-01       6.092776e-03       3.486451e-03       5.232851e-03
         150       6.593601e-01       1.573276e-01       2.641467e-01       7.078614e-03       2.951130e-03       4.577413e-03
         160       7.005984e-01       1.645048e-01       2.806141e-01       4.754027e-03       1.649851e-03       3.099137e-03
         170       7.234617e-01       1.626760e-01       2.903859e-01       1.214863e-02       2.859730e-03       7.478991e-03
         180       7.196850e-01       1.637872e-01       2.885361e-01       1.118332e-02       2.069179e-03       6.704575e-03
         190       6.990022e-01       1.532242e-01       2.806431e-01       5.591376e-03       2.992927e-03       4.177930e-03
         200       6.681701e-01       1.357392e-01       2.706237e-01       1.176661e-02       4.052437e-03       7.098878e-03
         210       6.377534e-01       1.285769e-01       2.596253e-01       6.865728e-03       3.130072e-03       4.180591e-03
         220       6.279807e-01       1.265020e-01       2.562690e-01       1.635173e-02       4.473460e-03       9.723815e-03
         230       6.372960e-01       1.280954e-01       2.612515e-01       7.403722e-03       3.070192e-03       4.743089e-03
         240       6.583053e-01       1.312181e-01       2.679653e-01       8.743275e-03       4.267143e-03       5.676134e-03
         250       6.827983e-01       1.362064e-01       2.763149e-01       6.510761e-03       3.354217e-03       5.456753e-03
         260       7.001523e-01       1.385159e-01       2.836449e-01       1.041189e-02       2.850681e-03       5.438267e-03
         270       7.054453e-01       1.393314e-01       2.858894e-01       1.324429e-02       3.332943e-03       6.653749e-03
         280       6.914217e-01       1.386092e-01       2.795003e-01       6.062373e-03       2.395003e-03       4.827904e-03
         290       6.681184e-01       1.344396e-01       2.704860e-01       4.985034e-03       2.350526e-03       3.545739e-03
         300       6.448815e-01       1.307408e-01       2.617363e-01       1.179560e-02       3.426763e-03       5.888726e-03
         310       6.290032e-01       1.310678e-01       2.542590e-01       3.806910e-03       1.790512e-03       2.654279e-03
         320       6.335359e-01       1.369987e-01       2.548611e-01       6.793103e-03       2.515505e-03       4.551667e-03
         330       6.552261e-01       1.543952e-01       2.625654e-01       3.166849e-03       2.367842e-03       2.765086e-03
         340       6.849598e-01       1.561337e-01       2.744542e-01       6.671003e-03       2.693514e-03       4.324508e-03
         350       7.088666e-01       1.637149e-01       2.842943e-01       9.166141e-03       3.258961e-03       5.530134e-03
         360       7.152784e-01       1.602127e-01       2.872252e-01       7.961741e-03       3.219534e-03       5.240554e-03
         370       7.018801e-01       1.503066e-01       2.831697e-01       8.259832e-03       4.012728e-03       5.907095e-03
         380       6.639731e-01       1.457713e-01       2.682066e-01       6.492952e-03       3.385978e-03       5.046254e-03
         390       6.283064e-01       1.394348e-01       2.541045e-01       1.167375e-02       7.403198e-03       9.665332e-03
         400       6.097622e-01       1.300612e-01       2.505208e-01       1.167095e-02       6.881106e-03       9.491688e-03
         410       6.145114e-01       1.299513e-01       2.530174e-01       1.329146e-02       4.813691e-03       8.204703e-03
         420       6.438582e-01       1.346090e-01       2.624180e-01       1.477899e-02       7.065865e-03       1.065318e-02
         430       6.813694e-01       1.407870e-01       2.783648e-01       1.524493e-02       3.675133e-03       8.476741e-03
         440       7.058521e-01       1.479397e-01       2.874035e-01       2.309419e-02       4.739727e-03       1.135915e-02
         450       7.011353e-01       1.507738e-01       2.827820e-01       1.302605e-02       3.706375e-03       7.449428e-03
         460       6.797485e-01       1.490938e-01       2.733865e-01       4.234756e-03       1.009005e-03       3.121375e-03
         470       6.578400e-01       1.497695e-01       2.642231e-01       7.045717e-03       3.270758e-03       4.759291e-03
         480       6.399941e-01       1.524272e-01       2.562077e-01       2.732210e-03       1.082069e-03       2.171089e-03
         490       6.349494e-01       1.456123e-01       2.547101e-01       8.282521e-03       2.508257e-03       4.419849e-03
         500       6.455499e-01       1.485127e-01       2.587301e-01       3.931185e-03       1.710261e-03       2.334968e-03
         510       6.671285e-01       1.483100e-01       2.675717e-01       4.083404e-03       2.379540e-03       3.116385e-03
         520       6.877152e-01       1.458975e-01       2.767552e-01       4.027839e-03       1.859995e-03       3.225151e-03
         530       6.969098e-01       1.497926e-01       2.799291e-01       4.376598e-03       1.972216e-03       3.306871e-03
         540       6.985804e-01       1.516756e-01       2.803134e-01       7.945889e-03       2.357480e-03       4.438686e-03
         550       6.869245e-01       1.413500e-01       2.771374e-01       6.756500e-03       3.595236e-03       4.792416e-03
         560       6.642065e-01       1.332240e-01       2.695813e-01       6.185614e-03       3.128777e-03       4.272141e-03
         570       6.431608e-01       1.286735e-01       2.613310e-01       1.478690e-02       4.671508e-03       8.794905e-03
         580       6.344294e-01       1.276605e-01       2.605624e-01       1.067914e-02       2.985063e-03       4.948953e-03
         590       6.433438e-01       1.291210e-01       2.656215e-01       1.340174e-02       7.016053e-03       8.894648e-03
         600       6.621354e-01       1.301214e-01       2.699926e-01       1.148011e-02       3.378503e-03       6.010815e-03
         610       6.893260e-01       1.342755e-01       2.803124e-01       7.848851e-03       3.537410e-03       6.089921e-03
         620       7.127347e-01       1.386962e-01       2.897418e-01       2.039266e-02       3.812741e-03       9.543086e-03
         630       7.134210e-01       1.431604e-01       2.881997e-01       7.345174e-03       4.117590e-03       6.080681e-03
         640       6.944776e-01       1.401460e-01       2.801132e-01       1.049160e-02       5.406641e-03       7.951025e-03
         650       6.662583e-01       1.369529e-01       2.691691e-01       9.927925e-03       3.248024e-03       5.448967e-03
         660       6.409047e-01       1.419238e-01       2.576933e-01       1.217885e-02       4.345076e-03       6.357109e-03
         670       6.268134e-01       1.529957e-01       2.508994e-01       5.569605e-03       2.984242e-03       4.247936e-03
         680       6.360076e-01       1.509489e-01       2.547896e-01       4.358222e-03       3.164949e-03       3.796576e-03
         690       6.626621e-01       1.456420e-01       2.671255e-01       9.183232e-03       2.704598e-03       5.240803e-03
         700       6.838752e-01       1.486418e-01       2.768283e-01       1.231077e-02       3.487818e-03       6.815114e-03
         710       6.919588e-01       1.514109e-01       2.802778e-01       6.192429e-03       3.373487e-03       4.789474e-03
         720       6.864054e-01       1.466296e-01       2.784050e-01       1.038270e-02       3.565897e-03       6.771991e-03
         730       6.684225e-01       1.452989e-01       2.711959e-01       5.277339e-03       3.943498e-03       4.720800e-03
         740       6.484267e-01       1.413633e-01       2.627410e-01       1.346279e-02       4.736274e-03       7.057275e-03
         750       6.353707e-01       1.403068e-01       2.576206e-01       7.390320e-03       1.921464e-03       4.416968e-03
         760       6.346581e-01       1.402185e-01       2.571614e-01       8.607353e-03       3.589636e-03       5.223507e-03
         770       6.438965e-01       1.418500e-01       2.600537e-01       8.883468e-03       2.248710e-03       4.712323e-03
         780       6.596348e-01       1.482009e-01       2.661698e-01       5.192346e-03       2.722715e-03       4.204958e-03
         790       6.781846e-01       1.513150e-01       2.738429e-01       4.820587e-03       3.001803e-03       3.745142e-03
         800       6.878499e-01       1.517093e-01       2.771240e-01       6.109017e-03       2.711403e-03       4.522379e-03
         810       6.873942e-01       1.544003e-01       2.765510e-01       6.926746e-03       2.764799e-03       4.419433e-03
         820       6.771858e-01       1.538308e-01       2.727136e-01       4.304241e-03       3.428156e-03       3.848483e-03
         830       6.607596e-01       1.484108e-01       2.658882e-01       4.336092e-03       3.463822e-03       3.856280e-03
         840       6.431376e-01       1.471503e-01       2.580585e-01       6.275934e-03       3.006355e-03       3.926524e-03
         850       6.335352e-01       1.487366e-01       2.540057e-01       2.769685e-03       2.300155e-03       2.507634e-03
         860       6.408323e-01       1.485786e-01       2.568702e-01       4.860597e-03       3.216034e-03       3.735608e-03
         870       6.587981e-01       1.543800e-01       2.638613e-01       3.553690e-03       2.829642e-03       3.192235e-03
         880       6.805797e-01       1.639500e-01       2.724679e-01       4.595342e-03       3.622060e-03       4.142022e-03
         890       7.019412e-01       1.656972e-01       2.809988e-01       9.361473e-03       2.194609e-03       5.156542e-03
         900       7.092720e-01       1.625989e-01       2.844436e-01       4.877110e-03       2.628090e-03       3.682263e-03
         910       6.966934e-01       1.475436e-01       2.804478e-01       4.554283e-03       2.857199e-03       3.624643e-03
         920       6.709065e-01       1.369971e-01       2.706635e-01       9.423793e-03       4.552907e-03       7.092233e-03
         930       6.479601e-01       1.286131e-01       2.655301e-01       1.198062e-02       3.238595e-03       6.364491e-03
         940       6.386874e-01       1.332656e-01       2.681820e-01       1.824075e-02       6.369954e-03       1.091784e-02
         950       6.453532e-01       1.283841e-01       2.663597e-01       2.611989e-02       4.697024e-03       1.281819e-02
         960       6.706750e-01       1.303998e-01       2.738585e-01       1.699578e-02       3.188926e-03       1.044159e-02
         970       6.998081e-01       1.368884e-01       2.846459e-01       1.409892e-02       3.061042e-03       7.472756e-03
         980       7.126925e-01       1.461570e-01       2.873786e-01       7.798897e-03       3.520472e-03       5.737339e-03
         990       7.042354e-01       1.513922e-01       2.829432e-01       8.375914e-03       5.147565e-03       6.370388e-03
        1000       6.816810e-01       1.461623e-01       2.739834e-01       5.197801e-03       2.909329e-03       3.890292e-03
        1010       6.581102e-01       1.468383e-01       2.640456e-01       5.881827e-03       2.746933e-03       4.115314e-03
        1020       6.390200e-01       1.531643e-01       2.559506e-01       2.728859e-03       2.090463e-03       2.472429e-03
        1030       6.340135e-01       1.533514e-01       2.538030e-01       3.285199e-03       1.648415e-03       2.539377e-03
        1040       6.450051e-01       1.584503e-01       2.581424e-01       4.448007e-03       1.485547e-03       2.740147e-03
        1050       6.628851e-01       1.563878e-01       2.657437e-01       4.232561e-03       3.528751e-03       4.000042e-03
        1060       6.807149e-01       1.566395e-01       2.730810e-01       3.977981e-03       2.122655e-03       2.950763e-03
        1070       6.914437e-01       1.650173e-01       2.772035e-01       6.299667e-03       2.058236e-03       4.004171e-03
        1080       6.918867e-01       1.617660e-01       2.777543e-01       4.256666e-03       2.039304e-03       2.927194e-03
        1090       6.818546e-01       1.536942e-01       2.742235e-01       5.331725e-03       2.979947e-03       4.311167e-03
        1100       6.625649e-01       1.525735e-01       2.662927e-01       4.097890e-03       2.552986e-03       3.506089e-03
        1110       6.442774e-01       1.484751e-01       2.592839e-01       6.999407e-03       2.562596e-03       4.120824e-03
        1120       6.329878e-01       1.434493e-01       2.555697e-01       7.200489e-03       2.562695e-03       4.146399e-03
        1130       6.344712e-01       1.431813e-01       2.563688e-01       8.814647e-03       2.942527e-03       4.768340e-03
        1140       6.480632e-01       1.434901e-01       2.619303e-01       9.374970e-03       3.573273e-03       5.339184e-03
        1150       6.675102e-01       1.497465e-01       2.700408e-01       5.071016e-03       2.299187e-03       4.232915e-03
        1160       6.860184e-01       1.510736e-01       2.776565e-01       6.372353e-03       3.893875e-03       5.065452e-03
        1170       6.924611e-01       1.494403e-01       2.805151e-01       8.143387e-03       3.957744e-03       5.383749e-03
        1180       6.840604e-01       1.493430e-01       2.772652e-01       1.143132e-02       2.606380e-03       6.264654e-03
        1190       6.640590e-01       1.474628e-01       2.685903e-01       8.916650e-03       3.394908e-03       5.487716e-03
        1200       6.409786e-01       1.421719e-01       2.590267e-01       7.625789e-03       3.044558e-03       4.789609e-03
        1210       6.273449e-01       1.379968e-01       2.540672e-01       8.642093e-03       4.390268e-03       5.737259e-03
        1220       6.281364e-01       1.436408e-01       2.531299e-01       8.432916e-03       3.886620e-03       5.406336e-03
        1230       6.464682e-01       1.468084e-01       2.595024e-01       6.045439e-03       1.352475e-03       3.239930e-03
        1240       6.751353e-01       1.494214e-01       2.714356e-01       5.675764e-03       3.044053e-03       4.699584e-03
        1250       7.001917e-01       1.596047e-01       2.809243e-01       3.849022e-03       2.514709e-03       3.065435e-03
        1260       7.110642e-01       1.647559e-01       2.847080e-01       1.081235e-02       3.597025e-03       7.023852e-03
        1270       7.014006e-01       1.603130e-01       2.811826e-01       3.665489e-03       2.047326e-03       2.928694e-03
        1280       6.804836e-01       1.575274e-01       2.730482e-01       6.377172e-03       3.398507e-03       4.930420e-03
        1290       6.529802e-01       1.337832e-01       2.642990e-01       6.341917e-03       3.114921e-03       4.428141e-03
        1300       6.332954e-01       1.273947e-01       2.602515e-01       1.431890e-02       4.956394e-03       9.240653e-03
        1310       6.363253e-01       1.266861e-01       2.614432e-01       2.668292e-02       5.919975e-03       1.425109e-02
        1320       6.581124e-01       1.303349e-01       2.711328e-01       7.868930e-03       5.282745e-03       6.143633e-03
        1330       6.829499e-01       1.330501e-01       2.793536e-01       1.324723e-02       3.180897e-03       6.529565e-03
        1340       6.964420e-01       1.373368e-01       2.820604e-01       7.836536e-03       3.371204e-03       6.509309e-03
        1350       6.977665e-01       1.375610e-01       2.827891e-01       7.780673e-03       2.984497e-03       5.296601e-03
        1360       6.887301e-01       1.361550e-01       2.797603e-01       1.128339e-02       2.600623e-03       6.064654e-03
        1370       6.684823e-01       1.355722e-01       2.702640e-01       5.199295e-03       2.271269e-03       3.688226e-03
        1380       6.489562e-01       1.340318e-01       2.618699e-01       6.550315e-03       1.708179e-03       3.639039e-03
        1390       6.393517e-01       1.318306e-01       2.588125e-01       7.668258e-03       3.172124e-03       4.604649e-03
        1400       6.411077e-01       1.356452e-01       2.584067e-01       6.303632e-03       2.596680e-03       3.713917e-03
        1410       6.519179e-01       1.452997e-01       2.614813e-01       4.453786e-03       1.873601e-03       2.987006e-03
        1420       6.698088e-01       1.500434e-01       2.686674e-01       3.941785e-03       1.981238e-03       2.977929e-03
        1430       6.893016e-01       1.585116e-01       2.763064e-01       4.697131e-03       2.983503e-03       3.933000e-03
        1440       6.986457e-01       1.671918e-01       2.796522e-01       5.016343e-03       1.194144e-03       2.852484e-03
        1450       6.953467e-01       1.701031e-01       2.783270e-01       5.373806e-03       2.557710e-03       3.931969e-03
        1460       6.821730e-01       1.633449e-01       2.732036e-01       2.811971e-03       2.311817e-03       2.561980e-03
        1470       6.612013e-01       1.548552e-01       2.647869e-01       4.461159e-03       2.571881e-03       3.738803e-03
        1480       6.382491e-01       1.522138e-01       2.557558e-01       2.555435e-03       1.670172e-03       2.018339e-03
        1490       6.287821e-01       1.496880e-01       2.520270e-01       4.739159e-03       3.013414e-03       3.967548e-03
        1500       6.404153e-01       1.437800e-01       2.582333e-01       8.489936e-03       2.298178e-03       4.327719e-03
        1510       6.618088e-01       1.395665e-01       2.688204e-01       1.085813e-02       4.554426e-03       6.993049e-03
        1520       6.806772e-01       1.441750e-01       2.760577e-01       5.279029e-03       3.840853e-03       4.637861e-03
        1530       6.920693e-01       1.469450e-01       2.811309e-01       1.089652e-02       3.657671e-03       7.705409e-03
        1540       6.868560e-01       1.406185e-01       2.805171e-01       1.708020e-02       6.652980e-03       9.247264e-03
        1550       6.644757e-01       1.373843e-01       2.709684e-01       8.240711e-03       3.367370e-03       5.904200e-03
        1560       6.392824e-01       1.365760e-01       2.595956e-01       1.268294e-02       4.998406e-03       7.479309e-03
        1570       6.256366e-01       1.324778e-01       2.542163e-01       1.236377e-02       4.041863e-03       7.320720e-03
        1580       6.284385e-01       1.344809e-01       2.542106e-01       9.595983e-03       3.274022e-03       5.670917e-03
        1590       6.470989e-01       1.442170e-01       2.605097e-01       7.917851e-03       2.693368e-03       4.576168e-03
        1600       6.741551e-01       1.481064e-01       2.710941e-01       4.193567e-03       1.917898e-03       2.974696e-03
        1610       6.964574e-01       1.536765e-01       2.794873e-01       6.934552e-03       2.591728e-03       5.087396e-03
        1620       7.032849e-01       1.639484e-01       2.816684e-01       6.213591e-03       2.104932e-03       3.688414e-03
        1630       6.971371e-01       1.630106e-01       2.792016e-01       5.990582e-03       2.775111e-03       4.066568e-03
        1640       6.793393e-01       1.570376e-01       2.722524e-01       4.511169e-03       1.770267e-03       2.995571e-03
        1650       6.559627e-01       1.443314e-01       2.634748e-01       5.383269e-03       2.910023e-03       3.889153e-03
        1660       6.400358e-01       1.356306e-01       2.575595e-01       4.597904e-03       1.952277e-03       2.898631e-03
        1670       6.407535e-01       1.323785e-01       2.590000e-01       4.690151e-03       1.758291e-03       2.871706e-03
        1680       6.527267e-01       1.319469e-01       2.649027e-01       9.114673e-03       3.581762e-03       5.113458e-03
        1690       6.682457e-01       1.352964e-01       2.700863e-01       4.583584e-03       3.385871e-03       3.757913e-03
        1700       6.833857e-01       1.391647e-01       2.756609e-01       4.759958e-03       2.585994e-03       3.760556e-03
        1710       6.913006e-01       1.396000e-01       2.794056e-01       6.747727e-03       3.326317e-03       4.226524e-03
        1720       6.868547e-01       1.395205e-01       2.772491e-01       7.711984e-03       3.006390e-03       4.210294e-03
        1730       6.751068e-01       1.393678e-01       2.719629e-01       4.738240e-03       1.643123e-03       3.134313e-03
        1740       6.613426e-01       1.351521e-01       2.673041e-01       6.695807e-03       2.564086e-03       4.041523e-03
        1750       6.485861e-01       1.319258e-01       2.628854e-01       6.990194e-03       3.209555e-03       4.481495e-03
        1760       6.411962e-01       1.314116e-01       2.591746e-01       6.581303e-03       1.201195e-03       3.385500e-03
        1770       6.447108e-01       1.314324e-01       2.609509e-01       5.552151e-03       1.763909e-03       3.203854e-03
        1780       6.582609e-01       1.324658e-01       2.672509e-01       8.555672e-03       3.605865e-03       5.222156e-03
        1790       6.741180e-01       1.358536e-01       2.725694e-01       5.396696e-03       1.781083e-03       3.698184e-03
        1800       6.890641e-01       1.385878e-01       2.781966e-01       6.105971e-03       3.128659e-03       4.777859e-03
        1810       6.984879e-01       1.370559e-01       2.836112e-01       1.298149e-02       2.933665e-03       5.857419e-03
        1820       6.939507e-01       1.362362e-01       2.818640e-01       9.810529e-03       3.727106e-03       5.779573e-03
        1830       6.742386e-01       1.349193e-01       2.726105e-01       8.599270e-03       3.223435e-03       5.316271e-03
        1840       6.523066e-01       1.313325e-01       2.646670e-01       6.381575e-03       2.549852e-03       3.883812e-03
        1850       6.403397e-01       1.313298e-01       2.595507e-01       9.465846e-03       3.606635e-03       5.366175e-03
        1860       6.400503e-01       1.426537e-01       2.568074e-01       5.389743e-03       1.395046e-03       3.355486e-03
        1870       6.532088e-01       1.563372e-01       2.615199e-01       3.426327e-03       2.319672e-03       2.937283e-03
        1880       6.782625e-01       1.595860e-01       2.715502e-01       5.297929e-03       2.626147e-03       3.850497e-03
        1890       6.982757e-01       1.586470e-01       2.807728e-01       6.359551e-03       3.918103e-03       4.990566e-03
        1900       7.015776e-01       1.534867e-01       2.832192e-01       8.201488e-03       1.637003e-03       4.597066e-03
        1910       6.868920e-01       1.526710e-01       2.767716e-01       1.090009e-02       2.722641e-03       6.335736e-03
        1920       6.626167e-01       1.461908e-01       2.680306e-01       8.481784e-03       2.905599e-03       5.487641e-03
        1930       6.385219e-01       1.360868e-01       2.611018e-01       1.066052e-02       5.879566e-03       7.795770e-03
        1940       6.205809e-01       1.342211e-01       2.529655e-01       1.121641e-02       5.015353e-03       7.329872e-03
        1950       6.238042e-01       1.333816e-01       2.538572e-01       1.381596e-02       7.227936e-03       1.039552e-02
        1960       6.453133e-01       1.354546e-01       2.638498e-01       9.867008e-03       4.659603e-03       6.487821e-03
        1970       6.713697e-01       1.435684e-01       2.730684e-01       9.326083e-03       4.203553e-03       6.234193e-03
        1980       6.888709e-01       1.481146e-01       2.786930e-01       8.058262e-03       2.938895e-03       6.119627e-03
        1990       6.929022e-01       1.476543e-01       2.801781e-01       7.938573e-03       3.217450e-03       5.503538e-03
        2000       6.847021e-01       1.496742e-01       2.763302e-01       5.528654e-03       2.361567e-03       3.917818e-03
        2010       6.656217e-01       1.514251e-01       2.675390e-01       5.159547e-03       1.451021e-03       3.575428e-03
        2020       6.471015e-01       1.468727e-01       2.597231e-01       5.590389e-03       2.478056e-03       3.457157e-03
        2030       6.388130e-01       1.474865e-01       2.560651e-01       4.843867e-03       2.243212e-03       3.233400e-03
        2040       6.420130e-01       1.546532e-01       2.569609e-01       3.126378e-03       1.935906e-03       2.584955e-03
        2050       6.559409e-01       1.572739e-01       2.626615e-01       3.361067e-03       2.928887e-03       3.095025e-03
        2060       6.737237e-01       1.601067e-01       2.697615e-01       3.390530e-03       1.054188e-03       2.442567e-03
        2070       6.883920e-01       1.641401e-01       2.755759e-01       4.153543e-03       2.450765e-03       3.190281e-03
        2080       6.942853e-01       1.641608e-01       2.780728e-01       4.908888e-03       2.482327e-03       3.284764e-03
        2090       6.894722e-01       1.617873e-01       2.762061e-01       2.962047e-03       1.686518e-03       2.341163e-03
        2100       6.766147e-01       1.517780e-01       2.713444e-01       5.686574e-03       2.252548e-03       3.576629e-03
        2110       6.575738e-01       1.406954e-01       2.644295e-01       4.493275e-03       2.565999e-03       3.401631e-03
        2120       6.421655e-01       1.328618e-01       2.594722e-01       5.693144e-03       1.999685e-03       3.537051e-03
        2130       6.371403e-01       1.284817e-01       2.596333e-01       7.937177e-03       2.776258e-03       4.749612e-03
        2140       6.461915e-01       1.288215e-01       2.652013e-01       6.639405e-03       3.600939e-03       5.103569e-03
        2150       6.690021e-01       1.301806e-01       2.740364e-01       1.424208e-02       3.587280e-03       7.932152e-03
        2160       6.953935e-01       1.335458e-01       2.853152e-01       9.561177e-03       5.096702e-03       6.670207e-03
        2170       7.114344e-01       1.356904e-01       2.923341e-01       2.046008e-02       6.383445e-03       1.077942e-02
        2180       7.047626e-01       1.343905e-01       2.878586e-01       1.144920e-02       5.365449e-03       9.170070e-03
        2190       6.818818e-01       1.319482e-01       2.785929e-01       1.199927e-02       5.023523e-03       7.623676e-03
        2200       6.579081e-01       1.304460e-01       2.705295e-01       1.218086e-02       3.821994e-03       7.138252e-03
        2210       6.382585e-01       1.296465e-01       2.589723e-01       6.010779e-03       2.442965e-03       3.722420e-03
        2220       6.343897e-01       1.399619e-01       2.545450e-01       8.269529e-03       3.541342e-03       5.297166e-03
        2230       6.511959e-01       1.554200e-01       2.608033e-01       5.667034e-03       3.503773e-03       4.335189e-03
        2240       6.769241e-01       1.610419e-01       2.711482e-01       4.489775e-03       3.073652e-03       3.557802e-03
        2250       6.945853e-01       1.580243e-01       2.795562e-01       9.342928e-03       2.781845e-03       5.040508e-03
        2260       6.954514e-01       1.575870e-01       2.798350e-01       6.003553e-03       2.213972e-03       4.451298e-03
        2270       6.854554e-01       1.573180e-01       2.756919e-01       1.031504e-02       2.947600e-03       5.285954e-03
        2280       6.675500e-01       1.501210e-01       2.698178e-01       6.373128e-03       4.267669e-03       5.431831e-03
        2290       6.452746e-01       1.441619e-01       2.612394e-01       6.841980e-03       3.174350e-03       4.971977e-03
        2300       6.320064e-01       1.425690e-01       2.552936e-01       1.002080e-02       3.531427e-03       6.258928e-03
        2310       6.331041e-01       1.387643e-01       2.567654e-01       8.275604e-03       2.763808e-03       4.913319e-03
        2320       6.452761e-01       1.399210e-01       2.621637e-01       6.635744e-03       4.318393e-03       5.487233e-03
        2330       6.623708e-01       1.470343e-01       2.678062e-01       8.006694e-03       2.655681e-03       5.204361e-03
        2340       6.789564e-01       1.485733e-01       2.745806e-01       7.393355e-03       2.974276e-03       5.412762e-03
        2350       6.892960e-01       1.467350e-01       2.797006e-01       8.363339e-03       3.671240e-03       5.806263e-03
        2360       6.836088e-01       1.494776e-01       2.765217e-01       5.437500e-03       2.024619e-03       4.284366e-03
        2370       6.683923e-01       1.506151e-01       2.695816e-01       8.611588e-03       2.956220e-03       5.099017e-03
        2380       6.488394e-01       1.410527e-01       2.625165e-01       1.316945e-02       4.513973e-03       6.742502e-03
        2390       6.314828e-01       1.376840e-01       2.552606e-01       5.802805e-03       2.253476e-03       3.756057e-03
        2400       6.276718e-01       1.447297e-01       2.518977e-01       1.054362e-02       5.466582e-03       8.055849e-03
        2410       6.451557e-01       1.463281e-01       2.590552e-01       3.154990e-03       2.619922e-03       2.881945e-03
        2420       6.776241e-01       1.532283e-01       2.719031e-01       1.209826e-02       4.536259e-03       7.677720e-03
        2430       7.053360e-01       1.624970e-01       2.826839e-01       1.310153e-02       3.396733e-03       6.654450e-03
        2440       7.170839e-01       1.581645e-01       2.882492e-01       1.015233e-02       3.480883e-03       6.619588e-03
        2450       7.098806e-01       1.455945e-01       2.870368e-01       1.537858e-02       2.790145e-03       7.341480e-03
        2460       6.804334e-01       1.331637e-01       2.774189e-01       1.625593e-02       5.281170e-03       9.018295e-03
        2470       6.509257e-01       1.286755e-01       2.674205e-01       1.453506e-02       3.781412e-03       8.467865e-03
        2480       6.392728e-01       1.285826e-01       2.652849e-01       1.900424e-02       6.023400e-03       9.806651e-03
        2490       6.435380e-01       1.294300e-01       2.659619e-01       7.616911e-03       4.642700e-03       5.419323e-03
        2500       6.601077e-01       1.307800e-01       2.684122e-01       9.609319e-03       3.698671e-03       6.449119e-03
        2510       6.805409e-01       1.380473e-01       2.751436e-01       4.869300e-03       2.674187e-03       3.474313e-03
        2520       6.962500e-01       1.429889e-01       2.809660e-01       1.120293e-02       3.458032e-03       5.312704e-03
        2530       6.978784e-01       1.489821e-01       2.803301e-01       8.236459e-03       2.237166e-03       5.077920e-03
        2540       6.855568e-01       1.505925e-01       2.750038e-01       3.523414e-03       1.281896e-03       2.321674e-03
        2550       6.697397e-01       1.474525e-01       2.689472e-01       6.130619e-03       3.652462e-03       4.760437e-03
        2560       6.519121e-01       1.500156e-01       2.611968e-01       3.485782e-03       1.487546e-03       2.967903e-03
        2570       6.400853e-01       1.506134e-01       2.563711e-01       6.943717e-03       2.768186e-03       4.066012e-03
        2580       6.413263e-01       1.513189e-01       2.567793e-01       3.815121e-03       1.413641e-03       2.572361e-03
        2590       6.573609e-01       1.477370e-01       2.635425e-01       3.635801e-03       2.692312e-03       3.335024e-03
        2600       6.774999e-01       1.429289e-01       2.731116e-01       6.264996e-03       2.979813e-03       4.251047e-03
        2610       6.897572e-01       1.458038e-01       2.778632e-01       6.210176e-03       3.127364e-03       4.734773e-03
        2620       6.959305e-01       1.469360e-01       2.801146e-01       1.192055e-02       3.686012e-03       6.000190e-03
        2630       6.896795e-01       1.382364e-01       2.800257e-01       8.863881e-03       5.473856e-03       6.427500e-03
        2640       6.681815e-01       1.319272e-01       2.737595e-01       9.594866e-03       3.790433e-03       6.229424e-03
        2650       6.422150e-01       1.274569e-01       2.631744e-01       2.164153e-02       7.922082e-03       1.468890e-02
        2660       6.278580e-01       1.283265e-01       2.612403e-01       1.742206e-02       5.493367e-03       1.111798e-02
        2670       6.383767e-01       1.290679e-01       2.656039e-01       1.234030e-02       6.744519e-03       8.257755e-03
        2680       6.651321e-01       1.403196e-01       2.693593e-01       9.999189e-03       3.982715e-03       6.646670e-03
        2690       6.963621e-01       1.576171e-01       2.803596e-01       1.176109e-02       4.985650e-03       7.788595e-03
        2700       7.197444e-01       1.571255e-01       2.898228e-01       1.417283e-02       5.062850e-03       8.526259e-03
        2710       7.130133e-01       1.518919e-01       2.873489e-01       1.161844e-02       5.031011e-03       7.783070e-03
        2720       6.814883e-01       1.498980e-01       2.752446e-01       8.623182e-03       1.651761e-03       4.748448e-03
        2730       6.449231e-01       1.442953e-01       2.600794e-01       1.018556e-02       4.367951e-03       7.010112e-03
        2740       6.256842e-01       1.355612e-01       2.537046e-01       8.711218e-03       3.506130e-03       5.680165e-03
        2750       6.264891e-01       1.300634e-01       2.566313e-01       7.168086e-03       4.361623e-03       5.892356e-03
        2760       6.390602e-01       1.331685e-01       2.601283e-01       8.239047e-03       3.323366e-03       5.370647e-03
        2770       6.644210e-01       1.372954e-01       2.697908e-01       1.098382e-02       3.303899e-03       7.203877e-03
        2780       6.874832e-01       1.392375e-01       2.803090e-01       1.680856e-02       3.758002e-03       8.529788e-03
        2790       6.947650e-01       1.422333e-01       2.824208e-01       1.130746e-02       4.461740e-03       6.450230e-03
        2800       6.853733e-01       1.433376e-01       2.770491e-01       1.146142e-02       3.916036e-03       6.796251e-03
        2810       6.654258e-01       1.403684e-01       2.688954e-01       5.511137e-03       2.531499e-03       4.288309e-03
        2820       6.465976e-01       1.380867e-01       2.611410e-01       1.067680e-02       3.770518e-03       5.835995e-03
        2830       6.326726e-01       1.385904e-01       2.542427e-01       3.519653e-03       1.446324e-03       2.368753e-03
        2840       6.345150e-01       1.408958e-01       2.546425e-01       8.100550e-03       2.991136e-03       4.762333e-03
        2850       6.525536e-01       1.483333e-01       2.615494e-01       3.673550e-03       1.995728e-03       2.671589e-03
        2860       6.769287e-01       1.557991e-01       2.711609e-01       5.004031e-03       1.033011e-03       3.772652e-03
        2870       6.971817e-01       1.592151e-01       2.796537e-01       6.214450e-03       1.952677e-03       3.428363e-03
        2880       7.038628e-01       1.630916e-01       2.820969e-01       5.906178e-03       1.627491e-03       3.693521e-03
        2890       6.983185e-01       1.611310e-01       2.798481e-01       6.475427e-03       1.699777e-03       3.528881e-03
        2900       6.799039e-01       1.446920e-01       2.738396e-01       8.841471e-03       4.505338e-03       6.265736e-03
        2910       6.534574e-01       1.328698e-01       2.648998e-01       4.311485e-03       2.658100e-03       3.550810e-03
        2920       6.361056e-01       1.276464e-01       2.591506e-01       1.446586e-02       4.911984e-03       9.455511e-03
        2930       6.351268e-01       1.279483e-01       2.616505e-01       9.526630e-03       2.263944e-03       4.919030e-03
        2940       6.514449e-01       1.295193e-01       2.684688e-01       1.207994e-02       6.345669e-03       8.334063e-03
        2950       6.750276e-01       1.313239e-01       2.754746e-01       1.014692e-02       4.435511e-03       7.168188e-03
        2960       6.980173e-01       1.348039e-01       2.846950e-01       9.894886e-03       3.944300e-03       6.481718e-03
        2970       7.131123e-01       1.365869e-01       2.914615e-01       2.434260e-02       3.869099e-03       1.121449e-02
        2980       7.023040e-01       1.365862e-01       2.853377e-01       9.728620e-03       5.836328e-03       7.083034e-03
        2990       6.772699e-01       1.337959e-01       2.746397e-01       6.846500e-03       4.289622e-03       5.993893e-03
        3000       6.509158e-01       1.312649e-01       2.646954e-01       1.849135e-02       5.364185e-03       8.345620e-03
