2019-06-25 21:42:08.667865: I tensorflow/core/platform/cpu_feature_guard.cc:140] Your CPU supports instructions that this TensorFlow binary was not compiled to use: AVX512F
2019-06-25 21:42:10.648883: E tensorflow/stream_executor/cuda/cuda_driver.cc:406] failed call to cuInit: CUDA_ERROR_NO_DEVICE
2019-06-25 21:42:10.648941: I tensorflow/stream_executor/cuda/cuda_diagnostics.cc:158] retrieving CUDA diagnostic information for host: SR760-GPU-5
2019-06-25 21:42:10.648951: I tensorflow/stream_executor/cuda/cuda_diagnostics.cc:165] hostname: SR760-GPU-5
2019-06-25 21:42:10.649005: I tensorflow/stream_executor/cuda/cuda_diagnostics.cc:189] libcuda reported version is: 410.48.0
2019-06-25 21:42:10.649049: I tensorflow/stream_executor/cuda/cuda_diagnostics.cc:193] kernel reported version is: 410.48.0
2019-06-25 21:42:10.649056: I tensorflow/stream_executor/cuda/cuda_diagnostics.cc:300] kernel version seems to match DSO: 410.48.0
fo of lammps module:
  use deepmd-kit at:  /sharedext4/local/deepmd-kit-0.12.4
  source:             v0.12.4-1-ge3cd911-dirty
  source branch:      master
  source commit:      e3cd911
  source commit at:   2019-02-07 10:22:13 +0800
  build float prec:   double
  build with tf inc:  /sharedext4/local/tensorflow/r1.8.gpu.cc/include
  build with tf lib:  /sharedext4/local/tensorflow/r1.8.gpu.cc/lib/libtensorflow_cc.so;/sharedext4/local/tensorflow/r1.8.gpu.cc/lib/libtensorflow_framework.so
  >>> Info of model(s):
  using   4 model(s): ../graph.002.pb ../graph.003.pb ../graph.000.pb ../graph.001.pb 
  rcut in model:      5
  ntypes in model:    2
Neighbor list info ...
  update every 1 steps, delay 10 steps, check yes
  max neighbors/atom: 2000, page size: 100000
  master list distance cutoff = 6
  ghost atom cutoff = 6
  binsize = 3, bins = 4 4 4
  1 neighbor lists, perpetual/occasional/extra = 1 0 0
  (1) pair deepmd, perpetual
      attributes: , newton on
      pair build: full/bin/atomonly
      stencil: full/bin/3d
      bin: standard
Setting up Verlet run ...
  Unit style    : metal
  Current step  : 0
  Time step     : 0.002
Per MPI rank memory allocation (min/avg/max) = 3.934 | 3.934 | 3.934 Mbytes
Step Temp PotEng KinEng TotEng Press Volume Lx Ly Lz Xy Xz Yz 
       0          100   -23.968896  0.051704058   -23.917192   -1318.4494    1014.3655    10.016432    10.139438    9.9877472    0.0351961     0.058856    0.2243383 
      10    128.73523   -23.986886  0.066561338   -23.920325   -1023.3173    1014.3655    10.016432    10.139438    9.9877472    0.0351961     0.058856    0.2243383 
      20    128.28539    -23.98979  0.066328751   -23.923461   -279.20177    1014.3655    10.016432    10.139438    9.9877472    0.0351961     0.058856    0.2243383 
      30    118.65912   -23.982777   0.06135158   -23.921425    590.51046    1014.3655    10.016432    10.139438    9.9877472    0.0351961     0.058856    0.2243383 
      40    120.12195   -23.977205  0.062107924   -23.915097    1179.4144    1014.3655    10.016432    10.139438    9.9877472    0.0351961     0.058856    0.2243383 
      50    77.446167   -23.946862  0.040042811   -23.906819    1289.2466    1014.3655    10.016432    10.139438    9.9877472    0.0351961     0.058856    0.2243383 
      60    122.37005   -23.968591   0.06327028    -23.90532     838.4696    1014.3655    10.016432    10.139438    9.9877472    0.0351961     0.058856    0.2243383 
      70    78.111215   -23.939277  0.040386668    -23.89889     38.75484    1014.3655    10.016432    10.139438    9.9877472    0.0351961     0.058856    0.2243383 
      80    77.459583   -23.929057  0.040049748   -23.889008   -649.13435    1014.3655    10.016432    10.139438    9.9877472    0.0351961     0.058856    0.2243383 
      90    66.394169   -23.909311   0.03432848   -23.874983   -945.59362    1014.3655    10.016432    10.139438    9.9877472    0.0351961     0.058856    0.2243383 
     100    67.276323   -23.902272  0.034784589   -23.867487   -630.06251    1014.3655    10.016432    10.139438    9.9877472    0.0351961     0.058856    0.2243383 
     110    169.91467   -23.949304   0.08785278   -23.861452    316.75875    1014.3655    10.016432    10.139438    9.9877472    0.0351961     0.058856    0.2243383 
     120    146.58933   -23.919746  0.075792635   -23.843954    1289.8968    1014.3655    10.016432    10.139438    9.9877472    0.0351961     0.058856    0.2243383 
     130    194.34039   -23.941613   0.10048187   -23.841131    1732.5705    1014.3655    10.016432    10.139438    9.9877472    0.0351961     0.058856    0.2243383 
     140    229.46194   -23.964898   0.11864113   -23.846257    1549.5909    1014.3655    10.016432    10.139438    9.9877472    0.0351961     0.058856    0.2243383 
     150     246.4127   -23.980599   0.12740536   -23.853194    353.53887    1014.3655    10.016432    10.139438    9.9877472    0.0351961     0.058856    0.2243383 
     160    253.16213   -23.981682   0.13089509   -23.850787   -1043.8472    1014.3655    10.016432    10.139438    9.9877472    0.0351961     0.058856    0.2243383 
     170    166.97331   -23.942452  0.086331978    -23.85612   -1702.1842    1014.3655    10.016432    10.139438    9.9877472    0.0351961     0.058856    0.2243383 
     180    140.41118   -23.945728  0.072598278    -23.87313   -1677.5983    1014.3655    10.016432    10.139438    9.9877472    0.0351961     0.058856    0.2243383 
     190    141.42086     -23.9693  0.073120323   -23.896179   -1051.3943    1014.3655    10.016432    10.139438    9.9877472    0.0351961     0.058856    0.2243383 
     200    99.785724   -23.960879  0.051593268   -23.909286    5.1867429    1014.3655    10.016432    10.139438    9.9877472    0.0351961     0.058856    0.2243383 
     210    88.660495   -23.954837  0.045841074   -23.908996    868.31513    1014.3655    10.016432    10.139438    9.9877472    0.0351961     0.058856    0.2243383 
     220    35.189987   -23.928323  0.018194651   -23.910128    1155.4091    1014.3655    10.016432    10.139438    9.9877472    0.0351961     0.058856    0.2243383 
     230    48.703851   -23.940226  0.025181867   -23.915044     927.7757    1014.3655    10.016432    10.139438    9.9877472    0.0351961     0.058856    0.2243383 
     240    67.277379   -23.958096  0.034785135   -23.923311    234.94896    1014.3655    10.016432    10.139438    9.9877472    0.0351961     0.058856    0.2243383 
     250    51.131348   -23.950427  0.026436982    -23.92399   -572.35322    1014.3655    10.016432    10.139438    9.9877472    0.0351961     0.058856    0.2243383 
     260    50.501069   -23.947623  0.026111102   -23.921512   -1118.7315    1014.3655    10.016432    10.139438    9.9877472    0.0351961     0.058856    0.2243383 
     270     39.77172   -23.940899  0.020563593   -23.920335   -1221.4232    1014.3655    10.016432    10.139438    9.9877472    0.0351961     0.058856    0.2243383 
     280    62.978325   -23.954241   0.03256235   -23.921678   -843.02394    1014.3655    10.016432    10.139438    9.9877472    0.0351961     0.058856    0.2243383 
     290    91.695522   -23.969513  0.047410306   -23.922103    -94.52704    1014.3655    10.016432    10.139438    9.9877472    0.0351961     0.058856    0.2243383 
     300    66.953498   -23.952594  0.034617676   -23.917976    707.97576    1014.3655    10.016432    10.139438    9.9877472    0.0351961     0.058856    0.2243383 
     310    109.07646   -23.972398  0.056396954   -23.916001    1179.5595    1014.3655    10.016432    10.139438    9.9877472    0.0351961     0.058856    0.2243383 
     320    86.472744   -23.961698  0.044709918   -23.916988    1063.0257    1014.3655    10.016432    10.139438    9.9877472    0.0351961     0.058856    0.2243383 
     330    155.80493   -24.000851   0.08055747   -23.920294    361.10087    1014.3655    10.016432    10.139438    9.9877472    0.0351961     0.058856    0.2243383 
     340    151.99108   -23.986878  0.078585557   -23.908292   -566.63576    1014.3655    10.016432    10.139438    9.9877472    0.0351961     0.058856    0.2243383 
     350    133.24831   -23.960247  0.068894783   -23.891352   -1314.4423    1014.3655    10.016432    10.139438    9.9877472    0.0351961     0.058856    0.2243383 
     360    146.19651   -23.955587  0.075589529   -23.879998   -1559.2122    1014.3655    10.016432    10.139438    9.9877472    0.0351961     0.058856    0.2243383 
     370      134.005   -23.944139  0.069286024   -23.874853   -1009.2284    1014.3655    10.016432    10.139438    9.9877472    0.0351961     0.058856    0.2243383 
     380    185.80644   -23.964043   0.09606947   -23.867973     111.2656    1014.3655    10.016432    10.139438    9.9877472    0.0351961     0.058856    0.2243383 
     390    142.76122   -23.921339  0.073813342   -23.847526    1224.5172    1014.3655    10.016432    10.139438    9.9877472    0.0351961     0.058856    0.2243383 
     400    119.80944   -23.886062   0.06194634   -23.824116    1957.8307    1014.3655    10.016432    10.139438    9.9877472    0.0351961     0.058856    0.2243383 
     410    132.88912   -23.886342  0.068709065   -23.817633    1781.9229    1014.3655    10.016432    10.139438    9.9877472    0.0351961     0.058856    0.2243383 
     420    132.81621   -23.892286   0.06867137   -23.823614    737.48638    1014.3655    10.016432    10.139438    9.9877472    0.0351961     0.058856    0.2243383 
     430    150.20496   -23.909368  0.077662061   -23.831706   -391.08225    1014.3655    10.016432    10.139438    9.9877472    0.0351961     0.058856    0.2243383 
     440    113.58467   -23.906731  0.058727885   -23.848004   -1113.3878    1014.3655    10.016432    10.139438    9.9877472    0.0351961     0.058856    0.2243383 
     450    105.97215   -23.927054  0.054791899   -23.872262   -1104.6346    1014.3655    10.016432    10.139438    9.9877472    0.0351961     0.058856    0.2243383 
     460    158.89045    -23.98275  0.082152808   -23.900598   -418.61504    1014.3655    10.016432    10.139438    9.9877472    0.0351961     0.058856    0.2243383 
     470    118.82165   -23.981555  0.061435613   -23.920119    319.76437    1014.3655    10.016432    10.139438    9.9877472    0.0351961     0.058856    0.2243383 
     480    129.19828   -23.999917  0.066800755   -23.933117    824.67587    1014.3655    10.016432    10.139438    9.9877472    0.0351961     0.058856    0.2243383 
     490    87.269367   -23.981756  0.045121804   -23.936634    1013.7616    1014.3655    10.016432    10.139438    9.9877472    0.0351961     0.058856    0.2243383 
     500    100.57501   -23.992632   0.05200136   -23.940631    636.65967    1014.3655    10.016432    10.139438    9.9877472    0.0351961     0.058856    0.2243383 
     510    98.884355   -23.993686  0.051127224   -23.942559   -69.862276    1014.3655    10.016432    10.139438    9.9877472    0.0351961     0.058856    0.2243383 
     520    76.740384   -23.980182  0.039677892   -23.940504    -658.8063    1014.3655    10.016432    10.139438    9.9877472    0.0351961     0.058856    0.2243383 
     530    72.369184   -23.975439  0.037417805   -23.938021   -1028.4761    1014.3655    10.016432    10.139438    9.9877472    0.0351961     0.058856    0.2243383 
     540    62.976102    -23.96942    0.0325612   -23.936858   -1079.7901    1014.3655    10.016432    10.139438    9.9877472    0.0351961     0.058856    0.2243383 
     550    70.606601   -23.973192  0.036506478   -23.936685   -660.20758    1014.3655    10.016432    10.139438    9.9877472    0.0351961     0.058856    0.2243383 
     560    77.156661   -23.970547  0.039893125   -23.930654    58.290117    1014.3655    10.016432    10.139438    9.9877472    0.0351961     0.058856    0.2243383 
     570    41.467733   -23.941133  0.021440501   -23.919692    652.48325    1014.3655    10.016432    10.139438    9.9877472    0.0351961     0.058856    0.2243383 
     580    58.965994   -23.939156  0.030487812   -23.908669     965.6834    1014.3655    10.016432    10.139438    9.9877472    0.0351961     0.058856    0.2243383 
     590    37.536689   -23.919889  0.019407991   -23.900481     786.0492    1014.3655    10.016432    10.139438    9.9877472    0.0351961     0.058856    0.2243383 
     600    91.778474   -23.945336  0.047453195   -23.897883    60.295705    1014.3655    10.016432    10.139438    9.9877472    0.0351961     0.058856    0.2243383 
     610       88.586   -23.933691  0.045802557   -23.887889   -756.46982    1014.3655    10.016432    10.139438    9.9877472    0.0351961     0.058856    0.2243383 
     620    88.916815   -23.923756  0.045973601   -23.877782   -1380.4565    1014.3655    10.016432    10.139438    9.9877472    0.0351961     0.058856    0.2243383 
     630    129.31931   -23.937472  0.066863333   -23.870608    -1490.126    1014.3655    10.016432    10.139438    9.9877472    0.0351961     0.058856    0.2243383 
     640    139.94351   -23.941596  0.072356472   -23.869239   -877.66871    1014.3655    10.016432    10.139438    9.9877472    0.0351961     0.058856    0.2243383 
     650    201.63514   -23.978554   0.10425355   -23.874301    85.084145    1014.3655    10.016432    10.139438    9.9877472    0.0351961     0.058856    0.2243383 
     660    181.32904   -23.971306   0.09375447   -23.877552    893.01528    1014.3655    10.016432    10.139438    9.9877472    0.0351961     0.058856    0.2243383 
     670     184.5721   -23.975971  0.095431266    -23.88054    1311.5383    1014.3655    10.016432    10.139438    9.9877472    0.0351961     0.058856    0.2243383 
     680    187.90641   -23.981666   0.09715524   -23.884511    998.01573    1014.3655    10.016432    10.139438    9.9877472    0.0351961     0.058856    0.2243383 
     690    170.24304    -23.96956  0.088022561   -23.881538    171.67471    1014.3655    10.016432    10.139438    9.9877472    0.0351961     0.058856    0.2243383 
     700     111.6645   -23.943375  0.057735079    -23.88564   -511.61123    1014.3655    10.016432    10.139438    9.9877472    0.0351961     0.058856    0.2243383 
     710    85.244272   -23.937141  0.044074748   -23.893066   -801.87986    1014.3655    10.016432    10.139438    9.9877472    0.0351961     0.058856    0.2243383 
     720    46.137167   -23.925704  0.023854788   -23.901849   -621.56446    1014.3655    10.016432    10.139438    9.9877472    0.0351961     0.058856    0.2243383 
     730    71.075072   -23.951977  0.036748697   -23.915228   -73.857801    1014.3655    10.016432    10.139438    9.9877472    0.0351961     0.058856    0.2243383 
     740    34.674035   -23.942255  0.017927883   -23.924327    554.75125    1014.3655    10.016432    10.139438    9.9877472    0.0351961     0.058856    0.2243383 
     750    44.031003   -23.954206  0.022765815    -23.93144    974.44572    1014.3655    10.016432    10.139438    9.9877472    0.0351961     0.058856    0.2243383 
     760    25.810734   -23.950913  0.013345197   -23.937568    999.70512    1014.3655    10.016432    10.139438    9.9877472    0.0351961     0.058856    0.2243383 
     770    36.830518   -23.962789  0.019042873   -23.943746    677.33393    1014.3655    10.016432    10.139438    9.9877472    0.0351961     0.058856    0.2243383 
     780     46.90273   -23.971579  0.024250615   -23.947328    165.39789    1014.3655    10.016432    10.139438    9.9877472    0.0351961     0.058856    0.2243383 
     790    37.083246   -23.966534  0.019173543   -23.947361   -378.96554    1014.3655    10.016432    10.139438    9.9877472    0.0351961     0.058856    0.2243383 
     800    42.095958   -23.967569  0.021765319   -23.945803   -738.26566    1014.3655    10.016432    10.139438    9.9877472    0.0351961     0.058856    0.2243383 
     810    46.853923   -23.969194  0.024225379   -23.944968   -717.35277    1014.3655    10.016432    10.139438    9.9877472    0.0351961     0.058856    0.2243383 
     820    63.179729   -23.977608  0.032666484   -23.944941   -360.84523    1014.3655    10.016432    10.139438    9.9877472    0.0351961     0.058856    0.2243383 
     830    85.158281   -23.987376  0.044030287   -23.943346    157.65583    1014.3655    10.016432    10.139438    9.9877472    0.0351961     0.058856    0.2243383 
     840    78.114737   -23.981627  0.040388489   -23.941238    715.00778    1014.3655    10.016432    10.139438    9.9877472    0.0351961     0.058856    0.2243383 
     850    101.19918   -23.990298  0.052324085   -23.937974    1030.0798    1014.3655    10.016432    10.139438    9.9877472    0.0351961     0.058856    0.2243383 
     860    99.386462   -23.986507  0.051386834    -23.93512    816.75448    1014.3655    10.016432    10.139438    9.9877472    0.0351961     0.058856    0.2243383 
     870    130.12799   -23.998606  0.067281453   -23.931324    238.49632    1014.3655    10.016432    10.139438    9.9877472    0.0351961     0.058856    0.2243383 
     880    138.91403   -23.994631   0.07182419   -23.922807   -463.21308    1014.3655    10.016432    10.139438    9.9877472    0.0351961     0.058856    0.2243383 
     890    125.50057   -23.975338  0.064888887   -23.910449   -1130.2913    1014.3655    10.016432    10.139438    9.9877472    0.0351961     0.058856    0.2243383 
     900    129.93311   -23.968758  0.067180693   -23.901578    -1359.811    1014.3655    10.016432    10.139438    9.9877472    0.0351961     0.058856    0.2243383 
     910    139.28199   -23.969448   0.07201444   -23.897433   -917.13941    1014.3655    10.016432    10.139438    9.9877472    0.0351961     0.058856    0.2243383 
     920    129.17457   -23.953808  0.066788495    -23.88702   -172.36216    1014.3655    10.016432    10.139438    9.9877472    0.0351961     0.058856    0.2243383 
     930    122.73758   -23.935696  0.063460307   -23.872236    567.22126    1014.3655    10.016432    10.139438    9.9877472    0.0351961     0.058856    0.2243383 
     940    57.501541   -23.883184   0.02973063   -23.853453    1011.8867    1014.3655    10.016432    10.139438    9.9877472    0.0351961     0.058856    0.2243383 
     950    109.21943   -23.917745  0.056470878   -23.861274    595.74638    1014.3655    10.016432    10.139438    9.9877472    0.0351961     0.058856    0.2243383 
     960    102.97272   -23.920491  0.053241073    -23.86725   -173.54503    1014.3655    10.016432    10.139438    9.9877472    0.0351961     0.058856    0.2243383 
     970     115.5085   -23.936533   0.05972258    -23.87681   -981.38222    1014.3655    10.016432    10.139438    9.9877472    0.0351961     0.058856    0.2243383 
     980    122.32512   -23.947323  0.063247052   -23.884076   -1444.2963    1014.3655    10.016432    10.139438    9.9877472    0.0351961     0.058856    0.2243383 
     990    109.10285   -23.950571    0.0564106    -23.89416   -1197.0341    1014.3655    10.016432    10.139438    9.9877472    0.0351961     0.058856    0.2243383 
    1000    146.13869   -23.985863  0.075559632   -23.910303   -487.53029    1014.3655    10.016432    10.139438    9.9877472    0.0351961     0.058856    0.2243383 
    1010    125.47344   -23.989049  0.064874862   -23.924174    281.21989    1014.3655    10.016432    10.139438    9.9877472    0.0351961     0.058856    0.2243383 
    1020     110.6672   -23.991209  0.057219431    -23.93399    869.04309    1014.3655    10.016432    10.139438    9.9877472    0.0351961     0.058856    0.2243383 
    1030    94.778335   -23.991453  0.049004245   -23.942449    1014.4399    1014.3655    10.016432    10.139438    9.9877472    0.0351961     0.058856    0.2243383 
    1040    87.568969   -23.995132  0.045276711   -23.949855    658.72199    1014.3655    10.016432    10.139438    9.9877472    0.0351961     0.058856    0.2243383 
    1050    90.769627   -23.999262  0.046931581    -23.95233    78.207309    1014.3655    10.016432    10.139438    9.9877472    0.0351961     0.058856    0.2243383 
    1060    77.002937   -23.992611  0.039813643   -23.952797   -481.02271    1014.3655    10.016432    10.139438    9.9877472    0.0351961     0.058856    0.2243383 
    1070    58.990294   -23.982048  0.030500376   -23.951548   -855.30311    1014.3655    10.016432    10.139438    9.9877472    0.0351961     0.058856    0.2243383 
    1080     60.14071   -23.982411  0.031095188   -23.951316   -866.17946    1014.3655    10.016432    10.139438    9.9877472    0.0351961     0.058856    0.2243383 
    1090    53.355614   -23.979269  0.027587018   -23.951682   -503.55097    1014.3655    10.016432    10.139438    9.9877472    0.0351961     0.058856    0.2243383 
    1100    74.251609    -23.98936  0.038391095   -23.950969    71.299508    1014.3655    10.016432    10.139438    9.9877472    0.0351961     0.058856    0.2243383 
    1110    52.431886   -23.972637  0.027109413   -23.945527    670.94225    1014.3655    10.016432    10.139438    9.9877472    0.0351961     0.058856    0.2243383 
    1120    51.806737   -23.965501  0.026786185   -23.938714    1054.2569    1014.3655    10.016432    10.139438    9.9877472    0.0351961     0.058856    0.2243383 
    1130    52.709097   -23.961734  0.027252742   -23.934482    1008.2722    1014.3655    10.016432    10.139438    9.9877472    0.0351961     0.058856    0.2243383 
    1140    50.938945   -23.958094  0.026337502   -23.931757    568.63092    1014.3655    10.016432    10.139438    9.9877472    0.0351961     0.058856    0.2243383 
    1150    61.450821   -23.959831  0.031772568   -23.928058   -60.274457    1014.3655    10.016432    10.139438    9.9877472    0.0351961     0.058856    0.2243383 
    1160    35.977429   -23.939594  0.018601791   -23.920993    -627.9508    1014.3655    10.016432    10.139438    9.9877472    0.0351961     0.058856    0.2243383 
    1170    46.316318   -23.939653  0.023947416   -23.915706   -832.82383    1014.3655    10.016432    10.139438    9.9877472    0.0351961     0.058856    0.2243383 
    1180    50.266553   -23.940066  0.025989848   -23.914076   -551.43983    1014.3655    10.016432    10.139438    9.9877472    0.0351961     0.058856    0.2243383 
    1190    75.934397    -23.95241  0.039261165   -23.913149    66.587779    1014.3655    10.016432    10.139438    9.9877472    0.0351961     0.058856    0.2243383 
    1200    97.592195   -23.959856  0.050459125   -23.909397    802.76117    1014.3655    10.016432    10.139438    9.9877472    0.0351961     0.058856    0.2243383 
    1210    83.935866   -23.946221  0.043398249   -23.902823     1311.725    1014.3655    10.016432    10.139438    9.9877472    0.0351961     0.058856    0.2243383 
    1220    109.51518   -23.960434  0.056623793    -23.90381    1223.3354    1014.3655    10.016432    10.139438    9.9877472    0.0351961     0.058856    0.2243383 
    1230    141.26944   -23.979747  0.073042033   -23.906705    633.01032    1014.3655    10.016432    10.139438    9.9877472    0.0351961     0.058856    0.2243383 
    1240    147.54298    -23.98011  0.076285707   -23.903824   -226.45454    1014.3655    10.016432    10.139438    9.9877472    0.0351961     0.058856    0.2243383 
    1250    161.28589   -23.980043  0.083391351   -23.896651   -1062.8214    1014.3655    10.016432    10.139438    9.9877472    0.0351961     0.058856    0.2243383 
    1260    125.84508   -23.955892  0.065067012   -23.890825   -1407.0758    1014.3655    10.016432    10.139438    9.9877472    0.0351961     0.058856    0.2243383 
    1270    169.28446   -23.982198  0.087526936   -23.894671   -1101.3355    1014.3655    10.016432    10.139438    9.9877472    0.0351961     0.058856    0.2243383 
    1280    147.87322   -23.974944  0.076456453   -23.898487   -414.69803    1014.3655    10.016432    10.139438    9.9877472    0.0351961     0.058856    0.2243383 
    1290    145.62998   -23.969111  0.075296612   -23.893815    464.93803    1014.3655    10.016432    10.139438    9.9877472    0.0351961     0.058856    0.2243383 
    1300    85.531345   -23.921175  0.044223176   -23.876952    1051.3466    1014.3655    10.016432    10.139438    9.9877472    0.0351961     0.058856    0.2243383 
    1310    73.336189   -23.917157  0.037917786   -23.879239      881.179    1014.3655    10.016432    10.139438    9.9877472    0.0351961     0.058856    0.2243383 
    1320    76.243534   -23.927928  0.039421001   -23.888507    279.89275    1014.3655    10.016432    10.139438    9.9877472    0.0351961     0.058856    0.2243383 
    1330    66.219782    -23.93558  0.034238314   -23.901341   -494.33157    1014.3655    10.016432    10.139438    9.9877472    0.0351961     0.058856    0.2243383 
    1340    47.097348   -23.935602   0.02435124   -23.911251     -1023.65    1014.3655    10.016432    10.139438    9.9877472    0.0351961     0.058856    0.2243383 
    1350    43.217352   -23.944593  0.022345125   -23.922248   -1046.6576    1014.3655    10.016432    10.139438    9.9877472    0.0351961     0.058856    0.2243383 
    1360    41.470215   -23.954782  0.021441784    -23.93334   -686.99954    1014.3655    10.016432    10.139438    9.9877472    0.0351961     0.058856    0.2243383 
    1370    54.856323   -23.970445  0.028362945   -23.942082   -128.98838    1014.3655    10.016432    10.139438    9.9877472    0.0351961     0.058856    0.2243383 
    1380    48.526301   -23.971039  0.025090067   -23.945949    479.20523    1014.3655    10.016432    10.139438    9.9877472    0.0351961     0.058856    0.2243383 
    1390    45.397821   -23.971419  0.023472516   -23.947947    851.48923    1014.3655    10.016432    10.139438    9.9877472    0.0351961     0.058856    0.2243383 
    1400     55.27045   -23.981741  0.028577065   -23.953163     778.1615    1014.3655    10.016432    10.139438    9.9877472    0.0351961     0.058856    0.2243383 
    1410     61.82116    -23.98881  0.031964049   -23.956846    399.76359    1014.3655    10.016432    10.139438    9.9877472    0.0351961     0.058856    0.2243383 
    1420    78.868049    -23.99844  0.040777982   -23.957662   -154.98689    1014.3655    10.016432    10.139438    9.9877472    0.0351961     0.058856    0.2243383 
    1430    68.674872   -23.988931  0.035507695   -23.953423   -757.66621    1014.3655    10.016432    10.139438    9.9877472    0.0351961     0.058856    0.2243383 
    1440    78.340111   -23.987575  0.040505016    -23.94707   -1077.6581    1014.3655    10.016432    10.139438    9.9877472    0.0351961     0.058856    0.2243383 
    1450     85.56873   -23.986095  0.044242506   -23.941853   -956.19167    1014.3655    10.016432    10.139438    9.9877472    0.0351961     0.058856    0.2243383 
    1460    116.22768   -23.997573  0.060094427   -23.937478   -512.89988    1014.3655    10.016432    10.139438    9.9877472    0.0351961     0.058856    0.2243383 
    1470    129.94842    -23.99766  0.067188605   -23.930472    166.32485    1014.3655    10.016432    10.139438    9.9877472    0.0351961     0.058856    0.2243383 
    1480    135.85506   -23.989662  0.070242577    -23.91942    923.09436    1014.3655    10.016432    10.139438    9.9877472    0.0351961     0.058856    0.2243383 
    1490     130.6938   -23.973676  0.067573998   -23.906102    1203.5314    1014.3655    10.016432    10.139438    9.9877472    0.0351961     0.058856    0.2243383 
    1500      137.858   -23.966034  0.071278178   -23.894756    860.07206    1014.3655    10.016432    10.139438    9.9877472    0.0351961     0.058856    0.2243383 
    1510    119.77885   -23.948346  0.061930526   -23.886416    249.67304    1014.3655    10.016432    10.139438    9.9877472    0.0351961     0.058856    0.2243383 
    1520    105.36304   -23.935791  0.054476968   -23.881314   -438.72237    1014.3655    10.016432    10.139438    9.9877472    0.0351961     0.058856    0.2243383 
    1530    61.930112   -23.905445  0.032020381   -23.873425   -816.14194    1014.3655    10.016432    10.139438    9.9877472    0.0351961     0.058856    0.2243383 
    1540    71.334678    -23.91161  0.036882923   -23.874727   -569.58764    1014.3655    10.016432    10.139438    9.9877472    0.0351961     0.058856    0.2243383 
    1550    85.450169   -23.924481  0.044181205     -23.8803    110.44521    1014.3655    10.016432    10.139438    9.9877472    0.0351961     0.058856    0.2243383 
    1560    97.494166   -23.933348   0.05040844    -23.88294    862.42519    1014.3655    10.016432    10.139438    9.9877472    0.0351961     0.058856    0.2243383 
    1570    92.713524   -23.933429  0.047936654   -23.885492    1337.0031    1014.3655    10.016432    10.139438    9.9877472    0.0351961     0.058856    0.2243383 
    1580    110.13126   -23.951597   0.05694233   -23.894655    1240.0896    1014.3655    10.016432    10.139438    9.9877472    0.0351961     0.058856    0.2243383 
    1590    125.15427   -23.970438  0.064709835   -23.905728    623.74754    1014.3655    10.016432    10.139438    9.9877472    0.0351961     0.058856    0.2243383 
    1600    138.12767   -23.983309   0.07141761   -23.911891   -236.77019    1014.3655    10.016432    10.139438    9.9877472    0.0351961     0.058856    0.2243383 
    1610    118.39915   -23.973962  0.061217163   -23.912745   -943.45128    1014.3655    10.016432    10.139438    9.9877472    0.0351961     0.058856    0.2243383 
    1620    122.31271   -23.978986  0.063240636   -23.915746   -1189.9961    1014.3655    10.016432    10.139438    9.9877472    0.0351961     0.058856    0.2243383 
    1630    114.10174   -23.980808   0.05899523   -23.921813   -982.58878    1014.3655    10.016432    10.139438    9.9877472    0.0351961     0.058856    0.2243383 
    1640    123.62452   -23.996538  0.063918896   -23.932619   -407.55455    1014.3655    10.016432    10.139438    9.9877472    0.0351961     0.058856    0.2243383 
    1650    105.19032   -23.991136  0.054387665   -23.936748     332.4844    1014.3655    10.016432    10.139438    9.9877472    0.0351961     0.058856    0.2243383 
    1660    79.741499   -23.975313  0.041229591   -23.934083    792.18755    1014.3655    10.016432    10.139438    9.9877472    0.0351961     0.058856    0.2243383 
    1670    67.130818   -23.970173  0.034709357   -23.935464    787.15469    1014.3655    10.016432    10.139438    9.9877472    0.0351961     0.058856    0.2243383 
    1680     56.10246    -23.96905  0.029007248   -23.940043    437.46066    1014.3655    10.016432    10.139438    9.9877472    0.0351961     0.058856    0.2243383 
    1690    48.993196   -23.971592   0.02533147   -23.946261   -124.89431    1014.3655    10.016432    10.139438    9.9877472    0.0351961     0.058856    0.2243383 
    1700    35.652907   -23.969608     0.018434   -23.951174     -621.529    1014.3655    10.016432    10.139438    9.9877472    0.0351961     0.058856    0.2243383 
    1710    24.325995    -23.96798  0.012577526   -23.955403   -823.36253    1014.3655    10.016432    10.139438    9.9877472    0.0351961     0.058856    0.2243383 
    1720    24.290234   -23.972249  0.012559036    -23.95969   -715.97614    1014.3655    10.016432    10.139438    9.9877472    0.0351961     0.058856    0.2243383 
    1730    26.373408   -23.977396  0.013636122    -23.96376   -373.24323    1014.3655    10.016432    10.139438    9.9877472    0.0351961     0.058856    0.2243383 
    1740    27.254032   -23.979494  0.014091441   -23.965403     104.3163    1014.3655    10.016432    10.139438    9.9877472    0.0351961     0.058856    0.2243383 
    1750    20.066187   -23.973965  0.010375033    -23.96359     529.3898    1014.3655    10.016432    10.139438    9.9877472    0.0351961     0.058856    0.2243383 
    1760    13.909207   -23.968951 0.0071916245    -23.96176    706.92734    1014.3655    10.016432    10.139438    9.9877472    0.0351961     0.058856    0.2243383 
    1770    20.879853    -23.97077  0.010795731   -23.959975    610.09227    1014.3655    10.016432    10.139438    9.9877472    0.0351961     0.058856    0.2243383 
    1780    25.472805   -23.970294  0.013170474   -23.957123    244.14399    1014.3655    10.016432    10.139438    9.9877472    0.0351961     0.058856    0.2243383 
    1790    39.853078   -23.971704  0.020605659   -23.951098   -315.62711    1014.3655    10.016432    10.139438    9.9877472    0.0351961     0.058856    0.2243383 
    1800    35.826974    -23.95719  0.018523999   -23.938666   -807.51036    1014.3655    10.016432    10.139438    9.9877472    0.0351961     0.058856    0.2243383 
    1810    42.266289   -23.947936  0.021853387   -23.926083   -1018.6268    1014.3655    10.016432    10.139438    9.9877472    0.0351961     0.058856    0.2243383 
    1820    60.133337   -23.949157  0.031091375   -23.918065   -871.44558    1014.3655    10.016432    10.139438    9.9877472    0.0351961     0.058856    0.2243383 
    1830    84.081369   -23.957922   0.04347348   -23.914448   -319.25228    1014.3655    10.016432    10.139438    9.9877472    0.0351961     0.058856    0.2243383 
    1840    99.230843   -23.961375  0.051306373   -23.910069    440.21565    1014.3655    10.016432    10.139438    9.9877472    0.0351961     0.058856    0.2243383 
    1850    108.76693    -23.96611  0.056236916   -23.909873     879.9868    1014.3655    10.016432    10.139438    9.9877472    0.0351961     0.058856    0.2243383 
    1860    128.02995   -23.980575  0.066196681   -23.914379     839.8975    1014.3655    10.016432    10.139438    9.9877472    0.0351961     0.058856    0.2243383 
    1870    154.76296   -23.995329  0.080018731    -23.91531    429.14495    1014.3655    10.016432    10.139438    9.9877472    0.0351961     0.058856    0.2243383 
    1880    157.09785    -23.98866  0.081225964   -23.907434   -373.10154    1014.3655    10.016432    10.139438    9.9877472    0.0351961     0.058856    0.2243383 
    1890    137.02282   -23.965525  0.070846357   -23.894678   -997.25264    1014.3655    10.016432    10.139438    9.9877472    0.0351961     0.058856    0.2243383 
    1900     119.7033   -23.954195  0.061891465   -23.892303   -1045.6866    1014.3655    10.016432    10.139438    9.9877472    0.0351961     0.058856    0.2243383 
    1910    109.99988   -23.948154  0.056874401    -23.89128   -662.61681    1014.3655    10.016432    10.139438    9.9877472    0.0351961     0.058856    0.2243383 
    1920    123.36842   -23.953048  0.063786478   -23.889261    106.38295    1014.3655    10.016432    10.139438    9.9877472    0.0351961     0.058856    0.2243383 
    1930    74.180524   -23.919181  0.038354341   -23.880826    1018.7524    1014.3655    10.016432    10.139438    9.9877472    0.0351961     0.058856    0.2243383 
    1940    87.205989   -23.920288  0.045089035   -23.875199    1470.1157    1014.3655    10.016432    10.139438    9.9877472    0.0351961     0.058856    0.2243383 
    1950    53.306037   -23.903581  0.027561384   -23.876019    1331.5088    1014.3655    10.016432    10.139438    9.9877472    0.0351961     0.058856    0.2243383 
    1960    81.422453   -23.926693  0.042098712   -23.884594    745.22902    1014.3655    10.016432    10.139438    9.9877472    0.0351961     0.058856    0.2243383 
    1970     81.05043   -23.934643  0.041906361   -23.892736   -110.89164    1014.3655    10.016432    10.139438    9.9877472    0.0351961     0.058856    0.2243383 
    1980    66.672412   -23.932605  0.034472343   -23.898132   -728.39343    1014.3655    10.016432    10.139438    9.9877472    0.0351961     0.058856    0.2243383 
    1990    74.219186   -23.946058  0.038374331   -23.907684   -844.94516    1014.3655    10.016432    10.139438    9.9877472    0.0351961     0.058856    0.2243383 
    2000    85.428557   -23.961683  0.044170031   -23.917513    -559.9266    1014.3655    10.016432    10.139438    9.9877472    0.0351961     0.058856    0.2243383 
    2010    104.40811    -23.98198  0.053983232   -23.927997    3.7390409    1014.3655    10.016432    10.139438    9.9877472    0.0351961     0.058856    0.2243383 
    2020     105.5241   -23.991988  0.054560241   -23.937428    602.40601    1014.3655    10.016432    10.139438    9.9877472    0.0351961     0.058856    0.2243383 
    2030    85.020074   -23.988237  0.043958828   -23.944279    874.96233    1014.3655    10.016432    10.139438    9.9877472    0.0351961     0.058856    0.2243383 
    2040    95.038648   -23.999684  0.049138838   -23.950545    741.62164    1014.3655    10.016432    10.139438    9.9877472    0.0351961     0.058856    0.2243383 
    2050    82.781908    -23.99729  0.042801606   -23.954488    310.36942    1014.3655    10.016432    10.139438    9.9877472    0.0351961     0.058856    0.2243383 
    2060    89.431461   -24.002884  0.046239694   -23.956645   -272.54605    1014.3655    10.016432    10.139438    9.9877472    0.0351961     0.058856    0.2243383 
    2070    74.042133   -23.994006  0.038282787   -23.955723   -749.69173    1014.3655    10.016432    10.139438    9.9877472    0.0351961     0.058856    0.2243383 
    2080    64.404694   -23.988213   0.03329984   -23.954913   -929.55868    1014.3655    10.016432    10.139438    9.9877472    0.0351961     0.058856    0.2243383 
    2090    75.274405   -23.994631  0.038919922   -23.955711   -786.20649    1014.3655    10.016432    10.139438    9.9877472    0.0351961     0.058856    0.2243383 
    2100    70.506835   -23.991658  0.036454895   -23.955203   -356.15576    1014.3655    10.016432    10.139438    9.9877472    0.0351961     0.058856    0.2243383 
    2110    78.742894   -23.989771  0.040713272   -23.949058     236.2336    1014.3655    10.016432    10.139438    9.9877472    0.0351961     0.058856    0.2243383 
    2120     66.01902   -23.968382  0.034134512   -23.934248    743.19473    1014.3655    10.016432    10.139438    9.9877472    0.0351961     0.058856    0.2243383 
    2130    65.657196   -23.949179  0.033947435   -23.915232    927.16717    1014.3655    10.016432    10.139438    9.9877472    0.0351961     0.058856    0.2243383 
    2140    79.570342   -23.937498  0.041141096   -23.896357    624.78762    1014.3655    10.016432    10.139438    9.9877472    0.0351961     0.058856    0.2243383 
    2150    74.743585   -23.921053  0.038645467   -23.882407   -121.50064    1014.3655    10.016432    10.139438    9.9877472    0.0351961     0.058856    0.2243383 
    2160    89.944376   -23.915118  0.046504892   -23.868613   -906.12574    1014.3655    10.016432    10.139438    9.9877472    0.0351961     0.058856    0.2243383 
    2170    62.761208   -23.890098  0.032450091   -23.857648   -1356.2547    1014.3655    10.016432    10.139438    9.9877472    0.0351961     0.058856    0.2243383 
    2180     83.59801   -23.899178  0.043223564   -23.855955   -1241.8523    1014.3655    10.016432    10.139438    9.9877472    0.0351961     0.058856    0.2243383 
    2190    129.12389   -23.926958   0.06676229   -23.860196   -518.14952    1014.3655    10.016432    10.139438    9.9877472    0.0351961     0.058856    0.2243383 
    2200    134.01704   -23.932889  0.069292248   -23.863596    387.51374    1014.3655    10.016432    10.139438    9.9877472    0.0351961     0.058856    0.2243383 
    2210    151.35784   -23.954316  0.078258147   -23.876058    919.68481    1014.3655    10.016432    10.139438    9.9877472    0.0351961     0.058856    0.2243383 
    2220    156.94444   -23.971525  0.081146647   -23.890379    1029.2289    1014.3655    10.016432    10.139438    9.9877472    0.0351961     0.058856    0.2243383 
    2230    171.16372   -23.992828  0.088498588    -23.90433    523.97548    1014.3655    10.016432    10.139438    9.9877472    0.0351961     0.058856    0.2243383 
    2240    170.49037   -23.992694   0.08815044   -23.904543   -338.73378    1014.3655    10.016432    10.139438    9.9877472    0.0351961     0.058856    0.2243383 
    2250    122.27286   -23.967909  0.063220032   -23.904689   -839.84286    1014.3655    10.016432    10.139438    9.9877472    0.0351961     0.058856    0.2243383 
    2260    101.97526   -23.964875  0.052725349    -23.91215    -928.1121    1014.3655    10.016432    10.139438    9.9877472    0.0351961     0.058856    0.2243383 
    2270    87.338397   -23.963859  0.045157495   -23.918701   -657.64484    1014.3655    10.016432    10.139438    9.9877472    0.0351961     0.058856    0.2243383 
    2280    74.858743   -23.963171  0.038705008   -23.924466   -12.846907    1014.3655    10.016432    10.139438    9.9877472    0.0351961     0.058856    0.2243383 
    2290    72.634883   -23.963011  0.037555182   -23.925455    678.55695    1014.3655    10.016432    10.139438    9.9877472    0.0351961     0.058856    0.2243383 
    2300     40.24354    -23.94504  0.020807543   -23.924232    1042.2806    1014.3655    10.016432    10.139438    9.9877472    0.0351961     0.058856    0.2243383 
    2310    46.335595   -23.949038  0.023957383   -23.925081    1051.1701    1014.3655    10.016432    10.139438    9.9877472    0.0351961     0.058856    0.2243383 
    2320      44.5974   -23.951091  0.023058665   -23.928032    703.28052    1014.3655    10.016432    10.139438    9.9877472    0.0351961     0.058856    0.2243383 
    2330     45.27466   -23.952899  0.023408837    -23.92949    82.375091    1014.3655    10.016432    10.139438    9.9877472    0.0351961     0.058856    0.2243383 
    2340    41.713444   -23.949249  0.021567543   -23.927682   -457.30731    1014.3655    10.016432    10.139438    9.9877472    0.0351961     0.058856    0.2243383 
    2350     32.30032   -23.942413  0.016700576   -23.925712    -678.8084    1014.3655    10.016432    10.139438    9.9877472    0.0351961     0.058856    0.2243383 
    2360    52.295303    -23.95095  0.027038794   -23.923911   -571.48681    1014.3655    10.016432    10.139438    9.9877472    0.0351961     0.058856    0.2243383 
    2370    80.775088   -23.960971  0.041763998   -23.919207   -105.42165    1014.3655    10.016432    10.139438    9.9877472    0.0351961     0.058856    0.2243383 
    2380    100.00193   -23.957906  0.051705057   -23.906201    608.41147    1014.3655    10.016432    10.139438    9.9877472    0.0351961     0.058856    0.2243383 
    2390    151.31504   -23.965311  0.078236017   -23.887075    1177.5912    1014.3655    10.016432    10.139438    9.9877472    0.0351961     0.058856    0.2243383 
    2400    157.27799   -23.954431  0.081319104   -23.873112    1267.8378    1014.3655    10.016432    10.139438    9.9877472    0.0351961     0.058856    0.2243383 
    2410    239.61692   -23.989768   0.12389167   -23.865876    757.41674    1014.3655    10.016432    10.139438    9.9877472    0.0351961     0.058856    0.2243383 
    2420    229.81913   -23.975749   0.11882581   -23.856923   -260.38279    1014.3655    10.016432    10.139438    9.9877472    0.0351961     0.058856    0.2243383 
    2430    222.72692   -23.962093   0.11515885   -23.846934   -1188.3817    1014.3655    10.016432    10.139438    9.9877472    0.0351961     0.058856    0.2243383 
    2440    178.17267   -23.936857    0.0921225   -23.844735   -1570.4955    1014.3655    10.016432    10.139438    9.9877472    0.0351961     0.058856    0.2243383 
    2450    166.99878    -23.93892  0.086345147   -23.852575   -1269.0539    1014.3655    10.016432    10.139438    9.9877472    0.0351961     0.058856    0.2243383 
    2460    133.14631    -23.92715  0.068842046   -23.858308    -417.1042    1014.3655    10.016432    10.139438    9.9877472    0.0351961     0.058856    0.2243383 
    2470    120.14677   -23.923819  0.062120756   -23.861699     441.0011    1014.3655    10.016432    10.139438    9.9877472    0.0351961     0.058856    0.2243383 
    2480     52.91721    -23.89583  0.027360345    -23.86847    876.52531    1014.3655    10.016432    10.139438    9.9877472    0.0351961     0.058856    0.2243383 
    2490    84.584613   -23.927554  0.043733677    -23.88382    736.67289    1014.3655    10.016432    10.139438    9.9877472    0.0351961     0.058856    0.2243383 
    2500    76.776347   -23.941421  0.039696487   -23.901725    158.50915    1014.3655    10.016432    10.139438    9.9877472    0.0351961     0.058856    0.2243383 
    2510    101.08977   -23.965851  0.052267513   -23.913584   -461.48532    1014.3655    10.016432    10.139438    9.9877472    0.0351961     0.058856    0.2243383 
    2520    87.627309   -23.964293  0.045306875   -23.918986   -934.88074    1014.3655    10.016432    10.139438    9.9877472    0.0351961     0.058856    0.2243383 
    2530    84.869653   -23.967148  0.043881054   -23.923267   -1028.1301    1014.3655    10.016432    10.139438    9.9877472    0.0351961     0.058856    0.2243383 
    2540    115.60085   -23.989305   0.05977033   -23.929535   -653.35693    1014.3655    10.016432    10.139438    9.9877472    0.0351961     0.058856    0.2243383 
    2550    100.50424   -23.985342   0.05196477   -23.933378   -87.965663    1014.3655    10.016432    10.139438    9.9877472    0.0351961     0.058856    0.2243383 
    2560    125.60951   -24.002357  0.064945214   -23.937411    441.15151    1014.3655    10.016432    10.139438    9.9877472    0.0351961     0.058856    0.2243383 
    2570    99.788814   -23.987541  0.051594866   -23.935947    835.62156    1014.3655    10.016432    10.139438    9.9877472    0.0351961     0.058856    0.2243383 
    2580     113.9437   -23.993702  0.058913519   -23.934788    781.52288    1014.3655    10.016432    10.139438    9.9877472    0.0351961     0.058856    0.2243383 
    2590    117.97438   -23.992207  0.060997542   -23.931209    256.51497    1014.3655    10.016432    10.139438    9.9877472    0.0351961     0.058856    0.2243383 
    2600    108.84334   -23.979728  0.056276423   -23.923452   -309.41612    1014.3655    10.016432    10.139438    9.9877472    0.0351961     0.058856    0.2243383 
    2610     96.29151   -23.965964  0.049786618   -23.916178   -764.85865    1014.3655    10.016432    10.139438    9.9877472    0.0351961     0.058856    0.2243383 
    2620    83.880777   -23.952015  0.043369766   -23.908645   -992.10948    1014.3655    10.016432    10.139438    9.9877472    0.0351961     0.058856    0.2243383 
    2630    79.219987    -23.94107  0.040959948    -23.90011   -704.43634    1014.3655    10.016432    10.139438    9.9877472    0.0351961     0.058856    0.2243383 
    2640    99.084826   -23.936805  0.051230876   -23.885574    2.2021966    1014.3655    10.016432    10.139438    9.9877472    0.0351961     0.058856    0.2243383 
    2650    67.001761   -23.897933  0.034642629    -23.86329    697.13561    1014.3655    10.016432    10.139438    9.9877472    0.0351961     0.058856    0.2243383 
    2660    104.30656    -23.88925  0.053930726   -23.835319    1221.2932    1014.3655    10.016432    10.139438    9.9877472    0.0351961     0.058856    0.2243383 
    2670    112.35839   -23.878956  0.058093849   -23.820863    1064.4116    1014.3655    10.016432    10.139438    9.9877472    0.0351961     0.058856    0.2243383 
    2680    220.97552   -23.936552   0.11425331   -23.822299    95.653074    1014.3655    10.016432    10.139438    9.9877472    0.0351961     0.058856    0.2243383 
    2690    241.31056   -23.939086   0.12476735   -23.814318   -877.12443    1014.3655    10.016432    10.139438    9.9877472    0.0351961     0.058856    0.2243383 
    2700    241.71016    -23.92985   0.12497396   -23.804876   -1557.9751    1014.3655    10.016432    10.139438    9.9877472    0.0351961     0.058856    0.2243383 
    2710    229.30952    -23.93314   0.11856233   -23.814577   -1400.7261    1014.3655    10.016432    10.139438    9.9877472    0.0351961     0.058856    0.2243383 
    2720    228.46456    -23.96326   0.11812545   -23.845134   -340.28651    1014.3655    10.016432    10.139438    9.9877472    0.0351961     0.058856    0.2243383 
    2730     164.8633   -23.946039  0.085241015   -23.860798    705.80836    1014.3655    10.016432    10.139438    9.9877472    0.0351961     0.058856    0.2243383 
    2740    137.41224   -23.940817  0.071047704   -23.869769    1302.6875    1014.3655    10.016432    10.139438    9.9877472    0.0351961     0.058856    0.2243383 
    2750    62.399807     -23.9061  0.032263232   -23.873837    1409.8018    1014.3655    10.016432    10.139438    9.9877472    0.0351961     0.058856    0.2243383 
    2760    105.58762   -23.939533  0.054593085    -23.88494    865.38971    1014.3655    10.016432    10.139438    9.9877472    0.0351961     0.058856    0.2243383 
    2770    67.032055   -23.924023  0.034658293   -23.889364    36.001314    1014.3655    10.016432    10.139438    9.9877472    0.0351961     0.058856    0.2243383 
    2780    67.079512   -23.925914   0.03468283   -23.891231   -603.10999    1014.3655    10.016432    10.139438    9.9877472    0.0351961     0.058856    0.2243383 
    2790    66.504278   -23.929346   0.03438541   -23.894961   -862.81388    1014.3655    10.016432    10.139438    9.9877472    0.0351961     0.058856    0.2243383 
    2800    65.211929   -23.934805  0.033717214   -23.901088    -626.0447    1014.3655    10.016432    10.139438    9.9877472    0.0351961     0.058856    0.2243383 
    2810    128.71322   -23.975179  0.066549956   -23.908629    28.627875    1014.3655    10.016432    10.139438    9.9877472    0.0351961     0.058856    0.2243383 
    2820     95.90687   -23.960363  0.049587744   -23.910776    683.49113    1014.3655    10.016432    10.139438    9.9877472    0.0351961     0.058856    0.2243383 
    2830    128.62984   -23.983251  0.066506848   -23.916744    1064.4973    1014.3655    10.016432    10.139438    9.9877472    0.0351961     0.058856    0.2243383 
    2840    106.92669   -23.976685  0.055285438     -23.9214    1025.9859    1014.3655    10.016432    10.139438    9.9877472    0.0351961     0.058856    0.2243383 
    2850    133.83059   -23.995721  0.069195844   -23.926525    444.46275    1014.3655    10.016432    10.139438    9.9877472    0.0351961     0.058856    0.2243383 
    2860    129.76334   -23.993247  0.067092915   -23.926154   -363.96309    1014.3655    10.016432    10.139438    9.9877472    0.0351961     0.058856    0.2243383 
    2870    111.96454   -23.981212  0.057890212   -23.923322   -964.27436    1014.3655    10.016432    10.139438    9.9877472    0.0351961     0.058856    0.2243383 
    2880    96.873011   -23.971212  0.050087278   -23.921125   -1224.0818    1014.3655    10.016432    10.139438    9.9877472    0.0351961     0.058856    0.2243383 
    2890     110.4982   -23.979827  0.057132054   -23.922695    -1051.153    1014.3655    10.016432    10.139438    9.9877472    0.0351961     0.058856    0.2243383 
    2900    95.140632    -23.97247  0.049191567   -23.923278   -410.24529    1014.3655    10.016432    10.139438    9.9877472    0.0351961     0.058856    0.2243383 
    2910    108.84803   -23.972078   0.05627885     -23.9158    392.74979    1014.3655    10.016432    10.139438    9.9877472    0.0351961     0.058856    0.2243383 
    2920      50.2611     -23.9288  0.025987028   -23.902813    901.72169    1014.3655    10.016432    10.139438    9.9877472    0.0351961     0.058856    0.2243383 
    2930    70.189637    -23.93077  0.036290891   -23.894479    978.18762    1014.3655    10.016432    10.139438    9.9877472    0.0351961     0.058856    0.2243383 
    2940    62.557464   -23.923934  0.032344747   -23.891589    502.71331    1014.3655    10.016432    10.139438    9.9877472    0.0351961     0.058856    0.2243383 
    2950    78.171924   -23.928404  0.040418057   -23.887985   -331.97612    1014.3655    10.016432    10.139438    9.9877472    0.0351961     0.058856    0.2243383 
    2960    85.877749   -23.922604  0.044402281   -23.878202      -1035.6    1014.3655    10.016432    10.139438    9.9877472    0.0351961     0.058856    0.2243383 
    2970     67.85671   -23.903462  0.035084673   -23.868377    -1361.726    1014.3655    10.016432    10.139438    9.9877472    0.0351961     0.058856    0.2243383 
    2980     123.3751    -23.92712  0.063789933    -23.86333   -1163.6448    1014.3655    10.016432    10.139438    9.9877472    0.0351961     0.058856    0.2243383 
    2990    159.48534   -23.944251  0.082460393    -23.86179   -350.99486    1014.3655    10.016432    10.139438    9.9877472    0.0351961     0.058856    0.2243383 
    3000    171.68658   -23.949044  0.088768927   -23.860275    616.10641    1014.3655    10.016432    10.139438    9.9877472    0.0351961     0.058856    0.2243383 
Loop time of 34.7387 on 1 procs for 3000 steps with 5 atoms

Performance: 14.923 ns/day, 1.608 hours/ns, 86.359 timesteps/s
232.8% CPU use with 1 MPI tasks x no OpenMP threads

MPI task timing breakdown:
Section |  min time  |  avg time  |  max time  |%varavg| %total
---------------------------------------------------------------
Pair    | 34.279     | 34.279     | 34.279     |   0.0 | 98.68
Neigh   | 0.0011866  | 0.0011866  | 0.0011866  |   0.0 |  0.00
Comm    | 0.010559   | 0.010559   | 0.010559   |   0.0 |  0.03
Output  | 0.41832    | 0.41832    | 0.41832    |   0.0 |  1.20
Modify  | 0.02216    | 0.02216    | 0.02216    |   0.0 |  0.06
Other   |            | 0.007058   |            |       |  0.02

Nlocal:    5 ave 5 max 5 min
Histogram: 1 0 0 0 0 0 0 0 0 0
Nghost:    112 ave 112 max 112 min
Histogram: 1 0 0 0 0 0 0 0 0 0
Neighs:    0 ave 0 max 0 min
Histogram: 1 0 0 0 0 0 0 0 0 0

Total # of neighbors = 0
Ave neighs/atom = 0
Neighbor list builds = 112
Dangerous builds = 0
Total wall time: 0:00:37
