2019-06-25 21:08:47.666634: I tensorflow/core/platform/cpu_feature_guard.cc:140] Your CPU supports instructions that this TensorFlow binary was not compiled to use: AVX512F
2019-06-25 21:08:49.543144: E tensorflow/stream_executor/cuda/cuda_driver.cc:406] failed call to cuInit: CUDA_ERROR_NO_DEVICE
2019-06-25 21:08:49.543209: I tensorflow/stream_executor/cuda/cuda_diagnostics.cc:158] retrieving CUDA diagnostic information for host: SR760-GPU-4
2019-06-25 21:08:49.543219: I tensorflow/stream_executor/cuda/cuda_diagnostics.cc:165] hostname: SR760-GPU-4
2019-06-25 21:08:49.543277: I tensorflow/stream_executor/cuda/cuda_diagnostics.cc:189] libcuda reported version is: 410.48.0
2019-06-25 21:08:49.543334: I tensorflow/stream_executor/cuda/cuda_diagnostics.cc:193] kernel reported version is: 410.48.0
2019-06-25 21:08:49.543341: I tensorflow/stream_executor/cuda/cuda_diagnostics.cc:300] kernel version seems to match DSO: 410.48.0
> Info of lammps module:
  use deepmd-kit at:  /sharedext4/local/deepmd-kit-0.12.4
  source:             v0.12.4-1-ge3cd911-dirty
  source branch:      master
  source commit:      e3cd911
  source commit at:   2019-02-07 10:22:13 +0800
  build float prec:   double
  build with tf inc:  /sharedext4/local/tensorflow/r1.8.gpu.cc/include
  build with tf lib:  /sharedext4/local/tensorflow/r1.8.gpu.cc/lib/libtensorflow_cc.so;/sharedext4/local/tensorflow/r1.8.gpu.cc/lib/libtensorflow_framework.so
  >>> Info of model(s):
  using   4 model(s): ../graph.002.pb ../graph.003.pb ../graph.000.pb ../graph.001.pb 
  rcut in model:      5
  ntypes in model:    2
Neighbor list info ...
  update every 1 steps, delay 10 steps, check yes
  max neighbors/atom: 2000, page size: 100000
  master list distance cutoff = 6
  ghost atom cutoff = 6
  binsize = 3, bins = 4 4 4
  1 neighbor lists, perpetual/occasional/extra = 1 0 0
  (1) pair deepmd, perpetual
      attributes: , newton on
      pair build: full/bin/atomonly
      stencil: full/bin/3d
      bin: standard
Setting up Verlet run ...
  Unit style    : metal
  Current step  : 0
  Time step     : 0.002
Per MPI rank memory allocation (min/avg/max) = 3.934 | 3.934 | 3.934 Mbytes
Step Temp PotEng KinEng TotEng Press Volume Lx Ly Lz Xy Xz Yz 
       0          100    -23.97147  0.051704058   -23.919766   -883.74747    1001.6712    10.189528    9.9549762     9.874858    0.0344264   -0.0094449     0.085527 
      10    75.562139    -23.95925  0.039068692   -23.920181    -645.8058    1001.6712    10.189528    9.9549762     9.874858    0.0344264   -0.0094449     0.085527 
      20    107.57723   -23.977449  0.055621792   -23.921827   -125.72535    1001.6712    10.189528    9.9549762     9.874858    0.0344264   -0.0094449     0.085527 
      30     69.87455   -23.955494  0.036127978   -23.919366    472.63873    1001.6712    10.189528    9.9549762     9.874858    0.0344264   -0.0094449     0.085527 
      40    114.73882   -23.977015  0.059324624    -23.91769    917.29576    1001.6712    10.189528    9.9549762     9.874858    0.0344264   -0.0094449     0.085527 
      50    108.20003   -23.971768  0.055943809   -23.915825    859.37661    1001.6712    10.189528    9.9549762     9.874858    0.0344264   -0.0094449     0.085527 
      60    77.278369   -23.953017  0.039956053   -23.913061    387.68916    1001.6712    10.189528    9.9549762     9.874858    0.0344264   -0.0094449     0.085527 
      70    164.61937   -23.994081  0.085114895   -23.908966   -247.58624    1001.6712    10.189528    9.9549762     9.874858    0.0344264   -0.0094449     0.085527 
      80    90.734833   -23.942177  0.046913591   -23.895263   -908.69094    1001.6712    10.189528    9.9549762     9.874858    0.0344264   -0.0094449     0.085527 
      90     143.6809   -23.958078  0.074288855   -23.883789   -1128.4566    1001.6712    10.189528    9.9549762     9.874858    0.0344264   -0.0094449     0.085527 
     100    135.00669   -23.940241  0.069803936   -23.870437   -819.19839    1001.6712    10.189528    9.9549762     9.874858    0.0344264   -0.0094449     0.085527 
     110    219.62479   -23.971961   0.11355493   -23.858406   -132.64814    1001.6712    10.189528    9.9549762     9.874858    0.0344264   -0.0094449     0.085527 
     120      132.856   -23.907988  0.068691943   -23.839296    781.14105    1001.6712    10.189528    9.9549762     9.874858    0.0344264   -0.0094449     0.085527 
     130    204.12457   -23.929005   0.10554069   -23.823465    1367.3303    1001.6712    10.189528    9.9549762     9.874858    0.0344264   -0.0094449     0.085527 
     140    153.61561   -23.898538  0.079425503   -23.819113    1071.3766    1001.6712    10.189528    9.9549762     9.874858    0.0344264   -0.0094449     0.085527 
     150    147.40234   -23.901241  0.076212993   -23.825028    276.56218    1001.6712    10.189528    9.9549762     9.874858    0.0344264   -0.0094449     0.085527 
     160    191.19403   -23.937412  0.098855072   -23.838557   -567.04637    1001.6712    10.189528    9.9549762     9.874858    0.0344264   -0.0094449     0.085527 
     170    85.597048   -23.898462  0.044257147   -23.854205   -980.81402    1001.6712    10.189528    9.9549762     9.874858    0.0344264   -0.0094449     0.085527 
     180    128.53975   -23.944676  0.066460266   -23.878216   -821.30627    1001.6712    10.189528    9.9549762     9.874858    0.0344264   -0.0094449     0.085527 
     190    80.157797     -23.9379  0.041444834   -23.896455   -302.83892    1001.6712    10.189528    9.9549762     9.874858    0.0344264   -0.0094449     0.085527 
     200    137.72792   -23.982639  0.071210926   -23.911428    354.88593    1001.6712    10.189528    9.9549762     9.874858    0.0344264   -0.0094449     0.085527 
     210    49.550151   -23.941241  0.025619439   -23.915622    755.48919    1001.6712    10.189528    9.9549762     9.874858    0.0344264   -0.0094449     0.085527 
     220    117.04683   -23.982745  0.060517961   -23.922227    816.41083    1001.6712    10.189528    9.9549762     9.874858    0.0344264   -0.0094449     0.085527 
     230    96.679571   -23.975845  0.049987261   -23.925858    487.36034    1001.6712    10.189528    9.9549762     9.874858    0.0344264   -0.0094449     0.085527 
     240    81.625582   -23.969311  0.042203738   -23.927107   -101.25029    1001.6712    10.189528    9.9549762     9.874858    0.0344264   -0.0094449     0.085527 
     250    101.10164   -23.979182  0.052273649   -23.926909    -610.2546    1001.6712    10.189528    9.9549762     9.874858    0.0344264   -0.0094449     0.085527 
     260    76.101125   -23.963993   0.03934737   -23.924646   -838.60863    1001.6712    10.189528    9.9549762     9.874858    0.0344264   -0.0094449     0.085527 
     270    106.62051   -23.980323   0.05512713   -23.925196   -736.08179    1001.6712    10.189528    9.9549762     9.874858    0.0344264   -0.0094449     0.085527 
     280    73.596616    -23.96284  0.038052437   -23.924787   -292.00081    1001.6712    10.189528    9.9549762     9.874858    0.0344264   -0.0094449     0.085527 
     290    124.38924   -23.987133  0.064314284   -23.922818    328.13703    1001.6712    10.189528    9.9549762     9.874858    0.0344264   -0.0094449     0.085527 
     300     60.37041   -23.947648  0.031213952   -23.916434    743.12448    1001.6712    10.189528    9.9549762     9.874858    0.0344264   -0.0094449     0.085527 
Loop time of 4.27857 on 1 procs for 300 steps with 5 atoms

Performance: 12.116 ns/day, 1.981 hours/ns, 70.117 timesteps/s
293.8% CPU use with 1 MPI tasks x no OpenMP threads

MPI task timing breakdown:
Section |  min time  |  avg time  |  max time  |%varavg| %total
---------------------------------------------------------------
Pair    | 3.989      | 3.989      | 3.989      |   0.0 | 93.23
Neigh   | 0.00015998 | 0.00015998 | 0.00015998 |   0.0 |  0.00
Comm    | 0.0011532  | 0.0011532  | 0.0011532  |   0.0 |  0.03
Output  | 0.28532    | 0.28532    | 0.28532    |   0.0 |  6.67
Modify  | 0.0018427  | 0.0018427  | 0.0018427  |   0.0 |  0.04
Other   |            | 0.001053   |            |       |  0.02

Nlocal:    5 ave 5 max 5 min
Histogram: 1 0 0 0 0 0 0 0 0 0
Nghost:    103 ave 103 max 103 min
Histogram: 1 0 0 0 0 0 0 0 0 0
Neighs:    0 ave 0 max 0 min
Histogram: 1 0 0 0 0 0 0 0 0 0

Total # of neighbors = 0
Ave neighs/atom = 0
Neighbor list builds = 10
Dangerous builds = 0
Total wall time: 0:00:07
