#       step         max_devi_e         min_devi_e         avg_devi_e         max_devi_f         min_devi_f         avg_devi_f
           0       7.099200e-01       1.663818e-01       2.843149e-01       1.156957e-02       3.131183e-03       6.094938e-03
          10       7.133679e-01       1.613788e-01       2.862520e-01       1.014633e-02       2.211112e-03       6.178627e-03
          20       6.972627e-01       1.528487e-01       2.802084e-01       5.102194e-03       1.927488e-03       3.747276e-03
          30       6.666286e-01       1.540435e-01       2.671362e-01       5.312192e-03       2.442844e-03       3.533698e-03
          40       6.380313e-01       1.454932e-01       2.560321e-01       5.505773e-03       1.616682e-03       2.823505e-03
          50       6.225882e-01       1.366967e-01       2.507980e-01       8.225551e-03       3.155093e-03       4.837954e-03
          60       6.241795e-01       1.444831e-01       2.503781e-01       5.208470e-03       2.500997e-03       4.169727e-03
          70       6.437144e-01       1.486272e-01       2.579763e-01       3.803242e-03       2.387098e-03       3.397413e-03
          80       6.734427e-01       1.489406e-01       2.706177e-01       4.438422e-03       1.627558e-03       3.194022e-03
          90       6.949809e-01       1.603185e-01       2.786377e-01       5.698887e-03       2.437064e-03       3.941084e-03
         100       7.036990e-01       1.676536e-01       2.816976e-01       1.007211e-02       2.286266e-03       5.106129e-03
         110       6.984427e-01       1.586493e-01       2.800647e-01       3.568237e-03       2.016863e-03       3.094935e-03
         120       6.813773e-01       1.552265e-01       2.733369e-01       3.943687e-03       1.955416e-03       2.949199e-03
         130       6.581018e-01       1.563907e-01       2.634934e-01       3.284409e-03       2.488468e-03       2.891400e-03
         140       6.396136e-01       1.487875e-01       2.563201e-01       3.777852e-03       1.943182e-03       2.639328e-03
         150       6.317834e-01       1.451260e-01       2.535398e-01       3.559959e-03       2.371061e-03       3.191712e-03
         160       6.352763e-01       1.509731e-01       2.544488e-01       2.550454e-03       1.751651e-03       2.113641e-03
         170       6.508603e-01       1.527742e-01       2.606737e-01       4.215774e-03       1.463679e-03       2.672210e-03
         180       6.726259e-01       1.545099e-01       2.697173e-01       3.615189e-03       1.510208e-03       3.055957e-03
         190       6.919670e-01       1.642196e-01       2.772309e-01       4.590255e-03       2.277208e-03       3.133796e-03
         200       7.021790e-01       1.662183e-01       2.810773e-01       8.645674e-03       1.914278e-03       4.598560e-03
         210       7.008990e-01       1.578457e-01       2.811139e-01       4.703125e-03       2.224564e-03       3.045204e-03
         220       6.838457e-01       1.560997e-01       2.744485e-01       8.198102e-03       3.013520e-03       5.028818e-03
         230       6.538739e-01       1.561351e-01       2.618150e-01       4.033624e-03       1.572730e-03       2.632325e-03
         240       6.281868e-01       1.417459e-01       2.520595e-01       9.255969e-03       3.939646e-03       5.680093e-03
         250       6.191850e-01       1.403209e-01       2.489276e-01       6.155184e-03       3.452051e-03       4.305861e-03
         260       6.285930e-01       1.509327e-01       2.517124e-01       5.013139e-03       2.976390e-03       4.285535e-03
         270       6.561754e-01       1.524003e-01       2.628302e-01       6.548515e-03       1.503708e-03       3.301912e-03
         280       6.893033e-01       1.615265e-01       2.764388e-01       1.137334e-02       4.689129e-03       7.595923e-03
         290       7.105526e-01       1.680265e-01       2.845238e-01       6.725777e-03       2.860948e-03       4.239856e-03
         300       7.156663e-01       1.671339e-01       2.865553e-01       1.064423e-02       5.798202e-03       8.468882e-03
         310       6.998136e-01       1.627121e-01       2.803913e-01       2.835503e-03       1.335317e-03       1.958246e-03
         320       6.734755e-01       1.559861e-01       2.698887e-01       9.875773e-03       3.110607e-03       5.528005e-03
         330       6.415767e-01       1.532285e-01       2.568282e-01       5.459592e-03       1.480490e-03       2.877892e-03
         340       6.242801e-01       1.460716e-01       2.501259e-01       5.305811e-03       2.397041e-03       3.626435e-03
         350       6.255406e-01       1.464379e-01       2.506110e-01       6.970734e-03       2.827731e-03       4.900373e-03
         360       6.413147e-01       1.577107e-01       2.566571e-01       2.692913e-03       2.173347e-03       2.390317e-03
         370       6.691113e-01       1.606950e-01       2.678710e-01       7.932970e-03       3.748452e-03       4.974309e-03
         380       6.929148e-01       1.633864e-01       2.774039e-01       2.831350e-03       8.617201e-04       2.060683e-03
         390       7.052979e-01       1.703140e-01       2.822862e-01       7.034574e-03       2.809222e-03       5.012910e-03
         400       7.023813e-01       1.711983e-01       2.811002e-01       6.447540e-03       1.720728e-03       3.652723e-03
         410       6.861048e-01       1.639554e-01       2.746477e-01       5.423808e-03       3.126519e-03       4.281636e-03
         420       6.626356e-01       1.593402e-01       2.652698e-01       4.271679e-03       2.156595e-03       2.830882e-03
         430       6.391212e-01       1.564369e-01       2.558005e-01       4.167631e-03       2.655118e-03       3.395953e-03
         440       6.274495e-01       1.514844e-01       2.512453e-01       2.378023e-03       1.541502e-03       1.992890e-03
         450       6.312388e-01       1.506580e-01       2.528383e-01       7.449448e-03       2.863290e-03       4.084374e-03
         460       6.476567e-01       1.553645e-01       2.592535e-01       2.852481e-03       2.292604e-03       2.511601e-03
         470       6.749569e-01       1.632053e-01       2.702637e-01       6.567617e-03       3.319816e-03       4.814774e-03
         480       7.001393e-01       1.641375e-01       2.804843e-01       5.310767e-03       1.939733e-03       3.100651e-03
         490       7.138158e-01       1.705573e-01       2.858500e-01       1.044724e-02       4.352719e-03       6.005586e-03
         500       7.096148e-01       1.699732e-01       2.840887e-01       1.181060e-02       1.994989e-03       6.895988e-03
         510       6.863368e-01       1.601507e-01       2.749823e-01       4.685758e-03       3.416213e-03       3.816766e-03
         520       6.525614e-01       1.517365e-01       2.616282e-01       1.175054e-02       3.676466e-03       5.745211e-03
         530       6.225081e-01       1.417351e-01       2.496074e-01       8.297257e-03       3.165417e-03       4.733503e-03
         540       6.154213e-01       1.379946e-01       2.474923e-01       1.372684e-02       4.939861e-03       1.005979e-02
         550       6.302355e-01       1.401053e-01       2.530941e-01       7.670788e-03       2.225551e-03       4.285824e-03
         560       6.623986e-01       1.466388e-01       2.656971e-01       8.080084e-03       1.947035e-03       4.398682e-03
         570       6.959472e-01       1.527479e-01       2.798059e-01       6.780813e-03       2.283020e-03       5.177832e-03
         580       7.119105e-01       1.584349e-01       2.857448e-01       6.468524e-03       1.419308e-03       4.509009e-03
         590       7.111848e-01       1.615047e-01       2.848796e-01       1.319641e-02       3.026666e-03       7.172408e-03
         600       6.924999e-01       1.544719e-01       2.778254e-01       4.834001e-03       1.661052e-03       2.735840e-03
         610       6.660031e-01       1.471089e-01       2.677478e-01       6.596758e-03       2.689448e-03       4.354574e-03
         620       6.382407e-01       1.454688e-01       2.557935e-01       3.314445e-03       1.726062e-03       2.628053e-03
         630       6.243163e-01       1.410732e-01       2.504013e-01       4.934621e-03       2.549738e-03       3.944709e-03
         640       6.289203e-01       1.381502e-01       2.531301e-01       7.285714e-03       2.234942e-03       4.165010e-03
         650       6.452966e-01       1.459761e-01       2.587581e-01       3.925147e-03       2.390861e-03       3.014294e-03
         660       6.713120e-01       1.543419e-01       2.688902e-01       5.378824e-03       2.378737e-03       3.309451e-03
         670       6.959653e-01       1.532708e-01       2.795005e-01       8.750855e-03       3.397597e-03       4.836713e-03
         680       7.073232e-01       1.566082e-01       2.838117e-01       5.739205e-03       6.268324e-04       3.849149e-03
         690       7.029552e-01       1.619912e-01       2.814753e-01       1.201719e-02       3.589253e-03       6.654811e-03
         700       6.839316e-01       1.533452e-01       2.744115e-01       3.581998e-03       2.407339e-03       2.724603e-03
         710       6.583058e-01       1.435797e-01       2.648072e-01       7.423395e-03       3.256675e-03       4.906190e-03
         720       6.313133e-01       1.430958e-01       2.530384e-01       4.644441e-03       1.742113e-03       3.093542e-03
         730       6.203908e-01       1.398854e-01       2.490055e-01       5.229517e-03       2.556233e-03       4.393456e-03
         740       6.302747e-01       1.377746e-01       2.537429e-01       6.110511e-03       1.966989e-03       4.155724e-03
         750       6.529302e-01       1.497381e-01       2.616627e-01       2.906840e-03       2.011427e-03       2.564315e-03
         760       6.832875e-01       1.592421e-01       2.737618e-01       5.961739e-03       2.615639e-03       4.496791e-03
         770       7.060831e-01       1.557922e-01       2.834020e-01       5.537905e-03       1.819260e-03       3.160411e-03
         780       7.144936e-01       1.596575e-01       2.865117e-01       9.785845e-03       2.756029e-03       6.641316e-03
         790       7.018029e-01       1.654862e-01       2.810539e-01       6.311789e-03       4.111766e-03       5.053478e-03
         800       6.758078e-01       1.528192e-01       2.712060e-01       5.097487e-03       2.080900e-03       3.253888e-03
         810       6.471208e-01       1.432845e-01       2.598389e-01       7.493740e-03       2.438620e-03       4.345694e-03
         820       6.230034e-01       1.454142e-01       2.495294e-01       4.056282e-03       2.577590e-03       3.119220e-03
         830       6.208300e-01       1.437790e-01       2.492176e-01       1.098132e-02       3.661276e-03       7.015817e-03
         840       6.374865e-01       1.455801e-01       2.556056e-01       3.520668e-03       1.896996e-03       2.739947e-03
         850       6.656675e-01       1.604086e-01       2.664063e-01       7.521013e-03       2.692885e-03       4.265987e-03
         860       6.944084e-01       1.629568e-01       2.782299e-01       7.471865e-03       3.415513e-03       5.246266e-03
         870       7.108027e-01       1.653438e-01       2.847164e-01       6.253795e-03       2.380256e-03       4.640294e-03
         880       7.107209e-01       1.710788e-01       2.844345e-01       1.076013e-02       1.872666e-03       6.252074e-03
         890       6.912622e-01       1.654281e-01       2.767520e-01       4.588835e-03       2.588647e-03       3.629147e-03
         900       6.644503e-01       1.549598e-01       2.662956e-01       4.387062e-03       2.693434e-03       3.795553e-03
         910       6.388648e-01       1.528343e-01       2.557466e-01       6.556696e-03       2.651373e-03       4.021050e-03
         920       6.246675e-01       1.526219e-01       2.500107e-01       3.603661e-03       2.604947e-03       3.123782e-03
         930       6.302568e-01       1.519673e-01       2.524268e-01       5.964747e-03       2.418831e-03       3.477590e-03
         940       6.486832e-01       1.581178e-01       2.596474e-01       3.072846e-03       2.213206e-03       2.513131e-03
         950       6.709242e-01       1.651017e-01       2.684971e-01       3.602306e-03       1.949754e-03       2.696665e-03
         960       6.909311e-01       1.667901e-01       2.765839e-01       5.225284e-03       1.754895e-03       3.382563e-03
         970       6.997694e-01       1.703521e-01       2.800263e-01       4.177367e-03       9.474242e-04       2.142784e-03
         980       6.967588e-01       1.693908e-01       2.788471e-01       7.147049e-03       2.242607e-03       3.818981e-03
         990       6.806723e-01       1.654603e-01       2.724058e-01       3.101003e-03       2.077014e-03       2.629791e-03
        1000       6.598702e-01       1.605471e-01       2.641714e-01       4.087727e-03       1.854662e-03       3.064477e-03
        1010       6.392720e-01       1.562522e-01       2.558781e-01       3.151143e-03       2.056979e-03       2.414278e-03
        1020       6.267077e-01       1.537962e-01       2.508626e-01       2.991992e-03       2.037538e-03       2.483305e-03
        1030       6.309965e-01       1.554341e-01       2.525803e-01       6.865615e-03       3.077926e-03       4.233944e-03
        1040       6.503549e-01       1.577127e-01       2.602959e-01       3.060719e-03       2.220409e-03       2.668459e-03
        1050       6.788095e-01       1.618970e-01       2.718998e-01       5.792624e-03       3.134837e-03       4.617451e-03
        1060       7.037719e-01       1.702247e-01       2.817049e-01       6.780344e-03       3.402883e-03       4.296695e-03
        1070       7.157343e-01       1.756201e-01       2.864199e-01       1.167484e-02       1.677564e-03       6.253434e-03
        1080       7.082007e-01       1.670193e-01       2.836590e-01       8.138099e-03       3.314796e-03       5.173587e-03
        1090       6.821841e-01       1.615588e-01       2.732649e-01       3.745012e-03       1.922292e-03       3.001349e-03
        1100       6.493090e-01       1.550254e-01       2.599905e-01       4.719245e-03       1.648732e-03       2.969475e-03
        1110       6.240388e-01       1.429012e-01       2.502192e-01       6.350555e-03       3.080426e-03       5.011192e-03
        1120       6.179102e-01       1.465014e-01       2.477876e-01       6.686704e-03       3.750480e-03       5.170047e-03
        1130       6.344065e-01       1.494470e-01       2.544116e-01       6.814004e-03       2.111995e-03       3.668783e-03
        1140       6.635207e-01       1.495692e-01       2.660800e-01       4.657639e-03       2.474733e-03       3.633586e-03
        1150       6.936231e-01       1.615322e-01       2.780001e-01       7.317185e-03       2.898585e-03       5.180825e-03
        1160       7.108504e-01       1.667238e-01       2.849661e-01       8.544033e-03       1.769030e-03       5.445214e-03
        1170       7.096322e-01       1.607775e-01       2.845321e-01       6.441238e-03       1.825667e-03       4.784819e-03
        1180       6.918283e-01       1.617918e-01       2.771554e-01       8.705030e-03       3.681373e-03       6.034281e-03
        1190       6.648762e-01       1.583544e-01       2.664182e-01       3.861687e-03       2.777544e-03       3.111655e-03
        1200       6.402571e-01       1.447998e-01       2.570809e-01       7.286889e-03       3.805695e-03       4.960971e-03
        1210       6.251232e-01       1.437671e-01       2.506132e-01       3.718721e-03       2.118682e-03       2.900820e-03
        1220       6.293220e-01       1.502021e-01       2.521620e-01       6.578935e-03       2.877861e-03       4.182455e-03
        1230       6.470500e-01       1.466316e-01       2.597386e-01       4.726012e-03       2.612411e-03       3.278624e-03
        1240       6.692290e-01       1.524762e-01       2.682763e-01       3.911333e-03       1.155886e-03       2.782239e-03
        1250       6.886286e-01       1.661443e-01       2.756702e-01       4.454652e-03       2.541858e-03       3.683001e-03
        1260       6.973213e-01       1.638990e-01       2.793956e-01       3.431619e-03       1.341927e-03       1.913566e-03
        1270       6.941131e-01       1.579010e-01       2.782710e-01       4.711568e-03       2.585793e-03       3.237186e-03
        1280       6.792110e-01       1.611513e-01       2.719085e-01       3.022722e-03       1.616769e-03       2.378469e-03
        1290       6.610375e-01       1.596404e-01       2.646941e-01       3.784267e-03       1.668853e-03       2.884511e-03
        1300       6.447786e-01       1.486646e-01       2.585764e-01       3.171563e-03       1.826867e-03       2.570707e-03
        1310       6.351796e-01       1.483028e-01       2.544754e-01       2.835564e-03       1.907678e-03       2.246791e-03
        1320       6.374899e-01       1.538660e-01       2.552294e-01       4.180685e-03       1.216453e-03       2.390635e-03
        1330       6.498524e-01       1.506668e-01       2.605459e-01       4.042480e-03       2.545177e-03       3.384245e-03
        1340       6.684224e-01       1.533963e-01       2.679384e-01       3.937912e-03       1.421941e-03       2.655017e-03
        1350       6.872372e-01       1.651039e-01       2.750879e-01       5.461953e-03       2.017329e-03       3.803897e-03
        1360       7.001565e-01       1.638148e-01       2.805501e-01       4.106796e-03       1.237729e-03       2.308210e-03
        1370       7.016249e-01       1.563526e-01       2.816268e-01       7.490468e-03       3.340753e-03       5.066851e-03
        1380       6.844147e-01       1.586689e-01       2.741561e-01       4.471998e-03       1.704816e-03       2.751292e-03
        1390       6.598703e-01       1.563955e-01       2.644049e-01       4.257451e-03       2.028725e-03       2.978477e-03
        1400       6.348084e-01       1.411044e-01       2.553410e-01       4.009476e-03       1.974927e-03       2.947652e-03
        1410       6.208609e-01       1.392224e-01       2.493581e-01       7.147316e-03       2.975072e-03       4.958829e-03
        1420       6.266224e-01       1.464929e-01       2.512162e-01       7.137712e-03       4.114179e-03       5.532619e-03
        1430       6.500553e-01       1.448358e-01       2.613768e-01       3.944259e-03       2.606428e-03       3.200901e-03
        1440       6.833314e-01       1.526773e-01       2.743837e-01       5.831619e-03       2.807157e-03       4.851456e-03
        1450       7.068154e-01       1.642072e-01       2.831211e-01       1.185180e-02       1.987288e-03       5.378952e-03
        1460       7.170063e-01       1.610339e-01       2.878777e-01       1.045986e-02       2.682733e-03       6.732595e-03
        1470       7.064133e-01       1.572636e-01       2.837471e-01       1.002167e-02       4.243736e-03       6.120781e-03
        1480       6.770861e-01       1.571816e-01       2.712583e-01       4.902837e-03       2.769477e-03       3.771179e-03
        1490       6.455952e-01       1.457255e-01       2.592620e-01       1.138712e-02       3.907023e-03       5.896535e-03
        1500       6.217104e-01       1.398158e-01       2.498592e-01       3.820554e-03       1.914303e-03       2.813441e-03
        1510       6.191470e-01       1.458071e-01       2.480157e-01       9.874004e-03       3.799522e-03       6.820558e-03
        1520       6.371799e-01       1.473714e-01       2.555597e-01       8.860156e-03       2.886862e-03       4.704260e-03
        1530       6.666044e-01       1.544111e-01       2.672782e-01       6.998045e-03       2.646252e-03       4.523905e-03
        1540       6.938594e-01       1.684582e-01       2.777284e-01       6.964903e-03       2.836412e-03       5.031385e-03
        1550       7.069837e-01       1.678091e-01       2.830479e-01       7.258423e-03       2.253113e-03       4.070049e-03
        1560       7.061714e-01       1.635433e-01       2.830565e-01       8.221229e-03       1.722963e-03       4.841122e-03
        1570       6.888644e-01       1.666003e-01       2.758170e-01       5.199545e-03       3.133993e-03       3.968796e-03
        1580       6.633357e-01       1.603116e-01       2.654682e-01       3.208894e-03       2.059555e-03       2.738931e-03
        1590       6.410935e-01       1.491292e-01       2.569786e-01       3.688638e-03       2.378085e-03       3.062531e-03
        1600       6.286460e-01       1.519423e-01       2.517913e-01       2.664175e-03       1.748584e-03       2.208075e-03
        1610       6.308901e-01       1.560268e-01       2.524675e-01       4.625364e-03       2.001735e-03       2.836112e-03
        1620       6.467865e-01       1.526738e-01       2.590659e-01       3.030326e-03       2.028174e-03       2.475296e-03
        1630       6.708897e-01       1.618533e-01       2.686356e-01       3.558603e-03       2.184190e-03       2.931937e-03
        1640       6.932091e-01       1.679837e-01       2.774215e-01       5.807850e-03       2.167565e-03       3.640789e-03
        1650       7.046614e-01       1.713599e-01       2.820184e-01       6.553551e-03       9.900970e-04       3.249936e-03
        1660       7.052233e-01       1.650723e-01       2.824589e-01       8.631779e-03       1.698247e-03       5.240281e-03
        1670       6.886058e-01       1.653406e-01       2.756493e-01       5.442092e-03       2.359763e-03       3.821282e-03
        1680       6.583961e-01       1.591860e-01       2.636076e-01       8.225823e-03       2.101557e-03       4.283701e-03
        1690       6.274380e-01       1.492706e-01       2.512708e-01       6.103242e-03       2.889888e-03       4.281679e-03
        1700       6.149904e-01       1.497854e-01       2.461338e-01       9.020836e-03       4.932202e-03       6.793848e-03
        1710       6.257669e-01       1.448094e-01       2.510616e-01       7.008122e-03       4.503109e-03       5.409871e-03
        1720       6.547209e-01       1.542113e-01       2.622226e-01       3.185372e-03       2.680767e-03       2.912442e-03
        1730       6.921194e-01       1.682199e-01       2.771098e-01       9.928580e-03       3.116777e-03       7.030790e-03
        1740       7.148577e-01       1.657157e-01       2.865268e-01       7.023735e-03       2.300946e-03       4.365587e-03
        1750       7.192518e-01       1.644194e-01       2.882558e-01       1.229556e-02       1.761785e-03       7.908121e-03
        1760       7.007795e-01       1.685113e-01       2.804767e-01       8.596168e-03       2.672106e-03       4.552653e-03
        1770       6.719714e-01       1.592817e-01       2.692381e-01       4.922201e-03       2.473507e-03       3.873220e-03
        1780       6.426773e-01       1.466441e-01       2.577567e-01       6.038753e-03       1.621488e-03       3.365699e-03
        1790       6.237551e-01       1.427077e-01       2.499791e-01       6.318398e-03       3.629432e-03       4.946333e-03
        1800       6.243388e-01       1.446369e-01       2.503107e-01       4.965414e-03       2.622492e-03       3.831112e-03
        1810       6.417872e-01       1.454476e-01       2.574180e-01       7.217795e-03       2.349439e-03       3.986562e-03
        1820       6.676123e-01       1.506416e-01       2.676191e-01       6.088705e-03       2.306897e-03       3.842472e-03
        1830       6.921814e-01       1.592998e-01       2.774028e-01       6.475313e-03       2.142622e-03       4.163782e-03
        1840       7.055126e-01       1.622131e-01       2.826751e-01       4.975699e-03       4.047254e-03       4.521776e-03
        1850       7.047285e-01       1.595224e-01       2.823989e-01       6.805197e-03       1.870000e-03       4.141910e-03
        1860       6.885512e-01       1.562244e-01       2.760741e-01       6.605108e-03       2.567890e-03       4.290738e-03
        1870       6.615348e-01       1.524795e-01       2.651770e-01       4.021479e-03       1.455968e-03       2.884668e-03
        1880       6.369540e-01       1.439809e-01       2.554298e-01       7.646427e-03       2.380275e-03       3.914435e-03
        1890       6.218497e-01       1.378431e-01       2.498373e-01       4.404453e-03       1.862269e-03       3.027173e-03
        1900       6.253439e-01       1.395436e-01       2.513417e-01       7.473744e-03       3.360906e-03       5.489996e-03
        1910       6.465983e-01       1.445714e-01       2.592642e-01       5.257517e-03       2.125705e-03       3.348752e-03
        1920       6.814562e-01       1.471894e-01       2.737140e-01       1.043787e-02       3.183266e-03       5.548287e-03
        1930       7.154878e-01       1.535651e-01       2.878429e-01       1.756273e-02       3.034745e-03       9.201870e-03
        1940       7.270603e-01       1.612808e-01       2.915364e-01       1.302644e-02       4.261515e-03       8.267579e-03
        1950       7.166334e-01       1.546817e-01       2.877042e-01       1.524411e-02       7.859708e-03       1.091316e-02
        1960       6.820749e-01       1.441438e-01       2.749229e-01       1.308424e-02       4.256298e-03       8.282507e-03
        1970       6.409219e-01       1.402755e-01       2.575184e-01       7.166870e-03       2.742139e-03       5.298859e-03
        1980       6.151989e-01       1.362037e-01       2.471228e-01       1.008854e-02       6.234743e-03       7.966179e-03
        1990       6.159716e-01       1.345580e-01       2.483314e-01       6.912376e-03       3.466608e-03       5.530324e-03
        2000       6.381220e-01       1.471418e-01       2.557650e-01       6.710738e-03       2.844018e-03       4.383378e-03
        2010       6.709123e-01       1.555121e-01       2.687371e-01       4.473212e-03       2.218982e-03       3.288926e-03
        2020       7.006497e-01       1.580732e-01       2.810273e-01       6.757430e-03       3.826148e-03       4.930428e-03
        2030       7.158962e-01       1.675525e-01       2.868154e-01       1.162344e-02       4.053321e-03       6.215114e-03
        2040       7.097964e-01       1.702741e-01       2.840919e-01       8.346568e-03       5.121046e-03       6.987691e-03
        2050       6.885194e-01       1.571932e-01       2.760233e-01       4.300138e-03       1.919400e-03       2.943394e-03
        2060       6.599920e-01       1.512874e-01       2.645786e-01       9.888981e-03       2.671352e-03       4.720182e-03
        2070       6.328425e-01       1.530191e-01       2.532995e-01       3.715529e-03       1.985818e-03       2.566698e-03
        2080       6.217501e-01       1.460359e-01       2.493295e-01       6.055300e-03       3.775670e-03       4.665576e-03
        2090       6.291452e-01       1.477484e-01       2.520613e-01       4.240027e-03       2.504607e-03       3.371829e-03
        2100       6.516933e-01       1.609191e-01       2.607937e-01       2.731616e-03       1.321168e-03       2.095864e-03
        2110       6.787813e-01       1.605739e-01       2.718525e-01       4.819555e-03       3.622374e-03       4.126854e-03
        2120       7.009268e-01       1.670328e-01       2.806862e-01       5.139969e-03       1.429357e-03       2.636587e-03
        2130       7.100533e-01       1.736419e-01       2.841394e-01       1.030681e-02       2.504566e-03       6.305343e-03
        2140       7.004584e-01       1.693416e-01       2.803190e-01       4.088663e-03       1.960871e-03       2.637976e-03
        2150       6.796213e-01       1.610420e-01       2.722524e-01       6.721588e-03       3.257060e-03       4.703643e-03
        2160       6.515801e-01       1.586986e-01       2.607880e-01       3.553222e-03       2.228709e-03       2.645848e-03
        2170       6.275589e-01       1.522015e-01       2.511935e-01       9.968242e-03       5.238379e-03       6.923310e-03
        2180       6.186553e-01       1.492727e-01       2.477930e-01       4.439547e-03       2.894051e-03       3.529639e-03
        2190       6.320081e-01       1.569005e-01       2.529206e-01       8.517767e-03       3.618672e-03       5.514603e-03
        2200       6.612046e-01       1.563095e-01       2.649585e-01       5.370061e-03       2.059916e-03       3.222646e-03
        2210       6.956933e-01       1.615131e-01       2.786997e-01       1.042802e-02       3.839826e-03       6.106388e-03
        2220       7.209703e-01       1.773692e-01       2.884963e-01       1.389449e-02       4.505862e-03       7.415278e-03
        2230       7.248338e-01       1.694613e-01       2.904778e-01       1.581897e-02       5.236353e-03       8.109259e-03
        2240       7.025296e-01       1.613945e-01       2.816059e-01       8.108646e-03       3.432206e-03       5.315952e-03
        2250       6.667394e-01       1.614216e-01       2.668711e-01       5.019021e-03       2.519969e-03       3.765716e-03
        2260       6.329606e-01       1.460124e-01       2.539104e-01       1.099084e-02       3.811317e-03       6.666311e-03
        2270       6.158842e-01       1.436203e-01       2.473341e-01       7.162343e-03       2.881923e-03       4.992744e-03
        2280       6.236199e-01       1.489757e-01       2.497161e-01       9.256793e-03       4.864630e-03       6.341841e-03
        2290       6.478459e-01       1.490586e-01       2.597719e-01       4.576397e-03       1.784854e-03       2.893402e-03
        2300       6.772203e-01       1.566265e-01       2.717848e-01       8.221191e-03       4.490553e-03       5.910132e-03
        2310       6.972963e-01       1.658146e-01       2.792656e-01       3.880026e-03       1.918040e-03       2.649609e-03
        2320       7.071757e-01       1.624991e-01       2.833007e-01       8.929535e-03       3.520042e-03       5.501480e-03
        2330       6.996141e-01       1.635112e-01       2.804933e-01       5.412938e-03       1.773192e-03       2.940694e-03
        2340       6.798898e-01       1.595346e-01       2.725403e-01       4.000724e-03       1.700628e-03       2.595471e-03
        2350       6.541774e-01       1.511156e-01       2.621685e-01       7.565604e-03       2.021299e-03       3.715997e-03
        2360       6.315366e-01       1.445944e-01       2.533959e-01       3.428658e-03       9.714089e-04       2.281483e-03
        2370       6.240354e-01       1.456945e-01       2.504453e-01       6.714829e-03       3.968981e-03       4.932680e-03
        2380       6.324397e-01       1.454342e-01       2.536961e-01       4.113171e-03       1.461213e-03       2.565159e-03
        2390       6.558102e-01       1.478809e-01       2.631910e-01       6.253741e-03       3.214303e-03       4.620537e-03
        2400       6.838139e-01       1.596264e-01       2.742214e-01       4.538260e-03       1.726435e-03       3.393196e-03
        2410       7.050587e-01       1.626193e-01       2.827121e-01       8.122571e-03       2.945196e-03       5.698209e-03
        2420       7.124820e-01       1.584389e-01       2.859503e-01       8.898302e-03       1.787867e-03       5.082026e-03
        2430       7.000305e-01       1.626038e-01       2.807428e-01       9.339012e-03       4.560080e-03       6.939119e-03
        2440       6.733062e-01       1.575106e-01       2.700298e-01       4.129840e-03       2.243033e-03       3.284983e-03
        2450       6.431268e-01       1.409504e-01       2.587534e-01       1.125391e-02       4.800571e-03       6.436642e-03
        2460       6.187584e-01       1.413547e-01       2.486130e-01       4.942557e-03       3.145974e-03       4.322498e-03
        2470       6.182618e-01       1.442698e-01       2.481398e-01       1.348063e-02       6.892806e-03       9.336801e-03
        2480       6.400619e-01       1.391335e-01       2.577309e-01       5.214978e-03       2.705688e-03       3.526507e-03
        2490       6.725829e-01       1.523363e-01       2.699775e-01       6.922806e-03       2.145476e-03       3.564385e-03
        2500       7.026940e-01       1.692212e-01       2.814871e-01       1.026562e-02       3.040693e-03       6.957410e-03
        2510       7.145139e-01       1.608986e-01       2.866690e-01       5.269389e-03       1.894040e-03       3.635698e-03
        2520       7.094018e-01       1.589343e-01       2.848268e-01       8.581179e-03       5.312803e-03       6.912673e-03
        2530       6.838503e-01       1.625801e-01       2.738129e-01       4.430351e-03       2.072109e-03       3.012397e-03
        2540       6.568594e-01       1.537112e-01       2.632109e-01       6.747508e-03       2.951066e-03       4.599879e-03
        2550       6.365558e-01       1.466379e-01       2.554161e-01       3.999351e-03       1.803193e-03       2.759561e-03
        2560       6.275126e-01       1.505180e-01       2.513233e-01       4.372010e-03       1.977068e-03       2.797814e-03
        2570       6.343279e-01       1.504828e-01       2.540400e-01       4.509666e-03       1.852671e-03       2.539400e-03
        2580       6.526883e-01       1.521121e-01       2.615755e-01       4.255455e-03       2.618448e-03       3.541364e-03
        2590       6.758207e-01       1.609040e-01       2.706438e-01       3.696100e-03       2.176974e-03       2.749687e-03
        2600       6.940271e-01       1.677873e-01       2.777776e-01       5.010874e-03       2.601207e-03       3.554672e-03
        2610       7.023492e-01       1.635624e-01       2.813170e-01       4.189443e-03       9.383010e-04       2.942314e-03
        2620       6.979672e-01       1.646022e-01       2.796548e-01       6.595718e-03       2.144596e-03       4.434078e-03
        2630       6.780909e-01       1.645270e-01       2.713932e-01       3.498580e-03       2.325467e-03       2.776480e-03
        2640       6.536016e-01       1.528860e-01       2.618887e-01       6.433729e-03       1.439883e-03       3.328649e-03
        2650       6.308655e-01       1.476235e-01       2.529577e-01       5.433998e-03       3.011363e-03       3.830723e-03
        2660       6.207031e-01       1.500876e-01       2.485179e-01       5.161404e-03       2.565442e-03       3.896853e-03
        2670       6.309464e-01       1.482190e-01       2.527582e-01       9.297047e-03       4.229876e-03       6.328758e-03
        2680       6.576887e-01       1.568684e-01       2.634718e-01       3.771161e-03       2.865335e-03       3.325926e-03
        2690       6.906880e-01       1.663744e-01       2.765040e-01       9.813004e-03       2.827504e-03       5.873066e-03
        2700       7.115289e-01       1.676056e-01       2.848696e-01       5.918674e-03       2.255451e-03       4.613349e-03
        2710       7.172507e-01       1.669731e-01       2.872915e-01       8.594221e-03       5.358990e-03       6.594041e-03
        2720       7.029086e-01       1.669867e-01       2.813988e-01       8.199456e-03       4.520354e-03       5.663203e-03
        2730       6.706014e-01       1.632332e-01       2.683947e-01       3.759480e-03       2.084402e-03       3.082381e-03
        2740       6.409671e-01       1.494570e-01       2.568026e-01       9.653047e-03       2.901479e-03       5.166172e-03
        2750       6.213510e-01       1.509889e-01       2.487781e-01       5.100720e-03       3.187970e-03       4.120784e-03
        2760       6.216519e-01       1.433812e-01       2.491725e-01       8.544626e-03       3.360703e-03       5.277743e-03
        2770       6.413309e-01       1.552556e-01       2.567633e-01       7.957735e-03       2.271139e-03       3.905854e-03
        2780       6.719113e-01       1.605264e-01       2.689743e-01       4.241752e-03       2.853210e-03       3.306728e-03
        2790       6.991910e-01       1.578369e-01       2.802726e-01       7.751380e-03       2.821685e-03       5.385611e-03
        2800       7.099840e-01       1.674292e-01       2.842429e-01       6.992443e-03       2.695533e-03       4.228820e-03
        2810       7.075441e-01       1.721855e-01       2.831640e-01       8.734361e-03       4.184236e-03       5.706498e-03
        2820       6.872389e-01       1.595850e-01       2.752475e-01       4.449399e-03       2.172561e-03       3.022295e-03
        2830       6.590601e-01       1.494797e-01       2.642601e-01       5.905121e-03       2.205701e-03       3.434542e-03
        2840       6.348131e-01       1.509520e-01       2.541659e-01       5.665891e-03       2.343591e-03       3.535449e-03
        2850       6.247304e-01       1.440109e-01       2.503585e-01       3.510502e-03       2.259709e-03       3.040769e-03
        2860       6.319867e-01       1.411424e-01       2.536917e-01       4.159673e-03       2.095035e-03       3.192492e-03
        2870       6.512428e-01       1.507059e-01       2.608708e-01       3.141770e-03       2.630158e-03       2.873513e-03
        2880       6.758282e-01       1.571639e-01       2.706426e-01       3.861071e-03       3.044687e-03       3.472417e-03
        2890       6.942681e-01       1.564162e-01       2.782780e-01       6.633746e-03       2.044783e-03       3.763779e-03
        2900       6.995768e-01       1.609185e-01       2.801955e-01       4.096124e-03       1.167278e-03       2.476817e-03
        2910       6.937141e-01       1.641049e-01       2.777166e-01       6.030130e-03       1.621777e-03       3.646791e-03
        2920       6.766210e-01       1.561579e-01       2.710057e-01       3.875170e-03       2.447711e-03       3.105896e-03
        2930       6.558286e-01       1.495162e-01       2.628714e-01       4.446501e-03       2.118779e-03       3.196620e-03
        2940       6.374781e-01       1.486090e-01       2.553359e-01       3.009592e-03       1.930087e-03       2.324097e-03
        2950       6.296245e-01       1.447748e-01       2.523084e-01       2.165597e-03       1.563781e-03       1.973283e-03
        2960       6.363099e-01       1.424978e-01       2.553374e-01       8.119719e-03       1.768391e-03       4.206160e-03
        2970       6.536531e-01       1.490943e-01       2.619444e-01       3.292588e-03       1.592315e-03       2.654292e-03
        2980       6.798593e-01       1.547231e-01       2.724771e-01       4.842603e-03       2.201850e-03       4.047860e-03
        2990       7.014989e-01       1.549887e-01       2.813543e-01       4.951825e-03       2.755459e-03       3.629365e-03
        3000       7.112482e-01       1.567535e-01       2.852644e-01       1.002900e-02       1.810086e-03       6.256050e-03
