2019-06-25 21:42:00.195174: I tensorflow/core/platform/cpu_feature_guard.cc:140] Your CPU supports instructions that this TensorFlow binary was not compiled to use: AVX512F
2019-06-25 21:42:04.789465: E tensorflow/stream_executor/cuda/cuda_driver.cc:406] failed call to cuInit: CUDA_ERROR_NO_DEVICE
2019-06-25 21:42:04.789695: I tensorflow/stream_executor/cuda/cuda_diagnostics.cc:158] retrieving CUDA diagnostic information for host: SR760-GPU-5
2019-06-25 21:42:04.789742: I tensorflow/stream_executor/cuda/cuda_diagnostics.cc:165] hostname: SR760-GPU-5
2019-06-25 21:42:04.790039: I tensorflow/stream_executor/cuda/cuda_diagnostics.cc:189] libcuda reported version is: 410.48.0
2019-06-25 21:42:04.790226: I tensorflow/stream_executor/cuda/cuda_diagnostics.cc:193] kernel reported version is: 410.48.0
2019-06-25 21:42:04.790251: I tensorflow/stream_executor/cuda/cuda_diagnostics.cc:300] kernel version seems to match DSO: 410.48.0
>>> Info of lammps module:
  use deepmd-kit at:  /sharedext4/local/deepmd-kit-0.12.4
  source:             v0.12.4-1-ge3cd911-dirty
  source branch:      master
  source commit:      e3cd911
  source commit at:   2019-02-07 10:22:13 +0800
  build float prec:   double
  build with tf inc:  /sharedext4/local/tensorflow/r1.8.gpu.cc/include
  build with tf lib:  /sharedext4/local/tensorflow/r1.8.gpu.cc/lib/libtensorflow_cc.so;/sharedext4/local/tensorflow/r1.8.gpu.cc/lib/libtensorflow_framework.so
  >>> Info of model(s):
  using   4 model(s): ../graph.002.pb ../graph.003.pb ../graph.000.pb ../graph.001.pb 
  rcut in model:      5
  ntypes in model:    2
Neighbor list info ...
  update every 1 steps, delay 10 steps, check yes
  max neighbors/atom: 2000, page size: 100000
  master list distance cutoff = 6
  ghost atom cutoff = 6
  binsize = 3, bins = 4 4 4
  1 neighbor lists, perpetual/occasional/extra = 1 0 0
  (1) pair deepmd, perpetual
      attributes: , newton on
      pair build: full/bin/atomonly
      stencil: full/bin/3d
      bin: standard
Setting up Verlet run ...
  Unit style    : metal
  Current step  : 0
  Time step     : 0.002
Per MPI rank memory allocation (min/avg/max) = 3.934 | 3.934 | 3.934 Mbytes
Step Temp PotEng KinEng TotEng Press Volume Lx Ly Lz Xy Xz Yz 
       0          100   -23.960875  0.051704058   -23.909171   -1384.3358    1021.9828    10.229496    10.004395    9.9861604   -0.0214997   -0.1211518    0.0601976 
      10    86.514073   -23.953529  0.044731286   -23.908798   -1459.7734    1021.9828    10.229496    10.004395    9.9861604   -0.0214997   -0.1211518    0.0601976 
      20    112.78117   -23.972968  0.058312442   -23.914655   -925.95812    1021.9828    10.229496    10.004395    9.9861604   -0.0214997   -0.1211518    0.0601976 
      30    118.19757   -23.980557  0.061112939   -23.919444   -11.582308    1021.9828    10.229496    10.004395    9.9861604   -0.0214997   -0.1211518    0.0601976 
      40    116.87554   -23.980303  0.060429396   -23.919874    915.33273    1021.9828    10.229496    10.004395    9.9861604   -0.0214997   -0.1211518    0.0601976 
      50    81.045566   -23.959371  0.041903846   -23.917467    1453.5898    1021.9828    10.229496    10.004395    9.9861604   -0.0214997   -0.1211518    0.0601976 
      60     85.08614   -23.967253  0.043992987    -23.92326    1346.5526    1021.9828    10.229496    10.004395    9.9861604   -0.0214997   -0.1211518    0.0601976 
      70    95.783123   -23.982673  0.049523761   -23.933149    695.87306    1021.9828    10.229496    10.004395    9.9861604   -0.0214997   -0.1211518    0.0601976 
      80    86.568576   -23.985567  0.044759467   -23.940808   -187.97995    1021.9828    10.229496    10.004395    9.9861604   -0.0214997   -0.1211518    0.0601976 
      90    72.246474    -23.98198  0.037354359   -23.944626   -925.08639    1021.9828    10.229496    10.004395    9.9861604   -0.0214997   -0.1211518    0.0601976 
     100    46.402607   -23.972805  0.023992031   -23.948813   -1226.8598    1021.9828    10.229496    10.004395    9.9861604   -0.0214997   -0.1211518    0.0601976 
     110     49.23752    -23.98189  0.025457796   -23.956432   -1045.3706    1021.9828    10.229496    10.004395    9.9861604   -0.0214997   -0.1211518    0.0601976 
     120    52.106586   -23.991276  0.026941219   -23.964335    -500.1456    1021.9828    10.229496    10.004395    9.9861604   -0.0214997   -0.1211518    0.0601976 
     130    52.191087   -23.995891   0.02698491   -23.968906    201.17926    1021.9828    10.229496    10.004395    9.9861604   -0.0214997   -0.1211518    0.0601976 
     140     42.99787   -23.991744  0.022231644   -23.969512     804.0444    1021.9828    10.229496    10.004395    9.9861604   -0.0214997   -0.1211518    0.0601976 
     150    28.328185   -23.983477  0.014646821    -23.96883    1077.3266    1021.9828    10.229496    10.004395    9.9861604   -0.0214997   -0.1211518    0.0601976 
     160    39.283834   -23.991058  0.020311336   -23.970746    931.01593    1021.9828    10.229496    10.004395    9.9861604   -0.0214997   -0.1211518    0.0601976 
     170     43.74525   -23.995075  0.022618069   -23.972457    440.60134    1021.9828    10.229496    10.004395    9.9861604   -0.0214997   -0.1211518    0.0601976 
     180    51.616856   -23.997784  0.026688009   -23.971096   -232.31846    1021.9828    10.229496    10.004395    9.9861604   -0.0214997   -0.1211518    0.0601976 
     190    45.194016   -23.988033   0.02336714   -23.964666   -850.37751    1021.9828    10.229496    10.004395    9.9861604   -0.0214997   -0.1211518    0.0601976 
     200    40.633111   -23.976107  0.021008967   -23.955098   -1187.3714    1021.9828    10.229496    10.004395    9.9861604   -0.0214997   -0.1211518    0.0601976 
     210    64.448458   -23.978974  0.033322468   -23.945651     -1096.54    1021.9828    10.229496    10.004395    9.9861604   -0.0214997   -0.1211518    0.0601976 
     220    86.908285   -23.981319   0.04493511   -23.936384   -532.49468    1021.9828    10.229496    10.004395    9.9861604   -0.0214997   -0.1211518    0.0601976 
     230     123.9752   -23.991555   0.06410021   -23.927455    382.08316    1021.9828    10.229496    10.004395    9.9861604   -0.0214997   -0.1211518    0.0601976 
     240    103.28584   -23.968558   0.05340297   -23.915155     1243.087    1021.9828    10.229496    10.004395    9.9861604   -0.0214997   -0.1211518    0.0601976 
     250    104.35052   -23.961578  0.053953455   -23.907624     1565.832    1021.9828    10.229496    10.004395    9.9861604   -0.0214997   -0.1211518    0.0601976 
     260    122.10821   -23.972197    0.0631349   -23.909062    1206.2157    1021.9828    10.229496    10.004395    9.9861604   -0.0214997   -0.1211518    0.0601976 
     270    146.95126   -23.988886  0.075979767   -23.912906    350.75248    1021.9828    10.229496    10.004395    9.9861604   -0.0214997   -0.1211518    0.0601976 
     280    122.54011   -23.974151  0.063358208   -23.910793    -682.3795    1021.9828    10.229496    10.004395    9.9861604   -0.0214997   -0.1211518    0.0601976 
     290     127.7524   -23.973251  0.066053177   -23.907198   -1393.2719    1021.9828    10.229496    10.004395    9.9861604   -0.0214997   -0.1211518    0.0601976 
     300    80.480797    -23.94856  0.041611838   -23.906948   -1512.1922    1021.9828    10.229496    10.004395    9.9861604   -0.0214997   -0.1211518    0.0601976 
     310    141.26425    -23.98826  0.073039349    -23.91522   -1057.7899    1021.9828    10.229496    10.004395    9.9861604   -0.0214997   -0.1211518    0.0601976 
     320    110.80907    -23.97938  0.057292784   -23.922087   -171.50081    1021.9828    10.229496    10.004395    9.9861604   -0.0214997   -0.1211518    0.0601976 
     330    126.88336   -23.991327  0.065603846   -23.925723     793.8667    1021.9828    10.229496    10.004395    9.9861604   -0.0214997   -0.1211518    0.0601976 
     340    93.564031   -23.974221  0.048376401   -23.925845    1361.4308    1021.9828    10.229496    10.004395    9.9861604   -0.0214997   -0.1211518    0.0601976 
     350    73.620382   -23.968471  0.038064725   -23.930406    1325.4603    1021.9828    10.229496    10.004395    9.9861604   -0.0214997   -0.1211518    0.0601976 
     360      112.115   -23.997791  0.057968002   -23.939823    777.96259    1021.9828    10.229496    10.004395    9.9861604   -0.0214997   -0.1211518    0.0601976 
     370    80.541881   -23.986591  0.041643421   -23.944947   -78.605089    1021.9828    10.229496    10.004395    9.9861604   -0.0214997   -0.1211518    0.0601976 
     380    92.290241    -23.99379    0.0477178   -23.946072   -868.10142    1021.9828    10.229496    10.004395    9.9861604   -0.0214997   -0.1211518    0.0601976 
     390    56.797539   -23.975172  0.029366633   -23.945805   -1255.7004    1021.9828    10.229496    10.004395    9.9861604   -0.0214997   -0.1211518    0.0601976 
     400    62.544166   -23.981648  0.032337872    -23.94931   -1164.8482    1021.9828    10.229496    10.004395    9.9861604   -0.0214997   -0.1211518    0.0601976 
     410    73.661478   -23.992461  0.038085974   -23.954375   -664.03934    1021.9828    10.229496    10.004395    9.9861604   -0.0214997   -0.1211518    0.0601976 
     420     77.22375   -23.997531  0.039927812   -23.957603    103.48237    1021.9828    10.229496    10.004395    9.9861604   -0.0214997   -0.1211518    0.0601976 
     430    66.980844   -23.990537  0.034631815   -23.955906    836.62511    1021.9828    10.229496    10.004395    9.9861604   -0.0214997   -0.1211518    0.0601976 
     440    64.418897   -23.986035  0.033307184   -23.952728    1218.3885    1021.9828    10.229496    10.004395    9.9861604   -0.0214997   -0.1211518    0.0601976 
     450    52.847845   -23.978558   0.02732448   -23.951234    1114.6883    1021.9828    10.229496    10.004395    9.9861604   -0.0214997   -0.1211518    0.0601976 
     460    97.193048   -24.001719   0.05025275   -23.951466    567.32059    1021.9828    10.229496    10.004395    9.9861604   -0.0214997   -0.1211518    0.0601976 
     470    81.986399   -23.987091  0.042390295     -23.9447   -268.53651    1021.9828    10.229496    10.004395    9.9861604   -0.0214997   -0.1211518    0.0601976 
     480    97.629277   -23.982349  0.050478298    -23.93187    -1065.932    1021.9828    10.229496    10.004395    9.9861604   -0.0214997   -0.1211518    0.0601976 
     490    87.949077   -23.961298  0.045473242   -23.915825    -1481.323    1021.9828    10.229496    10.004395    9.9861604   -0.0214997   -0.1211518    0.0601976 
     500    111.60886   -23.962635  0.057706308   -23.904928   -1329.1018    1021.9828    10.229496    10.004395    9.9861604   -0.0214997   -0.1211518    0.0601976 
     510    174.06005   -23.988962  0.089996107   -23.898966   -595.26024    1021.9828    10.229496    10.004395    9.9861604   -0.0214997   -0.1211518    0.0601976 
     520    161.22514   -23.973999  0.083359942   -23.890639    513.67632    1021.9828    10.229496    10.004395    9.9861604   -0.0214997   -0.1211518    0.0601976 
     530    176.21644   -23.970703   0.09111105   -23.879592    1442.5217    1021.9828    10.229496    10.004395    9.9861604   -0.0214997   -0.1211518    0.0601976 
     540    123.84183   -23.937345  0.064031251   -23.873314    1710.3957    1021.9828    10.229496    10.004395    9.9861604   -0.0214997   -0.1211518    0.0601976 
     550    166.96748    -23.96924   0.08632896   -23.882911    1195.9971    1021.9828    10.229496    10.004395    9.9861604   -0.0214997   -0.1211518    0.0601976 
     560    162.73834    -23.97832  0.084142323   -23.894178    166.07711    1021.9828    10.229496    10.004395    9.9861604   -0.0214997   -0.1211518    0.0601976 
     570    125.40403   -23.964794  0.064838974   -23.899955   -845.14521    1021.9828    10.229496    10.004395    9.9861604   -0.0214997   -0.1211518    0.0601976 
     580    110.45198   -23.963724  0.057108154   -23.906616   -1421.0921    1021.9828    10.229496    10.004395    9.9861604   -0.0214997   -0.1211518    0.0601976 
     590    70.634505   -23.952291  0.036520906    -23.91577     -1399.38    1021.9828    10.229496    10.004395    9.9861604   -0.0214997   -0.1211518    0.0601976 
     600    110.47422   -23.986575  0.057119653   -23.929455   -827.53577    1021.9828    10.229496    10.004395    9.9861604   -0.0214997   -0.1211518    0.0601976 
     610    88.318147   -23.983209  0.045664066   -23.937545    55.238775    1021.9828    10.229496    10.004395    9.9861604   -0.0214997   -0.1211518    0.0601976 
     620    81.018313   -23.981239  0.041889756    -23.93935    863.25224    1021.9828    10.229496    10.004395    9.9861604   -0.0214997   -0.1211518    0.0601976 
     630    65.702011   -23.972606  0.033970606   -23.938635    1308.5095    1021.9828    10.229496    10.004395    9.9861604   -0.0214997   -0.1211518    0.0601976 
     640    53.285871      -23.968  0.027550958   -23.940449    1232.5815    1021.9828    10.229496    10.004395    9.9861604   -0.0214997   -0.1211518    0.0601976 
     650    86.317559   -23.990822  0.044629681   -23.946192     634.9272    1021.9828    10.229496    10.004395    9.9861604   -0.0214997   -0.1211518    0.0601976 
     660    78.256718   -23.986993  0.040461899   -23.946531   -193.68001    1021.9828    10.229496    10.004395    9.9861604   -0.0214997   -0.1211518    0.0601976 
     670    65.968143   -23.976581  0.034108207   -23.942473   -926.27393    1021.9828    10.229496    10.004395    9.9861604   -0.0214997   -0.1211518    0.0601976 
     680     65.43626   -23.972144  0.033833202   -23.938311   -1308.7497    1021.9828    10.229496    10.004395    9.9861604   -0.0214997   -0.1211518    0.0601976 
     690    51.716465   -23.963516  0.026739511   -23.936776   -1185.5756    1021.9828    10.229496    10.004395    9.9861604   -0.0214997   -0.1211518    0.0601976 
     700    101.00019   -23.991529  0.052221196   -23.939308   -571.58681    1021.9828    10.229496    10.004395    9.9861604   -0.0214997   -0.1211518    0.0601976 
     710    81.851353   -23.979086  0.042320471   -23.936766    305.80252    1021.9828    10.229496    10.004395    9.9861604   -0.0214997   -0.1211518    0.0601976 
     720    91.140683   -23.978306  0.047123432   -23.931183    1085.0509    1021.9828    10.229496    10.004395    9.9861604   -0.0214997   -0.1211518    0.0601976 
     730    76.491187   -23.964573  0.039549048   -23.925024    1460.1009    1021.9828    10.229496    10.004395    9.9861604   -0.0214997   -0.1211518    0.0601976 
     740    77.908827   -23.965837  0.040282025   -23.925555     1209.193    1021.9828    10.229496    10.004395    9.9861604   -0.0214997   -0.1211518    0.0601976 
     750    128.32664   -23.996253  0.066350083   -23.929903    412.93625    1021.9828    10.229496    10.004395    9.9861604   -0.0214997   -0.1211518    0.0601976 
     760    89.691123   -23.972423   0.04637395   -23.926049   -515.19695    1021.9828    10.229496    10.004395    9.9861604   -0.0214997   -0.1211518    0.0601976 
     770    102.97514   -23.974208  0.053242328   -23.920965   -1243.6257    1021.9828    10.229496    10.004395    9.9861604   -0.0214997   -0.1211518    0.0601976 
     780     74.72421    -23.95558  0.038635449   -23.916945   -1488.1903    1021.9828    10.229496    10.004395    9.9861604   -0.0214997   -0.1211518    0.0601976 
     790    98.929906   -23.970864  0.051150776   -23.919714   -1117.1135    1021.9828    10.229496    10.004395    9.9861604   -0.0214997   -0.1211518    0.0601976 
     800    133.04418   -23.992346  0.068789239   -23.923557    -282.8309    1021.9828    10.229496    10.004395    9.9861604   -0.0214997   -0.1211518    0.0601976 
     810     99.16298   -23.972874  0.051271285   -23.921602    669.56502    1021.9828    10.229496    10.004395    9.9861604   -0.0214997   -0.1211518    0.0601976 
     820    119.66232   -23.980053  0.061870275   -23.918183    1367.5373    1021.9828    10.229496    10.004395    9.9861604   -0.0214997   -0.1211518    0.0601976 
     830    72.359444    -23.95345  0.037412769   -23.916037    1495.4745    1021.9828    10.229496    10.004395    9.9861604   -0.0214997   -0.1211518    0.0601976 
     840     120.3604   -23.985864  0.062231208   -23.923632    937.79201    1021.9828    10.229496    10.004395    9.9861604   -0.0214997   -0.1211518    0.0601976 
     850    121.80662   -23.990298  0.062978967   -23.927319    26.446598    1021.9828    10.229496    10.004395    9.9861604   -0.0214997   -0.1211518    0.0601976 
     860    102.98864   -23.978387  0.053249306   -23.925137   -857.97066    1021.9828    10.229496    10.004395    9.9861604   -0.0214997   -0.1211518    0.0601976 
     870    96.725356   -23.972354  0.050010934   -23.922343   -1419.6108    1021.9828    10.229496    10.004395    9.9861604   -0.0214997   -0.1211518    0.0601976 
     880    76.316473   -23.963305  0.039458714   -23.923846   -1391.3373    1021.9828    10.229496    10.004395    9.9861604   -0.0214997   -0.1211518    0.0601976 
     890    104.87114   -23.985362  0.054222636    -23.93114   -796.19986    1021.9828    10.229496    10.004395    9.9861604   -0.0214997   -0.1211518    0.0601976 
     900    111.98344   -23.995555  0.057899982   -23.937655    69.897794    1021.9828    10.229496    10.004395    9.9861604   -0.0214997   -0.1211518    0.0601976 
     910    80.849084   -23.982857  0.041802257   -23.941055    873.27245    1021.9828    10.229496    10.004395    9.9861604   -0.0214997   -0.1211518    0.0601976 
     920    74.590543   -23.983361  0.038566337   -23.944795    1305.4093    1021.9828    10.229496    10.004395    9.9861604   -0.0214997   -0.1211518    0.0601976 
     930    56.120505   -23.981713  0.029016579   -23.952696    1144.3073    1021.9828    10.229496    10.004395    9.9861604   -0.0214997   -0.1211518    0.0601976 
     940     69.44963   -23.997645  0.035908277   -23.961737    534.06329    1021.9828    10.229496    10.004395    9.9861604   -0.0214997   -0.1211518    0.0601976 
     950    69.675659   -24.002442  0.036025143   -23.966417   -188.61496    1021.9828    10.229496    10.004395    9.9861604   -0.0214997   -0.1211518    0.0601976 
     960    43.288355   -23.988631  0.022381836   -23.966249   -801.49653    1021.9828    10.229496    10.004395    9.9861604   -0.0214997   -0.1211518    0.0601976 
     970     47.95621   -23.990799  0.024795306   -23.966003    -1118.868    1021.9828    10.229496    10.004395    9.9861604   -0.0214997   -0.1211518    0.0601976 
     980    35.358751   -23.985172  0.018281909    -23.96689   -999.72456    1021.9828    10.229496    10.004395    9.9861604   -0.0214997   -0.1211518    0.0601976 
     990    59.383441    -23.99998  0.030703649   -23.969277   -502.12714    1021.9828    10.229496    10.004395    9.9861604   -0.0214997   -0.1211518    0.0601976 
    1000    62.022648   -24.000254  0.032068226   -23.968185    175.21569    1021.9828    10.229496    10.004395    9.9861604   -0.0214997   -0.1211518    0.0601976 
    1010    53.603908   -23.990728  0.027715396   -23.963013    832.82734    1021.9828    10.229496    10.004395    9.9861604   -0.0214997   -0.1211518    0.0601976 
    1020    62.820823   -23.987555  0.032480915   -23.955074    1233.1949    1021.9828    10.229496    10.004395    9.9861604   -0.0214997   -0.1211518    0.0601976 
    1030    58.374024   -23.979236  0.030181739   -23.949055    1120.7367    1021.9828    10.229496    10.004395    9.9861604   -0.0214997   -0.1211518    0.0601976 
    1040    106.34284   -23.999775  0.054983561   -23.944792    490.44602    1021.9828    10.229496    10.004395    9.9861604   -0.0214997   -0.1211518    0.0601976 
    1050    101.66249   -23.987546  0.052563635   -23.934983   -377.38378    1021.9828    10.229496    10.004395    9.9861604   -0.0214997   -0.1211518    0.0601976 
    1060    105.76764   -23.977045  0.054686164   -23.922359   -1171.0197    1021.9828    10.229496    10.004395    9.9861604   -0.0214997   -0.1211518    0.0601976 
    1070    96.619197   -23.961549  0.049956045   -23.911593   -1550.5911    1021.9828    10.229496    10.004395    9.9861604   -0.0214997   -0.1211518    0.0601976 
    1080    115.87465   -23.968756  0.059911898   -23.908844   -1274.7708    1021.9828    10.229496    10.004395    9.9861604   -0.0214997   -0.1211518    0.0601976 
    1090    149.54446   -23.987804  0.077320553   -23.910483   -451.49373    1021.9828    10.229496    10.004395    9.9861604   -0.0214997   -0.1211518    0.0601976 
    1100    153.48266   -23.988391  0.079356761   -23.909035    582.96313    1021.9828    10.229496    10.004395    9.9861604   -0.0214997   -0.1211518    0.0601976 
    1110    123.61857   -23.965922  0.063915816   -23.902006    1405.0861    1021.9828    10.229496    10.004395    9.9861604   -0.0214997   -0.1211518    0.0601976 
    1120    116.06066   -23.960364  0.060008073   -23.900356    1589.4966    1021.9828    10.229496    10.004395    9.9861604   -0.0214997   -0.1211518    0.0601976 
    1130     128.4294    -23.97459   0.06640321   -23.908187    1064.3426    1021.9828    10.229496    10.004395    9.9861604   -0.0214997   -0.1211518    0.0601976 
    1140    136.81824   -23.985876  0.070740582   -23.915135    117.12133    1021.9828    10.229496    10.004395    9.9861604   -0.0214997   -0.1211518    0.0601976 
    1150    112.67912   -23.975276  0.058259676   -23.917016   -837.08029    1021.9828    10.229496    10.004395    9.9861604   -0.0214997   -0.1211518    0.0601976 
    1160    88.103979   -23.963463  0.045553332    -23.91791    -1400.999    1021.9828    10.229496    10.004395    9.9861604   -0.0214997   -0.1211518    0.0601976 
    1170    84.085809    -23.96781  0.043475775   -23.924334   -1361.7648    1021.9828    10.229496    10.004395    9.9861604   -0.0214997   -0.1211518    0.0601976 
    1180    80.392256   -23.975077  0.041566059   -23.933511   -810.69329    1021.9828    10.229496    10.004395    9.9861604   -0.0214997   -0.1211518    0.0601976 
    1190    107.64492   -23.998177   0.05565679    -23.94252     25.60355    1021.9828    10.229496    10.004395    9.9861604   -0.0214997   -0.1211518    0.0601976 
    1200    62.956971   -23.976835  0.032551309   -23.944284     851.2284    1021.9828    10.229496    10.004395    9.9861604   -0.0214997   -0.1211518    0.0601976 
    1210    65.504814   -23.979814  0.033868647   -23.945945    1278.4265    1021.9828    10.229496    10.004395    9.9861604   -0.0214997   -0.1211518    0.0601976 
    1220     46.82096   -23.975967  0.024208336   -23.951759    1150.6631    1021.9828    10.229496    10.004395    9.9861604   -0.0214997   -0.1211518    0.0601976 
    1230    61.222464   -23.991584  0.031654498   -23.959929     605.2088    1021.9828    10.229496    10.004395    9.9861604   -0.0214997   -0.1211518    0.0601976 
    1240    63.300375   -23.998835  0.032728863   -23.966106   -127.93887    1021.9828    10.229496    10.004395    9.9861604   -0.0214997   -0.1211518    0.0601976 
    1250    35.205664   -23.985884  0.018202757   -23.967682   -757.12921    1021.9828    10.229496    10.004395    9.9861604   -0.0214997   -0.1211518    0.0601976 
    1260    36.437058   -23.989134  0.018839437   -23.970295   -1039.4829    1021.9828    10.229496    10.004395    9.9861604   -0.0214997   -0.1211518    0.0601976 
    1270    21.290004   -23.985245  0.011007796   -23.974237   -914.41053    1021.9828    10.229496    10.004395    9.9861604   -0.0214997   -0.1211518    0.0601976 
    1280    38.259482   -23.999076  0.019781705   -23.979294   -482.51284    1021.9828    10.229496    10.004395    9.9861604   -0.0214997   -0.1211518    0.0601976 
    1290    35.501306   -24.000632  0.018355616   -23.982277    103.62058    1021.9828    10.229496    10.004395    9.9861604   -0.0214997   -0.1211518    0.0601976 
    1300    26.617113   -23.995756  0.013762127   -23.981994    646.15162    1021.9828    10.229496    10.004395    9.9861604   -0.0214997   -0.1211518    0.0601976 
    1310    24.386605   -23.993504  0.012608864   -23.980895    926.01507    1021.9828    10.229496    10.004395    9.9861604   -0.0214997   -0.1211518    0.0601976 
    1320    19.337206    -23.99096   0.00999812   -23.980962    852.55971    1021.9828    10.229496    10.004395    9.9861604   -0.0214997   -0.1211518    0.0601976 
    1330    34.194515   -23.999184  0.017679952   -23.981504    471.17824    1021.9828    10.229496    10.004395    9.9861604   -0.0214997   -0.1211518    0.0601976 
    1340    40.764942   -24.000178  0.021077129   -23.979101   -112.00623    1021.9828    10.229496    10.004395    9.9861604   -0.0214997   -0.1211518    0.0601976 
    1350     33.03722   -23.988609  0.017081583   -23.971528   -725.92937    1021.9828    10.229496    10.004395    9.9861604   -0.0214997   -0.1211518    0.0601976 
    1360    46.166758   -23.985017  0.023870087   -23.961147   -1125.7776    1021.9828    10.229496    10.004395    9.9861604   -0.0214997   -0.1211518    0.0601976 
    1370    34.805442   -23.970303  0.017995826   -23.952307   -1100.6877    1021.9828    10.229496    10.004395    9.9861604   -0.0214997   -0.1211518    0.0601976 
    1380    85.884524    -23.99254  0.044405784   -23.948134   -620.48127    1021.9828    10.229496    10.004395    9.9861604   -0.0214997   -0.1211518    0.0601976 
    1390    80.977319   -23.984699   0.04186856    -23.94283    197.33435    1021.9828    10.229496    10.004395    9.9861604   -0.0214997   -0.1211518    0.0601976 
    1400    85.544615   -23.977743  0.044230037   -23.933513     1041.207    1021.9828    10.229496    10.004395    9.9861604   -0.0214997   -0.1211518    0.0601976 
    1410    83.351942   -23.966599  0.043096337   -23.923503    1460.1636    1021.9828    10.229496    10.004395    9.9861604   -0.0214997   -0.1211518    0.0601976 
    1420    81.427395   -23.962018  0.042101268   -23.919916    1268.2673    1021.9828    10.229496    10.004395    9.9861604   -0.0214997   -0.1211518    0.0601976 
    1430    134.81703   -23.990171  0.069705878   -23.920465    547.62415    1021.9828    10.229496    10.004395    9.9861604   -0.0214997   -0.1211518    0.0601976 
    1440    107.30916   -23.970808  0.055483188   -23.915325    -460.9649    1021.9828    10.229496    10.004395    9.9861604   -0.0214997   -0.1211518    0.0601976 
    1450    119.59826   -23.967944  0.061837153   -23.906106   -1285.6392    1021.9828    10.229496    10.004395    9.9861604   -0.0214997   -0.1211518    0.0601976 
    1460    94.148659   -23.948599  0.048678677    -23.89992   -1542.2221    1021.9828    10.229496    10.004395    9.9861604   -0.0214997   -0.1211518    0.0601976 
    1470    109.31246   -23.957526  0.056518976   -23.901007   -1189.1396    1021.9828    10.229496    10.004395    9.9861604   -0.0214997   -0.1211518    0.0601976 
    1480    162.75783    -23.99005  0.084152402   -23.905897   -336.87856    1021.9828    10.229496    10.004395    9.9861604   -0.0214997   -0.1211518    0.0601976 
    1490    124.28236   -23.969835  0.064259026   -23.905576     738.4393    1021.9828    10.229496    10.004395    9.9861604   -0.0214997   -0.1211518    0.0601976 
    1500    129.73322   -23.970184   0.06707734   -23.903107    1463.6826    1021.9828    10.229496    10.004395    9.9861604   -0.0214997   -0.1211518    0.0601976 
    1510    98.728313   -23.958062  0.051046544   -23.907016    1515.4409    1021.9828    10.229496    10.004395    9.9861604   -0.0214997   -0.1211518    0.0601976 
    1520    116.95344   -23.978422  0.060469676   -23.917952    963.07568    1021.9828    10.229496    10.004395    9.9861604   -0.0214997   -0.1211518    0.0601976 
    1530    123.55843   -23.992683  0.063884721   -23.928798    11.866508    1021.9828    10.229496    10.004395    9.9861604   -0.0214997   -0.1211518    0.0601976 
    1540    88.789741   -23.977645  0.045907899   -23.931737   -872.16282    1021.9828    10.229496    10.004395    9.9861604   -0.0214997   -0.1211518    0.0601976 
    1550    80.026179   -23.976718  0.041376782   -23.935341   -1315.2444    1021.9828    10.229496    10.004395    9.9861604   -0.0214997   -0.1211518    0.0601976 
    1560    60.108714   -23.972551  0.031078644   -23.941472   -1248.0805    1021.9828    10.229496    10.004395    9.9861604   -0.0214997   -0.1211518    0.0601976 
    1570    73.145874   -23.987801  0.037819385   -23.949982   -739.27947    1021.9828    10.229496    10.004395    9.9861604   -0.0214997   -0.1211518    0.0601976 
    1580     82.36621   -23.999178  0.042586673   -23.956592    56.503827    1021.9828    10.229496    10.004395    9.9861604   -0.0214997   -0.1211518    0.0601976 
    1590    57.724658   -23.986972   0.02984599   -23.957126    803.36422    1021.9828    10.229496    10.004395    9.9861604   -0.0214997   -0.1211518    0.0601976 
    1600    57.326652   -23.986666  0.029640205   -23.957025    1174.0805    1021.9828    10.229496    10.004395    9.9861604   -0.0214997   -0.1211518    0.0601976 
    1610    48.068532    -23.98353  0.024853382   -23.958677    1098.3429    1021.9828    10.229496    10.004395    9.9861604   -0.0214997   -0.1211518    0.0601976 
    1620    66.462615   -23.996803  0.034363869   -23.962439    599.73555    1021.9828    10.229496    10.004395    9.9861604   -0.0214997   -0.1211518    0.0601976 
    1630    73.435093   -24.000609  0.037968923    -23.96264    -170.5926    1021.9828    10.229496    10.004395    9.9861604   -0.0214997   -0.1211518    0.0601976 
    1640    57.225916   -23.986433  0.029588121   -23.956845   -872.30249    1021.9828    10.229496    10.004395    9.9861604   -0.0214997   -0.1211518    0.0601976 
    1650    64.479776   -23.982178  0.033338661   -23.948839   -1252.5493    1021.9828    10.229496    10.004395    9.9861604   -0.0214997   -0.1211518    0.0601976 
    1660    64.242534   -23.971934  0.033215997   -23.938718   -1218.9925    1021.9828    10.229496    10.004395    9.9861604   -0.0214997   -0.1211518    0.0601976 
    1670    118.01616   -23.989336  0.061019142   -23.928317   -701.99176    1021.9828    10.229496    10.004395    9.9861604   -0.0214997   -0.1211518    0.0601976 
    1680    143.59821    -23.98839  0.074246101   -23.914144    289.59665    1021.9828    10.229496    10.004395    9.9861604   -0.0214997   -0.1211518    0.0601976 
    1690    148.34384   -23.972376  0.076699785   -23.895676    1286.9461    1021.9828    10.229496    10.004395    9.9861604   -0.0214997   -0.1211518    0.0601976 
    1700    149.82469   -23.959549  0.077465444   -23.882084    1690.4004    1021.9828    10.229496    10.004395    9.9861604   -0.0214997   -0.1211518    0.0601976 
    1710    153.08342   -23.959382  0.079150339   -23.880232    1390.5698    1021.9828    10.229496    10.004395    9.9861604   -0.0214997   -0.1211518    0.0601976 
    1720    204.97087   -23.993523   0.10597826   -23.887545    426.05604    1021.9828    10.229496    10.004395    9.9861604   -0.0214997   -0.1211518    0.0601976 
    1730     149.9405   -23.965168  0.077525321   -23.887642   -740.25627    1021.9828    10.229496    10.004395    9.9861604   -0.0214997   -0.1211518    0.0601976 
    1740    149.52689   -23.966808  0.077311469   -23.889496   -1493.5005    1021.9828    10.229496    10.004395    9.9861604   -0.0214997   -0.1211518    0.0601976 
    1750    96.363472   -23.946693  0.049823825   -23.896869   -1590.0055    1021.9828    10.229496    10.004395    9.9861604   -0.0214997   -0.1211518    0.0601976 
    1760    130.02571    -23.97858   0.06722857   -23.911352   -1080.3236    1021.9828    10.229496    10.004395    9.9861604   -0.0214997   -0.1211518    0.0601976 
    1770    127.68141   -23.990575  0.066016472   -23.924558   -160.76785    1021.9828    10.229496    10.004395    9.9861604   -0.0214997   -0.1211518    0.0601976 
    1780    102.02758   -23.982417    0.0527524   -23.929665    785.87754    1021.9828    10.229496    10.004395    9.9861604   -0.0214997   -0.1211518    0.0601976 
    1790    81.653703    -23.97301  0.042218278   -23.930792    1343.5468    1021.9828    10.229496    10.004395    9.9861604   -0.0214997   -0.1211518    0.0601976 
    1800    69.693572   -23.971253  0.036034405   -23.935218    1330.6148    1021.9828    10.229496    10.004395    9.9861604   -0.0214997   -0.1211518    0.0601976 
    1810    81.595847   -23.985059  0.042188364   -23.942871    778.80225    1021.9828    10.229496    10.004395    9.9861604   -0.0214997   -0.1211518    0.0601976 
    1820     92.82223   -23.995123   0.04799286    -23.94713   -59.059335    1021.9828    10.229496    10.004395    9.9861604   -0.0214997   -0.1211518    0.0601976 
    1830    66.942986   -23.980114  0.034612241   -23.945502   -827.28435    1021.9828    10.229496    10.004395    9.9861604   -0.0214997   -0.1211518    0.0601976 
    1840     60.89863   -23.974478  0.031487063   -23.942991   -1270.8506    1021.9828    10.229496    10.004395    9.9861604   -0.0214997   -0.1211518    0.0601976 
    1850    61.182735   -23.974425  0.031633957   -23.942791   -1230.9817    1021.9828    10.229496    10.004395    9.9861604   -0.0214997   -0.1211518    0.0601976 
    1860    71.982737   -23.982262  0.037217996   -23.945044    -698.0324    1021.9828    10.229496    10.004395    9.9861604   -0.0214997   -0.1211518    0.0601976 
    1870    100.79191    -23.99697  0.052113508   -23.944856    131.10796    1021.9828    10.229496    10.004395    9.9861604   -0.0214997   -0.1211518    0.0601976 
    1880    68.794263   -23.972759  0.035569426    -23.93719    941.58272    1021.9828    10.229496    10.004395    9.9861604   -0.0214997   -0.1211518    0.0601976 
    1890    89.930925   -23.973879  0.046497938   -23.927382    1428.7468    1021.9828    10.229496    10.004395    9.9861604   -0.0214997   -0.1211518    0.0601976 
    1900    81.680747    -23.96059  0.042232261   -23.918358    1344.1783    1021.9828    10.229496    10.004395    9.9861604   -0.0214997   -0.1211518    0.0601976 
    1910    133.51212   -23.979607  0.069031182   -23.910576    632.03356    1021.9828    10.229496    10.004395    9.9861604   -0.0214997   -0.1211518    0.0601976 
    1920    169.49197   -23.977456  0.087634225   -23.889822   -425.29468    1021.9828    10.229496    10.004395    9.9861604   -0.0214997   -0.1211518    0.0601976 
    1930    156.01954   -23.940452  0.080668435   -23.859784   -1406.5164    1021.9828    10.229496    10.004395    9.9861604   -0.0214997   -0.1211518    0.0601976 
    1940    183.94406   -23.930319  0.095106544   -23.835212   -1873.0358    1021.9828    10.229496    10.004395    9.9861604   -0.0214997   -0.1211518    0.0601976 
    1950    193.67691   -23.930732   0.10013882   -23.830593   -1460.2477    1021.9828    10.229496    10.004395    9.9861604   -0.0214997   -0.1211518    0.0601976 
    1960    236.71905     -23.9638   0.12239336   -23.841406   -345.12173    1021.9828    10.229496    10.004395    9.9861604   -0.0214997   -0.1211518    0.0601976 
    1970    218.27959   -23.964671   0.11285941   -23.851811    880.45454    1021.9828    10.229496    10.004395    9.9861604   -0.0214997   -0.1211518    0.0601976 
    1980     161.5439   -23.943964  0.083524753   -23.860439    1704.9115    1021.9828    10.229496    10.004395    9.9861604   -0.0214997   -0.1211518    0.0601976 
    1990     146.0772   -23.951042  0.075527839   -23.875515     1714.945    1021.9828    10.229496    10.004395    9.9861604   -0.0214997   -0.1211518    0.0601976 
    2000    153.90028   -23.975531   0.07957269   -23.895958    933.28485    1021.9828    10.229496    10.004395    9.9861604   -0.0214997   -0.1211518    0.0601976 
    2010    149.91627   -23.984621  0.077512793   -23.907108   -110.05588    1021.9828    10.229496    10.004395    9.9861604   -0.0214997   -0.1211518    0.0601976 
    2020    119.45655   -23.971498  0.061763884   -23.909734   -1045.6998    1021.9828    10.229496    10.004395    9.9861604   -0.0214997   -0.1211518    0.0601976 
    2030    93.187384   -23.959508  0.048181659   -23.911327   -1538.2648    1021.9828    10.229496    10.004395    9.9861604   -0.0214997   -0.1211518    0.0601976 
    2040    86.716557   -23.962311  0.044835979   -23.917475    -1381.626    1021.9828    10.229496    10.004395    9.9861604   -0.0214997   -0.1211518    0.0601976 
    2050    118.92345   -23.989086  0.061488248   -23.927598   -684.05983    1021.9828    10.229496    10.004395    9.9861604   -0.0214997   -0.1211518    0.0601976 
    2060    103.09312   -23.985963  0.053303325   -23.932659    228.63285    1021.9828    10.229496    10.004395    9.9861604   -0.0214997   -0.1211518    0.0601976 
    2070     106.9913   -23.988925  0.055318846   -23.933606    1049.7174    1021.9828    10.229496    10.004395    9.9861604   -0.0214997   -0.1211518    0.0601976 
    2080    62.315421   -23.964017  0.032219601   -23.931797    1445.6107    1021.9828    10.229496    10.004395    9.9861604   -0.0214997   -0.1211518    0.0601976 
    2090    87.683683   -23.983159  0.045336022   -23.937823    1183.1669    1021.9828    10.229496    10.004395    9.9861604   -0.0214997   -0.1211518    0.0601976 
    2100    93.087505   -23.991816  0.048130018   -23.943686    460.57458    1021.9828    10.229496    10.004395    9.9861604   -0.0214997   -0.1211518    0.0601976 
    2110    89.991102   -23.990958  0.046529051   -23.944429   -394.48767    1021.9828    10.229496    10.004395    9.9861604   -0.0214997   -0.1211518    0.0601976 
    2120    85.342081   -23.985694  0.044125319   -23.941569    -1110.231    1021.9828    10.229496    10.004395    9.9861604   -0.0214997   -0.1211518    0.0601976 
    2130    51.714949   -23.964984  0.026738727   -23.938245   -1391.5493    1021.9828    10.229496    10.004395    9.9861604   -0.0214997   -0.1211518    0.0601976 
    2140    92.335128    -23.98821  0.047741008   -23.940469   -1109.0616    1021.9828    10.229496    10.004395    9.9861604   -0.0214997   -0.1211518    0.0601976 
    2150    84.031025   -23.984841   0.04344745   -23.941393   -411.06801    1021.9828    10.229496    10.004395    9.9861604   -0.0214997   -0.1211518    0.0601976 
    2160    117.81132   -24.000333  0.060913234    -23.93942    457.37919    1021.9828    10.229496    10.004395    9.9861604   -0.0214997   -0.1211518    0.0601976 
    2170    79.777902   -23.970196  0.041248413   -23.928948    1242.1797    1021.9828    10.229496    10.004395    9.9861604   -0.0214997   -0.1211518    0.0601976 
    2180    107.40938    -23.97466  0.055535009   -23.919125    1543.3834    1021.9828    10.229496    10.004395    9.9861604   -0.0214997   -0.1211518    0.0601976 
    2190    119.39261    -23.97477  0.061730822   -23.913039    1118.0369    1021.9828    10.229496    10.004395    9.9861604   -0.0214997   -0.1211518    0.0601976 
    2200    170.96989   -23.993293  0.088398373   -23.904895    223.21809    1021.9828    10.229496    10.004395    9.9861604   -0.0214997   -0.1211518    0.0601976 
    2210    162.00411   -23.972724  0.083762698   -23.888962   -840.16063    1021.9828    10.229496    10.004395    9.9861604   -0.0214997   -0.1211518    0.0601976 
    2220    158.05853   -23.952502  0.081722673   -23.870779   -1670.9353    1021.9828    10.229496    10.004395    9.9861604   -0.0214997   -0.1211518    0.0601976 
    2230    155.06085   -23.943221  0.080172749   -23.863049   -1744.3608    1021.9828    10.229496    10.004395    9.9861604   -0.0214997   -0.1211518    0.0601976 
    2240    185.08135   -23.963971  0.095694571   -23.868276   -1037.3569    1021.9828    10.229496    10.004395    9.9861604   -0.0214997   -0.1211518    0.0601976 
    2250    206.87645   -23.985107   0.10696352   -23.878143    50.963895    1021.9828    10.229496    10.004395    9.9861604   -0.0214997   -0.1211518    0.0601976 
    2260    160.12557   -23.967316  0.082791415   -23.884524    1129.8298    1021.9828    10.229496    10.004395    9.9861604   -0.0214997   -0.1211518    0.0601976 
    2270    129.46881   -23.959873  0.066940628   -23.892932    1671.8388    1021.9828    10.229496    10.004395    9.9861604   -0.0214997   -0.1211518    0.0601976 
    2280    97.109706   -23.961298  0.050209659   -23.911088    1369.0603    1021.9828    10.229496    10.004395    9.9861604   -0.0214997   -0.1211518    0.0601976 
    2290     122.2938   -23.993797  0.063230858   -23.930566    580.18825    1021.9828    10.229496    10.004395    9.9861604   -0.0214997   -0.1211518    0.0601976 
    2300    75.587223   -23.978514  0.039081662   -23.939432   -311.95648    1021.9828    10.229496    10.004395    9.9861604   -0.0214997   -0.1211518    0.0601976 
    2310    87.484692   -23.987849  0.045233136   -23.942616   -1021.2022    1021.9828    10.229496    10.004395    9.9861604   -0.0214997   -0.1211518    0.0601976 
    2320    42.384244   -23.964499  0.021914374   -23.942584   -1298.3312    1021.9828    10.229496    10.004395    9.9861604   -0.0214997   -0.1211518    0.0601976 
    2330     67.16444    -23.98086  0.034726741   -23.946133   -1069.6467    1021.9828    10.229496    10.004395    9.9861604   -0.0214997   -0.1211518    0.0601976 
    2340    81.899013   -23.991973  0.042345113   -23.949628   -439.52833    1021.9828    10.229496    10.004395    9.9861604   -0.0214997   -0.1211518    0.0601976 
    2350     71.48951   -23.986079  0.036962978   -23.949116    380.82687    1021.9828    10.229496    10.004395    9.9861604   -0.0214997   -0.1211518    0.0601976 
    2360    83.927131   -23.987466  0.043393732   -23.944073     1088.082    1021.9828    10.229496    10.004395    9.9861604   -0.0214997   -0.1211518    0.0601976 
    2370    44.026846   -23.960923  0.022763666   -23.938159     1356.394    1021.9828    10.229496    10.004395    9.9861604   -0.0214997   -0.1211518    0.0601976 
    2380    90.026981   -23.985544  0.046547603   -23.938997    1062.8765    1021.9828    10.229496    10.004395    9.9861604   -0.0214997   -0.1211518    0.0601976 
    2390    81.968245   -23.980589  0.042380909   -23.938208    333.44802    1021.9828    10.229496    10.004395    9.9861604   -0.0214997   -0.1211518    0.0601976 
    2400    98.796612   -23.984582  0.051081857     -23.9335   -553.96195    1021.9828    10.229496    10.004395    9.9861604   -0.0214997   -0.1211518    0.0601976 
    2410    79.200152   -23.964769  0.040949692    -23.92382   -1245.2161    1021.9828    10.229496    10.004395    9.9861604   -0.0214997   -0.1211518    0.0601976 
    2420    82.742147   -23.959476  0.042781048   -23.916695   -1438.5548    1021.9828    10.229496    10.004395    9.9861604   -0.0214997   -0.1211518    0.0601976 
    2430    92.718129   -23.961602  0.047939035   -23.913663   -1057.9043    1021.9828    10.229496    10.004395    9.9861604   -0.0214997   -0.1211518    0.0601976 
    2440    152.41584   -23.991471  0.078805173   -23.912666   -211.92765    1021.9828    10.229496    10.004395    9.9861604   -0.0214997   -0.1211518    0.0601976 
    2450    108.37251   -23.959877  0.056032985   -23.903844    818.65571    1021.9828    10.229496    10.004395    9.9861604   -0.0214997   -0.1211518    0.0601976 
    2460    137.16652   -23.964403  0.070920656   -23.893483    1536.6055    1021.9828    10.229496    10.004395    9.9861604   -0.0214997   -0.1211518    0.0601976 
    2470    105.19484   -23.943415      0.05439   -23.889025    1575.3099    1021.9828    10.229496    10.004395    9.9861604   -0.0214997   -0.1211518    0.0601976 
    2480    149.57551   -23.972142  0.077336609   -23.894805    924.49989    1021.9828    10.229496    10.004395    9.9861604   -0.0214997   -0.1211518    0.0601976 
    2490    168.59914   -23.987206  0.087172597   -23.900033   -145.00799    1021.9828    10.229496    10.004395    9.9861604   -0.0214997   -0.1211518    0.0601976 
    2500    113.23879   -23.957204  0.058549052   -23.898655   -1092.3334    1021.9828    10.229496    10.004395    9.9861604   -0.0214997   -0.1211518    0.0601976 
    2510    120.82676   -23.967021  0.062472339   -23.904548   -1515.8833    1021.9828    10.229496    10.004395    9.9861604   -0.0214997   -0.1211518    0.0601976 
    2520    67.593241   -23.953157  0.034948448   -23.918208   -1295.5283    1021.9828    10.229496    10.004395    9.9861604   -0.0214997   -0.1211518    0.0601976 
    2530    105.83779   -23.992174  0.054722433   -23.937451   -588.25935    1021.9828    10.229496    10.004395    9.9861604   -0.0214997   -0.1211518    0.0601976 
    2540    77.515532   -23.990045  0.040078676   -23.949966    283.44267    1021.9828    10.229496    10.004395    9.9861604   -0.0214997   -0.1211518    0.0601976 
    2550    58.110473    -23.98471  0.030045473   -23.954664    948.15141    1021.9828    10.229496    10.004395    9.9861604   -0.0214997   -0.1211518    0.0601976 
    2560    51.745068   -23.984591    0.0267543   -23.957837    1194.6341    1021.9828    10.229496    10.004395    9.9861604   -0.0214997   -0.1211518    0.0601976 
    2570     42.64066   -23.983968  0.022046951   -23.961921    988.46131    1021.9828    10.229496    10.004395    9.9861604   -0.0214997   -0.1211518    0.0601976 
    2580    63.527313   -23.999234  0.032846199   -23.966388    399.60185    1021.9828    10.229496    10.004395    9.9861604   -0.0214997   -0.1211518    0.0601976 
    2590    57.696821   -23.996216  0.029831598   -23.966384   -332.21234    1021.9828    10.229496    10.004395    9.9861604   -0.0214997   -0.1211518    0.0601976 
    2600    46.150392   -23.986192  0.023861626    -23.96233    -923.9393    1021.9828    10.229496    10.004395    9.9861604   -0.0214997   -0.1211518    0.0601976 
    2610    49.892486   -23.984197   0.02579644   -23.958401   -1181.1009    1021.9828    10.229496    10.004395    9.9861604   -0.0214997   -0.1211518    0.0601976 
    2620    44.343165   -23.978703  0.022927216   -23.955775   -1010.6233    1021.9828    10.229496    10.004395    9.9861604   -0.0214997   -0.1211518    0.0601976 
    2630    89.025489    -24.00069  0.046029791    -23.95466   -421.62828    1021.9828    10.229496    10.004395    9.9861604   -0.0214997   -0.1211518    0.0601976 
    2640    78.803731   -23.988876  0.040744727   -23.948131     410.1344    1021.9828    10.229496    10.004395    9.9861604   -0.0214997   -0.1211518    0.0601976 
    2650    82.573991    -23.97998  0.042694104   -23.937285    1137.7751    1021.9828    10.229496    10.004395    9.9861604   -0.0214997   -0.1211518    0.0601976 
    2660    90.934446   -23.973765  0.047016799   -23.926748    1453.6051    1021.9828    10.229496    10.004395    9.9861604   -0.0214997   -0.1211518    0.0601976 
    2670    90.701628   -23.968827  0.046896422   -23.921931    1160.9889    1021.9828    10.229496    10.004395    9.9861604   -0.0214997   -0.1211518    0.0601976 
    2680    153.88015   -24.001517  0.079562283   -23.921954    286.99669    1021.9828    10.229496    10.004395    9.9861604   -0.0214997   -0.1211518    0.0601976 
    2690    118.58794   -23.975601  0.061314775   -23.914286   -713.85485    1021.9828    10.229496    10.004395    9.9861604   -0.0214997   -0.1211518    0.0601976 
    2700    126.24078   -23.972316  0.065271607   -23.907044   -1404.8774    1021.9828    10.229496    10.004395    9.9861604   -0.0214997   -0.1211518    0.0601976 
    2710    105.53199    -23.95812  0.054564321   -23.903556   -1571.2489    1021.9828    10.229496    10.004395    9.9861604   -0.0214997   -0.1211518    0.0601976 
    2720    117.99027   -23.969139  0.061005756   -23.908133   -1102.6701    1021.9828    10.229496    10.004395    9.9861604   -0.0214997   -0.1211518    0.0601976 
    2730    161.87478   -23.998803  0.083695832   -23.915107   -127.91007    1021.9828    10.229496    10.004395    9.9861604   -0.0214997   -0.1211518    0.0601976 
    2740    113.27078   -23.972544  0.058565587   -23.913979    867.88934    1021.9828    10.229496    10.004395    9.9861604   -0.0214997   -0.1211518    0.0601976 
    2750    122.27378   -23.976308  0.063220505   -23.913088     1446.081    1021.9828    10.229496    10.004395    9.9861604   -0.0214997   -0.1211518    0.0601976 
    2760    100.44735   -23.966954  0.051935357   -23.915019    1462.1459    1021.9828    10.229496    10.004395    9.9861604   -0.0214997   -0.1211518    0.0601976 
    2770    116.00318    -23.98358   0.05997835   -23.923601    810.94727    1021.9828    10.229496    10.004395    9.9861604   -0.0214997   -0.1211518    0.0601976 
    2780    127.48916   -23.994904  0.065917071   -23.928987    -184.2815    1021.9828    10.229496    10.004395    9.9861604   -0.0214997   -0.1211518    0.0601976 
    2790    86.945579   -23.972519  0.044954393   -23.927565   -998.74187    1021.9828    10.229496    10.004395    9.9861604   -0.0214997   -0.1211518    0.0601976 
    2800    89.391186   -23.974314  0.046218871   -23.928095   -1399.9727    1021.9828    10.229496    10.004395    9.9861604   -0.0214997   -0.1211518    0.0601976 
    2810    68.702538    -23.96719     0.035522   -23.931668   -1294.1757    1021.9828    10.229496    10.004395    9.9861604   -0.0214997   -0.1211518    0.0601976 
    2820    103.15118   -23.992832  0.053333345   -23.939498   -668.06918    1021.9828    10.229496    10.004395    9.9861604   -0.0214997   -0.1211518    0.0601976 
    2830    97.724192   -23.994031  0.050527373   -23.943504    245.10119    1021.9828    10.229496    10.004395    9.9861604   -0.0214997   -0.1211518    0.0601976 
    2840    74.192642     -23.9807  0.038360607   -23.942339    989.85463    1021.9828    10.229496    10.004395    9.9861604   -0.0214997   -0.1211518    0.0601976 
    2850    71.158224   -23.979942  0.036791689    -23.94315    1305.4891    1021.9828    10.229496    10.004395    9.9861604   -0.0214997   -0.1211518    0.0601976 
    2860    54.788654   -23.976166  0.028327958   -23.947838    1107.1718    1021.9828    10.229496    10.004395    9.9861604   -0.0214997   -0.1211518    0.0601976 
    2870    76.211635   -23.996038  0.039404508   -23.956633    441.15255    1021.9828    10.229496    10.004395    9.9861604   -0.0214997   -0.1211518    0.0601976 
    2880    62.132356   -23.993234   0.03212495   -23.961109   -343.95559    1021.9828    10.229496    10.004395    9.9861604   -0.0214997   -0.1211518    0.0601976 
    2890    44.487683   -23.985565  0.023001937   -23.962563   -909.70945    1021.9828    10.229496    10.004395    9.9861604   -0.0214997   -0.1211518    0.0601976 
    2900    41.765328   -23.986367  0.021594369   -23.964773   -1111.6541    1021.9828    10.229496    10.004395    9.9861604   -0.0214997   -0.1211518    0.0601976 
    2910     32.30996   -23.984787   0.01670556   -23.968081   -916.38346    1021.9828    10.229496    10.004395    9.9861604   -0.0214997   -0.1211518    0.0601976 
    2920     53.89971   -24.000089  0.027868337    -23.97222   -382.73298    1021.9828    10.229496    10.004395    9.9861604   -0.0214997   -0.1211518    0.0601976 
    2930     47.14337   -23.996673  0.024375035   -23.972298    302.34243    1021.9828    10.229496    10.004395    9.9861604   -0.0214997   -0.1211518    0.0601976 
    2940    38.886939   -23.989049  0.020106126   -23.968943    868.33834    1021.9828    10.229496    10.004395    9.9861604   -0.0214997   -0.1211518    0.0601976 
    2950    45.453951   -23.988377  0.023501537   -23.964875    1120.6762    1021.9828    10.229496    10.004395    9.9861604   -0.0214997   -0.1211518    0.0601976 
    2960    34.946907   -23.979757  0.018068969   -23.961688    950.69413    1021.9828    10.229496    10.004395    9.9861604   -0.0214997   -0.1211518    0.0601976 
    2970    82.576397    -24.00215  0.042695348   -23.959455    357.66086    1021.9828    10.229496    10.004395    9.9861604   -0.0214997   -0.1211518    0.0601976 
    2980    62.515144   -23.982629  0.032322866   -23.950306   -439.45883    1021.9828    10.229496    10.004395    9.9861604   -0.0214997   -0.1211518    0.0601976 
    2990     76.84993   -23.978098  0.039734532   -23.938364   -1122.0812    1021.9828    10.229496    10.004395    9.9861604   -0.0214997   -0.1211518    0.0601976 
    3000     69.14505   -23.962079  0.035750797   -23.926328   -1410.9042    1021.9828    10.229496    10.004395    9.9861604   -0.0214997   -0.1211518    0.0601976 
Loop time of 35.5237 on 1 procs for 3000 steps with 5 atoms

Performance: 14.593 ns/day, 1.645 hours/ns, 84.451 timesteps/s
235.5% CPU use with 1 MPI tasks x no OpenMP threads

MPI task timing breakdown:
Section |  min time  |  avg time  |  max time  |%varavg| %total
---------------------------------------------------------------
Pair    | 34.771     | 34.771     | 34.771     |   0.0 | 97.88
Neigh   | 0.0015068  | 0.0015068  | 0.0015068  |   0.0 |  0.00
Comm    | 0.012875   | 0.012875   | 0.012875   |   0.0 |  0.04
Output  | 0.71131    | 0.71131    | 0.71131    |   0.0 |  2.00
Modify  | 0.020282   | 0.020282   | 0.020282   |   0.0 |  0.06
Other   |            | 0.006768   |            |       |  0.02

Nlocal:    5 ave 5 max 5 min
Histogram: 1 0 0 0 0 0 0 0 0 0
Nghost:    97 ave 97 max 97 min
Histogram: 1 0 0 0 0 0 0 0 0 0
Neighs:    0 ave 0 max 0 min
Histogram: 1 0 0 0 0 0 0 0 0 0

Total # of neighbors = 0
Ave neighs/atom = 0
Neighbor list builds = 143
Dangerous builds = 0
Total wall time: 0:00:41
