2019-06-25 21:42:05.401200: I tensorflow/core/platform/cpu_feature_guard.cc:140] Your CPU supports instructions that this TensorFlow binary was not compiled to use: AVX512F
2019-06-25 21:42:08.757524: E tensorflow/stream_executor/cuda/cuda_driver.cc:406] failed call to cuInit: CUDA_ERROR_NO_DEVICE
2019-06-25 21:42:08.757606: I tensorflow/stream_executor/cuda/cuda_diagnostics.cc:158] retrieving CUDA diagnostic information for host: SR760-GPU-5
2019-06-25 21:42:08.757619: I tensorflow/stream_executor/cuda/cuda_diagnostics.cc:165] hostname: SR760-GPU-5
2019-06-25 21:42:08.757685: I tensorflow/stream_executor/cuda/cuda_diagnostics.cc:189] libcuda reported version is: 410.48.0
2019-06-25 21:42:08.757760: I tensorflow/stream_executor/cuda/cuda_diagnostics.cc:193] kernel reported version is: 410.48.0
2019-06-25 21:42:08.757770: I tensorflow/stream_executor/cuda/cuda_diagnostics.cc:300] kernel version seems to match DSO: 410.48.0
 of lammps module:
  use deepmd-kit at:  /sharedext4/local/deepmd-kit-0.12.4
  source:             v0.12.4-1-ge3cd911-dirty
  source branch:      master
  source commit:      e3cd911
  source commit at:   2019-02-07 10:22:13 +0800
  build float prec:   double
  build with tf inc:  /sharedext4/local/tensorflow/r1.8.gpu.cc/include
  build with tf lib:  /sharedext4/local/tensorflow/r1.8.gpu.cc/lib/libtensorflow_cc.so;/sharedext4/local/tensorflow/r1.8.gpu.cc/lib/libtensorflow_framework.so
  >>> Info of model(s):
  using   4 model(s): ../graph.002.pb ../graph.003.pb ../graph.000.pb ../graph.001.pb 
  rcut in model:      5
  ntypes in model:    2
Neighbor list info ...
  update every 1 steps, delay 10 steps, check yes
  max neighbors/atom: 2000, page size: 100000
  master list distance cutoff = 6
  ghost atom cutoff = 6
  binsize = 3, bins = 4 4 4
  1 neighbor lists, perpetual/occasional/extra = 1 0 0
  (1) pair deepmd, perpetual
      attributes: , newton on
      pair build: full/bin/atomonly
      stencil: full/bin/3d
      bin: standard
Setting up Verlet run ...
  Unit style    : metal
  Current step  : 0
  Time step     : 0.002
Per MPI rank memory allocation (min/avg/max) = 3.934 | 3.934 | 3.934 Mbytes
Step Temp PotEng KinEng TotEng Press Volume Lx Ly Lz Xy Xz Yz 
       0          100    -23.94928  0.051704058   -23.897576   -1690.4744    1031.5883    10.214959    10.281993    9.8218317   -0.2738647    0.0852164   -0.1571505 
      10    75.476812   -23.930575  0.039024575    -23.89155   -2156.0914    1031.5883    10.214959    10.281993    9.8218317   -0.2738647    0.0852164   -0.1571505 
      20    102.86322   -23.950412  0.053184458   -23.897227   -1774.1043    1031.5883    10.214959    10.281993    9.8218317   -0.2738647    0.0852164   -0.1571505 
      30    141.43518   -23.981939  0.073127727   -23.908811   -662.87538    1031.5883    10.214959    10.281993    9.8218317   -0.2738647    0.0852164   -0.1571505 
      40    139.25305   -23.983096  0.071999476   -23.911097    799.17616    1031.5883    10.214959    10.281993    9.8218317   -0.2738647    0.0852164   -0.1571505 
      50     79.73989   -23.940083  0.041228759   -23.898854    1874.4173    1031.5883    10.214959    10.281993    9.8218317   -0.2738647    0.0852164   -0.1571505 
      60    73.743888   -23.935807  0.038128583   -23.897679    2040.9815    1031.5883    10.214959    10.281993    9.8218317   -0.2738647    0.0852164   -0.1571505 
      70    95.119102   -23.957915  0.049180436   -23.908735    1306.5184    1031.5883    10.214959    10.281993    9.8218317   -0.2738647    0.0852164   -0.1571505 
      80    121.77612   -23.981961  0.062963197   -23.918997    34.716148    1031.5883    10.214959    10.281993    9.8218317   -0.2738647    0.0852164   -0.1571505 
      90    82.794987   -23.960697  0.042808368   -23.917888   -1180.1533    1031.5883    10.214959    10.281993    9.8218317   -0.2738647    0.0852164   -0.1571505 
     100    51.813776     -23.9443  0.026789825    -23.91751   -1813.0643    1031.5883    10.214959    10.281993    9.8218317   -0.2738647    0.0852164   -0.1571505 
     110    38.971691   -23.945517  0.020149946   -23.925367   -1675.8381    1031.5883    10.214959    10.281993    9.8218317   -0.2738647    0.0852164   -0.1571505 
     120    79.491384   -23.980249  0.041100271   -23.939148   -908.69636    1031.5883    10.214959    10.281993    9.8218317   -0.2738647    0.0852164   -0.1571505 
     130    75.102398   -23.986361  0.038830988    -23.94753    170.30797    1031.5883    10.214959    10.281993    9.8218317   -0.2738647    0.0852164   -0.1571505 
     140    60.426228   -23.977691  0.031242812   -23.946448    1147.9427    1031.5883    10.214959    10.281993    9.8218317   -0.2738647    0.0852164   -0.1571505 
     150    25.297587   -23.956897  0.013079879   -23.943818    1612.7175    1031.5883    10.214959    10.281993    9.8218317   -0.2738647    0.0852164   -0.1571505 
     160    40.870298    -23.96983  0.021131602   -23.948699    1403.0784    1031.5883    10.214959    10.281993    9.8218317   -0.2738647    0.0852164   -0.1571505 
     170    58.069841   -23.985935  0.030024464   -23.955911    630.55289    1031.5883    10.214959    10.281993    9.8218317   -0.2738647    0.0852164   -0.1571505 
     180    66.288952   -23.991163  0.034274078   -23.956889   -367.76976    1031.5883    10.214959    10.281993    9.8218317   -0.2738647    0.0852164   -0.1571505 
     190    44.563953   -23.973502  0.023041372    -23.95046   -1207.3234    1031.5883    10.214959    10.281993    9.8218317   -0.2738647    0.0852164   -0.1571505 
     200    29.641284   -23.958703  0.015325747   -23.943377   -1610.5831    1031.5883    10.214959    10.281993    9.8218317   -0.2738647    0.0852164   -0.1571505 
     210    44.610783   -23.963053  0.023065585   -23.939988   -1421.6071    1031.5883    10.214959    10.281993    9.8218317   -0.2738647    0.0852164   -0.1571505 
     220    83.378018   -23.981271  0.043109819   -23.938162   -628.67676    1031.5883    10.214959    10.281993    9.8218317   -0.2738647    0.0852164   -0.1571505 
     230    100.06013   -23.980943  0.051735149   -23.929208    565.10103    1031.5883    10.214959    10.281993    9.8218317   -0.2738647    0.0852164   -0.1571505 
     240    81.500924   -23.949718  0.042139285   -23.907579    1678.9428    1031.5883    10.214959    10.281993    9.8218317   -0.2738647    0.0852164   -0.1571505 
     250    69.863654   -23.928373  0.036122344    -23.89225    2114.0362    1031.5883    10.214959    10.281993    9.8218317   -0.2738647    0.0852164   -0.1571505 
     260    120.38075   -23.956609   0.06224173   -23.894368    1566.2305    1031.5883    10.214959    10.281993    9.8218317   -0.2738647    0.0852164   -0.1571505 
     270    171.60345   -23.988158  0.088725948   -23.899432    174.77517    1031.5883    10.214959    10.281993    9.8218317   -0.2738647    0.0852164   -0.1571505 
     280     147.4808   -23.964237  0.076253557   -23.887984   -1342.5222    1031.5883    10.214959    10.281993    9.8218317   -0.2738647    0.0852164   -0.1571505 
     290    103.92441   -23.928919  0.053733137   -23.875186   -2217.3174    1031.5883    10.214959    10.281993    9.8218317   -0.2738647    0.0852164   -0.1571505 
     300    97.222874   -23.925433  0.050268171   -23.875165   -2172.2838    1031.5883    10.214959    10.281993    9.8218317   -0.2738647    0.0852164   -0.1571505 
     310    160.09415   -23.970714  0.082775172   -23.887938   -1261.5239    1031.5883    10.214959    10.281993    9.8218317   -0.2738647    0.0852164   -0.1571505 
     320     165.9357   -23.984228  0.085795488   -23.898432    224.81362    1031.5883    10.214959    10.281993    9.8218317   -0.2738647    0.0852164   -0.1571505 
     330    132.97399   -23.960773  0.068752949    -23.89202    1634.5652    1031.5883    10.214959    10.281993    9.8218317   -0.2738647    0.0852164   -0.1571505 
     340    83.545329   -23.929262  0.043196326   -23.886066    2194.6264    1031.5883    10.214959    10.281993    9.8218317   -0.2738647    0.0852164   -0.1571505 
     350    103.15996   -23.949198  0.053337887    -23.89586    1727.3488    1031.5883    10.214959    10.281993    9.8218317   -0.2738647    0.0852164   -0.1571505 
     360    134.95609   -23.979484  0.069777775   -23.909706    524.83162    1031.5883    10.214959    10.281993    9.8218317   -0.2738647    0.0852164   -0.1571505 
     370    113.86999   -23.970892  0.058875403   -23.912017    -815.6145    1031.5883    10.214959    10.281993    9.8218317   -0.2738647    0.0852164   -0.1571505 
     380    61.611394   -23.941049  0.031855591   -23.909193   -1725.2619    1031.5883    10.214959    10.281993    9.8218317   -0.2738647    0.0852164   -0.1571505 
     390     51.24557   -23.939847  0.026496039    -23.91335   -1873.7174    1031.5883    10.214959    10.281993    9.8218317   -0.2738647    0.0852164   -0.1571505 
     400     67.25967   -23.960028  0.034775979   -23.925252   -1272.1401    1031.5883    10.214959    10.281993    9.8218317   -0.2738647    0.0852164   -0.1571505 
     410    102.61841   -23.990069  0.053057885   -23.937011   -198.75867    1031.5883    10.214959    10.281993    9.8218317   -0.2738647    0.0852164   -0.1571505 
     420    63.810291   -23.970825   0.03299251   -23.937833    923.97566    1031.5883    10.214959    10.281993    9.8218317   -0.2738647    0.0852164   -0.1571505 
     430    48.246805   -23.959715  0.024945556   -23.934769    1626.6361    1031.5883    10.214959    10.281993    9.8218317   -0.2738647    0.0852164   -0.1571505 
     440    27.199522   -23.953195  0.014063256   -23.939132    1601.5106    1031.5883    10.214959    10.281993    9.8218317   -0.2738647    0.0852164   -0.1571505 
     450    60.171651   -23.981837  0.031111186   -23.950726    921.58159    1031.5883    10.214959    10.281993    9.8218317   -0.2738647    0.0852164   -0.1571505 
     460    59.445772   -23.988652  0.030735876   -23.957917   -61.656402    1031.5883    10.214959    10.281993    9.8218317   -0.2738647    0.0852164   -0.1571505 
     470    44.431977   -23.981951  0.022973135   -23.958978   -917.56707    1031.5883    10.214959    10.281993    9.8218317   -0.2738647    0.0852164   -0.1571505 
     480    20.343192   -23.969208  0.010518256   -23.958689   -1362.4675    1031.5883    10.214959    10.281993    9.8218317   -0.2738647    0.0852164   -0.1571505 
     490    23.038548   -23.974572  0.011911864   -23.962661   -1275.0761    1031.5883    10.214959    10.281993    9.8218317   -0.2738647    0.0852164   -0.1571505 
     500    35.335409   -23.987114   0.01826984   -23.968844   -721.07526    1031.5883    10.214959    10.281993    9.8218317   -0.2738647    0.0852164   -0.1571505 
     510    47.626071   -23.997234  0.024624612   -23.972609    86.634503    1031.5883    10.214959    10.281993    9.8218317   -0.2738647    0.0852164   -0.1571505 
     520    28.158717   -23.984965  0.014559199   -23.970406    853.23245    1031.5883    10.214959    10.281993    9.8218317   -0.2738647    0.0852164   -0.1571505 
     530    23.188489    -23.97855   0.01198939   -23.966561    1302.4369    1031.5883    10.214959    10.281993    9.8218317   -0.2738647    0.0852164   -0.1571505 
     540    17.784249   -23.974754 0.0091951782   -23.965559    1251.5714    1031.5883    10.214959    10.281993    9.8218317   -0.2738647    0.0852164   -0.1571505 
     550    45.808149   -23.990709  0.023684672   -23.967024    698.77503    1031.5883    10.214959    10.281993    9.8218317   -0.2738647    0.0852164   -0.1571505 
     560    56.523018   -23.992402  0.029224694   -23.963178   -177.63664    1031.5883    10.214959    10.281993    9.8218317   -0.2738647    0.0852164   -0.1571505 
     570    46.791705   -23.975288   0.02419321   -23.951095   -1080.8615    1031.5883    10.214959    10.281993    9.8218317   -0.2738647    0.0852164   -0.1571505 
     580    38.923075   -23.956586  0.020124809   -23.936461   -1648.9767    1031.5883    10.214959    10.281993    9.8218317   -0.2738647    0.0852164   -0.1571505 
     590     40.22302   -23.948624  0.020796934   -23.927827   -1572.6345    1031.5883    10.214959    10.281993    9.8218317   -0.2738647    0.0852164   -0.1571505 
     600    98.568274   -23.978774  0.050963798    -23.92781   -792.95306    1031.5883    10.214959    10.281993    9.8218317   -0.2738647    0.0852164   -0.1571505 
     610    98.557135    -23.97377  0.050958038   -23.922812    414.67094    1031.5883    10.214959    10.281993    9.8218317   -0.2738647    0.0852164   -0.1571505 
     620    89.900943   -23.956687  0.046482435   -23.910205    1559.9687    1031.5883    10.214959    10.281993    9.8218317   -0.2738647    0.0852164   -0.1571505 
     630    60.016121   -23.928947   0.03103077   -23.897916    2089.7769    1031.5883    10.214959    10.281993    9.8218317   -0.2738647    0.0852164   -0.1571505 
     640    104.27816   -23.957408  0.053916041   -23.903492    1627.4841    1031.5883    10.214959    10.281993    9.8218317   -0.2738647    0.0852164   -0.1571505 
     650    148.49248    -23.98552  0.076776636   -23.908744    358.78888    1031.5883    10.214959    10.281993    9.8218317   -0.2738647    0.0852164   -0.1571505 
     660    150.15143   -23.976637  0.077634383   -23.899002   -1034.8239    1031.5883    10.214959    10.281993    9.8218317   -0.2738647    0.0852164   -0.1571505 
     670    82.250373   -23.925639   0.04252678   -23.883112   -2025.3071    1031.5883    10.214959    10.281993    9.8218317   -0.2738647    0.0852164   -0.1571505 
     680    104.81212   -23.932081   0.05419212   -23.877889   -2211.2206    1031.5883    10.214959    10.281993    9.8218317   -0.2738647    0.0852164   -0.1571505 
     690    118.14742   -23.946179   0.06108701   -23.885092   -1427.3909    1031.5883    10.214959    10.281993    9.8218317   -0.2738647    0.0852164   -0.1571505 
     700    207.90035   -24.002576   0.10749292   -23.895083    35.501423    1031.5883    10.214959    10.281993    9.8218317   -0.2738647    0.0852164   -0.1571505 
     710    114.16039   -23.945531  0.059025552   -23.886506     1473.947    1031.5883    10.214959    10.281993    9.8218317   -0.2738647    0.0852164   -0.1571505 
     720    128.70234    -23.94478  0.066544334   -23.878236    2260.7012    1031.5883    10.214959    10.281993    9.8218317   -0.2738647    0.0852164   -0.1571505 
     730     92.41574   -23.930716  0.047782688   -23.882933    2012.3108    1031.5883    10.214959    10.281993    9.8218317   -0.2738647    0.0852164   -0.1571505 
     740    158.81615   -23.981417  0.082114392   -23.899303    802.36519    1031.5883    10.214959    10.281993    9.8218317   -0.2738647    0.0852164   -0.1571505 
     750    131.48604   -23.970814  0.067983621   -23.902831    -653.0957    1031.5883    10.214959    10.281993    9.8218317   -0.2738647    0.0852164   -0.1571505 
     760     80.14842   -23.943506  0.041439986   -23.902066   -1653.8008    1031.5883    10.214959    10.281993    9.8218317   -0.2738647    0.0852164   -0.1571505 
     770    55.714551   -23.935508  0.028806684   -23.906702   -1911.3651    1031.5883    10.214959    10.281993    9.8218317   -0.2738647    0.0852164   -0.1571505 
     780     68.19444   -23.956411  0.035259293   -23.921151   -1369.7561    1031.5883    10.214959    10.281993    9.8218317   -0.2738647    0.0852164   -0.1571505 
     790    94.947546   -23.984953  0.049091734   -23.935861   -294.84277    1031.5883    10.214959    10.281993    9.8218317   -0.2738647    0.0852164   -0.1571505 
     800    78.203026   -23.980502  0.040434138   -23.940068    839.09117    1031.5883    10.214959    10.281993    9.8218317   -0.2738647    0.0852164   -0.1571505 
     810    39.860658    -23.95813  0.020609578   -23.937521    1578.8965    1031.5883    10.214959    10.281993    9.8218317   -0.2738647    0.0852164   -0.1571505 
     820    36.357057   -23.958754  0.018798074   -23.939956    1661.4201    1031.5883    10.214959    10.281993    9.8218317   -0.2738647    0.0852164   -0.1571505 
     830    55.184812   -23.977524  0.028532787   -23.948991    1064.7809    1031.5883    10.214959    10.281993    9.8218317   -0.2738647    0.0852164   -0.1571505 
     840    70.166485    -23.99033   0.03627892   -23.954051     74.48256    1031.5883    10.214959    10.281993    9.8218317   -0.2738647    0.0852164   -0.1571505 
     850    62.445999   -23.983144  0.032287115   -23.950856   -888.95278    1031.5883    10.214959    10.281993    9.8218317   -0.2738647    0.0852164   -0.1571505 
     860    26.277006   -23.957736  0.013586279    -23.94415   -1500.3843    1031.5883    10.214959    10.281993    9.8218317   -0.2738647    0.0852164   -0.1571505 
     870    47.365403   -23.965838  0.024489835   -23.941348   -1553.2911    1031.5883    10.214959    10.281993    9.8218317   -0.2738647    0.0852164   -0.1571505 
     880    55.448939   -23.969385  0.028669352   -23.940716   -979.54185    1031.5883    10.214959    10.281993    9.8218317   -0.2738647    0.0852164   -0.1571505 
     890    111.20871     -23.9942  0.057499418     -23.9367    82.504295    1031.5883    10.214959    10.281993    9.8218317   -0.2738647    0.0852164   -0.1571505 
     900    82.168382   -23.957524  0.042484388   -23.915039    1287.6452    1031.5883    10.214959    10.281993    9.8218317   -0.2738647    0.0852164   -0.1571505 
     910    87.958392   -23.933257  0.045478058   -23.887779     2156.775    1031.5883    10.214959    10.281993    9.8218317   -0.2738647    0.0852164   -0.1571505 
     920    103.44212   -23.928873  0.053483772   -23.875389    2069.6821    1031.5883    10.214959    10.281993    9.8218317   -0.2738647    0.0852164   -0.1571505 
     930    173.81254    -23.97056  0.089868136   -23.880692    858.07448    1031.5883    10.214959    10.281993    9.8218317   -0.2738647    0.0852164   -0.1571505 
     940    181.30806   -23.967687  0.093743627   -23.873943   -754.70836    1031.5883    10.214959    10.281993    9.8218317   -0.2738647    0.0852164   -0.1571505 
     950    119.86904   -23.922873  0.061977157   -23.860895   -1955.4566    1031.5883    10.214959    10.281993    9.8218317   -0.2738647    0.0852164   -0.1571505 
     960    89.155729   -23.903246   0.04609713   -23.857149   -2314.5741    1031.5883    10.214959    10.281993    9.8218317   -0.2738647    0.0852164   -0.1571505 
     970    145.95689   -23.945408  0.075465635   -23.869943   -1654.6226    1031.5883    10.214959    10.281993    9.8218317   -0.2738647    0.0852164   -0.1571505 
     980    169.36335   -23.975081  0.087567725   -23.887513   -226.09339    1031.5883    10.214959    10.281993    9.8218317   -0.2738647    0.0852164   -0.1571505 
     990    157.86254    -23.97268  0.081621338   -23.891059    1261.7505    1031.5883    10.214959    10.281993    9.8218317   -0.2738647    0.0852164   -0.1571505 
    1000    76.858437   -23.924875  0.039738931   -23.885136    2103.7702    1031.5883    10.214959    10.281993    9.8218317   -0.2738647    0.0852164   -0.1571505 
    1010    93.915384   -23.942104  0.048558064   -23.893546    1966.6695    1031.5883    10.214959    10.281993    9.8218317   -0.2738647    0.0852164   -0.1571505 
    1020    115.51698   -23.971039  0.059726966   -23.911312    937.98744    1031.5883    10.214959    10.281993    9.8218317   -0.2738647    0.0852164   -0.1571505 
    1030     116.0917     -23.9791  0.060024121   -23.919075   -380.20169    1031.5883    10.214959    10.281993    9.8218317   -0.2738647    0.0852164   -0.1571505 
    1040    74.095402   -23.955277   0.03831033   -23.916966   -1420.2762    1031.5883    10.214959    10.281993    9.8218317   -0.2738647    0.0852164   -0.1571505 
    1050    44.263745   -23.940297  0.022886152    -23.91741    -1831.813    1031.5883    10.214959    10.281993    9.8218317   -0.2738647    0.0852164   -0.1571505 
    1060    58.246041   -23.955007  0.030115567   -23.924891   -1502.0118    1031.5883    10.214959    10.281993    9.8218317   -0.2738647    0.0852164   -0.1571505 
    1070    90.918779   -23.982137  0.047008698   -23.935128   -561.64897    1031.5883    10.214959    10.281993    9.8218317   -0.2738647    0.0852164   -0.1571505 
    1080     82.43428   -23.979541  0.042621868    -23.93692     595.5141    1031.5883    10.214959    10.281993    9.8218317   -0.2738647    0.0852164   -0.1571505 
    1090    62.782074   -23.962826   0.03246088   -23.930366     1510.073    1031.5883    10.214959    10.281993    9.8218317   -0.2738647    0.0852164   -0.1571505 
    1100     33.36392   -23.942456    0.0172505   -23.925206    1817.2819    1031.5883    10.214959    10.281993    9.8218317   -0.2738647    0.0852164   -0.1571505 
    1110    65.947725    -23.96524   0.03409765   -23.931142    1333.7401    1031.5883    10.214959    10.281993    9.8218317   -0.2738647    0.0852164   -0.1571505 
    1120    95.058195   -23.984583  0.049148944   -23.935434    282.78336    1031.5883    10.214959    10.281993    9.8218317   -0.2738647    0.0852164   -0.1571505 
    1130    76.978079   -23.967307  0.039800791   -23.927506    -874.3951    1031.5883    10.214959    10.281993    9.8218317   -0.2738647    0.0852164   -0.1571505 
    1140     68.58151   -23.947636  0.035459424   -23.912177    -1725.387    1031.5883    10.214959    10.281993    9.8218317   -0.2738647    0.0852164   -0.1571505 
    1150    43.792813   -23.918418  0.022642661   -23.895776   -1956.3569    1031.5883    10.214959    10.281993    9.8218317   -0.2738647    0.0852164   -0.1571505 
    1160    146.46445   -23.962611  0.075728063   -23.886883    -1338.596    1031.5883    10.214959    10.281993    9.8218317   -0.2738647    0.0852164   -0.1571505 
    1170    161.60428   -23.958638  0.083555969   -23.875082    66.228622    1031.5883    10.214959    10.281993    9.8218317   -0.2738647    0.0852164   -0.1571505 
    1180     195.2103   -23.957328   0.10093165   -23.856397    1653.1756    1031.5883    10.214959    10.281993    9.8218317   -0.2738647    0.0852164   -0.1571505 
    1190    113.63537   -23.890951  0.058754097   -23.832197    2545.5509    1031.5883    10.214959    10.281993    9.8218317   -0.2738647    0.0852164   -0.1571505 
    1200    185.73025   -23.936862  0.096030077   -23.840832    2126.7548    1031.5883    10.214959    10.281993    9.8218317   -0.2738647    0.0852164   -0.1571505 
    1210    207.88974   -23.964644   0.10748743   -23.857156    584.84548    1031.5883    10.214959    10.281993    9.8218317   -0.2738647    0.0852164   -0.1571505 
    1220    228.18672   -23.976476   0.11798179   -23.858494   -1099.9332    1031.5883    10.214959    10.281993    9.8218317   -0.2738647    0.0852164   -0.1571505 
    1230    100.07463   -23.904418  0.051742645   -23.852675   -2239.9837    1031.5883    10.214959    10.281993    9.8218317   -0.2738647    0.0852164   -0.1571505 
    1240     131.7668   -23.931223  0.068128781   -23.863095    -2382.946    1031.5883    10.214959    10.281993    9.8218317   -0.2738647    0.0852164   -0.1571505 
    1250    112.62953   -23.943413  0.058234036   -23.885179   -1478.2437    1031.5883    10.214959    10.281993    9.8218317   -0.2738647    0.0852164   -0.1571505 
    1260    173.57249   -23.993472  0.089744023   -23.903728   -46.004528    1031.5883    10.214959    10.281993    9.8218317   -0.2738647    0.0852164   -0.1571505 
    1270    104.01978   -23.957759  0.053782449   -23.903977    1257.1278    1031.5883    10.214959    10.281993    9.8218317   -0.2738647    0.0852164   -0.1571505 
    1280    66.770044   -23.931674  0.034522822   -23.897152    1985.3313    1031.5883    10.214959    10.281993    9.8218317   -0.2738647    0.0852164   -0.1571505 
    1290    67.276977   -23.939566  0.034784927   -23.904781    1734.1166    1031.5883    10.214959    10.281993    9.8218317   -0.2738647    0.0852164   -0.1571505 
    1300    98.334397   -23.969638  0.050842873   -23.918795      706.942    1031.5883    10.214959    10.281993    9.8218317   -0.2738647    0.0852164   -0.1571505 
    1310     103.0096   -23.974231  0.053260145   -23.920971   -547.35225    1031.5883    10.214959    10.281993    9.8218317   -0.2738647    0.0852164   -0.1571505 
    1320     67.24809   -23.950412  0.034769992   -23.915642   -1533.6911    1031.5883    10.214959    10.281993    9.8218317   -0.2738647    0.0852164   -0.1571505 
    1330    36.880644   -23.930684   0.01906879   -23.911615   -1900.2555    1031.5883    10.214959    10.281993    9.8218317   -0.2738647    0.0852164   -0.1571505 
    1340    72.077101   -23.953853  0.037266786   -23.916586   -1500.1623    1031.5883    10.214959    10.281993    9.8218317   -0.2738647    0.0852164   -0.1571505 
    1350    94.578863   -23.971752   0.04890111   -23.922851   -481.07347    1031.5883    10.214959    10.281993    9.8218317   -0.2738647    0.0852164   -0.1571505 
    1360    102.39859   -23.973899  0.052944225   -23.920955    747.16853    1031.5883    10.214959    10.281993    9.8218317   -0.2738647    0.0852164   -0.1571505 
    1370    68.765691   -23.946597  0.035554653   -23.911043    1716.9792    1031.5883    10.214959    10.281993    9.8218317   -0.2738647    0.0852164   -0.1571505 
    1380    50.434336   -23.931721  0.026076598   -23.905644    1938.9743    1031.5883    10.214959    10.281993    9.8218317   -0.2738647    0.0852164   -0.1571505 
    1390    122.81857   -23.980955  0.063502186   -23.917453    1192.3291    1031.5883    10.214959    10.281993    9.8218317   -0.2738647    0.0852164   -0.1571505 
    1400    118.77465   -23.980081  0.061411312    -23.91867   -58.261936    1031.5883    10.214959    10.281993    9.8218317   -0.2738647    0.0852164   -0.1571505 
    1410    133.44524   -23.977694  0.068996605   -23.908698   -1315.1329    1031.5883    10.214959    10.281993    9.8218317   -0.2738647    0.0852164   -0.1571505 
    1420    69.232214   -23.927896  0.035795864     -23.8921   -2131.1203    1031.5883    10.214959    10.281993    9.8218317   -0.2738647    0.0852164   -0.1571505 
    1430    106.33371   -23.939896  0.054978843   -23.884917   -2090.1893    1031.5883    10.214959    10.281993    9.8218317   -0.2738647    0.0852164   -0.1571505 
    1440    174.42129    -23.97372  0.090182883   -23.883537   -1104.8953    1031.5883    10.214959    10.281993    9.8218317   -0.2738647    0.0852164   -0.1571505 
    1450    204.17671    -23.97785   0.10556764   -23.872283    462.38142    1031.5883    10.214959    10.281993    9.8218317   -0.2738647    0.0852164   -0.1571505 
    1460    206.16372   -23.945343   0.10659501   -23.838748    2006.6465    1031.5883    10.214959    10.281993    9.8218317   -0.2738647    0.0852164   -0.1571505 
    1470     169.5848   -23.882667  0.087682225   -23.794984    2824.1688    1031.5883    10.214959    10.281993    9.8218317   -0.2738647    0.0852164   -0.1571505 
    1480    241.01887   -23.918215   0.12461654   -23.793599    1957.8757    1031.5883    10.214959    10.281993    9.8218317   -0.2738647    0.0852164   -0.1571505 
    1490    309.88527     -23.9537   0.16022326   -23.793476    7.1843555    1031.5883    10.214959    10.281993    9.8218317   -0.2738647    0.0852164   -0.1571505 
    1500    162.52048   -23.872699  0.084029681    -23.78867   -1728.9659    1031.5883    10.214959    10.281993    9.8218317   -0.2738647    0.0852164   -0.1571505 
    1510    149.04162   -23.875731  0.077060567   -23.798671    -2466.801    1031.5883    10.214959    10.281993    9.8218317   -0.2738647    0.0852164   -0.1571505 
    1520    90.570799   -23.877339  0.046828779    -23.83051   -1915.2112    1031.5883    10.214959    10.281993    9.8218317   -0.2738647    0.0852164   -0.1571505 
    1530    187.96748   -23.964351  0.097186812   -23.867164   -526.88379    1031.5883    10.214959    10.281993    9.8218317   -0.2738647    0.0852164   -0.1571505 
    1540    129.67577   -23.946768  0.067047638    -23.87972    996.85524    1031.5883    10.214959    10.281993    9.8218317   -0.2738647    0.0852164   -0.1571505 
    1550    96.247742   -23.928949  0.049763989   -23.879185    2014.6003    1031.5883    10.214959    10.281993    9.8218317   -0.2738647    0.0852164   -0.1571505 
    1560    70.062677   -23.920937  0.036225247   -23.884712    2108.0396    1031.5883    10.214959    10.281993    9.8218317   -0.2738647    0.0852164   -0.1571505 
    1570    126.76915   -23.971149  0.065544794   -23.905604    1229.8791    1031.5883    10.214959    10.281993    9.8218317   -0.2738647    0.0852164   -0.1571505 
    1580    132.46787   -23.982299  0.068491262   -23.913807   -137.99698    1031.5883    10.214959    10.281993    9.8218317   -0.2738647    0.0852164   -0.1571505 
    1590    120.89531   -23.972509  0.062507779   -23.910002   -1334.6208    1031.5883    10.214959    10.281993    9.8218317   -0.2738647    0.0852164   -0.1571505 
    1600    52.971524   -23.931871  0.027388428   -23.904482   -1963.9928    1031.5883    10.214959    10.281993    9.8218317   -0.2738647    0.0852164   -0.1571505 
    1610     99.21127   -23.961183  0.051296253   -23.909886   -1802.4393    1031.5883    10.214959    10.281993    9.8218317   -0.2738647    0.0852164   -0.1571505 
    1620     98.45916   -23.970585  0.050907381   -23.919678   -903.84201    1031.5883    10.214959    10.281993    9.8218317   -0.2738647    0.0852164   -0.1571505 
    1630    142.78595   -24.001027  0.073826131   -23.927201    364.73121    1031.5883    10.214959    10.281993    9.8218317   -0.2738647    0.0852164   -0.1571505 
    1640    89.392057   -23.968243  0.046219321   -23.922024    1479.3024    1031.5883    10.214959    10.281993    9.8218317   -0.2738647    0.0852164   -0.1571505 
    1650    72.371538   -23.953797  0.037419022   -23.916378    1933.4453    1031.5883    10.214959    10.281993    9.8218317   -0.2738647    0.0852164   -0.1571505 
    1660     95.30941   -23.971202  0.049278832   -23.921923    1519.0046    1031.5883    10.214959    10.281993    9.8218317   -0.2738647    0.0852164   -0.1571505 
    1670     110.6129   -23.984867  0.057191357   -23.927676    451.54659    1031.5883    10.214959    10.281993    9.8218317   -0.2738647    0.0852164   -0.1571505 
    1680    121.69714   -23.986465  0.062922358   -23.923543   -790.05967    1031.5883    10.214959    10.281993    9.8218317   -0.2738647    0.0852164   -0.1571505 
    1690    65.847346   -23.947933   0.03404575   -23.913888   -1697.9709    1031.5883    10.214959    10.281993    9.8218317   -0.2738647    0.0852164   -0.1571505 
    1700    64.351285   -23.942485  0.033272226   -23.909213   -1936.3496    1031.5883    10.214959    10.281993    9.8218317   -0.2738647    0.0852164   -0.1571505 
    1710     93.62757    -23.96044  0.048409253    -23.91203   -1383.2622    1031.5883    10.214959    10.281993    9.8218317   -0.2738647    0.0852164   -0.1571505 
    1720    130.07901   -23.981827  0.067256129   -23.914571   -217.13261    1031.5883    10.214959    10.281993    9.8218317   -0.2738647    0.0852164   -0.1571505 
    1730    120.55388   -23.964796  0.062331249   -23.902465    1127.3377    1031.5883    10.214959    10.281993    9.8218317   -0.2738647    0.0852164   -0.1571505 
    1740    77.887672   -23.918374  0.040271087   -23.878103     2098.595    1031.5883    10.214959    10.281993    9.8218317   -0.2738647    0.0852164   -0.1571505 
    1750    73.878251    -23.90327  0.038198054   -23.865072    2114.0319    1031.5883    10.214959    10.281993    9.8218317   -0.2738647    0.0852164   -0.1571505 
    1760    172.68263   -23.959089  0.089283926   -23.869806    1081.8704    1031.5883    10.214959    10.281993    9.8218317   -0.2738647    0.0852164   -0.1571505 
    1770    146.18682   -23.936634  0.075584517   -23.861049   -514.48949    1031.5883    10.214959    10.281993    9.8218317   -0.2738647    0.0852164   -0.1571505 
    1780    155.66643   -23.922619  0.080485862   -23.842133   -1884.5148    1031.5883    10.214959    10.281993    9.8218317   -0.2738647    0.0852164   -0.1571505 
    1790     57.02703   -23.857225  0.029485289    -23.82774   -2388.5051    1031.5883    10.214959    10.281993    9.8218317   -0.2738647    0.0852164   -0.1571505 
    1800    162.40475   -23.921989  0.083969845   -23.838019   -1785.8745    1031.5883    10.214959    10.281993    9.8218317   -0.2738647    0.0852164   -0.1571505 
    1810    185.10552   -23.949308  0.095707067   -23.853601   -322.29386    1031.5883    10.214959    10.281993    9.8218317   -0.2738647    0.0852164   -0.1571505 
    1820    188.90765   -23.960506  0.097672922   -23.862833      1315.32    1031.5883    10.214959    10.281993    9.8218317   -0.2738647    0.0852164   -0.1571505 
    1830    101.50952   -23.919154  0.052484541   -23.866669    2228.8535    1031.5883    10.214959    10.281993    9.8218317   -0.2738647    0.0852164   -0.1571505 
    1840    105.90487   -23.944506  0.054757118   -23.889749    2019.1966    1031.5883    10.214959    10.281993    9.8218317   -0.2738647    0.0852164   -0.1571505 
    1850    120.56135   -23.979973  0.062335111   -23.917637    933.05398    1031.5883    10.214959    10.281993    9.8218317   -0.2738647    0.0852164   -0.1571505 
    1860    138.81591    -24.00186  0.071773459   -23.930087     -377.478    1031.5883    10.214959    10.281993    9.8218317   -0.2738647    0.0852164   -0.1571505 
    1870    69.616928   -23.964574  0.035994777    -23.92858   -1387.6435    1031.5883    10.214959    10.281993    9.8218317   -0.2738647    0.0852164   -0.1571505 
    1880    73.286633   -23.966366  0.037892163   -23.928473   -1815.5826    1031.5883    10.214959    10.281993    9.8218317   -0.2738647    0.0852164   -0.1571505 
    1890    53.567348   -23.960226  0.027696493   -23.932529   -1560.5432    1031.5883    10.214959    10.281993    9.8218317   -0.2738647    0.0852164   -0.1571505 
    1900    111.82617   -23.999342  0.057818669   -23.941523   -707.50621    1031.5883    10.214959    10.281993    9.8218317   -0.2738647    0.0852164   -0.1571505 
    1910    95.665455   -23.992548  0.049462922   -23.943085    449.30078    1031.5883    10.214959    10.281993    9.8218317   -0.2738647    0.0852164   -0.1571505 
    1920    78.575808   -23.976467  0.040626881    -23.93584    1426.0323    1031.5883    10.214959    10.281993    9.8218317   -0.2738647    0.0852164   -0.1571505 
    1930     62.17054   -23.960403  0.032144692   -23.928258    1793.1311    1031.5883    10.214959    10.281993    9.8218317   -0.2738647    0.0852164   -0.1571505 
    1940    78.604416   -23.970186  0.040641673   -23.929544    1401.2678    1031.5883    10.214959    10.281993    9.8218317   -0.2738647    0.0852164   -0.1571505 
    1950    113.03201   -23.989985  0.058442138   -23.931543    363.25563    1031.5883    10.214959    10.281993    9.8218317   -0.2738647    0.0852164   -0.1571505 
    1960    104.45565   -23.977296  0.054007812   -23.923288   -867.68582    1031.5883    10.214959    10.281993    9.8218317   -0.2738647    0.0852164   -0.1571505 
    1970    66.749722   -23.944239  0.034512315   -23.909726   -1759.2236    1031.5883    10.214959    10.281993    9.8218317   -0.2738647    0.0852164   -0.1571505 
    1980     73.22786   -23.939855  0.037861775   -23.901993   -1960.9901    1031.5883    10.214959    10.281993    9.8218317   -0.2738647    0.0852164   -0.1571505 
    1990    97.543556   -23.952695  0.050433977   -23.902261   -1374.5727    1031.5883    10.214959    10.281993    9.8218317   -0.2738647    0.0852164   -0.1571505 
    2000     153.5326   -23.981858  0.079382586   -23.902475   -137.55679    1031.5883    10.214959    10.281993    9.8218317   -0.2738647    0.0852164   -0.1571505 
    2010    118.74475   -23.948895  0.061395855   -23.887499    1306.5982    1031.5883    10.214959    10.281993    9.8218317   -0.2738647    0.0852164   -0.1571505 
    2020    74.226855   -23.903173  0.038378296   -23.864794    2178.6441    1031.5883    10.214959    10.281993    9.8218317   -0.2738647    0.0852164   -0.1571505 
    2030    101.72631   -23.914894  0.052596629   -23.862298    2010.8766    1031.5883    10.214959    10.281993    9.8218317   -0.2738647    0.0852164   -0.1571505 
    2040    156.95699   -23.956816  0.081153132   -23.875663    832.55218    1031.5883    10.214959    10.281993    9.8218317   -0.2738647    0.0852164   -0.1571505 
    2050    173.63407   -23.963927  0.089775861   -23.874151   -770.44277    1031.5883    10.214959    10.281993    9.8218317   -0.2738647    0.0852164   -0.1571505 
    2060    116.77805   -23.922011  0.060378989   -23.861632    -1978.382    1031.5883    10.214959    10.281993    9.8218317   -0.2738647    0.0852164   -0.1571505 
    2070    76.817884    -23.89894  0.039717963   -23.859222   -2293.7464    1031.5883    10.214959    10.281993    9.8218317   -0.2738647    0.0852164   -0.1571505 
    2080    128.33997   -23.941952  0.066356971   -23.875595   -1627.8374    1031.5883    10.214959    10.281993    9.8218317   -0.2738647    0.0852164   -0.1571505 
    2090    147.12518   -23.975192  0.076069689   -23.899122   -246.55204    1031.5883    10.214959    10.281993    9.8218317   -0.2738647    0.0852164   -0.1571505 
    2100    117.92401   -23.974678    0.0609715   -23.913706     1119.338    1031.5883    10.214959    10.281993    9.8218317   -0.2738647    0.0852164   -0.1571505 
    2110     69.83927   -23.958297  0.036109737   -23.922187     1784.382    1031.5883    10.214959    10.281993    9.8218317   -0.2738647    0.0852164   -0.1571505 
    2120    46.962151   -23.958549  0.024281338   -23.934268    1658.3751    1031.5883    10.214959    10.281993    9.8218317   -0.2738647    0.0852164   -0.1571505 
    2130    91.961879   -23.996729  0.047548023   -23.949181    915.54835    1031.5883    10.214959    10.281993    9.8218317   -0.2738647    0.0852164   -0.1571505 
    2140    73.035488   -23.991869  0.037762311   -23.954107   -169.04215    1031.5883    10.214959    10.281993    9.8218317   -0.2738647    0.0852164   -0.1571505 
    2150    76.158675   -23.990614  0.039377126   -23.951237   -1109.9792    1031.5883    10.214959    10.281993    9.8218317   -0.2738647    0.0852164   -0.1571505 
    2160    32.730464   -23.963966  0.016922978   -23.947043   -1571.7747    1031.5883    10.214959    10.281993    9.8218317   -0.2738647    0.0852164   -0.1571505 
    2170    54.943167    -23.97661  0.028407847   -23.948202   -1470.3358    1031.5883    10.214959    10.281993    9.8218317   -0.2738647    0.0852164   -0.1571505 
    2180    71.567045   -23.988707  0.037003067   -23.951704   -831.73918    1031.5883    10.214959    10.281993    9.8218317   -0.2738647    0.0852164   -0.1571505 
    2190    92.030416   -24.000321   0.04758346   -23.952738     210.2923    1031.5883    10.214959    10.281993    9.8218317   -0.2738647    0.0852164   -0.1571505 
    2200     72.17705   -23.981136  0.037318464   -23.943818    1248.9133    1031.5883    10.214959    10.281993    9.8218317   -0.2738647    0.0852164   -0.1571505 
    2210    63.013425   -23.964522  0.032580498   -23.931941    1774.3692    1031.5883    10.214959    10.281993    9.8218317   -0.2738647    0.0852164   -0.1571505 
    2220    68.099966   -23.961641  0.035210446   -23.926431    1579.6117    1031.5883    10.214959    10.281993    9.8218317   -0.2738647    0.0852164   -0.1571505 
    2230    134.30243   -23.994944  0.069439804   -23.925504    686.68248    1031.5883    10.214959    10.281993    9.8218317   -0.2738647    0.0852164   -0.1571505 
    2240    108.40245   -23.969407  0.056048468   -23.913359    -658.9015    1031.5883    10.214959    10.281993    9.8218317   -0.2738647    0.0852164   -0.1571505 
    2250    103.92516   -23.949058  0.053733526   -23.895324   -1758.6395    1031.5883    10.214959    10.281993    9.8218317   -0.2738647    0.0852164   -0.1571505 
    2260    54.543486   -23.911464  0.028201195   -23.883262    -2084.666    1031.5883    10.214959    10.281993    9.8218317   -0.2738647    0.0852164   -0.1571505 
    2270    119.50485   -23.946419  0.061788855    -23.88463   -1541.9372    1031.5883    10.214959    10.281993    9.8218317   -0.2738647    0.0852164   -0.1571505 
    2280    156.86831   -23.971285  0.081107283   -23.890178   -276.28336    1031.5883    10.214959    10.281993    9.8218317   -0.2738647    0.0852164   -0.1571505 
    2290    127.89695   -23.949046  0.066127915   -23.882918      1267.96    1031.5883    10.214959    10.281993    9.8218317   -0.2738647    0.0852164   -0.1571505 
    2300    94.976834   -23.915186  0.049106877   -23.866079    2263.1498    1031.5883    10.214959    10.281993    9.8218317   -0.2738647    0.0852164   -0.1571505 
    2310    72.518467   -23.905236   0.03749499   -23.867741    2169.1083    1031.5883    10.214959    10.281993    9.8218317   -0.2738647    0.0852164   -0.1571505 
    2320    138.09897   -23.956137   0.07140277   -23.884735    1130.6791    1031.5883    10.214959    10.281993    9.8218317   -0.2738647    0.0852164   -0.1571505 
    2330    143.39785   -23.966993   0.07414251   -23.892851   -377.01369    1031.5883    10.214959    10.281993    9.8218317   -0.2738647    0.0852164   -0.1571505 
    2340    89.930334   -23.932792  0.046497632   -23.886295   -1601.3466    1031.5883    10.214959    10.281993    9.8218317   -0.2738647    0.0852164   -0.1571505 
    2350    70.648634   -23.923362  0.036528211   -23.886834   -2016.0115    1031.5883    10.214959    10.281993    9.8218317   -0.2738647    0.0852164   -0.1571505 
    2360    79.099754   -23.938579  0.040897783   -23.897681   -1571.9152    1031.5883    10.214959    10.281993    9.8218317   -0.2738647    0.0852164   -0.1571505 
    2370     131.0604   -23.979514  0.067763546   -23.911751   -490.74343    1031.5883    10.214959    10.281993    9.8218317   -0.2738647    0.0852164   -0.1571505 
    2380    121.61152   -23.981987   0.06287809   -23.919108    867.08706    1031.5883    10.214959    10.281993    9.8218317   -0.2738647    0.0852164   -0.1571505 
    2390    69.446049   -23.951847  0.035906425   -23.915941    1789.0956    1031.5883    10.214959    10.281993    9.8218317   -0.2738647    0.0852164   -0.1571505 
    2400    78.960047   -23.963944  0.040825549   -23.923119    1827.4543    1031.5883    10.214959    10.281993    9.8218317   -0.2738647    0.0852164   -0.1571505 
    2410    73.685914   -23.974704  0.038098608   -23.936605    1129.0366    1031.5883    10.214959    10.281993    9.8218317   -0.2738647    0.0852164   -0.1571505 
    2420    109.46779   -24.005241  0.056599292   -23.948642    36.557326    1031.5883    10.214959    10.281993    9.8218317   -0.2738647    0.0852164   -0.1571505 
    2430    60.978391   -23.982858  0.031528303    -23.95133     -972.794    1031.5883    10.214959    10.281993    9.8218317   -0.2738647    0.0852164   -0.1571505 
    2440     43.02859   -23.977071  0.022247527   -23.954823    -1463.541    1031.5883    10.214959    10.281993    9.8218317   -0.2738647    0.0852164   -0.1571505 
    2450    33.307814   -23.979541  0.017221491    -23.96232   -1351.9435    1031.5883    10.214959    10.281993    9.8218317   -0.2738647    0.0852164   -0.1571505 
    2460    45.309061   -23.994245  0.023426623   -23.970819   -803.00143    1031.5883    10.214959    10.281993    9.8218317   -0.2738647    0.0852164   -0.1571505 
    2470    55.851902   -24.005071    0.0288777   -23.976193   -20.614064    1031.5883    10.214959    10.281993    9.8218317   -0.2738647    0.0852164   -0.1571505 
    2480    40.980135   -23.996656  0.021188393   -23.975468    768.15878    1031.5883    10.214959    10.281993    9.8218317   -0.2738647    0.0852164   -0.1571505 
    2490    28.681139   -23.986535  0.014829313   -23.971706    1250.7833    1031.5883    10.214959    10.281993    9.8218317   -0.2738647    0.0852164   -0.1571505 
    2500    31.992872   -23.987615  0.016541613   -23.971074    1224.1272    1031.5883    10.214959    10.281993    9.8218317   -0.2738647    0.0852164   -0.1571505 
    2510    44.017412   -23.995561  0.022758788   -23.972802    720.98902    1031.5883    10.214959    10.281993    9.8218317   -0.2738647    0.0852164   -0.1571505 
    2520    64.645452   -24.005784  0.033424322    -23.97236   -87.133699    1031.5883    10.214959    10.281993    9.8218317   -0.2738647    0.0852164   -0.1571505 
    2530      44.2427   -23.988711  0.022875271   -23.965836   -922.23969    1031.5883    10.214959    10.281993    9.8218317   -0.2738647    0.0852164   -0.1571505 
    2540    37.143182   -23.977673  0.019204532   -23.958469   -1440.2038    1031.5883    10.214959    10.281993    9.8218317   -0.2738647    0.0852164   -0.1571505 
    2550    39.452695   -23.975823  0.020398644   -23.955425   -1410.0244    1031.5883    10.214959    10.281993    9.8218317   -0.2738647    0.0852164   -0.1571505 
    2560    63.639483   -23.989621  0.032904195   -23.956716   -834.66351    1031.5883    10.214959    10.281993    9.8218317   -0.2738647    0.0852164   -0.1571505 
    2570    89.991618   -24.003268  0.046529318   -23.956739    113.80995    1031.5883    10.214959    10.281993    9.8218317   -0.2738647    0.0852164   -0.1571505 
    2580    56.151708   -23.976741  0.029032712   -23.947708    1124.6273    1031.5883    10.214959    10.281993    9.8218317   -0.2738647    0.0852164   -0.1571505 
    2590    59.384054   -23.966794  0.030703966    -23.93609    1718.6022    1031.5883    10.214959    10.281993    9.8218317   -0.2738647    0.0852164   -0.1571505 
    2600    49.417882   -23.957267   0.02555105   -23.931716    1557.4946    1031.5883    10.214959    10.281993    9.8218317   -0.2738647    0.0852164   -0.1571505 
    2610    100.90338   -23.985358  0.052171144   -23.933186    713.17823    1031.5883    10.214959    10.281993    9.8218317   -0.2738647    0.0852164   -0.1571505 
    2620    99.893725   -23.978843   0.05164911   -23.927194    -484.8565    1031.5883    10.214959    10.281993    9.8218317   -0.2738647    0.0852164   -0.1571505 
    2630    72.777035    -23.95107  0.037628681   -23.913441   -1537.9809    1031.5883    10.214959    10.281993    9.8218317   -0.2738647    0.0852164   -0.1571505 
    2640    53.346015    -23.92947  0.027582055   -23.901888   -1992.4686    1031.5883    10.214959    10.281993    9.8218317   -0.2738647    0.0852164   -0.1571505 
    2650    82.441584   -23.943161  0.042625644   -23.900536   -1623.4322    1031.5883    10.214959    10.281993    9.8218317   -0.2738647    0.0852164   -0.1571505 
    2660    127.53822   -23.969274  0.065942434   -23.903332   -536.18227    1031.5883    10.214959    10.281993    9.8218317   -0.2738647    0.0852164   -0.1571505 
    2670     139.9049   -23.968066  0.072336509   -23.895729    903.63398    1031.5883    10.214959    10.281993    9.8218317   -0.2738647    0.0852164   -0.1571505 
    2680    58.447645   -23.903832  0.030219804   -23.873612      2008.81    1031.5883    10.214959    10.281993    9.8218317   -0.2738647    0.0852164   -0.1571505 
    2690    96.434514   -23.918025  0.049860557   -23.868164    2151.3651    1031.5883    10.214959    10.281993    9.8218317   -0.2738647    0.0852164   -0.1571505 
    2700    104.12812   -23.933508  0.053838464    -23.87967    1254.4825    1031.5883    10.214959    10.281993    9.8218317   -0.2738647    0.0852164   -0.1571505 
    2710    174.82645   -23.978365  0.090392369   -23.887973   -256.61262    1031.5883    10.214959    10.281993    9.8218317   -0.2738647    0.0852164   -0.1571505 
    2720    107.40065   -23.933653  0.055530492   -23.878122   -1612.5091    1031.5883    10.214959    10.281993    9.8218317   -0.2738647    0.0852164   -0.1571505 
    2730    83.608114   -23.915118  0.043228788   -23.871889   -2221.6909    1031.5883    10.214959    10.281993    9.8218317   -0.2738647    0.0852164   -0.1571505 
    2740    94.879894   -23.928817  0.049056756   -23.879761   -1886.1892    1031.5883    10.214959    10.281993    9.8218317   -0.2738647    0.0852164   -0.1571505 
    2750    136.66716   -23.966992  0.070662466   -23.896329   -757.38337    1031.5883    10.214959    10.281993    9.8218317   -0.2738647    0.0852164   -0.1571505 
    2760    142.41432   -23.980831  0.073633984   -23.907197    687.40684    1031.5883    10.214959    10.281993    9.8218317   -0.2738647    0.0852164   -0.1571505 
    2770    88.970239   -23.955518  0.046001224   -23.909517    1730.0531    1031.5883    10.214959    10.281993    9.8218317   -0.2738647    0.0852164   -0.1571505 
    2780    60.514294   -23.951193  0.031288346   -23.919905     1888.836    1031.5883    10.214959    10.281993    9.8218317   -0.2738647    0.0852164   -0.1571505 
    2790    86.216338   -23.983917  0.044577345   -23.939339    1257.3834    1031.5883    10.214959    10.281993    9.8218317   -0.2738647    0.0852164   -0.1571505 
    2800    86.549296   -23.996554  0.044749498   -23.951804    186.30641    1031.5883    10.214959    10.281993    9.8218317   -0.2738647    0.0852164   -0.1571505 
    2810    80.280485   -23.995056  0.041508268   -23.953548   -849.21317    1031.5883    10.214959    10.281993    9.8218317   -0.2738647    0.0852164   -0.1571505 
    2820    42.090611   -23.972633  0.021762554   -23.950871   -1463.6855    1031.5883    10.214959    10.281993    9.8218317   -0.2738647    0.0852164   -0.1571505 
    2830    42.603242   -23.973924  0.022027605   -23.951896   -1519.3585    1031.5883    10.214959    10.281993    9.8218317   -0.2738647    0.0852164   -0.1571505 
    2840    62.295228   -23.988564  0.032209161   -23.956355   -1039.2773    1031.5883    10.214959    10.281993    9.8218317   -0.2738647    0.0852164   -0.1571505 
    2850     76.04226   -23.999253  0.039316934   -23.959936   -146.95172    1031.5883    10.214959    10.281993    9.8218317   -0.2738647    0.0852164   -0.1571505 
    2860    76.855278   -23.996479  0.039737298   -23.956742    869.87558    1031.5883    10.214959    10.281993    9.8218317   -0.2738647    0.0852164   -0.1571505 
    2870    43.998289   -23.970249  0.022748901     -23.9475    1549.4532    1031.5883    10.214959    10.281993    9.8218317   -0.2738647    0.0852164   -0.1571505 
    2880    61.481144   -23.975946  0.031788246   -23.944158    1580.3582    1031.5883    10.214959    10.281993    9.8218317   -0.2738647    0.0852164   -0.1571505 
    2890    79.771011   -23.985917   0.04124485   -23.944672    960.93391    1031.5883    10.214959    10.281993    9.8218317   -0.2738647    0.0852164   -0.1571505 
    2900    107.00922   -23.997857  0.055328111   -23.942529   -120.26295    1031.5883    10.214959    10.281993    9.8218317   -0.2738647    0.0852164   -0.1571505 
    2910    78.502771   -23.971058  0.040589118   -23.930468   -1231.7194    1031.5883    10.214959    10.281993    9.8218317   -0.2738647    0.0852164   -0.1571505 
    2920    55.695444   -23.948143  0.028796805   -23.919346   -1837.7007    1031.5883    10.214959    10.281993    9.8218317   -0.2738647    0.0852164   -0.1571505 
    2930    63.518837    -23.94954  0.032841816   -23.916699   -1698.5511    1031.5883    10.214959    10.281993    9.8218317   -0.2738647    0.0852164   -0.1571505 
    2940    115.11549   -23.980353  0.059519377   -23.920834   -872.68421    1031.5883    10.214959    10.281993    9.8218317   -0.2738647    0.0852164   -0.1571505 
    2950    114.43043   -23.979853  0.059165176   -23.920687      399.347    1031.5883    10.214959    10.281993    9.8218317   -0.2738647    0.0852164   -0.1571505 
    2960    102.53848    -23.96114  0.053016553   -23.908123    1637.4566    1031.5883    10.214959    10.281993    9.8218317   -0.2738647    0.0852164   -0.1571505 
    2970    49.594852    -23.92108  0.025642551   -23.895438    2135.7061    1031.5883    10.214959    10.281993    9.8218317   -0.2738647    0.0852164   -0.1571505 
    2980    99.574385   -23.951398  0.051483998   -23.899914    1659.0617    1031.5883    10.214959    10.281993    9.8218317   -0.2738647    0.0852164   -0.1571505 
    2990    114.44685   -23.964706  0.059173667   -23.905532    511.07213    1031.5883    10.214959    10.281993    9.8218317   -0.2738647    0.0852164   -0.1571505 
    3000    121.00381   -23.964431  0.062563881   -23.901867    -852.2339    1031.5883    10.214959    10.281993    9.8218317   -0.2738647    0.0852164   -0.1571505 
Loop time of 33.9432 on 1 procs for 3000 steps with 5 atoms

Performance: 15.273 ns/day, 1.571 hours/ns, 88.383 timesteps/s
233.7% CPU use with 1 MPI tasks x no OpenMP threads

MPI task timing breakdown:
Section |  min time  |  avg time  |  max time  |%varavg| %total
---------------------------------------------------------------
Pair    | 33.338     | 33.338     | 33.338     |   0.0 | 98.22
Neigh   | 0.001003   | 0.001003   | 0.001003   |   0.0 |  0.00
Comm    | 0.0095124  | 0.0095124  | 0.0095124  |   0.0 |  0.03
Output  | 0.57125    | 0.57125    | 0.57125    |   0.0 |  1.68
Modify  | 0.017842   | 0.017842   | 0.017842   |   0.0 |  0.05
Other   |            | 0.00568    |            |       |  0.02

Nlocal:    5 ave 5 max 5 min
Histogram: 1 0 0 0 0 0 0 0 0 0
Nghost:    121 ave 121 max 121 min
Histogram: 1 0 0 0 0 0 0 0 0 0
Neighs:    0 ave 0 max 0 min
Histogram: 1 0 0 0 0 0 0 0 0 0

Total # of neighbors = 0
Ave neighs/atom = 0
Neighbor list builds = 98
Dangerous builds = 0
Total wall time: 0:00:38
