2019-06-25 21:42:10.732944: I tensorflow/core/platform/cpu_feature_guard.cc:140] Your CPU supports instructions that this TensorFlow binary was not compiled to use: AVX512F
2019-06-25 21:42:14.103516: E tensorflow/stream_executor/cuda/cuda_driver.cc:406] failed call to cuInit: CUDA_ERROR_NO_DEVICE
2019-06-25 21:42:14.103582: I tensorflow/stream_executor/cuda/cuda_diagnostics.cc:158] retrieving CUDA diagnostic information for host: SR760-GPU-5
2019-06-25 21:42:14.103593: I tensorflow/stream_executor/cuda/cuda_diagnostics.cc:165] hostname: SR760-GPU-5
2019-06-25 21:42:14.103655: I tensorflow/stream_executor/cuda/cuda_diagnostics.cc:189] libcuda reported version is: 410.48.0
2019-06-25 21:42:14.103704: I tensorflow/stream_executor/cuda/cuda_diagnostics.cc:193] kernel reported version is: 410.48.0
2019-06-25 21:42:14.103711: I tensorflow/stream_executor/cuda/cuda_diagnostics.cc:300] kernel version seems to match DSO: 410.48.0
fo of lammps module:
  use deepmd-kit at:  /sharedext4/local/deepmd-kit-0.12.4
  source:             v0.12.4-1-ge3cd911-dirty
  source branch:      master
  source commit:      e3cd911
  source commit at:   2019-02-07 10:22:13 +0800
  build float prec:   double
  build with tf inc:  /sharedext4/local/tensorflow/r1.8.gpu.cc/include
  build with tf lib:  /sharedext4/local/tensorflow/r1.8.gpu.cc/lib/libtensorflow_cc.so;/sharedext4/local/tensorflow/r1.8.gpu.cc/lib/libtensorflow_framework.so
  >>> Info of model(s):
  using   4 model(s): ../graph.002.pb ../graph.003.pb ../graph.000.pb ../graph.001.pb 
  rcut in model:      5
  ntypes in model:    2
Neighbor list info ...
  update every 1 steps, delay 10 steps, check yes
  max neighbors/atom: 2000, page size: 100000
  master list distance cutoff = 6
  ghost atom cutoff = 6
  binsize = 3, bins = 4 4 4
  1 neighbor lists, perpetual/occasional/extra = 1 0 0
  (1) pair deepmd, perpetual
      attributes: , newton on
      pair build: full/bin/atomonly
      stencil: full/bin/3d
      bin: standard
Setting up Verlet run ...
  Unit style    : metal
  Current step  : 0
  Time step     : 0.002
Per MPI rank memory allocation (min/avg/max) = 3.934 | 3.934 | 3.934 Mbytes
Step Temp PotEng KinEng TotEng Press Volume Lx Ly Lz Xy Xz Yz 
       0          100   -23.972522  0.051704058   -23.920818   -950.51759    1010.7556    10.056094    10.014935    10.036185    0.2716086   -0.2531061    0.1426963 
      10    74.299393   -23.955564  0.038415801   -23.917148   -1360.5297    1010.7556    10.056094    10.014935    10.036185    0.2716086   -0.2531061    0.1426963 
      20    101.34127   -23.970041   0.05239755   -23.917644   -1282.1611    1010.7556    10.056094    10.014935    10.036185    0.2716086   -0.2531061    0.1426963 
      30    96.013597   -23.970825  0.049642926   -23.921182   -615.96035    1010.7556    10.056094    10.014935    10.036185    0.2716086   -0.2531061    0.1426963 
      40    122.75632   -23.985531  0.063469998   -23.922061    339.37363    1010.7556    10.056094    10.014935    10.036185    0.2716086   -0.2531061    0.1426963 
      50    103.22065   -23.971445  0.053369267   -23.918076    1081.9389    1010.7556    10.056094    10.014935    10.036185    0.2716086   -0.2531061    0.1426963 
      60    94.795064   -23.964254  0.049012895   -23.915242    1371.8938    1010.7556    10.056094    10.014935    10.036185    0.2716086   -0.2531061    0.1426963 
      70    130.91636   -23.984302  0.067689068   -23.916613    1086.2816    1010.7556    10.056094    10.014935    10.036185    0.2716086   -0.2531061    0.1426963 
      80    117.16746   -23.976486  0.060580331   -23.915906    226.12172    1010.7556    10.056094    10.014935    10.036185    0.2716086   -0.2531061    0.1426963 
      90    155.50957   -23.988898  0.080404756   -23.908494   -766.96985    1010.7556    10.056094    10.014935    10.036185    0.2716086   -0.2531061    0.1426963 
     100    99.593147    -23.94689  0.051493699   -23.895396   -1426.7664    1010.7556    10.056094    10.014935    10.036185    0.2716086   -0.2531061    0.1426963 
     110    132.73481   -23.956449  0.068629284   -23.887819   -1543.2514    1010.7556    10.056094    10.014935    10.036185    0.2716086   -0.2531061    0.1426963 
     120    140.57219   -23.957347  0.072681526   -23.884666   -1014.4606    1010.7556    10.056094    10.014935    10.036185    0.2716086   -0.2531061    0.1426963 
     130      191.933   -23.980249  0.099237151   -23.881012    29.027399    1010.7556    10.056094    10.014935    10.036185    0.2716086   -0.2531061    0.1426963 
     140    155.92605   -23.949142  0.080620093   -23.868522    1119.4515    1010.7556    10.056094    10.014935    10.036185    0.2716086   -0.2531061    0.1426963 
     150     165.3629   -23.943345   0.08549933   -23.857846    1730.6818    1010.7556    10.056094    10.014935    10.036185    0.2716086   -0.2531061    0.1426963 
     160    110.66833   -23.914595   0.05722002   -23.857375     1472.711    1010.7556    10.056094    10.014935    10.036185    0.2716086   -0.2531061    0.1426963 
     170    196.69727   -23.972926   0.10170047   -23.871225    521.21435    1010.7556    10.056094    10.014935    10.036185    0.2716086   -0.2531061    0.1426963 
     180    113.00322   -23.937841  0.058427249   -23.879413   -532.44056    1010.7556    10.056094    10.014935    10.036185    0.2716086   -0.2531061    0.1426963 
     190    104.25381   -23.941605  0.053903448   -23.887702   -1272.5675    1010.7556    10.056094    10.014935    10.036185    0.2716086   -0.2531061    0.1426963 
     200    78.290855   -23.940597  0.040479549   -23.900117   -1365.7791    1010.7556    10.056094    10.014935    10.036185    0.2716086   -0.2531061    0.1426963 
     210    70.358618   -23.951895  0.036378261   -23.915517   -840.47536    1010.7556    10.056094    10.014935    10.036185    0.2716086   -0.2531061    0.1426963 
     220    101.55374   -23.980548  0.052507405    -23.92804   -27.310044    1010.7556    10.056094    10.014935    10.036185    0.2716086   -0.2531061    0.1426963 
     230    53.733972   -23.959685  0.027782644   -23.931902    772.67921    1010.7556    10.056094    10.014935    10.036185    0.2716086   -0.2531061    0.1426963 
     240    68.389132   -23.968826  0.035359956   -23.933466    1263.2187    1010.7556    10.056094    10.014935    10.036185    0.2716086   -0.2531061    0.1426963 
     250    43.105756   -23.959239  0.022287425   -23.936952    1190.0406    1010.7556    10.056094    10.014935    10.036185    0.2716086   -0.2531061    0.1426963 
     260      67.2916    -23.97776  0.034792488   -23.942967    635.68313    1010.7556    10.056094    10.014935    10.036185    0.2716086   -0.2531061    0.1426963 
     270     77.71561   -23.985214  0.040182124   -23.945032   -111.18006    1010.7556    10.056094    10.014935    10.036185    0.2716086   -0.2531061    0.1426963 
     280    56.374373   -23.971193  0.029147839   -23.942045   -824.95065    1010.7556    10.056094    10.014935    10.036185    0.2716086   -0.2531061    0.1426963 
     290    60.227763   -23.968838  0.031140198   -23.937698   -1230.6302    1010.7556    10.056094    10.014935    10.036185    0.2716086   -0.2531061    0.1426963 
     300    60.538086   -23.967175  0.031300647   -23.935874   -1091.0647    1010.7556    10.056094    10.014935    10.036185    0.2716086   -0.2531061    0.1426963 
     310    81.330177   -23.977511  0.042051002    -23.93546   -492.76398    1010.7556    10.056094    10.014935    10.036185    0.2716086   -0.2531061    0.1426963 
     320      102.595   -23.984467  0.053045779   -23.931421    292.83327    1010.7556    10.056094    10.014935    10.036185    0.2716086   -0.2531061    0.1426963 
     330    79.687596   -23.964332  0.041201721   -23.923131    1074.5689    1010.7556    10.056094    10.014935    10.036185    0.2716086   -0.2531061    0.1426963 
     340    109.32819   -23.970061   0.05652711   -23.913534    1491.2077    1010.7556    10.056094    10.014935    10.036185    0.2716086   -0.2531061    0.1426963 
     350    107.04711   -23.965251  0.055347702   -23.909903    1117.3483    1010.7556    10.056094    10.014935    10.036185    0.2716086   -0.2531061    0.1426963 
     360    154.11727   -23.984681  0.079684881   -23.904997    228.25362    1010.7556    10.056094    10.014935    10.036185    0.2716086   -0.2531061    0.1426963 
     370    159.37102   -23.975674  0.082401287   -23.893273   -737.64102    1010.7556    10.056094    10.014935    10.036185    0.2716086   -0.2531061    0.1426963 
     380    131.20722   -23.946498  0.067839456   -23.878659   -1542.8841    1010.7556    10.056094    10.014935    10.036185    0.2716086   -0.2531061    0.1426963 
     390    148.78963   -23.947789  0.076930274   -23.870859   -1706.2681    1010.7556    10.056094    10.014935    10.036185    0.2716086   -0.2531061    0.1426963 
     400    177.25158   -23.967245  0.091646258   -23.875599   -996.31374    1010.7556    10.056094    10.014935    10.036185    0.2716086   -0.2531061    0.1426963 
     410     182.3427    -23.97508  0.094278574   -23.880802    110.83112    1010.7556    10.056094    10.014935    10.036185    0.2716086   -0.2531061    0.1426963 
     420    176.15569   -23.972905  0.091079638   -23.881825    1097.6738    1010.7556    10.056094    10.014935    10.036185    0.2716086   -0.2531061    0.1426963 
     430    95.574933   -23.932212  0.049416119   -23.882796    1629.7709    1010.7556    10.056094    10.014935    10.036185    0.2716086   -0.2531061    0.1426963 
     440    128.48096   -23.972278  0.066429873   -23.905848    1296.4408    1010.7556    10.056094    10.014935    10.036185    0.2716086   -0.2531061    0.1426963 
     450     84.17215   -23.976525  0.043520417   -23.933005    414.68422    1010.7556    10.056094    10.014935    10.036185    0.2716086   -0.2531061    0.1426963 
     460    70.388812   -23.983834  0.036393872    -23.94744   -401.17593    1010.7556    10.056094    10.014935    10.036185    0.2716086   -0.2531061    0.1426963 
     470    56.465156   -23.982395  0.029194777   -23.953201   -937.94414    1010.7556    10.056094    10.014935    10.036185    0.2716086   -0.2531061    0.1426963 
     480    28.943802   -23.969854   0.01496512   -23.954888   -1110.5129    1010.7556    10.056094    10.014935    10.036185    0.2716086   -0.2531061    0.1426963 
     490     54.59408   -23.986677  0.028227355   -23.958449   -856.85992    1010.7556    10.056094    10.014935    10.036185    0.2716086   -0.2531061    0.1426963 
     500    44.180969   -23.983203  0.022843354   -23.960359   -256.11285    1010.7556    10.056094    10.014935    10.036185    0.2716086   -0.2531061    0.1426963 
     510    60.031889   -23.990506  0.031038923   -23.959467    448.89975    1010.7556    10.056094    10.014935    10.036185    0.2716086   -0.2531061    0.1426963 
     520    43.907411   -23.976161  0.022701913   -23.953459    999.11388    1010.7556    10.056094    10.014935    10.036185    0.2716086   -0.2531061    0.1426963 
     530     33.32991   -23.965018  0.017232916   -23.947785    1181.4905    1010.7556    10.056094    10.014935    10.036185    0.2716086   -0.2531061    0.1426963 
     540    69.155025   -23.981342  0.035755954   -23.945586    878.75574    1010.7556    10.056094    10.014935    10.036185    0.2716086   -0.2531061    0.1426963 
     550    60.814383   -23.972469  0.031443504   -23.941026    174.45083    1010.7556    10.056094    10.014935    10.036185    0.2716086   -0.2531061    0.1426963 
     560    80.352427    -23.97369  0.041545466   -23.932144   -652.74541    1010.7556    10.056094    10.014935    10.036185    0.2716086   -0.2531061    0.1426963 
     570    63.940951   -23.951962  0.033060066   -23.918902   -1233.2152    1010.7556    10.056094    10.014935    10.036185    0.2716086   -0.2531061    0.1426963 
     580    61.659978   -23.941374  0.031880711   -23.909494   -1317.2259    1010.7556    10.056094    10.014935    10.036185    0.2716086   -0.2531061    0.1426963 
     590    118.18848   -23.965674  0.061108239   -23.904566   -828.48935    1010.7556    10.056094    10.014935    10.036185    0.2716086   -0.2531061    0.1426963 
     600    93.186374   -23.946819  0.048181137   -23.898638    123.97957    1010.7556    10.056094    10.014935    10.036185    0.2716086   -0.2531061    0.1426963 
     610    151.63457   -23.968985  0.078401224   -23.890584    1140.9789    1010.7556    10.056094    10.014935    10.036185    0.2716086   -0.2531061    0.1426963 
     620    91.558427   -23.926105  0.047339422   -23.878765    1635.1813    1010.7556    10.056094    10.014935    10.036185    0.2716086   -0.2531061    0.1426963 
     630    127.14933   -23.948935  0.065741363   -23.883193     1327.158    1010.7556    10.056094    10.014935    10.036185    0.2716086   -0.2531061    0.1426963 
     640    168.93007   -23.977595  0.087343702   -23.890251    504.66635    1010.7556    10.056094    10.014935    10.036185    0.2716086   -0.2531061    0.1426963 
     650    129.78195   -23.958166  0.067102534   -23.891063   -607.08764    1010.7556    10.056094    10.014935    10.036185    0.2716086   -0.2531061    0.1426963 
     660    146.15837   -23.965281   0.07556981   -23.889711   -1463.9063    1010.7556    10.056094    10.014935    10.036185    0.2716086   -0.2531061    0.1426963 
     670    89.159772   -23.939667   0.04609922   -23.893568   -1546.0275    1010.7556    10.056094    10.014935    10.036185    0.2716086   -0.2531061    0.1426963 
     680    134.53914    -23.97554  0.069562196   -23.905978   -988.61789    1010.7556    10.056094    10.014935    10.036185    0.2716086   -0.2531061    0.1426963 
     690    137.12733    -23.98897  0.070900396    -23.91807   -146.50222    1010.7556    10.056094    10.014935    10.036185    0.2716086   -0.2531061    0.1426963 
     700    95.739503   -23.975779  0.049501208   -23.926277    772.32216    1010.7556    10.056094    10.014935    10.036185    0.2716086   -0.2531061    0.1426963 
     710    107.11459   -23.986557  0.055382592   -23.931175    1324.4422    1010.7556    10.056094    10.014935    10.036185    0.2716086   -0.2531061    0.1426963 
     720    62.489579   -23.970999  0.032309648   -23.938689    1162.1672    1010.7556    10.056094    10.014935    10.036185    0.2716086   -0.2531061    0.1426963 
     730    93.442975   -23.996386   0.04831381   -23.948072     551.9525    1010.7556    10.056094    10.014935    10.036185    0.2716086   -0.2531061    0.1426963 
     740    82.837319   -23.995951  0.042830255   -23.953121   -183.93629    1010.7556    10.056094    10.014935    10.036185    0.2716086   -0.2531061    0.1426963 
     750    55.928108   -23.981805  0.028917101   -23.952888   -857.38033    1010.7556    10.056094    10.014935    10.036185    0.2716086   -0.2531061    0.1426963 
     760     66.75961   -23.988041  0.034517427   -23.953524   -1195.9507    1010.7556    10.056094    10.014935    10.036185    0.2716086   -0.2531061    0.1426963 
     770    39.360112   -23.975428  0.020350775   -23.955077   -1034.2156    1010.7556    10.056094    10.014935    10.036185    0.2716086   -0.2531061    0.1426963 
     780    80.061611   -23.999887  0.041395102   -23.958492   -495.39677    1010.7556    10.056094    10.014935    10.036185    0.2716086   -0.2531061    0.1426963 
     790    66.882221   -23.992322  0.034580822   -23.957741    206.09598    1010.7556    10.056094    10.014935    10.036185    0.2716086   -0.2531061    0.1426963 
     800    60.103099   -23.983205  0.031075741   -23.952129    882.57937    1010.7556    10.056094    10.014935    10.036185    0.2716086   -0.2531061    0.1426963 
     810    76.733257   -23.980565  0.039674208    -23.94089      1251.87    1010.7556    10.056094    10.014935    10.036185    0.2716086   -0.2531061    0.1426963 
     820    58.496701   -23.957038  0.030245168   -23.926793    1084.1902    1010.7556    10.056094    10.014935    10.036185    0.2716086   -0.2531061    0.1426963 
     830    152.87863    -23.98825  0.079044455   -23.909206    381.83303    1010.7556    10.056094    10.014935    10.036185    0.2716086   -0.2531061    0.1426963 
     840    122.36409   -23.947307  0.063267201    -23.88404   -650.97994    1010.7556    10.056094    10.014935    10.036185    0.2716086   -0.2531061    0.1426963 
     850    133.48686   -23.934254  0.069018124   -23.865235   -1508.5377    1010.7556    10.056094    10.014935    10.036185    0.2716086   -0.2531061    0.1426963 
     860    134.41048   -23.927615  0.069495673   -23.858119   -1666.1034    1010.7556    10.056094    10.014935    10.036185    0.2716086   -0.2531061    0.1426963 
     870    123.00922   -23.924555   0.06360076   -23.860954   -1080.2408    1010.7556    10.056094    10.014935    10.036185    0.2716086   -0.2531061    0.1426963 
     880    202.96975   -23.974382    0.1049436   -23.869439   -37.338522    1010.7556    10.056094    10.014935    10.036185    0.2716086   -0.2531061    0.1426963 
     890    115.00785   -23.928671  0.059463726   -23.869207    1073.8781    1010.7556    10.056094    10.014935    10.036185    0.2716086   -0.2531061    0.1426963 
     900    109.99404   -23.929296  0.056871381   -23.872425    1580.1449    1010.7556    10.056094    10.014935    10.036185    0.2716086   -0.2531061    0.1426963 
     910    125.49581    -23.95403  0.064886424   -23.889144    1265.8253    1010.7556    10.056094    10.014935    10.036185    0.2716086   -0.2531061    0.1426963 
     920    102.47474    -23.95823  0.052983598   -23.905247    448.87281    1010.7556    10.056094    10.014935    10.036185    0.2716086   -0.2531061    0.1426963 
     930    132.23307   -23.985922  0.068369865   -23.917552   -532.88734    1010.7556    10.056094    10.014935    10.036185    0.2716086   -0.2531061    0.1426963 
     940    70.223931    -23.95623  0.036308622   -23.919921   -1220.5906    1010.7556    10.056094    10.014935    10.036185    0.2716086   -0.2531061    0.1426963 
     950    72.274696    -23.96254  0.037368951   -23.925171   -1352.8558    1010.7556    10.056094    10.014935    10.036185    0.2716086   -0.2531061    0.1426963 
     960    84.562902   -23.976778  0.043722452   -23.933056   -975.62274    1010.7556    10.056094    10.014935    10.036185    0.2716086   -0.2531061    0.1426963 
     970    72.924247   -23.976986  0.037704795   -23.939281   -242.95748    1010.7556    10.056094    10.014935    10.036185    0.2716086   -0.2531061    0.1426963 
     980    102.82713   -23.995617    0.0531658   -23.942452    592.15666    1010.7556    10.056094    10.014935    10.036185    0.2716086   -0.2531061    0.1426963 
     990    50.415372   -23.965963  0.026066793   -23.939896    1153.7823    1010.7556    10.056094    10.014935    10.036185    0.2716086   -0.2531061    0.1426963 
    1000    77.474523   -23.981937  0.040057472   -23.941879    1195.4656    1010.7556    10.056094    10.014935    10.036185    0.2716086   -0.2531061    0.1426963 
    1010    82.005887   -23.986886  0.042400371   -23.944486    775.50004    1010.7556    10.056094    10.014935    10.036185    0.2716086   -0.2531061    0.1426963 
    1020    79.665064   -23.986531  0.041190071   -23.945341   -3.6026439    1010.7556    10.056094    10.014935    10.036185    0.2716086   -0.2531061    0.1426963 
    1030    105.89969     -23.9949  0.054754437   -23.940146   -837.68827    1010.7556    10.056094    10.014935    10.036185    0.2716086   -0.2531061    0.1426963 
    1040    52.780282   -23.958284  0.027289548   -23.930994   -1306.7592    1010.7556    10.056094    10.014935    10.036185    0.2716086   -0.2531061    0.1426963 
    1050     104.0952   -23.979949  0.053821441   -23.926128   -1284.3745    1010.7556    10.056094    10.014935    10.036185    0.2716086   -0.2531061    0.1426963 
    1060    105.56361   -23.973415  0.054580668   -23.918835   -795.69294    1010.7556    10.056094    10.014935    10.036185    0.2716086   -0.2531061    0.1426963 
    1070    143.96115   -23.984879  0.074433758   -23.910445    126.58212    1010.7556    10.056094    10.014935    10.036185    0.2716086   -0.2531061    0.1426963 
    1080     166.5853   -23.976087  0.086131361   -23.889956    1187.3968    1010.7556    10.056094    10.014935    10.036185    0.2716086   -0.2531061    0.1426963 
    1090    118.75014   -23.929874  0.061398644   -23.868475    1697.4147    1010.7556    10.056094    10.014935    10.036185    0.2716086   -0.2531061    0.1426963 
    1100    203.88402    -23.96423   0.10541631   -23.858814    1396.5102    1010.7556    10.056094    10.014935    10.036185    0.2716086   -0.2531061    0.1426963 
    1110    174.79907   -23.946531  0.090378214   -23.856153    461.57279    1010.7556    10.056094    10.014935    10.036185    0.2716086   -0.2531061    0.1426963 
    1120    183.75158   -23.949565  0.095007025   -23.854558   -728.73487    1010.7556    10.056094    10.014935    10.036185    0.2716086   -0.2531061    0.1426963 
    1130    133.49982   -23.921274  0.069024823    -23.85225   -1471.7326    1010.7556    10.056094    10.014935    10.036185    0.2716086   -0.2531061    0.1426963 
    1140    113.81898    -23.91901  0.058849033   -23.860161   -1476.6347    1010.7556    10.056094    10.014935    10.036185    0.2716086   -0.2531061    0.1426963 
    1150    129.94737   -23.941707  0.067188064   -23.874519   -850.13417    1010.7556    10.056094    10.014935    10.036185    0.2716086   -0.2531061    0.1426963 
    1160    146.06035   -23.963118   0.07551913   -23.887599    210.11183    1010.7556    10.056094    10.014935    10.036185    0.2716086   -0.2531061    0.1426963 
    1170    87.280159   -23.934307  0.045127384   -23.889179     1172.081    1010.7556    10.056094    10.014935    10.036185    0.2716086   -0.2531061    0.1426963 
    1180    117.33991   -23.955246  0.060669496   -23.894577    1526.2044    1010.7556    10.056094    10.014935    10.036185    0.2716086   -0.2531061    0.1426963 
    1190    74.276967   -23.939782  0.038404206   -23.901378    1283.4365    1010.7556    10.056094    10.014935    10.036185    0.2716086   -0.2531061    0.1426963 
    1200    126.12041   -23.978069  0.065209369    -23.91286    501.27249    1010.7556    10.056094    10.014935    10.036185    0.2716086   -0.2531061    0.1426963 
    1210    114.10652   -23.975332  0.058997699   -23.916335    -523.9932    1010.7556    10.056094    10.014935    10.036185    0.2716086   -0.2531061    0.1426963 
    1220     74.34805   -23.951718  0.038440959   -23.913277   -1226.8006    1010.7556    10.056094    10.014935    10.036185    0.2716086   -0.2531061    0.1426963 
    1230    101.55171    -23.96782  0.052506353   -23.915314   -1371.7948    1010.7556    10.056094    10.014935    10.036185    0.2716086   -0.2531061    0.1426963 
    1240    64.237522   -23.952063  0.033213406   -23.918849   -1008.4748    1010.7556    10.056094    10.014935    10.036185    0.2716086   -0.2531061    0.1426963 
    1250    139.90929   -23.998369  0.072338783    -23.92603   -220.24594    1010.7556    10.056094    10.014935    10.036185    0.2716086   -0.2531061    0.1426963 
    1260    85.422996   -23.968889  0.044167155   -23.924722    715.84648    1010.7556    10.056094    10.014935    10.036185    0.2716086   -0.2531061    0.1426963 
    1270     102.3005    -23.97634  0.052893509   -23.923446    1304.7471    1010.7556    10.056094    10.014935    10.036185    0.2716086   -0.2531061    0.1426963 
    1280    92.384148   -23.971784  0.047766354   -23.924017    1324.9322    1010.7556    10.056094    10.014935    10.036185    0.2716086   -0.2531061    0.1426963 
    1290    94.661749    -23.97614  0.048943966   -23.927196    804.52504    1010.7556    10.056094    10.014935    10.036185    0.2716086   -0.2531061    0.1426963 
    1300    128.98049   -23.996262  0.066688148   -23.929573   -114.35669    1010.7556    10.056094    10.014935    10.036185    0.2716086   -0.2531061    0.1426963 
    1310    85.832644   -23.967917   0.04437896   -23.923538   -950.19327    1010.7556    10.056094    10.014935    10.036185    0.2716086   -0.2531061    0.1426963 
    1320    94.242184   -23.967511  0.048727033   -23.918784   -1365.9539    1010.7556    10.056094    10.014935    10.036185    0.2716086   -0.2531061    0.1426963 
    1330    95.979706   -23.966053  0.049625403   -23.916428   -1284.2886    1010.7556    10.056094    10.014935    10.036185    0.2716086   -0.2531061    0.1426963 
    1340    111.37188   -23.974732   0.05758378   -23.917148   -677.17474    1010.7556    10.056094    10.014935    10.036185    0.2716086   -0.2531061    0.1426963 
    1350     144.7541   -23.988488  0.074843743   -23.913644    323.16872    1010.7556    10.056094    10.014935    10.036185    0.2716086   -0.2531061    0.1426963 
    1360    111.13398   -23.956432  0.057460776   -23.898971    1232.5595    1010.7556    10.056094    10.014935    10.036185    0.2716086   -0.2531061    0.1426963 
    1370    131.53083   -23.953298  0.068006777   -23.885291    1600.4128    1010.7556    10.056094    10.014935    10.036185    0.2716086   -0.2531061    0.1426963 
    1380    150.96025   -23.952281  0.078052573   -23.874229    1320.0748    1010.7556    10.056094    10.014935    10.036185    0.2716086   -0.2531061    0.1426963 
    1390    165.34575   -23.954034  0.085490462   -23.868543    326.46952    1010.7556    10.056094    10.014935    10.036185    0.2716086   -0.2531061    0.1426963 
    1400    198.49502   -23.961449   0.10262998   -23.858819   -872.32303    1010.7556    10.056094    10.014935    10.036185    0.2716086   -0.2531061    0.1426963 
    1410    115.74309   -23.908082  0.059843874   -23.848238   -1565.4685    1010.7556    10.056094    10.014935    10.036185    0.2716086   -0.2531061    0.1426963 
    1420    143.93031   -23.925315   0.07441781   -23.850897   -1565.0718    1010.7556    10.056094    10.014935    10.036185    0.2716086   -0.2531061    0.1426963 
    1430    159.30754   -23.949244  0.082368461   -23.866876   -859.30896    1010.7556    10.056094    10.014935    10.036185    0.2716086   -0.2531061    0.1426963 
    1440    139.39972   -23.953638   0.07207531   -23.881563    294.08175    1010.7556    10.056094    10.014935    10.036185    0.2716086   -0.2531061    0.1426963 
    1450     131.6066   -23.958661   0.06804595   -23.890615    1213.9266    1010.7556    10.056094    10.014935    10.036185    0.2716086   -0.2531061    0.1426963 
    1460    63.710051    -23.93572  0.032940682   -23.902779    1496.4585    1010.7556    10.056094    10.014935    10.036185    0.2716086   -0.2531061    0.1426963 
    1470    103.43023   -23.972105  0.053477627   -23.918627     1152.963    1010.7556    10.056094    10.014935    10.036185    0.2716086   -0.2531061    0.1426963 
    1480    81.001476   -23.973237   0.04188105   -23.931356    346.41919    1010.7556    10.056094    10.014935    10.036185    0.2716086   -0.2531061    0.1426963 
    1490    84.384017   -23.979493  0.043629961   -23.935863   -512.47427    1010.7556    10.056094    10.014935    10.036185    0.2716086   -0.2531061    0.1426963 
    1500    65.267996   -23.969569  0.033746203   -23.935823   -1089.2529    1010.7556    10.056094    10.014935    10.036185    0.2716086   -0.2531061    0.1426963 
    1510    51.893388   -23.962605  0.026830987   -23.935774   -1239.7022    1010.7556    10.056094    10.014935    10.036185    0.2716086   -0.2531061    0.1426963 
    1520    75.226293   -23.977669  0.038895046   -23.938774   -904.71187    1010.7556    10.056094    10.014935    10.036185    0.2716086   -0.2531061    0.1426963 
    1530    85.394149   -23.986197  0.044152241   -23.942045   -163.49079    1010.7556    10.056094    10.014935    10.036185    0.2716086   -0.2531061    0.1426963 
    1540    81.235976   -23.981712  0.042002296    -23.93971    639.84451    1010.7556    10.056094    10.014935    10.036185    0.2716086   -0.2531061    0.1426963 
    1550    84.051162   -23.978617  0.043457862   -23.935159    1182.7539    1010.7556    10.056094    10.014935    10.036185    0.2716086   -0.2531061    0.1426963 
    1560    63.090155   -23.964514   0.03262017   -23.931894    1277.6811    1010.7556    10.056094    10.014935    10.036185    0.2716086   -0.2531061    0.1426963 
    1570    112.08695   -23.991438  0.057953503   -23.933484    786.86649    1010.7556    10.056094    10.014935    10.036185    0.2716086   -0.2531061    0.1426963 
    1580    101.96089   -23.983077   0.05271792   -23.930359   -114.33278    1010.7556    10.056094    10.014935    10.036185    0.2716086   -0.2531061    0.1426963 
    1590    110.66693   -23.979327  0.057219295   -23.922107    -955.3326    1010.7556    10.056094    10.014935    10.036185    0.2716086   -0.2531061    0.1426963 
    1600    95.795202   -23.961483  0.049530007   -23.911953   -1435.0302    1010.7556    10.056094    10.014935    10.036185    0.2716086   -0.2531061    0.1426963 
    1610     100.2456   -23.957515  0.051831043   -23.905684   -1391.3638    1010.7556    10.056094    10.014935    10.036185    0.2716086   -0.2531061    0.1426963 
    1620    151.48537   -23.983555  0.078324086   -23.905231     -736.832    1010.7556    10.056094    10.014935    10.036185    0.2716086   -0.2531061    0.1426963 
    1630    148.44443   -23.977579  0.076751795   -23.900827    327.92915    1010.7556    10.056094    10.014935    10.036185    0.2716086   -0.2531061    0.1426963 
    1640    143.69471   -23.962802  0.074295995   -23.888506    1244.1735    1010.7556    10.056094    10.014935    10.036185    0.2716086   -0.2531061    0.1426963 
    1650    135.27691    -23.94609  0.069943652   -23.876146    1627.9915    1010.7556    10.056094    10.014935    10.036185    0.2716086   -0.2531061    0.1426963 
    1660    124.50662   -23.937454  0.064374975   -23.873079     1213.345    1010.7556    10.056094    10.014935    10.036185    0.2716086   -0.2531061    0.1426963 
    1670     196.1317   -23.975648   0.10140805    -23.87424    146.29129    1010.7556    10.056094    10.014935    10.036185    0.2716086   -0.2531061    0.1426963 
    1680    130.79488   -23.934685  0.067626262   -23.867059   -906.19614    1010.7556    10.056094    10.014935    10.036185    0.2716086   -0.2531061    0.1426963 
    1690    135.16355   -23.934146  0.069885042   -23.864261   -1569.5313    1010.7556    10.056094    10.014935    10.036185    0.2716086   -0.2531061    0.1426963 
    1700    123.22303   -23.934273  0.063711305   -23.870562   -1578.1471    1010.7556    10.056094    10.014935    10.036185    0.2716086   -0.2531061    0.1426963 
    1710    118.15343   -23.948358   0.06109012   -23.887267   -839.30886    1010.7556    10.056094    10.014935    10.036185    0.2716086   -0.2531061    0.1426963 
    1720     137.0386   -23.973257   0.07085452   -23.902403    216.51397    1010.7556    10.056094    10.014935    10.036185    0.2716086   -0.2531061    0.1426963 
    1730    67.697169   -23.944466  0.035002183   -23.909464    1008.0253    1010.7556    10.056094    10.014935    10.036185    0.2716086   -0.2531061    0.1426963 
    1740    85.344144   -23.962376  0.044126386   -23.918249    1337.7125    1010.7556    10.056094    10.014935    10.036185    0.2716086   -0.2531061    0.1426963 
    1750    56.196498   -23.958299   0.02905587   -23.929243    1065.5482    1010.7556    10.056094    10.014935    10.036185    0.2716086   -0.2531061    0.1426963 
    1760    82.476805   -23.983434  0.042643855    -23.94079    338.18074    1010.7556    10.056094    10.014935    10.036185    0.2716086   -0.2531061    0.1426963 
    1770    70.519744   -23.980439  0.036461569   -23.943977   -441.24318    1010.7556    10.056094    10.014935    10.036185    0.2716086   -0.2531061    0.1426963 
    1780    55.095139   -23.972912  0.028486423   -23.944426   -1007.4563    1010.7556    10.056094    10.014935    10.036185    0.2716086   -0.2531061    0.1426963 
    1790    44.779328   -23.967558   0.02315273   -23.944406   -1200.6163    1010.7556    10.056094    10.014935    10.036185    0.2716086   -0.2531061    0.1426963 
    1800    60.733506   -23.978235  0.031401687   -23.946833   -908.90085    1010.7556    10.056094    10.014935    10.036185    0.2716086   -0.2531061    0.1426963 
    1810    62.135623   -23.980993  0.032126639   -23.948866   -248.10961    1010.7556    10.056094    10.014935    10.036185    0.2716086   -0.2531061    0.1426963 
    1820    84.944404   -23.991281  0.043919704   -23.947362    485.39181    1010.7556    10.056094    10.014935    10.036185    0.2716086   -0.2531061    0.1426963 
    1830    50.442467   -23.967487  0.026080802   -23.941406    1055.8375    1010.7556    10.056094    10.014935    10.036185    0.2716086   -0.2531061    0.1426963 
    1840    77.160631   -23.976313  0.039895177   -23.936418    1248.0651    1010.7556    10.056094    10.014935    10.036185    0.2716086   -0.2531061    0.1426963 
    1850    86.035231   -23.980234  0.044483706    -23.93575    810.55208    1010.7556    10.056094    10.014935    10.036185    0.2716086   -0.2531061    0.1426963 
    1860    111.67733   -23.988686  0.057741714   -23.930945    -48.27721    1010.7556    10.056094    10.014935    10.036185    0.2716086   -0.2531061    0.1426963 
    1870    129.45557   -23.985313  0.066933782    -23.91838   -876.64291    1010.7556    10.056094    10.014935    10.036185    0.2716086   -0.2531061    0.1426963 
    1880    89.802614   -23.949927  0.046431596   -23.903496   -1477.6905    1010.7556    10.056094    10.014935    10.036185    0.2716086   -0.2531061    0.1426963 
    1890    151.72275   -23.972692  0.078446817   -23.894246   -1552.9204    1010.7556    10.056094    10.014935    10.036185    0.2716086   -0.2531061    0.1426963 
    1900    139.13474   -23.963915  0.071938308   -23.891976   -849.83557    1010.7556    10.056094    10.014935    10.036185    0.2716086   -0.2531061    0.1426963 
    1910    203.83022   -23.997734   0.10538849   -23.892346    270.75394    1010.7556    10.056094    10.014935    10.036185    0.2716086   -0.2531061    0.1426963 
    1920    147.79706   -23.960781  0.076417076   -23.884364    1172.2812    1010.7556    10.056094    10.014935    10.036185    0.2716086   -0.2531061    0.1426963 
    1930    149.84833   -23.957503  0.077477665   -23.880026    1611.9098    1010.7556    10.056094    10.014935    10.036185    0.2716086   -0.2531061    0.1426963 
    1940    145.73031   -23.958639  0.075348484   -23.883291    1288.0043    1010.7556    10.056094    10.014935    10.036185    0.2716086   -0.2531061    0.1426963 
    1950    156.95462   -23.972251  0.081151906   -23.891099    298.84794    1010.7556    10.056094    10.014935    10.036185    0.2716086   -0.2531061    0.1426963 
    1960    129.07039   -23.960101   0.06673463   -23.893366   -701.74592    1010.7556    10.056094    10.014935    10.036185    0.2716086   -0.2531061    0.1426963 
    1970     105.8777   -23.951602   0.05474307   -23.896859   -1299.5753    1010.7556    10.056094    10.014935    10.036185    0.2716086   -0.2531061    0.1426963 
    1980    78.077037   -23.942574  0.040368996   -23.902205   -1352.2061    1010.7556    10.056094    10.014935    10.036185    0.2716086   -0.2531061    0.1426963 
    1990    94.039547   -23.961599  0.048622262   -23.912977   -823.20621    1010.7556    10.056094    10.014935    10.036185    0.2716086   -0.2531061    0.1426963 
    2000    103.00361   -23.973703  0.053257049   -23.920446    78.365256    1010.7556    10.056094    10.014935    10.036185    0.2716086   -0.2531061    0.1426963 
    2010    75.446777   -23.958707  0.039009046   -23.919698    916.53339    1010.7556    10.056094    10.014935    10.036185    0.2716086   -0.2531061    0.1426963 
    2020    74.536253   -23.957238  0.038538267     -23.9187    1349.4187    1010.7556    10.056094    10.014935    10.036185    0.2716086   -0.2531061    0.1426963 
    2030    52.124018      -23.947  0.026950233    -23.92005    1239.2931    1010.7556    10.056094    10.014935    10.036185    0.2716086   -0.2531061    0.1426963 
    2040    92.265328   -23.973819  0.047704919   -23.926114    604.24135    1010.7556    10.056094    10.014935    10.036185    0.2716086   -0.2531061    0.1426963 
    2050    72.558846   -23.964066  0.037515868    -23.92655    -273.9085    1010.7556    10.056094    10.014935    10.036185    0.2716086   -0.2531061    0.1426963 
    2060    69.139861   -23.958585  0.035748114   -23.922837   -994.32215    1010.7556    10.056094    10.014935    10.036185    0.2716086   -0.2531061    0.1426963 
    2070    60.303265   -23.951158  0.031179235   -23.919979   -1278.5541    1010.7556    10.056094    10.014935    10.036185    0.2716086   -0.2531061    0.1426963 
    2080    63.758131    -23.95388  0.032965541   -23.920915   -1034.1011    1010.7556    10.056094    10.014935    10.036185    0.2716086   -0.2531061    0.1426963 
    2090    91.871037    -23.97068  0.047501054   -23.923179   -349.99922    1010.7556    10.056094    10.014935    10.036185    0.2716086   -0.2531061    0.1426963 
    2100    85.304314   -23.965335  0.044105792   -23.921229    557.42905    1010.7556    10.056094    10.014935    10.036185    0.2716086   -0.2531061    0.1426963 
    2110    82.789711   -23.958097   0.04280564   -23.915292    1278.3318    1010.7556    10.056094    10.014935    10.036185    0.2716086   -0.2531061    0.1426963 
    2120    73.109615   -23.950002  0.037800637   -23.912201    1428.4916    1010.7556    10.056094    10.014935    10.036185    0.2716086   -0.2531061    0.1426963 
    2130    90.271988   -23.961762  0.046674281   -23.915088    982.27994    1010.7556    10.056094    10.014935    10.036185    0.2716086   -0.2531061    0.1426963 
    2140    122.15471   -23.981161  0.063158941   -23.918002    132.71199    1010.7556    10.056094    10.014935    10.036185    0.2716086   -0.2531061    0.1426963 
    2150     105.2844      -23.967  0.054436308   -23.912564   -813.48463    1010.7556    10.056094    10.014935    10.036185    0.2716086   -0.2531061    0.1426963 
    2160     89.89954   -23.951348   0.04648171   -23.904866   -1410.5185    1010.7556    10.056094    10.014935    10.036185    0.2716086   -0.2531061    0.1426963 
    2170     101.2485   -23.954541  0.052349585   -23.902192   -1391.7966    1010.7556    10.056094    10.014935    10.036185    0.2716086   -0.2531061    0.1426963 
    2180    126.29214   -23.968511  0.065298162   -23.903213   -812.25737    1010.7556    10.056094    10.014935    10.036185    0.2716086   -0.2531061    0.1426963 
    2190    148.15628   -23.980677  0.076602807   -23.904075    114.83342    1010.7556    10.056094    10.014935    10.036185    0.2716086   -0.2531061    0.1426963 
    2200    146.01831   -23.975202  0.075497394   -23.899705    1125.8857    1010.7556    10.056094    10.014935    10.036185    0.2716086   -0.2531061    0.1426963 
    2210    111.64426   -23.949744  0.057724614   -23.892019    1607.4692    1010.7556    10.056094    10.014935    10.036185    0.2716086   -0.2531061    0.1426963 
    2220    162.17696   -23.978628   0.08385207   -23.894776     1260.115    1010.7556    10.056094    10.014935    10.036185    0.2716086   -0.2531061    0.1426963 
    2230    135.67004   -23.965374  0.070146917   -23.895227    438.67171    1010.7556    10.056094    10.014935    10.036185    0.2716086   -0.2531061    0.1426963 
    2240    182.39557    -23.98876  0.094305911   -23.894454   -596.34096    1010.7556    10.056094    10.014935    10.036185    0.2716086   -0.2531061    0.1426963 
    2250    109.13696   -23.945947  0.056428236   -23.889518   -1451.1846    1010.7556    10.056094    10.014935    10.036185    0.2716086   -0.2531061    0.1426963 
    2260    114.57957   -23.952275  0.059242286   -23.893033   -1624.5197    1010.7556    10.056094    10.014935    10.036185    0.2716086   -0.2531061    0.1426963 
    2270     128.4314   -23.971888  0.066404246   -23.905483   -1058.6308    1010.7556    10.056094    10.014935    10.036185    0.2716086   -0.2531061    0.1426963 
    2280    109.90766   -23.972319   0.05682672   -23.915493   -163.84001    1010.7556    10.056094    10.014935    10.036185    0.2716086   -0.2531061    0.1426963 
    2290    120.41462   -23.985045  0.062259246   -23.922786    712.94068    1010.7556    10.056094    10.014935    10.036185    0.2716086   -0.2531061    0.1426963 
    2300    50.918783   -23.949284  0.026327077   -23.922957    1285.5578    1010.7556    10.056094    10.014935    10.036185    0.2716086   -0.2531061    0.1426963 
    2310    79.323813   -23.971171  0.041013631   -23.930157    1234.7781    1010.7556    10.056094    10.014935    10.036185    0.2716086   -0.2531061    0.1426963 
    2320    61.713676   -23.970645  0.031908475   -23.938737    652.15657    1010.7556    10.056094    10.014935    10.036185    0.2716086   -0.2531061    0.1426963 
    2330    71.057578   -23.980956  0.036739651   -23.944216   -123.15549    1010.7556    10.056094    10.014935    10.036185    0.2716086   -0.2531061    0.1426963 
    2340    62.929189   -23.977936  0.032536945   -23.945399   -795.22789    1010.7556    10.056094    10.014935    10.036185    0.2716086   -0.2531061    0.1426963 
    2350    33.991695   -23.961763  0.017575086   -23.944188   -1145.9772    1010.7556    10.056094    10.014935    10.036185    0.2716086   -0.2531061    0.1426963 
    2360    51.259905   -23.972553  0.026503451    -23.94605   -1043.2129    1010.7556    10.056094    10.014935    10.036185    0.2716086   -0.2531061    0.1426963 
    2370    51.629832   -23.974674  0.026694718   -23.947979   -518.24544    1010.7556    10.056094    10.014935    10.036185    0.2716086   -0.2531061    0.1426963 
    2380     68.78585   -23.983279  0.035565076   -23.947714    224.72515    1010.7556    10.056094    10.014935    10.036185    0.2716086   -0.2531061    0.1426963 
    2390    59.795504    -23.97162  0.030916702   -23.940703    906.97038    1010.7556    10.056094    10.014935    10.036185    0.2716086   -0.2531061    0.1426963 
    2400    41.515832   -23.953327   0.02146537   -23.931861    1263.0444    1010.7556    10.056094    10.014935    10.036185    0.2716086   -0.2531061    0.1426963 
    2410    81.632138   -23.968362  0.042207128   -23.926155     1096.477    1010.7556    10.056094    10.014935    10.036185    0.2716086   -0.2531061    0.1426963 
    2420    90.165509     -23.9649  0.046619227   -23.918281    405.84631    1010.7556    10.056094    10.014935    10.036185    0.2716086   -0.2531061    0.1426963 
    2430    110.85726   -23.962175  0.057317702   -23.904857    -562.9414    1010.7556    10.056094    10.014935    10.036185    0.2716086   -0.2531061    0.1426963 
    2440    121.45719   -23.948815  0.062798296   -23.886016   -1341.0295    1010.7556    10.056094    10.014935    10.036185    0.2716086   -0.2531061    0.1426963 
    2450    90.338659   -23.918452  0.046708753   -23.871743   -1574.4566    1010.7556    10.056094    10.014935    10.036185    0.2716086   -0.2531061    0.1426963 
    2460    170.48666   -23.958645  0.088148522   -23.870496   -1146.4697    1010.7556    10.056094    10.014935    10.036185    0.2716086   -0.2531061    0.1426963 
    2470     143.8031   -23.947043  0.074352041   -23.872691   -110.73026    1010.7556    10.056094    10.014935    10.036185    0.2716086   -0.2531061    0.1426963 
    2480    176.66534   -23.964521  0.091343152   -23.873178    1026.9299    1010.7556    10.056094    10.014935    10.036185    0.2716086   -0.2531061    0.1426963 
    2490    147.24764    -23.95208  0.076133006   -23.875947    1556.0698    1010.7556    10.056094    10.014935    10.036185    0.2716086   -0.2531061    0.1426963 
    2500     124.1425   -23.949585  0.064186712   -23.885398    1343.4567    1010.7556    10.056094    10.014935    10.036185    0.2716086   -0.2531061    0.1426963 
    2510     192.8995   -23.999094  0.099736871   -23.899357    576.52905    1010.7556    10.056094    10.014935    10.036185    0.2716086   -0.2531061    0.1426963 
    2520    122.86045   -23.967051  0.063523837   -23.903527     -507.285    1010.7556    10.056094    10.014935    10.036185    0.2716086   -0.2531061    0.1426963 
    2530    137.52867   -23.975149  0.071107905   -23.904041   -1301.4327    1010.7556    10.056094    10.014935    10.036185    0.2716086   -0.2531061    0.1426963 
    2540    93.827518   -23.956806  0.048512634   -23.908293   -1459.9174    1010.7556    10.056094    10.014935    10.036185    0.2716086   -0.2531061    0.1426963 
    2550    104.62437   -23.971442  0.054095045   -23.917347     -1062.81    1010.7556    10.056094    10.014935    10.036185    0.2716086   -0.2531061    0.1426963 
    2560    134.08513   -23.995312  0.069327455   -23.925985   -271.22435    1010.7556    10.056094    10.014935    10.036185    0.2716086   -0.2531061    0.1426963 
    2570    88.796358   -23.973341  0.045911321    -23.92743    643.85376    1010.7556    10.056094    10.014935    10.036185    0.2716086   -0.2531061    0.1426963 
    2580    106.41319   -23.981812   0.05501994   -23.926792    1248.7717    1010.7556    10.056094    10.014935    10.036185    0.2716086   -0.2531061    0.1426963 
    2590    70.050017   -23.962347  0.036218701   -23.926128    1293.8546    1010.7556    10.056094    10.014935    10.036185    0.2716086   -0.2531061    0.1426963 
    2600    89.586395   -23.976371  0.046319801   -23.930051    798.56675    1010.7556    10.056094    10.014935    10.036185    0.2716086   -0.2531061    0.1426963 
    2610    111.02095    -23.99036  0.057402338   -23.932957    -26.41587    1010.7556    10.056094    10.014935    10.036185    0.2716086   -0.2531061    0.1426963 
    2620    67.355779   -23.963789  0.034825671   -23.928963   -806.57781    1010.7556    10.056094    10.014935    10.036185    0.2716086   -0.2531061    0.1426963 
    2630    75.566375    -23.96455  0.039070882   -23.925479   -1236.4697    1010.7556    10.056094    10.014935    10.036185    0.2716086   -0.2531061    0.1426963 
    2640    63.152194   -23.956779  0.032652247   -23.924127   -1163.4891    1010.7556    10.056094    10.014935    10.036185    0.2716086   -0.2531061    0.1426963 
    2650    85.131219   -23.969369  0.044016295   -23.925353   -590.41533    1010.7556    10.056094    10.014935    10.036185    0.2716086   -0.2531061    0.1426963 
    2660    112.88514   -23.979782  0.058366199   -23.921416    302.76521    1010.7556    10.056094    10.014935    10.036185    0.2716086   -0.2531061    0.1426963 
    2670    64.234147   -23.940569  0.033211661   -23.907357    1133.4757    1010.7556    10.056094    10.014935    10.036185    0.2716086   -0.2531061    0.1426963 
    2680    127.59392   -23.955586  0.065971234   -23.889615    1566.4711    1010.7556    10.056094    10.014935    10.036185    0.2716086   -0.2531061    0.1426963 
    2690    101.33174   -23.920347  0.052392622   -23.867954    1366.9916    1010.7556    10.056094    10.014935    10.036185    0.2716086   -0.2531061    0.1426963 
    2700    192.75294   -23.953843   0.09966109   -23.854182    386.99211    1010.7556    10.056094    10.014935    10.036185    0.2716086   -0.2531061    0.1426963 
    2710    214.79377   -23.943097   0.11105709    -23.83204   -826.96914    1010.7556    10.056094    10.014935    10.036185    0.2716086   -0.2531061    0.1426963 
    2720    141.31725   -23.889383  0.073066752   -23.816317   -1593.3265    1010.7556    10.056094    10.014935    10.036185    0.2716086   -0.2531061    0.1426963 
    2730    216.87602   -23.933013    0.1121337   -23.820879   -1624.6627    1010.7556    10.056094    10.014935    10.036185    0.2716086   -0.2531061    0.1426963 
    2740    170.97553   -23.927134  0.088401289   -23.838732    -775.7059    1010.7556    10.056094    10.014935    10.036185    0.2716086   -0.2531061    0.1426963 
    2750    240.85942    -23.98695    0.1245341   -23.862416    509.59725    1010.7556    10.056094    10.014935    10.036185    0.2716086   -0.2531061    0.1426963 
    2760    154.32395   -23.955535  0.079791745   -23.875744    1336.9154    1010.7556    10.056094    10.014935    10.036185    0.2716086   -0.2531061    0.1426963 
    2770    134.86213   -23.960668  0.069729191   -23.890938    1538.6739    1010.7556    10.056094    10.014935    10.036185    0.2716086   -0.2531061    0.1426963 
    2780    137.88928   -23.976945  0.071294355   -23.905651    1089.0982    1010.7556    10.056094    10.014935    10.036185    0.2716086   -0.2531061    0.1426963 
    2790    134.89121   -23.986714  0.069744228    -23.91697    121.14435    1010.7556    10.056094    10.014935    10.036185    0.2716086   -0.2531061    0.1426963 
    2800    110.82614   -23.975911  0.057301614   -23.918609   -813.67494    1010.7556    10.056094    10.014935    10.036185    0.2716086   -0.2531061    0.1426963 
    2810    102.01933   -23.972393  0.052748134   -23.919645   -1320.9191    1010.7556    10.056094    10.014935    10.036185    0.2716086   -0.2531061    0.1426963 
    2820    67.426641   -23.956335  0.034862309   -23.921473   -1352.7657    1010.7556    10.056094    10.014935    10.036185    0.2716086   -0.2531061    0.1426963 
    2830    118.74401   -23.990146  0.061395473   -23.928751    -876.6163    1010.7556    10.056094    10.014935    10.036185    0.2716086   -0.2531061    0.1426963 
    2840     91.57352   -23.979832  0.047347226   -23.932485    14.997814    1010.7556    10.056094    10.014935    10.036185    0.2716086   -0.2531061    0.1426963 
    2850    96.497516   -23.979138  0.049893132   -23.929245    855.20608    1010.7556    10.056094    10.014935    10.036185    0.2716086   -0.2531061    0.1426963 
    2860    79.141338   -23.966542  0.040919283   -23.925623    1270.3397    1010.7556    10.056094    10.014935    10.036185    0.2716086   -0.2531061    0.1426963 
    2870    57.286202   -23.953099  0.029619291   -23.923479    1190.1384    1010.7556    10.056094    10.014935    10.036185    0.2716086   -0.2531061    0.1426963 
    2880    114.96151   -23.986729  0.059439764   -23.927289     563.6487    1010.7556    10.056094    10.014935    10.036185    0.2716086   -0.2531061    0.1426963 
    2890    65.402434   -23.958627  0.033815712   -23.924812   -330.02481    1010.7556    10.056094    10.014935    10.036185    0.2716086   -0.2531061    0.1426963 
    2900     99.62184   -23.971682  0.051508534   -23.920173   -1063.4383    1010.7556    10.056094    10.014935    10.036185    0.2716086   -0.2531061    0.1426963 
    2910    51.682167   -23.940027  0.026721778   -23.913305   -1366.4156    1010.7556    10.056094    10.014935    10.036185    0.2716086   -0.2531061    0.1426963 
    2920    84.760926   -23.955086  0.043824838   -23.911261   -1136.2915    1010.7556    10.056094    10.014935    10.036185    0.2716086   -0.2531061    0.1426963 
    2930    115.04661   -23.968163  0.059483767   -23.908679   -389.71988    1010.7556    10.056094    10.014935    10.036185    0.2716086   -0.2531061    0.1426963 
    2940    98.351879   -23.948495  0.050851912   -23.897643    612.58582    1010.7556    10.056094    10.014935    10.036185    0.2716086   -0.2531061    0.1426963 
    2950    136.33732   -23.950575   0.07049193   -23.880083     1386.892    1010.7556    10.056094    10.014935    10.036185    0.2716086   -0.2531061    0.1426963 
    2960    97.341156   -23.912949  0.050329328    -23.86262    1608.2958    1010.7556    10.056094    10.014935    10.036185    0.2716086   -0.2531061    0.1426963 
    2970    172.31928   -23.949798  0.089096058   -23.860702    968.21725    1010.7556    10.056094    10.014935    10.036185    0.2716086   -0.2531061    0.1426963 
    2980    210.68287   -23.964598   0.10893159   -23.855666   -245.88809    1010.7556    10.056094    10.014935    10.036185    0.2716086   -0.2531061    0.1426963 
    2990    157.20989   -23.923604  0.081283893    -23.84232   -1327.1428    1010.7556    10.056094    10.014935    10.036185    0.2716086   -0.2531061    0.1426963 
    3000    175.68583   -23.930027  0.090836704   -23.839191   -1864.4575    1010.7556    10.056094    10.014935    10.036185    0.2716086   -0.2531061    0.1426963 
Loop time of 34.4927 on 1 procs for 3000 steps with 5 atoms

Performance: 15.029 ns/day, 1.597 hours/ns, 86.975 timesteps/s
238.3% CPU use with 1 MPI tasks x no OpenMP threads

MPI task timing breakdown:
Section |  min time  |  avg time  |  max time  |%varavg| %total
---------------------------------------------------------------
Pair    | 34.068     | 34.068     | 34.068     |   0.0 | 98.77
Neigh   | 0.0015447  | 0.0015447  | 0.0015447  |   0.0 |  0.00
Comm    | 0.012523   | 0.012523   | 0.012523   |   0.0 |  0.04
Output  | 0.37972    | 0.37972    | 0.37972    |   0.0 |  1.10
Modify  | 0.023111   | 0.023111   | 0.023111   |   0.0 |  0.07
Other   |            | 0.007584   |            |       |  0.02

Nlocal:    5 ave 5 max 5 min
Histogram: 1 0 0 0 0 0 0 0 0 0
Nghost:    103 ave 103 max 103 min
Histogram: 1 0 0 0 0 0 0 0 0 0
Neighs:    0 ave 0 max 0 min
Histogram: 1 0 0 0 0 0 0 0 0 0

Total # of neighbors = 0
Ave neighs/atom = 0
Neighbor list builds = 137
Dangerous builds = 0
Total wall time: 0:00:39
