2019-06-25 21:08:52.776815: I tensorflow/core/platform/cpu_feature_guard.cc:140] Your CPU supports instructions that this TensorFlow binary was not compiled to use: AVX512F
2019-06-25 21:08:54.284385: E tensorflow/stream_executor/cuda/cuda_driver.cc:406] failed call to cuInit: CUDA_ERROR_NO_DEVICE
2019-06-25 21:08:54.284463: I tensorflow/stream_executor/cuda/cuda_diagnostics.cc:158] retrieving CUDA diagnostic information for host: SR760-GPU-4
2019-06-25 21:08:54.284474: I tensorflow/stream_executor/cuda/cuda_diagnostics.cc:165] hostname: SR760-GPU-4
2019-06-25 21:08:54.284543: I tensorflow/stream_executor/cuda/cuda_diagnostics.cc:189] libcuda reported version is: 410.48.0
2019-06-25 21:08:54.284611: I tensorflow/stream_executor/cuda/cuda_diagnostics.cc:193] kernel reported version is: 410.48.0
2019-06-25 21:08:54.284618: I tensorflow/stream_executor/cuda/cuda_diagnostics.cc:300] kernel version seems to match DSO: 410.48.0
 of lammps module:
  use deepmd-kit at:  /sharedext4/local/deepmd-kit-0.12.4
  source:             v0.12.4-1-ge3cd911-dirty
  source branch:      master
  source commit:      e3cd911
  source commit at:   2019-02-07 10:22:13 +0800
  build float prec:   double
  build with tf inc:  /sharedext4/local/tensorflow/r1.8.gpu.cc/include
  build with tf lib:  /sharedext4/local/tensorflow/r1.8.gpu.cc/lib/libtensorflow_cc.so;/sharedext4/local/tensorflow/r1.8.gpu.cc/lib/libtensorflow_framework.so
  >>> Info of model(s):
  using   4 model(s): ../graph.002.pb ../graph.003.pb ../graph.000.pb ../graph.001.pb 
  rcut in model:      5
  ntypes in model:    2
Neighbor list info ...
  update every 1 steps, delay 10 steps, check yes
  max neighbors/atom: 2000, page size: 100000
  master list distance cutoff = 6
  ghost atom cutoff = 6
  binsize = 3, bins = 4 4 4
  1 neighbor lists, perpetual/occasional/extra = 1 0 0
  (1) pair deepmd, perpetual
      attributes: , newton on
      pair build: full/bin/atomonly
      stencil: full/bin/3d
      bin: standard
Setting up Verlet run ...
  Unit style    : metal
  Current step  : 0
  Time step     : 0.002
Per MPI rank memory allocation (min/avg/max) = 3.934 | 3.934 | 3.934 Mbytes
Step Temp PotEng KinEng TotEng Press Volume Lx Ly Lz Xy Xz Yz 
       0          100   -23.963241  0.051704058   -23.911537   -525.74558    995.60844    10.269575    9.8828678    9.8096409     -0.25566    0.1129904   -0.1480189 
      10    123.35133   -23.978671  0.063777643   -23.914894    -454.3287    995.60844    10.269575    9.8828678    9.8096409     -0.25566    0.1129904   -0.1480189 
      20     130.2053   -23.982847  0.067321426   -23.915526   -183.68774    995.60844    10.269575    9.8828678    9.8096409     -0.25566    0.1129904   -0.1480189 
      30    119.43139   -23.979591  0.061750877   -23.917841    256.48577    995.60844    10.269575    9.8828678    9.8096409     -0.25566    0.1129904   -0.1480189 
      40    120.28858   -23.975608  0.062194078   -23.913414    580.04487    995.60844    10.269575    9.8828678    9.8096409     -0.25566    0.1129904   -0.1480189 
      50    100.61727   -23.958549  0.052023211   -23.906526    520.78241    995.60844    10.269575    9.8828678    9.8096409     -0.25566    0.1129904   -0.1480189 
      60    68.174489   -23.936051  0.035248977   -23.900803    280.62324    995.60844    10.269575    9.8828678    9.8096409     -0.25566    0.1129904   -0.1480189 
      70    80.179566   -23.936639  0.041456089   -23.895183   -91.085323    995.60844    10.269575    9.8828678    9.8096409     -0.25566    0.1129904   -0.1480189 
      80    70.884043   -23.928873  0.036649927   -23.892223   -341.53657    995.60844    10.269575    9.8828678    9.8096409     -0.25566    0.1129904   -0.1480189 
      90    80.574677   -23.931288  0.041660378   -23.889627   -282.49624    995.60844    10.269575    9.8828678    9.8096409     -0.25566    0.1129904   -0.1480189 
     100    125.39759   -23.952505  0.064835642   -23.887669   -31.923286    995.60844    10.269575    9.8828678    9.8096409     -0.25566    0.1129904   -0.1480189 
     110    172.85768   -23.978648  0.089374434   -23.889273    398.45344    995.60844    10.269575    9.8828678    9.8096409     -0.25566    0.1129904   -0.1480189 
     120     137.8538    -23.95616  0.071276009   -23.884884    603.04305    995.60844    10.269575    9.8828678    9.8096409     -0.25566    0.1129904   -0.1480189 
     130    212.59481   -23.987406   0.10992014   -23.877486    419.72306    995.60844    10.269575    9.8828678    9.8096409     -0.25566    0.1129904   -0.1480189 
     140    143.54592   -23.933082  0.074219066   -23.858863   -70.982898    995.60844    10.269575    9.8828678    9.8096409     -0.25566    0.1129904   -0.1480189 
     150    132.79222   -23.917524  0.068658966   -23.848865   -701.93695    995.60844    10.269575    9.8828678    9.8096409     -0.25566    0.1129904   -0.1480189 
     160    117.32548   -23.903237  0.060662033   -23.842575   -1094.7833    995.60844    10.269575    9.8828678    9.8096409     -0.25566    0.1129904   -0.1480189 
     170    106.95863   -23.901812  0.055301951    -23.84651    -1003.737    995.60844    10.269575    9.8828678    9.8096409     -0.25566    0.1129904   -0.1480189 
     180     110.3356   -23.914939  0.057047984   -23.857891   -508.68354    995.60844    10.269575    9.8828678    9.8096409     -0.25566    0.1129904   -0.1480189 
     190    136.08928   -23.944749  0.070363682   -23.874385    60.985843    995.60844    10.269575    9.8828678    9.8096409     -0.25566    0.1129904   -0.1480189 
     200    145.22053   -23.971685  0.075084905     -23.8966    465.98532    995.60844    10.269575    9.8828678    9.8096409     -0.25566    0.1129904   -0.1480189 
     210    124.08319   -23.977553  0.064156043   -23.913397    478.85769    995.60844    10.269575    9.8828678    9.8096409     -0.25566    0.1129904   -0.1480189 
     220    144.92728   -23.999527  0.074933285   -23.924594    174.47708    995.60844    10.269575    9.8828678    9.8096409     -0.25566    0.1129904   -0.1480189 
     230    100.55173   -23.979241  0.051989323   -23.927252   -168.38496    995.60844    10.269575    9.8828678    9.8096409     -0.25566    0.1129904   -0.1480189 
     240     92.54016   -23.977189  0.047847018   -23.929342   -395.36837    995.60844    10.269575    9.8828678    9.8096409     -0.25566    0.1129904   -0.1480189 
     250    65.605109   -23.965297  0.033920504   -23.931376   -409.59446    995.60844    10.269575    9.8828678    9.8096409     -0.25566    0.1129904   -0.1480189 
     260    68.260236   -23.967857  0.035293312   -23.932564   -169.83022    995.60844    10.269575    9.8828678    9.8096409     -0.25566    0.1129904   -0.1480189 
     270    38.662515   -23.950771  0.019990089   -23.930781    180.51764    995.60844    10.269575    9.8828678    9.8096409     -0.25566    0.1129904   -0.1480189 
     280    52.085181   -23.956172  0.026930152   -23.929242    530.32177    995.60844    10.269575    9.8828678    9.8096409     -0.25566    0.1129904   -0.1480189 
     290     34.72435   -23.943964  0.017953898    -23.92601    698.49828    995.60844    10.269575    9.8828678    9.8096409     -0.25566    0.1129904   -0.1480189 
     300    38.740232   -23.944916  0.020030272   -23.924886    598.02301    995.60844    10.269575    9.8828678    9.8096409     -0.25566    0.1129904   -0.1480189 
Loop time of 3.81949 on 1 procs for 300 steps with 5 atoms

Performance: 13.573 ns/day, 1.768 hours/ns, 78.545 timesteps/s
277.4% CPU use with 1 MPI tasks x no OpenMP threads

MPI task timing breakdown:
Section |  min time  |  avg time  |  max time  |%varavg| %total
---------------------------------------------------------------
Pair    | 3.5039     | 3.5039     | 3.5039     |   0.0 | 91.74
Neigh   | 0.00012207 | 0.00012207 | 0.00012207 |   0.0 |  0.00
Comm    | 0.0010166  | 0.0010166  | 0.0010166  |   0.0 |  0.03
Output  | 0.3118     | 0.3118     | 0.3118     |   0.0 |  8.16
Modify  | 0.0017402  | 0.0017402  | 0.0017402  |   0.0 |  0.05
Other   |            | 0.0009377  |            |       |  0.02

Nlocal:    5 ave 5 max 5 min
Histogram: 1 0 0 0 0 0 0 0 0 0
Nghost:    103 ave 103 max 103 min
Histogram: 1 0 0 0 0 0 0 0 0 0
Neighs:    0 ave 0 max 0 min
Histogram: 1 0 0 0 0 0 0 0 0 0

Total # of neighbors = 0
Ave neighs/atom = 0
Neighbor list builds = 11
Dangerous builds = 0
Total wall time: 0:00:06
