2019-06-25 21:08:57.164980: I tensorflow/core/platform/cpu_feature_guard.cc:140] Your CPU supports instructions that this TensorFlow binary was not compiled to use: AVX512F
2019-06-25 21:08:58.729832: E tensorflow/stream_executor/cuda/cuda_driver.cc:406] failed call to cuInit: CUDA_ERROR_NO_DEVICE
2019-06-25 21:08:58.729918: I tensorflow/stream_executor/cuda/cuda_diagnostics.cc:158] retrieving CUDA diagnostic information for host: SR760-GPU-4
2019-06-25 21:08:58.729929: I tensorflow/stream_executor/cuda/cuda_diagnostics.cc:165] hostname: SR760-GPU-4
2019-06-25 21:08:58.730003: I tensorflow/stream_executor/cuda/cuda_diagnostics.cc:189] libcuda reported version is: 410.48.0
2019-06-25 21:08:58.730073: I tensorflow/stream_executor/cuda/cuda_diagnostics.cc:193] kernel reported version is: 410.48.0
2019-06-25 21:08:58.730081: I tensorflow/stream_executor/cuda/cuda_diagnostics.cc:300] kernel version seems to match DSO: 410.48.0
Info of lammps module:
  use deepmd-kit at:  /sharedext4/local/deepmd-kit-0.12.4
  source:             v0.12.4-1-ge3cd911-dirty
  source branch:      master
  source commit:      e3cd911
  source commit at:   2019-02-07 10:22:13 +0800
  build float prec:   double
  build with tf inc:  /sharedext4/local/tensorflow/r1.8.gpu.cc/include
  build with tf lib:  /sharedext4/local/tensorflow/r1.8.gpu.cc/lib/libtensorflow_cc.so;/sharedext4/local/tensorflow/r1.8.gpu.cc/lib/libtensorflow_framework.so
  >>> Info of model(s):
  using   4 model(s): ../graph.002.pb ../graph.003.pb ../graph.000.pb ../graph.001.pb 
  rcut in model:      5
  ntypes in model:    2
Neighbor list info ...
  update every 1 steps, delay 10 steps, check yes
  max neighbors/atom: 2000, page size: 100000
  master list distance cutoff = 6
  ghost atom cutoff = 6
  binsize = 3, bins = 4 4 4
  1 neighbor lists, perpetual/occasional/extra = 1 0 0
  (1) pair deepmd, perpetual
      attributes: , newton on
      pair build: full/bin/atomonly
      stencil: full/bin/3d
      bin: standard
Setting up Verlet run ...
  Unit style    : metal
  Current step  : 0
  Time step     : 0.002
Per MPI rank memory allocation (min/avg/max) = 3.934 | 3.934 | 3.934 Mbytes
Step Temp PotEng KinEng TotEng Press Volume Lx Ly Lz Xy Xz Yz 
       0          100   -23.952376  0.051704058   -23.900672    -1683.211     1043.624     10.28304    10.103137    10.045378   -0.1512127    0.0454205    0.0447939 
      10    115.03662   -23.965617  0.059478602   -23.906139   -1084.0066     1043.624     10.28304    10.103137    10.045378   -0.1512127    0.0454205    0.0447939 
      20    128.00696    -23.97621  0.066184793   -23.910026     30.43051     1043.624     10.28304    10.103137    10.045378   -0.1512127    0.0454205    0.0447939 
      30    87.560324   -23.945204   0.04527224   -23.899931    1186.8291     1043.624     10.28304    10.103137    10.045378   -0.1512127    0.0454205    0.0447939 
      40    62.514097   -23.918297  0.032322325   -23.885974    1767.8518     1043.624     10.28304    10.103137    10.045378   -0.1512127    0.0454205    0.0447939 
      50    74.561641   -23.929665  0.038551394   -23.891114    1401.6632     1043.624     10.28304    10.103137    10.045378   -0.1512127    0.0454205    0.0447939 
      60    92.727504   -23.946569  0.047943883   -23.898625    305.03381     1043.624     10.28304    10.103137    10.045378   -0.1512127    0.0454205    0.0447939 
      70     121.2649   -23.959395  0.062698875   -23.896696   -872.82395     1043.624     10.28304    10.103137    10.045378   -0.1512127    0.0454205    0.0447939 
      80    64.825017   -23.920339  0.033517164   -23.886822   -1565.7735     1043.624     10.28304    10.103137    10.045378   -0.1512127    0.0454205    0.0447939 
      90    116.19677    -23.94415  0.060078445   -23.884072   -1497.4553     1043.624     10.28304    10.103137    10.045378   -0.1512127    0.0454205    0.0447939 
     100    174.61847   -23.980049  0.090284835   -23.889764   -637.43822     1043.624     10.28304    10.103137    10.045378   -0.1512127    0.0454205    0.0447939 
     110    179.14733   -23.981069  0.092626442   -23.888443    654.56357     1043.624     10.28304    10.103137    10.045378   -0.1512127    0.0454205    0.0447939 
     120    121.17216   -23.919947  0.062650923   -23.857296    1775.8452     1043.624     10.28304    10.103137    10.045378   -0.1512127    0.0454205    0.0447939 
     130    117.46545   -23.900287  0.060734404   -23.839553    1638.3514     1043.624     10.28304    10.103137    10.045378   -0.1512127    0.0454205    0.0447939 
     140    155.83129   -23.924016  0.080571099   -23.843445    397.35754     1043.624     10.28304    10.103137    10.045378   -0.1512127    0.0454205    0.0447939 
     150    163.17377   -23.925675  0.084367463   -23.841308    -1155.218     1043.624     10.28304    10.103137    10.045378   -0.1512127    0.0454205    0.0447939 
     160    130.67266   -23.895991   0.06756307   -23.828428   -2159.2591     1043.624     10.28304    10.103137    10.045378   -0.1512127    0.0454205    0.0447939 
     170    156.91989   -23.916352  0.081133951   -23.835218   -1919.1771     1043.624     10.28304    10.103137    10.045378   -0.1512127    0.0454205    0.0447939 
     180    230.69426   -23.977057   0.11927829   -23.857779   -751.09687     1043.624     10.28304    10.103137    10.045378   -0.1512127    0.0454205    0.0447939 
     190     183.8537   -23.967529  0.095059822   -23.872469    802.50157     1043.624     10.28304    10.103137    10.045378   -0.1512127    0.0454205    0.0447939 
     200    111.11857   -23.919751  0.057452809   -23.862298    1919.1418     1043.624     10.28304    10.103137    10.045378   -0.1512127    0.0454205    0.0447939 
     210    70.229519   -23.907382  0.036311511   -23.871071    1722.8078     1043.624     10.28304    10.103137    10.045378   -0.1512127    0.0454205    0.0447939 
     220    107.66042   -23.950436  0.055664809   -23.894772    684.69463     1043.624     10.28304    10.103137    10.045378   -0.1512127    0.0454205    0.0447939 
     230    72.573079   -23.944123  0.037523227     -23.9066    -499.0531     1043.624     10.28304    10.103137    10.045378   -0.1512127    0.0454205    0.0447939 
     240     60.74945   -23.940449  0.031409931   -23.909039   -1277.2076     1043.624     10.28304    10.103137    10.045378   -0.1512127    0.0454205    0.0447939 
     250    46.295538   -23.937952  0.023936672   -23.914016   -1386.4211     1043.624     10.28304    10.103137    10.045378   -0.1512127    0.0454205    0.0447939 
     260    71.784004   -23.959034  0.037115243   -23.921919   -868.60234     1043.624     10.28304    10.103137    10.045378   -0.1512127    0.0454205    0.0447939 
     270    112.81593   -23.988208  0.058330414   -23.929878    93.683502     1043.624     10.28304    10.103137    10.045378   -0.1512127    0.0454205    0.0447939 
     280    85.985977   -23.974608  0.044458239    -23.93015    1061.9549     1043.624     10.28304    10.103137    10.045378   -0.1512127    0.0454205    0.0447939 
     290    79.952839   -23.969777  0.041338862   -23.928438    1516.1399     1043.624     10.28304    10.103137    10.045378   -0.1512127    0.0454205    0.0447939 
     300    90.540476   -23.975523    0.0468131    -23.92871    1235.7693     1043.624     10.28304    10.103137    10.045378   -0.1512127    0.0454205    0.0447939 
Loop time of 5.22264 on 1 procs for 300 steps with 5 atoms

Performance: 9.926 ns/day, 2.418 hours/ns, 57.442 timesteps/s
308.8% CPU use with 1 MPI tasks x no OpenMP threads

MPI task timing breakdown:
Section |  min time  |  avg time  |  max time  |%varavg| %total
---------------------------------------------------------------
Pair    | 5.034      | 5.034      | 5.034      |   0.0 | 96.39
Neigh   | 0.00016141 | 0.00016141 | 0.00016141 |   0.0 |  0.00
Comm    | 0.0012121  | 0.0012121  | 0.0012121  |   0.0 |  0.02
Output  | 0.18412    | 0.18412    | 0.18412    |   0.0 |  3.53
Modify  | 0.0019984  | 0.0019984  | 0.0019984  |   0.0 |  0.04
Other   |            | 0.001132   |            |       |  0.02

Nlocal:    5 ave 5 max 5 min
Histogram: 1 0 0 0 0 0 0 0 0 0
Nghost:    97 ave 97 max 97 min
Histogram: 1 0 0 0 0 0 0 0 0 0
Neighs:    0 ave 0 max 0 min
Histogram: 1 0 0 0 0 0 0 0 0 0

Total # of neighbors = 0
Ave neighs/atom = 0
Neighbor list builds = 8
Dangerous builds = 0
Total wall time: 0:00:07
