#       step         max_devi_e         min_devi_e         avg_devi_e         max_devi_f         min_devi_f         avg_devi_f
           0       6.695762e-01       1.446330e-01       2.693059e-01       9.663228e-03       3.803727e-03       5.383243e-03
          10       6.463705e-01       1.424948e-01       2.605115e-01       1.035911e-02       3.645748e-03       5.901275e-03
          20       6.323170e-01       1.344208e-01       2.559468e-01       1.129438e-02       4.217330e-03       6.065580e-03
          30       6.310964e-01       1.346194e-01       2.542218e-01       1.002204e-02       5.580085e-03       7.734081e-03
          40       6.457348e-01       1.399228e-01       2.598912e-01       4.003543e-03       3.477068e-03       3.793568e-03
          50       6.737212e-01       1.412901e-01       2.721525e-01       1.392987e-02       3.734341e-03       7.077174e-03
          60       6.922688e-01       1.470309e-01       2.783041e-01       8.565178e-03       2.027641e-03       5.805538e-03
          70       6.999817e-01       1.540394e-01       2.807540e-01       9.662412e-03       2.450616e-03       5.709768e-03
          80       6.975844e-01       1.485414e-01       2.809887e-01       1.487151e-02       3.925840e-03       7.377280e-03
          90       6.792375e-01       1.440022e-01       2.734194e-01       7.608917e-03       2.649401e-03       4.225211e-03
         100       6.556229e-01       1.458342e-01       2.628603e-01       7.363994e-03       3.468902e-03       5.634038e-03
         110       6.385563e-01       1.411242e-01       2.565232e-01       4.513659e-03       1.500893e-03       2.717398e-03
         120       6.361665e-01       1.381186e-01       2.559493e-01       7.236398e-03       4.059544e-03       4.940642e-03
         130       6.434635e-01       1.455219e-01       2.579176e-01       4.482054e-03       1.565142e-03       2.418817e-03
         140       6.588912e-01       1.501614e-01       2.640040e-01       5.150180e-03       3.535829e-03       4.590385e-03
         150       6.795920e-01       1.501407e-01       2.727490e-01       4.997305e-03       2.142685e-03       3.181508e-03
         160       6.912800e-01       1.571083e-01       2.769502e-01       4.870699e-03       3.349430e-03       3.973279e-03
         170       6.925866e-01       1.607347e-01       2.772809e-01       3.525998e-03       2.104986e-03       2.879762e-03
         180       6.858147e-01       1.529458e-01       2.750596e-01       8.956223e-03       4.329482e-03       6.004629e-03
         190       6.704658e-01       1.500046e-01       2.688669e-01       3.530761e-03       2.125293e-03       2.877278e-03
         200       6.516257e-01       1.524037e-01       2.609232e-01       7.305469e-03       2.772669e-03       4.804179e-03
         210       6.371861e-01       1.448329e-01       2.554135e-01       3.352147e-03       1.427125e-03       2.398652e-03
         220       6.375809e-01       1.419739e-01       2.560053e-01       1.071614e-02       3.861679e-03       5.827275e-03
         230       6.474477e-01       1.526018e-01       2.594377e-01       4.501266e-03       1.200980e-03       2.587011e-03
         240       6.669746e-01       1.572819e-01       2.670709e-01       5.195761e-03       3.384856e-03       4.441111e-03
         250       6.942614e-01       1.550449e-01       2.785988e-01       7.136680e-03       3.930626e-03       5.427693e-03
         260       7.080960e-01       1.614378e-01       2.839952e-01       6.972526e-03       2.382362e-03       5.633031e-03
         270       7.050096e-01       1.634215e-01       2.824082e-01       1.446226e-02       3.628836e-03       8.793140e-03
         280       6.859285e-01       1.572820e-01       2.749620e-01       6.829814e-03       3.287913e-03       4.396556e-03
         290       6.621698e-01       1.434554e-01       2.666774e-01       1.379654e-02       4.245209e-03       7.460773e-03
         300       6.353841e-01       1.345307e-01       2.560088e-01       6.956938e-03       2.869402e-03       4.412414e-03
         310       6.271927e-01       1.351241e-01       2.522745e-01       1.193263e-02       6.530274e-03       9.256237e-03
         320       6.414008e-01       1.321461e-01       2.597785e-01       1.360838e-02       4.370817e-03       7.418335e-03
         330       6.630018e-01       1.361645e-01       2.677526e-01       1.392052e-02       4.760570e-03       7.719109e-03
         340       6.859242e-01       1.459972e-01       2.755439e-01       7.484788e-03       2.876778e-03       5.814769e-03
         350       7.025621e-01       1.443057e-01       2.832209e-01       9.192924e-03       5.552806e-03       7.244610e-03
         360       7.026072e-01       1.429450e-01       2.835352e-01       8.909994e-03       2.771796e-03       5.592901e-03
         370       6.861389e-01       1.463747e-01       2.755830e-01       7.890777e-03       5.842963e-03       6.541399e-03
         380       6.647648e-01       1.405975e-01       2.675420e-01       4.715225e-03       2.228019e-03       3.317376e-03
         390       6.462997e-01       1.335786e-01       2.613934e-01       1.241214e-02       6.256551e-03       7.739551e-03
         400       6.337147e-01       1.353207e-01       2.550451e-01       6.807550e-03       1.314805e-03       4.123874e-03
         410       6.361970e-01       1.371534e-01       2.556985e-01       7.271316e-03       3.099483e-03       5.269612e-03
         420       6.544962e-01       1.371931e-01       2.639651e-01       6.060432e-03       3.110592e-03       4.351942e-03
         430       6.733949e-01       1.463169e-01       2.704544e-01       5.365590e-03       4.445894e-03       5.009611e-03
         440       6.883734e-01       1.546384e-01       2.758726e-01       5.720428e-03       2.970442e-03       3.852165e-03
         450       6.951823e-01       1.491062e-01       2.792989e-01       7.891407e-03       3.667197e-03       5.136714e-03
         460       6.902781e-01       1.486653e-01       2.773129e-01       4.615055e-03       2.287781e-03       3.171351e-03
         470       6.746669e-01       1.527441e-01       2.703498e-01       6.873743e-03       4.035972e-03       5.366073e-03
         480       6.568509e-01       1.458160e-01       2.635244e-01       3.364351e-03       2.183619e-03       2.740760e-03
         490       6.452968e-01       1.405953e-01       2.593823e-01       8.985389e-03       3.109550e-03       5.201121e-03
         500       6.392596e-01       1.458302e-01       2.562333e-01       2.849541e-03       1.873690e-03       2.390356e-03
         510       6.441312e-01       1.474907e-01       2.580922e-01       4.900444e-03       2.792293e-03       3.693321e-03
         520       6.586649e-01       1.460501e-01       2.643665e-01       4.233356e-03       1.949112e-03       3.509278e-03
         530       6.746167e-01       1.546742e-01       2.703545e-01       4.024417e-03       2.949153e-03       3.307766e-03
         540       6.873168e-01       1.619372e-01       2.751454e-01       5.933142e-03       3.038951e-03       4.154445e-03
         550       6.930692e-01       1.548562e-01       2.778810e-01       3.571590e-03       2.663195e-03       3.115289e-03
         560       6.899436e-01       1.529649e-01       2.768319e-01       6.733762e-03       3.332874e-03       4.631641e-03
         570       6.735110e-01       1.570262e-01       2.697386e-01       6.830909e-03       2.230588e-03       3.739437e-03
         580       6.524777e-01       1.471012e-01       2.616017e-01       4.357289e-03       3.243521e-03       3.776880e-03
         590       6.384785e-01       1.408326e-01       2.566294e-01       5.704457e-03       2.586132e-03       3.983938e-03
         600       6.328107e-01       1.482838e-01       2.536444e-01       7.684602e-03       5.045483e-03       6.009058e-03
         610       6.426686e-01       1.541359e-01       2.573499e-01       5.462844e-03       2.018824e-03       3.446117e-03
         620       6.679038e-01       1.566935e-01       2.677390e-01       1.217230e-02       3.942429e-03       6.896427e-03
         630       6.919211e-01       1.553124e-01       2.773585e-01       5.809414e-03       2.509832e-03       3.504443e-03
         640       7.060373e-01       1.639714e-01       2.828083e-01       1.393667e-02       4.380082e-03       1.081889e-02
         650       7.043445e-01       1.634235e-01       2.820325e-01       7.245643e-03       7.681569e-04       4.211864e-03
         660       6.897521e-01       1.518586e-01       2.768045e-01       8.041118e-03       3.544274e-03       6.283856e-03
         670       6.610740e-01       1.490570e-01       2.651366e-01       4.814801e-03       2.312960e-03       3.438648e-03
         680       6.378838e-01       1.474941e-01       2.554390e-01       7.700037e-03       5.371098e-03       6.314571e-03
         690       6.308437e-01       1.356516e-01       2.541897e-01       7.396008e-03       2.447254e-03       4.921123e-03
         700       6.362836e-01       1.376340e-01       2.563124e-01       1.164996e-02       3.527789e-03       6.023782e-03
         710       6.577398e-01       1.495601e-01       2.636642e-01       7.063208e-03       2.719641e-03       4.835952e-03
         720       6.827027e-01       1.470928e-01       2.744963e-01       9.911091e-03       3.552964e-03       6.609417e-03
         730       6.997220e-01       1.483322e-01       2.820502e-01       7.349345e-03       2.347030e-03       5.200499e-03
         740       6.984692e-01       1.557117e-01       2.802678e-01       7.162420e-03       4.436637e-03       5.735426e-03
         750       6.871042e-01       1.533398e-01       2.755922e-01       8.169425e-03       3.198817e-03       4.700735e-03
         760       6.694018e-01       1.445110e-01       2.696699e-01       1.092846e-02       3.847044e-03       6.307232e-03
         770       6.478851e-01       1.439381e-01       2.604834e-01       4.419972e-03       3.215945e-03       3.766647e-03
         780       6.367104e-01       1.436899e-01       2.553917e-01       5.530252e-03       3.106807e-03       4.458516e-03
         790       6.383536e-01       1.406071e-01       2.570058e-01       3.698175e-03       3.117613e-03       3.370176e-03
         800       6.491055e-01       1.451838e-01       2.611426e-01       6.352033e-03       2.997687e-03       4.512055e-03
         810       6.647448e-01       1.520527e-01       2.664916e-01       5.332450e-03       2.652682e-03       3.659093e-03
         820       6.810188e-01       1.516838e-01       2.734700e-01       3.788259e-03       2.361153e-03       3.166233e-03
         830       6.918054e-01       1.530793e-01       2.783053e-01       8.419443e-03       1.921696e-03       4.537259e-03
         840       6.894143e-01       1.573131e-01       2.765430e-01       5.101294e-03       2.193473e-03       3.512343e-03
         850       6.794162e-01       1.521505e-01       2.725716e-01       8.099820e-03       3.140869e-03       5.670139e-03
         860       6.634211e-01       1.440548e-01       2.674993e-01       5.345631e-03       3.091022e-03       4.322091e-03
         870       6.422910e-01       1.417719e-01       2.588454e-01       8.531474e-03       2.929581e-03       4.862360e-03
         880       6.284937e-01       1.394124e-01       2.525956e-01       7.186709e-03       6.474494e-03       6.800287e-03
         890       6.329721e-01       1.366231e-01       2.560820e-01       1.308469e-02       5.927259e-03       7.805388e-03
         900       6.545553e-01       1.442833e-01       2.645183e-01       6.380644e-03       1.497794e-03       4.103287e-03
         910       6.786094e-01       1.537441e-01       2.724422e-01       1.130917e-02       4.720996e-03       6.956135e-03
         920       7.001462e-01       1.556899e-01       2.816791e-01       7.468640e-03       2.855623e-03       5.185754e-03
         930       7.103674e-01       1.540105e-01       2.863379e-01       2.288542e-02       5.304146e-03       1.272016e-02
         940       6.948331e-01       1.561854e-01       2.789572e-01       7.642749e-03       1.507765e-03       4.415221e-03
         950       6.720773e-01       1.507599e-01       2.701216e-01       8.862757e-03       4.578279e-03       6.469061e-03
         960       6.470713e-01       1.437643e-01       2.603200e-01       6.866035e-03       2.598804e-03       4.283430e-03
         970       6.310936e-01       1.412563e-01       2.532589e-01       8.679643e-03       4.385512e-03       5.946926e-03
         980       6.327488e-01       1.439564e-01       2.541502e-01       7.190578e-03       3.391237e-03       4.622475e-03
         990       6.492768e-01       1.457522e-01       2.604658e-01       4.391851e-03       2.723517e-03       3.688230e-03
        1000       6.740773e-01       1.510575e-01       2.703082e-01       7.856641e-03       2.339462e-03       5.500737e-03
        1010       6.910172e-01       1.566823e-01       2.769794e-01       6.023473e-03       3.045004e-03       5.088224e-03
        1020       6.997846e-01       1.574574e-01       2.805272e-01       8.845910e-03       2.228721e-03       5.495729e-03
        1030       6.950620e-01       1.568526e-01       2.785619e-01       6.836510e-03       2.707026e-03       4.586513e-03
        1040       6.779476e-01       1.551206e-01       2.716612e-01       6.350481e-03       2.633890e-03       4.041791e-03
        1050       6.581156e-01       1.501038e-01       2.638763e-01       7.134022e-03       2.720516e-03       4.072445e-03
        1060       6.417318e-01       1.463504e-01       2.572044e-01       5.179074e-03       3.881538e-03       4.314738e-03
        1070       6.356243e-01       1.468948e-01       2.550116e-01       8.122594e-03       3.439377e-03       4.919156e-03
        1080       6.411237e-01       1.478396e-01       2.572056e-01       7.905937e-03       3.169370e-03       4.780134e-03
        1090       6.585304e-01       1.506309e-01       2.639632e-01       5.441094e-03       2.344165e-03       3.535860e-03
        1100       6.804063e-01       1.564162e-01       2.731588e-01       8.212664e-03       4.664669e-03       5.784303e-03
        1110       6.946862e-01       1.578299e-01       2.788944e-01       5.420849e-03       1.694112e-03       3.193377e-03
        1120       7.025231e-01       1.574320e-01       2.817747e-01       1.134941e-02       4.502097e-03       7.282844e-03
        1130       6.956958e-01       1.561441e-01       2.795728e-01       7.631656e-03       3.384972e-03       4.670027e-03
        1140       6.721383e-01       1.438541e-01       2.712575e-01       1.691335e-02       5.585829e-03       1.021291e-02
        1150       6.423906e-01       1.391531e-01       2.590516e-01       9.585684e-03       4.312373e-03       7.723779e-03
        1160       6.260678e-01       1.342822e-01       2.529970e-01       8.991287e-03       3.375040e-03       6.774850e-03
        1170       6.315685e-01       1.293497e-01       2.579295e-01       1.448279e-02       2.869388e-03       7.914370e-03
        1180       6.501464e-01       1.358185e-01       2.626796e-01       1.319210e-02       6.501858e-03       8.912019e-03
        1190       6.802799e-01       1.427894e-01       2.742127e-01       1.073748e-02       4.227917e-03       6.659313e-03
        1200       7.055662e-01       1.419278e-01       2.858142e-01       1.961769e-02       7.223959e-03       1.205229e-02
        1210       7.067022e-01       1.470589e-01       2.847835e-01       7.893041e-03       3.250719e-03       6.002434e-03
        1220       6.954758e-01       1.512383e-01       2.795459e-01       1.319044e-02       6.879598e-03       9.444447e-03
        1230       6.720554e-01       1.399411e-01       2.714247e-01       6.023508e-03       3.293998e-03       4.884215e-03
        1240       6.488084e-01       1.361863e-01       2.619079e-01       9.733986e-03       3.384684e-03       5.520736e-03
        1250       6.323011e-01       1.407938e-01       2.539424e-01       1.188914e-02       5.030134e-03       7.786193e-03
        1260       6.317100e-01       1.370078e-01       2.544109e-01       3.722701e-03       2.843736e-03       3.262063e-03
        1270       6.495002e-01       1.402847e-01       2.614094e-01       1.113466e-02       3.231054e-03       6.176693e-03
        1280       6.692332e-01       1.556696e-01       2.680973e-01       3.835418e-03       2.720911e-03       3.356108e-03
        1290       6.895310e-01       1.591677e-01       2.765183e-01       7.029955e-03       3.518126e-03       5.615410e-03
        1300       7.008134e-01       1.555581e-01       2.812662e-01       5.192691e-03       2.393518e-03       4.241137e-03
        1310       6.975520e-01       1.602497e-01       2.794883e-01       8.662807e-03       2.976697e-03       5.733146e-03
        1320       6.817014e-01       1.605953e-01       2.731245e-01       5.801800e-03       3.677552e-03       4.778805e-03
        1330       6.596462e-01       1.497198e-01       2.645990e-01       9.774744e-03       3.340901e-03       5.515557e-03
        1340       6.413903e-01       1.491761e-01       2.570557e-01       5.425078e-03       2.132993e-03       3.324795e-03
        1350       6.311150e-01       1.529571e-01       2.525981e-01       7.161166e-03       4.292702e-03       5.977164e-03
        1360       6.385663e-01       1.518523e-01       2.557523e-01       6.372029e-03       2.566707e-03       4.131089e-03
        1370       6.605522e-01       1.609263e-01       2.644699e-01       1.000823e-02       3.034287e-03       5.703570e-03
        1380       6.830824e-01       1.663142e-01       2.734259e-01       3.675415e-03       1.871124e-03       2.625307e-03
        1390       7.034745e-01       1.693053e-01       2.816019e-01       1.201065e-02       4.256124e-03       8.257411e-03
        1400       7.102835e-01       1.712400e-01       2.843403e-01       7.059265e-03       2.311868e-03       5.058606e-03
        1410       6.994989e-01       1.596439e-01       2.804964e-01       1.044535e-02       4.192177e-03       7.652464e-03
        1420       6.718760e-01       1.585526e-01       2.691786e-01       9.216775e-03       4.556946e-03       6.614440e-03
        1430       6.401398e-01       1.479448e-01       2.564131e-01       8.999578e-03       4.927243e-03       7.098358e-03
        1440       6.266553e-01       1.297858e-01       2.548076e-01       1.362032e-02       5.609115e-03       9.535944e-03
        1450       6.273454e-01       1.308272e-01       2.541327e-01       1.311541e-02       6.039099e-03       9.196975e-03
        1460       6.577970e-01       1.363681e-01       2.655377e-01       1.370659e-02       8.708093e-03       1.082903e-02
        1470       6.962449e-01       1.397504e-01       2.828328e-01       2.884367e-02       8.460779e-03       1.356407e-02
        1480       7.089385e-01       1.462221e-01       2.866370e-01       8.774402e-03       4.569355e-03       5.884557e-03
        1490       7.051397e-01       1.466774e-01       2.839770e-01       2.295172e-02       8.456541e-03       1.391173e-02
        1500       6.846437e-01       1.429485e-01       2.763612e-01       1.004514e-02       3.323981e-03       5.360318e-03
        1510       6.620825e-01       1.410003e-01       2.678055e-01       8.434565e-03       1.548291e-03       4.785453e-03
        1520       6.369924e-01       1.363737e-01       2.565202e-01       1.111142e-02       3.582365e-03       6.845625e-03
        1530       6.286933e-01       1.349173e-01       2.533982e-01       5.247604e-03       2.398093e-03       3.493017e-03
        1540       6.401818e-01       1.415145e-01       2.583703e-01       1.513288e-02       6.319484e-03       8.401978e-03
        1550       6.576625e-01       1.482201e-01       2.641568e-01       3.211768e-03       1.516920e-03       2.543485e-03
        1560       6.825207e-01       1.514474e-01       2.738642e-01       1.179947e-02       2.643653e-03       7.592723e-03
        1570       6.984228e-01       1.574996e-01       2.805154e-01       3.644057e-03       1.423733e-03       2.501120e-03
        1580       7.012536e-01       1.574305e-01       2.815081e-01       5.738961e-03       4.214271e-03       5.109776e-03
        1590       6.902849e-01       1.556022e-01       2.767999e-01       7.032361e-03       2.704443e-03       4.711326e-03
        1600       6.693603e-01       1.527350e-01       2.685392e-01       6.260672e-03       4.983318e-03       5.836869e-03
        1610       6.491564e-01       1.460042e-01       2.606424e-01       5.662210e-03       1.395953e-03       3.211677e-03
        1620       6.330165e-01       1.476084e-01       2.537413e-01       4.512069e-03       3.094364e-03       3.826203e-03
        1630       6.343815e-01       1.482439e-01       2.543446e-01       4.732955e-03       1.534473e-03       2.819282e-03
        1640       6.503945e-01       1.451606e-01       2.610231e-01       1.257258e-02       5.105495e-03       6.999920e-03
        1650       6.697484e-01       1.561749e-01       2.682515e-01       3.535243e-03       2.000363e-03       2.578373e-03
        1660       6.933199e-01       1.667381e-01       2.775919e-01       8.657726e-03       4.803158e-03       7.157415e-03
        1670       7.050251e-01       1.573763e-01       2.826740e-01       4.266119e-03       1.196635e-03       2.126281e-03
        1680       7.031127e-01       1.556999e-01       2.821575e-01       1.386203e-02       3.764167e-03       7.655686e-03
        1690       6.825269e-01       1.640906e-01       2.732189e-01       6.681094e-03       2.082512e-03       4.415585e-03
        1700       6.584166e-01       1.529574e-01       2.637459e-01       4.445195e-03       2.721678e-03       3.481344e-03
        1710       6.383908e-01       1.415790e-01       2.576303e-01       1.020602e-02       5.335707e-03       7.497114e-03
        1720       6.229579e-01       1.362403e-01       2.507902e-01       4.137787e-03       2.367169e-03       3.612793e-03
        1730       6.376807e-01       1.419412e-01       2.558647e-01       1.506259e-02       9.867462e-03       1.127126e-02
        1740       6.672562e-01       1.389246e-01       2.702528e-01       6.754902e-03       3.939505e-03       6.017669e-03
        1750       6.944497e-01       1.418528e-01       2.811659e-01       1.040909e-02       5.574060e-03       7.307509e-03
        1760       7.092935e-01       1.545367e-01       2.849850e-01       1.456905e-02       5.103593e-03       1.027693e-02
        1770       7.046385e-01       1.499313e-01       2.838286e-01       8.186178e-03       4.211630e-03       6.138072e-03
        1780       6.887737e-01       1.399341e-01       2.791627e-01       1.088796e-02       4.531914e-03       7.110004e-03
        1790       6.573485e-01       1.395182e-01       2.649320e-01       7.102421e-03       3.496992e-03       5.038947e-03
        1800       6.387565e-01       1.390690e-01       2.572497e-01       1.143056e-02       4.105212e-03       6.567563e-03
        1810       6.340330e-01       1.329434e-01       2.565168e-01       1.413163e-02       4.851607e-03       7.538149e-03
        1820       6.403499e-01       1.374010e-01       2.580010e-01       4.480224e-03       2.418890e-03       3.004657e-03
        1830       6.581605e-01       1.465009e-01       2.645076e-01       1.180674e-02       3.926005e-03       6.768604e-03
        1840       6.765963e-01       1.449012e-01       2.722629e-01       4.955138e-03       2.150461e-03       3.280974e-03
        1850       6.926310e-01       1.476889e-01       2.786244e-01       1.011185e-02       4.870610e-03       6.790041e-03
        1860       6.954985e-01       1.554842e-01       2.792801e-01       3.930518e-03       2.957019e-03       3.412058e-03
        1870       6.869307e-01       1.507801e-01       2.760861e-01       4.148059e-03       2.715538e-03       3.584283e-03
        1880       6.715452e-01       1.426685e-01       2.703382e-01       8.275035e-03       2.121420e-03       4.759206e-03
        1890       6.497848e-01       1.421472e-01       2.613120e-01       4.389852e-03       3.021740e-03       4.023435e-03
        1900       6.366361e-01       1.408120e-01       2.563520e-01       6.776194e-03       1.731566e-03       4.237335e-03
        1910       6.338104e-01       1.366460e-01       2.550973e-01       1.033615e-02       3.867019e-03       5.898012e-03
        1920       6.459883e-01       1.432507e-01       2.594230e-01       4.712318e-03       2.119346e-03       3.215852e-03
        1930       6.710950e-01       1.516815e-01       2.698783e-01       9.844317e-03       4.214724e-03       6.166089e-03
        1940       6.917483e-01       1.552808e-01       2.775835e-01       3.177093e-03       2.026468e-03       2.779826e-03
        1950       7.068019e-01       1.609041e-01       2.831566e-01       1.482936e-02       5.234873e-03       1.021773e-02
        1960       7.015568e-01       1.612465e-01       2.814814e-01       5.058828e-03       1.685881e-03       3.430955e-03
        1970       6.874162e-01       1.558830e-01       2.764345e-01       9.349336e-03       2.529341e-03       5.302215e-03
        1980       6.593651e-01       1.550069e-01       2.639708e-01       8.316503e-03       3.466491e-03       5.371735e-03
        1990       6.332182e-01       1.542439e-01       2.534692e-01       3.180783e-03       1.530643e-03       2.002314e-03
        2000       6.301898e-01       1.478512e-01       2.526933e-01       1.309511e-02       5.840990e-03       8.778105e-03
        2010       6.422665e-01       1.584276e-01       2.570500e-01       2.712660e-03       1.577500e-03       2.270698e-03
        2020       6.656957e-01       1.554957e-01       2.669350e-01       1.028554e-02       4.963906e-03       6.829379e-03
        2030       6.880929e-01       1.633139e-01       2.754896e-01       5.085252e-03       2.555001e-03       3.508617e-03
        2040       7.044352e-01       1.708220e-01       2.819725e-01       1.113749e-02       3.342932e-03       6.658345e-03
        2050       7.042610e-01       1.635408e-01       2.826714e-01       6.806086e-03       3.945150e-03       5.635325e-03
        2060       6.841244e-01       1.620681e-01       2.741990e-01       5.713087e-03       4.132387e-03       4.859860e-03
        2070       6.639383e-01       1.596409e-01       2.657898e-01       6.395764e-03       2.658687e-03       4.200272e-03
        2080       6.456694e-01       1.492608e-01       2.591197e-01       5.441069e-03       3.627453e-03       4.468373e-03
        2090       6.373169e-01       1.476844e-01       2.558414e-01       4.218811e-03       2.248627e-03       3.138732e-03
        2100       6.414782e-01       1.518293e-01       2.568509e-01       3.972879e-03       2.454516e-03       3.219831e-03
        2110       6.538390e-01       1.523379e-01       2.620495e-01       3.694039e-03       1.821716e-03       3.065482e-03
        2120       6.700420e-01       1.543087e-01       2.689471e-01       7.195182e-03       2.082301e-03       4.336670e-03
        2130       6.812179e-01       1.604526e-01       2.728324e-01       3.483877e-03       9.270808e-04       2.508142e-03
        2140       6.887122e-01       1.621467e-01       2.757596e-01       7.155530e-03       2.431089e-03       4.106605e-03
        2150       6.874917e-01       1.586610e-01       2.758718e-01       5.754908e-03       2.437665e-03       3.654208e-03
        2160       6.752355e-01       1.564123e-01       2.708378e-01       3.886919e-03       2.590073e-03       3.179176e-03
        2170       6.592772e-01       1.540476e-01       2.640314e-01       5.438830e-03       2.988905e-03       4.446912e-03
        2180       6.437970e-01       1.476448e-01       2.584004e-01       3.423248e-03       1.852994e-03       2.923437e-03
        2190       6.367810e-01       1.441655e-01       2.562745e-01       9.388321e-03       3.198243e-03       5.372026e-03
        2200       6.383645e-01       1.439447e-01       2.561384e-01       3.407678e-03       1.822784e-03       2.593529e-03
        2210       6.539336e-01       1.457054e-01       2.625972e-01       4.990336e-03       3.363577e-03       4.253170e-03
        2220       6.780974e-01       1.506957e-01       2.731716e-01       8.777267e-03       2.507726e-03       4.675064e-03
        2230       6.936617e-01       1.531771e-01       2.787498e-01       5.431060e-03       3.121536e-03       4.258856e-03
        2240       7.016858e-01       1.513133e-01       2.820050e-01       1.305875e-02       5.016062e-03       7.864993e-03
        2250       6.926013e-01       1.507700e-01       2.789799e-01       1.206270e-02       4.444013e-03       7.220356e-03
        2260       6.726632e-01       1.502311e-01       2.707959e-01       5.992166e-03       2.633362e-03       4.153126e-03
        2270       6.475094e-01       1.386153e-01       2.608267e-01       1.798852e-02       5.956792e-03       9.537345e-03
        2280       6.286245e-01       1.337845e-01       2.542343e-01       8.316890e-03       3.063173e-03       4.661708e-03
        2290       6.294534e-01       1.371801e-01       2.539658e-01       1.911434e-02       5.413768e-03       1.132372e-02
        2300       6.454684e-01       1.390115e-01       2.600983e-01       7.059280e-03       2.878864e-03       4.429856e-03
        2310       6.712738e-01       1.427349e-01       2.707058e-01       1.337551e-02       6.248120e-03       7.946180e-03
        2320       6.956374e-01       1.536638e-01       2.797330e-01       1.025682e-02       4.309013e-03       6.898109e-03
        2330       7.047016e-01       1.543572e-01       2.831103e-01       9.671404e-03       3.961765e-03       6.223044e-03
        2340       7.008486e-01       1.494448e-01       2.823686e-01       8.668729e-03       3.358215e-03       5.700266e-03
        2350       6.784479e-01       1.510009e-01       2.724596e-01       7.785285e-03       5.460218e-03       6.391072e-03
        2360       6.544714e-01       1.486965e-01       2.623862e-01       4.933630e-03       2.430608e-03       3.240528e-03
        2370       6.383004e-01       1.404409e-01       2.569589e-01       7.836547e-03       4.406843e-03       5.766763e-03
        2380       6.333206e-01       1.444587e-01       2.542247e-01       3.050219e-03       2.280601e-03       2.625327e-03
        2390       6.436654e-01       1.546730e-01       2.576555e-01       6.302134e-03       3.781122e-03       4.986310e-03
        2400       6.606288e-01       1.521994e-01       2.649784e-01       4.240219e-03       2.547354e-03       3.388332e-03
        2410       6.808347e-01       1.566756e-01       2.731213e-01       4.428892e-03       3.189792e-03       3.901102e-03
        2420       6.915802e-01       1.660097e-01       2.768019e-01       5.605131e-03       2.282842e-03       3.863802e-03
        2430       6.918891e-01       1.661352e-01       2.770321e-01       3.631249e-03       1.949647e-03       2.950979e-03
        2440       6.848229e-01       1.576673e-01       2.747059e-01       4.707647e-03       2.265398e-03       3.514147e-03
        2450       6.682352e-01       1.582004e-01       2.676585e-01       3.483004e-03       1.434063e-03       2.758039e-03
        2460       6.511881e-01       1.585094e-01       2.607467e-01       6.066117e-03       2.559828e-03       4.024032e-03
        2470       6.380350e-01       1.508063e-01       2.558934e-01       2.939523e-03       1.987594e-03       2.464358e-03
        2480       6.378218e-01       1.512765e-01       2.556765e-01       4.508423e-03       3.261029e-03       3.953483e-03
        2490       6.484223e-01       1.524542e-01       2.598272e-01       3.715078e-03       1.409722e-03       2.295120e-03
        2500       6.663474e-01       1.564652e-01       2.672754e-01       6.352534e-03       4.917159e-03       5.854241e-03
        2510       6.922712e-01       1.590806e-01       2.776378e-01       8.303906e-03       4.177797e-03       5.231942e-03
        2520       7.065002e-01       1.639860e-01       2.832084e-01       8.590119e-03       4.385347e-03       6.115468e-03
        2530       7.041350e-01       1.562323e-01       2.828242e-01       7.893091e-03       1.779013e-03       4.504890e-03
        2540       6.860083e-01       1.593350e-01       2.751949e-01       1.186874e-02       6.543505e-03       8.440075e-03
        2550       6.598494e-01       1.499558e-01       2.649231e-01       3.575774e-03       2.652519e-03       3.247974e-03
        2560       6.386486e-01       1.335953e-01       2.586124e-01       2.311409e-02       8.588857e-03       1.261295e-02
        2570       6.263519e-01       1.336741e-01       2.524243e-01       7.717673e-03       2.968926e-03       5.495862e-03
        2580       6.388190e-01       1.367665e-01       2.570492e-01       1.240214e-02       6.548461e-03       9.306610e-03
        2590       6.646232e-01       1.358089e-01       2.694127e-01       1.068892e-02       3.729466e-03       6.748085e-03
        2600       6.856568e-01       1.428581e-01       2.764338e-01       9.388635e-03       5.224773e-03       6.573482e-03
        2610       7.004167e-01       1.521294e-01       2.811193e-01       1.483844e-02       5.631986e-03       8.778084e-03
        2620       6.994993e-01       1.465261e-01       2.817141e-01       1.196557e-02       3.302912e-03       5.849698e-03
        2630       6.881096e-01       1.429552e-01       2.776879e-01       1.057342e-02       4.222655e-03       6.491877e-03
        2640       6.641924e-01       1.433696e-01       2.668362e-01       6.366031e-03       2.696236e-03       5.070723e-03
        2650       6.431955e-01       1.387206e-01       2.587307e-01       3.973490e-03       1.756504e-03       3.016606e-03
        2660       6.354442e-01       1.350497e-01       2.563965e-01       1.404634e-02       4.080239e-03       7.388404e-03
        2670       6.373703e-01       1.390377e-01       2.561920e-01       3.559352e-03       2.549945e-03       3.114580e-03
        2680       6.522093e-01       1.428121e-01       2.621024e-01       4.770364e-03       2.424316e-03       3.390545e-03
        2690       6.725936e-01       1.459072e-01       2.704168e-01       8.983529e-03       2.927581e-03       5.042319e-03
        2700       6.901170e-01       1.522849e-01       2.769876e-01       5.509297e-03       1.795172e-03       3.842609e-03
        2710       6.978439e-01       1.542323e-01       2.801094e-01       1.067272e-02       3.411894e-03       7.569198e-03
        2720       6.910711e-01       1.506445e-01       2.776740e-01       2.526485e-03       1.944449e-03       2.192046e-03
        2730       6.778996e-01       1.484185e-01       2.723796e-01       1.102072e-02       3.926189e-03       6.397958e-03
        2740       6.553179e-01       1.450243e-01       2.630819e-01       3.796504e-03       1.968388e-03       2.733106e-03
        2750       6.367466e-01       1.389191e-01       2.563915e-01       9.543146e-03       3.746893e-03       5.699482e-03
        2760       6.303957e-01       1.408294e-01       2.533536e-01       7.660345e-03       3.362602e-03       5.275289e-03
        2770       6.401389e-01       1.462193e-01       2.567885e-01       5.944281e-03       3.115307e-03       5.145535e-03
        2780       6.679456e-01       1.508863e-01       2.687233e-01       8.648054e-03       3.768568e-03       6.739940e-03
        2790       6.943187e-01       1.620450e-01       2.783365e-01       8.017506e-03       4.998345e-03       6.709138e-03
        2800       7.136381e-01       1.628302e-01       2.861173e-01       1.304155e-02       2.830003e-03       7.554453e-03
        2810       7.109436e-01       1.620341e-01       2.855266e-01       1.114583e-02       5.722697e-03       8.944687e-03
        2820       6.907539e-01       1.609979e-01       2.770678e-01       4.904817e-03       2.428793e-03       3.678011e-03
        2830       6.626857e-01       1.503754e-01       2.660319e-01       1.465530e-02       5.540145e-03       8.620135e-03
        2840       6.338171e-01       1.374020e-01       2.552171e-01       5.317235e-03       2.770623e-03       3.514686e-03
        2850       6.282732e-01       1.361638e-01       2.527985e-01       1.819699e-02       6.064926e-03       1.094548e-02
        2860       6.394611e-01       1.381411e-01       2.575297e-01       6.190723e-03       1.860785e-03       3.399189e-03
        2870       6.601666e-01       1.395901e-01       2.660341e-01       1.357318e-02       3.262144e-03       6.891306e-03
        2880       6.834652e-01       1.471140e-01       2.744970e-01       9.707379e-03       3.257498e-03       6.035958e-03
        2890       6.986756e-01       1.505483e-01       2.807953e-01       6.572074e-03       2.880276e-03       5.095258e-03
        2900       7.022451e-01       1.477681e-01       2.829848e-01       1.512299e-02       3.381639e-03       6.980490e-03
        2910       6.866386e-01       1.476267e-01       2.758088e-01       7.374732e-03       3.303198e-03       5.459665e-03
        2920       6.660841e-01       1.447914e-01       2.674559e-01       4.910182e-03       2.379630e-03       3.903029e-03
        2930       6.472859e-01       1.361912e-01       2.616678e-01       6.988788e-03       3.581460e-03       5.429123e-03
        2940       6.314698e-01       1.345816e-01       2.545476e-01       5.793462e-03       2.913931e-03       3.803505e-03
        2950       6.334807e-01       1.387154e-01       2.543136e-01       1.076142e-02       6.149635e-03       8.467308e-03
        2960       6.499572e-01       1.370876e-01       2.624781e-01       9.290598e-03       3.794455e-03       5.924932e-03
        2970       6.743987e-01       1.426085e-01       2.719593e-01       5.614197e-03       3.613728e-03       4.568546e-03
        2980       6.933505e-01       1.564611e-01       2.779498e-01       1.145387e-02       2.821788e-03       7.989535e-03
        2990       7.003276e-01       1.529924e-01       2.813198e-01       5.916386e-03       2.532431e-03       3.796984e-03
        3000       6.991336e-01       1.457160e-01       2.821685e-01       1.155055e-02       6.507490e-03       9.011539e-03
