2019-06-25 21:41:57.138381: I tensorflow/core/platform/cpu_feature_guard.cc:140] Your CPU supports instructions that this TensorFlow binary was not compiled to use: AVX512F
2019-06-25 21:42:00.159300: E tensorflow/stream_executor/cuda/cuda_driver.cc:406] failed call to cuInit: CUDA_ERROR_NO_DEVICE
2019-06-25 21:42:00.159364: I tensorflow/stream_executor/cuda/cuda_diagnostics.cc:158] retrieving CUDA diagnostic information for host: SR760-GPU-5
2019-06-25 21:42:00.159374: I tensorflow/stream_executor/cuda/cuda_diagnostics.cc:165] hostname: SR760-GPU-5
2019-06-25 21:42:00.159435: I tensorflow/stream_executor/cuda/cuda_diagnostics.cc:189] libcuda reported version is: 410.48.0
2019-06-25 21:42:00.159485: I tensorflow/stream_executor/cuda/cuda_diagnostics.cc:193] kernel reported version is: 410.48.0
2019-06-25 21:42:00.159492: I tensorflow/stream_executor/cuda/cuda_diagnostics.cc:300] kernel version seems to match DSO: 410.48.0
> Info of lammps module:
  use deepmd-kit at:  /sharedext4/local/deepmd-kit-0.12.4
  source:             v0.12.4-1-ge3cd911-dirty
  source branch:      master
  source commit:      e3cd911
  source commit at:   2019-02-07 10:22:13 +0800
  build float prec:   double
  build with tf inc:  /sharedext4/local/tensorflow/r1.8.gpu.cc/include
  build with tf lib:  /sharedext4/local/tensorflow/r1.8.gpu.cc/lib/libtensorflow_cc.so;/sharedext4/local/tensorflow/r1.8.gpu.cc/lib/libtensorflow_framework.so
  >>> Info of model(s):
  using   4 model(s): ../graph.002.pb ../graph.003.pb ../graph.000.pb ../graph.001.pb 
  rcut in model:      5
  ntypes in model:    2
Neighbor list info ...
  update every 1 steps, delay 10 steps, check yes
  max neighbors/atom: 2000, page size: 100000
  master list distance cutoff = 6
  ghost atom cutoff = 6
  binsize = 3, bins = 4 4 4
  1 neighbor lists, perpetual/occasional/extra = 1 0 0
  (1) pair deepmd, perpetual
      attributes: , newton on
      pair build: full/bin/atomonly
      stencil: full/bin/3d
      bin: standard
Setting up Verlet run ...
  Unit style    : metal
  Current step  : 0
  Time step     : 0.002
Per MPI rank memory allocation (min/avg/max) = 3.934 | 3.934 | 3.934 Mbytes
Step Temp PotEng KinEng TotEng Press Volume Lx Ly Lz Xy Xz Yz 
       0          100   -23.960003  0.051704058   -23.908299    -99.15611     989.2851     10.25656    9.8128481    9.8293467   -0.2453178   -0.2571032   -0.3012912 
      10    103.27869    -23.96081  0.053399271   -23.907411    694.31917     989.2851     10.25656    9.8128481    9.8293467   -0.2453178   -0.2571032   -0.3012912 
      20    100.93407   -23.956232  0.052187008   -23.904045    1182.4487     989.2851     10.25656    9.8128481    9.8293467   -0.2453178   -0.2571032   -0.3012912 
      30    67.935367    -23.93896  0.035125341   -23.903835    1153.3768     989.2851     10.25656    9.8128481    9.8293467   -0.2453178   -0.2571032   -0.3012912 
      40    121.11695   -23.972929   0.06262238   -23.910306    658.95638     989.2851     10.25656    9.8128481    9.8293467   -0.2453178   -0.2571032   -0.3012912 
      50    89.896015   -23.959068  0.046479888   -23.912588   -131.64324     989.2851     10.25656    9.8128481    9.8293467   -0.2453178   -0.2571032   -0.3012912 
      60    98.615817   -23.963742  0.050988379   -23.912753   -854.22119     989.2851     10.25656    9.8128481    9.8293467   -0.2453178   -0.2571032   -0.3012912 
      70    89.268647    -23.96014  0.046155513   -23.913984   -1130.4755     989.2851     10.25656    9.8128481    9.8293467   -0.2453178   -0.2571032   -0.3012912 
      80    68.440428   -23.953585  0.035386479   -23.918198   -940.80651     989.2851     10.25656    9.8128481    9.8293467   -0.2453178   -0.2571032   -0.3012912 
      90    111.23828   -23.983178  0.057514704   -23.925663   -413.50384     989.2851     10.25656    9.8128481    9.8293467   -0.2453178   -0.2571032   -0.3012912 
     100    73.788436   -23.969759  0.038151616   -23.931607    328.72396     989.2851     10.25656    9.8128481    9.8293467   -0.2453178   -0.2571032   -0.3012912 
     110    89.870115    -23.98239  0.046466496   -23.935924    911.98683     989.2851     10.25656    9.8128481    9.8293467   -0.2453178   -0.2571032   -0.3012912 
     120    56.928183   -23.970032  0.029434181   -23.940598    1009.0912     989.2851     10.25656    9.8128481    9.8293467   -0.2453178   -0.2571032   -0.3012912 
     130    70.380506   -23.984471  0.036389578   -23.948081    723.21278     989.2851     10.25656    9.8128481    9.8293467   -0.2453178   -0.2571032   -0.3012912 
     140    69.958314   -23.989639  0.036171287   -23.953467    198.16042     989.2851     10.25656    9.8128481    9.8293467   -0.2453178   -0.2571032   -0.3012912 
     150    64.837096   -23.989522   0.03352341   -23.955999   -429.59097     989.2851     10.25656    9.8128481    9.8293467   -0.2453178   -0.2571032   -0.3012912 
     160    50.021667   -23.981586  0.025863232   -23.955723   -866.12798     989.2851     10.25656    9.8128481    9.8293467   -0.2453178   -0.2571032   -0.3012912 
     170    60.549563   -23.988145  0.031306581   -23.956839   -913.00544     989.2851     10.25656    9.8128481    9.8293467   -0.2453178   -0.2571032   -0.3012912 
     180    43.819008   -23.979852  0.022656205   -23.957196   -650.39707     989.2851     10.25656    9.8128481    9.8293467   -0.2453178   -0.2571032   -0.3012912 
     190    83.069918    -24.00126  0.042950519   -23.958309   -168.78419     989.2851     10.25656    9.8128481    9.8293467   -0.2453178   -0.2571032   -0.3012912 
     200     46.84461   -23.978941  0.024220564    -23.95472    450.00238     989.2851     10.25656    9.8128481    9.8293467   -0.2453178   -0.2571032   -0.3012912 
     210    86.687275   -23.993657  0.044820839   -23.948836    928.22388     989.2851     10.25656    9.8128481    9.8293467   -0.2453178   -0.2571032   -0.3012912 
     220    57.517441   -23.970458  0.029738851   -23.940719    972.43705     989.2851     10.25656    9.8128481    9.8293467   -0.2453178   -0.2571032   -0.3012912 
     230    108.65056    -23.99045  0.056176749   -23.934274    622.24935     989.2851     10.25656    9.8128481    9.8293467   -0.2453178   -0.2571032   -0.3012912 
     240    112.92344   -23.981151  0.058386003   -23.922765   -24.355354     989.2851     10.25656    9.8128481    9.8293467   -0.2453178   -0.2571032   -0.3012912 
     250    110.91216   -23.967229   0.05734609   -23.909882   -834.78406     989.2851     10.25656    9.8128481    9.8293467   -0.2453178   -0.2571032   -0.3012912 
     260    129.26974   -23.965018  0.066837701   -23.898181   -1329.0838     989.2851     10.25656    9.8128481    9.8293467   -0.2453178   -0.2571032   -0.3012912 
     270    111.38277   -23.949361  0.057589411   -23.891771   -1194.0686     989.2851     10.25656    9.8128481    9.8293467   -0.2453178   -0.2571032   -0.3012912 
     280    170.27128   -23.981707  0.088037161    -23.89367   -608.79765     989.2851     10.25656    9.8128481    9.8293467   -0.2453178   -0.2571032   -0.3012912 
     290    133.79598   -23.961321   0.06917795   -23.892143    246.75218     989.2851     10.25656    9.8128481    9.8293467   -0.2453178   -0.2571032   -0.3012912 
     300    143.93486   -23.961237  0.074420162   -23.886817      1049.25     989.2851     10.25656    9.8128481    9.8293467   -0.2453178   -0.2571032   -0.3012912 
     310    114.49578   -23.944862  0.059198967   -23.885663    1279.1456     989.2851     10.25656    9.8128481    9.8293467   -0.2453178   -0.2571032   -0.3012912 
     320    119.39422   -23.952558  0.061731658   -23.890826    907.34077     989.2851     10.25656    9.8128481    9.8293467   -0.2453178   -0.2571032   -0.3012912 
     330    115.28577   -23.957671   0.05960742   -23.898063    144.43635     989.2851     10.25656    9.8128481    9.8293467   -0.2453178   -0.2571032   -0.3012912 
     340    117.43193   -23.963144  0.060717071   -23.902426   -655.98659     989.2851     10.25656    9.8128481    9.8293467   -0.2453178   -0.2571032   -0.3012912 
     350    77.057209   -23.944513  0.039841704   -23.904671   -1148.3969     989.2851     10.25656    9.8128481    9.8293467   -0.2453178   -0.2571032   -0.3012912 
     360    90.998805   -23.957805  0.047050075   -23.910755   -1141.2319     989.2851     10.25656    9.8128481    9.8293467   -0.2453178   -0.2571032   -0.3012912 
     370    70.246734   -23.954821  0.036320412   -23.918501   -673.83211     989.2851     10.25656    9.8128481    9.8293467   -0.2453178   -0.2571032   -0.3012912 
     380    105.89924   -23.981058  0.054754204   -23.926304    43.894699     989.2851     10.25656    9.8128481    9.8293467   -0.2453178   -0.2571032   -0.3012912 
     390    61.016097   -23.958999  0.031547798   -23.927452    707.69784     989.2851     10.25656    9.8128481    9.8293467   -0.2453178   -0.2571032   -0.3012912 
     400    72.375131   -23.967885   0.03742088   -23.930464    1043.6566     989.2851     10.25656    9.8128481    9.8293467   -0.2453178   -0.2571032   -0.3012912 
     410    57.489164   -23.964411  0.029724231   -23.934687    940.28379     989.2851     10.25656    9.8128481    9.8293467   -0.2453178   -0.2571032   -0.3012912 
     420    73.155244   -23.979373   0.03782423   -23.941548     425.8829     989.2851     10.25656    9.8128481    9.8293467   -0.2453178   -0.2571032   -0.3012912 
     430    69.221758   -23.981513  0.035790458   -23.945722   -262.51094     989.2851     10.25656    9.8128481    9.8293467   -0.2453178   -0.2571032   -0.3012912 
     440    63.363438    -23.98007  0.032761469   -23.947309   -766.92114     989.2851     10.25656    9.8128481    9.8293467   -0.2453178   -0.2571032   -0.3012912 
     450    39.995662   -23.969788   0.02067938   -23.949109   -965.15156     989.2851     10.25656    9.8128481    9.8293467   -0.2453178   -0.2571032   -0.3012912 
     460    59.242092   -23.985427  0.030630566   -23.954796   -806.70593     989.2851     10.25656    9.8128481    9.8293467   -0.2453178   -0.2571032   -0.3012912 
     470    39.180473   -23.980134  0.020257894   -23.959876   -330.32981     989.2851     10.25656    9.8128481    9.8293467   -0.2453178   -0.2571032   -0.3012912 
     480    64.977297   -23.998075    0.0335959   -23.964479    253.29972     989.2851     10.25656    9.8128481    9.8293467   -0.2453178   -0.2571032   -0.3012912 
     490    28.804249   -23.980089  0.014892965   -23.965196    680.32265     989.2851     10.25656    9.8128481    9.8293467   -0.2453178   -0.2571032   -0.3012912 
     500    46.780534   -23.991577  0.024187435    -23.96739    826.74919     989.2851     10.25656    9.8128481    9.8293467   -0.2453178   -0.2571032   -0.3012912 
     510    34.668075   -23.986478  0.017924802   -23.968553    666.65414     989.2851     10.25656    9.8128481    9.8293467   -0.2453178   -0.2571032   -0.3012912 
     520    47.097021   -23.994753  0.024351071   -23.970402    223.60969     989.2851     10.25656    9.8128481    9.8293467   -0.2453178   -0.2571032   -0.3012912 
     530    51.191279   -23.995591  0.026467969   -23.969123   -324.41276     989.2851     10.25656    9.8128481    9.8293467   -0.2453178   -0.2571032   -0.3012912 
     540     39.32346   -23.984582  0.020331824    -23.96425   -740.55585     989.2851     10.25656    9.8128481    9.8293467   -0.2453178   -0.2571032   -0.3012912 
     550    53.593489   -23.986853  0.027710009   -23.959143   -919.19924     989.2851     10.25656    9.8128481    9.8293467   -0.2453178   -0.2571032   -0.3012912 
     560    55.105615   -23.981291  0.028491839     -23.9528    -780.7248     989.2851     10.25656    9.8128481    9.8293467   -0.2453178   -0.2571032   -0.3012912 
     570     79.91687   -23.988774  0.041320265   -23.947454   -268.48855     989.2851     10.25656    9.8128481    9.8293467   -0.2453178   -0.2571032   -0.3012912 
     580    86.508581   -23.982498  0.044728447    -23.93777     431.3626     989.2851     10.25656    9.8128481    9.8293467   -0.2453178   -0.2571032   -0.3012912 
     590    90.616661   -23.975724  0.046852491   -23.928871    961.50971     989.2851     10.25656    9.8128481    9.8293467   -0.2453178   -0.2571032   -0.3012912 
     600    95.416495   -23.970606    0.0493342   -23.921272    1103.9557     989.2851     10.25656    9.8128481    9.8293467   -0.2453178   -0.2571032   -0.3012912 
     610    122.06033   -23.980804  0.063110144   -23.917694    780.90088     989.2851     10.25656    9.8128481    9.8293467   -0.2453178   -0.2571032   -0.3012912 
     620    112.83039   -23.972928  0.058337891    -23.91459    -13.31162     989.2851     10.25656    9.8128481    9.8293467   -0.2453178   -0.2571032   -0.3012912 
     630       155.87   -23.988587  0.080591114   -23.907996   -815.74977     989.2851     10.25656    9.8128481    9.8293467   -0.2453178   -0.2571032   -0.3012912 
     640    90.659784    -23.94657  0.046874787   -23.899695   -1246.1051     989.2851     10.25656    9.8128481    9.8293467   -0.2453178   -0.2571032   -0.3012912 
     650    148.41985     -23.9762  0.076739086   -23.899461    -1236.096     989.2851     10.25656    9.8128481    9.8293467   -0.2453178   -0.2571032   -0.3012912 
     660    112.91327   -23.958703  0.058380742   -23.900323   -690.15737     989.2851     10.25656    9.8128481    9.8293467   -0.2453178   -0.2571032   -0.3012912 
     670    160.85411   -23.985662  0.083168101   -23.902494     217.0289     989.2851     10.25656    9.8128481    9.8293467   -0.2453178   -0.2571032   -0.3012912 
     680    128.28569   -23.966645  0.066328907   -23.900316    946.93188     989.2851     10.25656    9.8128481    9.8293467   -0.2453178   -0.2571032   -0.3012912 
     690    118.95176   -23.960298  0.061502889   -23.898795    1262.8061     989.2851     10.25656    9.8128481    9.8293467   -0.2453178   -0.2571032   -0.3012912 
     700    124.12922   -23.966608  0.064179842   -23.902428    1037.5912     989.2851     10.25656    9.8128481    9.8293467   -0.2453178   -0.2571032   -0.3012912 
     710    117.33451   -23.970315  0.060666705   -23.909648    294.04929     989.2851     10.25656    9.8128481    9.8293467   -0.2453178   -0.2571032   -0.3012912 
     720    108.20211   -23.968793  0.055944884   -23.912848   -528.57416     989.2851     10.25656    9.8128481    9.8293467   -0.2453178   -0.2571032   -0.3012912 
     730    81.474219   -23.959912  0.042125477   -23.917786   -1002.8973     989.2851     10.25656    9.8128481    9.8293467   -0.2453178   -0.2571032   -0.3012912 
     740    63.779107   -23.957104  0.032976386   -23.924128   -1076.7567     989.2851     10.25656    9.8128481    9.8293467   -0.2453178   -0.2571032   -0.3012912 
     750    81.839326   -23.976812  0.042314253   -23.934498   -726.03258     989.2851     10.25656    9.8128481    9.8293467   -0.2453178   -0.2571032   -0.3012912 
     760     59.19848   -23.973103  0.030608017   -23.942495   -57.473123     989.2851     10.25656    9.8128481    9.8293467   -0.2453178   -0.2571032   -0.3012912 
     770    72.643026   -23.985432  0.037559393   -23.947872     574.3045     989.2851     10.25656    9.8128481    9.8293467   -0.2453178   -0.2571032   -0.3012912 
     780    36.067893   -23.968731  0.018648565   -23.950082    908.40764     989.2851     10.25656    9.8128481    9.8293467   -0.2453178   -0.2571032   -0.3012912 
     790    44.876158    -23.97714  0.023202795   -23.953937    906.89864     989.2851     10.25656    9.8128481    9.8293467   -0.2453178   -0.2571032   -0.3012912 
     800    47.851726   -23.983398  0.024741284   -23.958656    553.93492     989.2851     10.25656    9.8128481    9.8293467   -0.2453178   -0.2571032   -0.3012912 
     810    43.212113   -23.983401  0.022342416   -23.961058   -17.078413     989.2851     10.25656    9.8128481    9.8293467   -0.2453178   -0.2571032   -0.3012912 
     820    50.899976   -23.987042  0.026317353   -23.960725   -537.03988     989.2851     10.25656    9.8128481    9.8293467   -0.2453178   -0.2571032   -0.3012912 
     830    24.665597   -23.971297  0.012753115   -23.958544   -825.24677     989.2851     10.25656    9.8128481    9.8293467   -0.2453178   -0.2571032   -0.3012912 
     840    49.673034   -23.982664  0.025682974   -23.956981   -821.76186     989.2851     10.25656    9.8128481    9.8293467   -0.2453178   -0.2571032   -0.3012912 
     850    43.492505   -23.975253   0.02248739   -23.952766   -486.37553     989.2851     10.25656    9.8128481    9.8293467   -0.2453178   -0.2571032   -0.3012912 
     860    67.058507   -23.979775  0.034671969   -23.945103    133.64747     989.2851     10.25656    9.8128481    9.8293467   -0.2453178   -0.2571032   -0.3012912 
     870    71.602647   -23.963986  0.037021474   -23.926965    789.53838     989.2851     10.25656    9.8128481    9.8293467   -0.2453178   -0.2571032   -0.3012912 
     880    80.360906    -23.94967  0.041549849    -23.90812    1208.5201     989.2851     10.25656    9.8128481    9.8293467   -0.2453178   -0.2571032   -0.3012912 
     890    99.176983   -23.947278  0.051278525      -23.896    1151.4575     989.2851     10.25656    9.8128481    9.8293467   -0.2453178   -0.2571032   -0.3012912 
     900    135.16976   -23.962942  0.069888249   -23.893054    500.90432     989.2851     10.25656    9.8128481    9.8293467   -0.2453178   -0.2571032   -0.3012912 
     910    114.69398   -23.946537  0.059301443   -23.887236   -408.09622     989.2851     10.25656    9.8128481    9.8293467   -0.2453178   -0.2571032   -0.3012912 
     920    154.42628   -23.963177  0.079844653   -23.883333   -1077.1757     989.2851     10.25656    9.8128481    9.8293467   -0.2453178   -0.2571032   -0.3012912 
     930     78.98658   -23.920431  0.040839267   -23.879592   -1289.6823     989.2851     10.25656    9.8128481    9.8293467   -0.2453178   -0.2571032   -0.3012912 
     940    164.51767   -23.970459   0.08506231   -23.885397   -936.98754     989.2851     10.25656    9.8128481    9.8293467   -0.2453178   -0.2571032   -0.3012912 
     950    116.78302     -23.9525  0.060381558   -23.892118    -116.0872     989.2851     10.25656    9.8128481    9.8293467   -0.2453178   -0.2571032   -0.3012912 
     960    151.49556   -23.976333  0.078329353   -23.898004     701.2276     989.2851     10.25656    9.8128481    9.8293467   -0.2453178   -0.2571032   -0.3012912 
     970    120.43068   -23.963793  0.062267548   -23.901525    1180.5099     989.2851     10.25656    9.8128481    9.8293467   -0.2453178   -0.2571032   -0.3012912 
     980    104.08591   -23.963631  0.053816641   -23.909814    1169.3481     989.2851     10.25656    9.8128481    9.8293467   -0.2453178   -0.2571032   -0.3012912 
     990    128.80345   -23.987274  0.066596609   -23.920677     569.0586     989.2851     10.25656    9.8128481    9.8293467   -0.2453178   -0.2571032   -0.3012912 
    1000    94.983131   -23.975859  0.049110133   -23.926749   -218.19913     989.2851     10.25656    9.8128481    9.8293467   -0.2453178   -0.2571032   -0.3012912 
    1010    99.121755    -23.98158   0.05124997    -23.93033   -811.93734     989.2851     10.25656    9.8128481    9.8293467   -0.2453178   -0.2571032   -0.3012912 
    1020    71.139379   -23.970153  0.036781946   -23.933371   -1086.5101     989.2851     10.25656    9.8128481    9.8293467   -0.2453178   -0.2571032   -0.3012912 
    1030     73.17626   -23.975878  0.037835096   -23.938043   -950.80879     989.2851     10.25656    9.8128481    9.8293467   -0.2453178   -0.2571032   -0.3012912 
    1040    88.682531    -23.99033  0.045852467   -23.944478   -404.92163     989.2851     10.25656    9.8128481    9.8293467   -0.2453178   -0.2571032   -0.3012912 
    1050     75.76132   -23.985938  0.039171677   -23.946766    272.83631     989.2851     10.25656    9.8128481    9.8293467   -0.2453178   -0.2571032   -0.3012912 
    1060    77.862159   -23.986537  0.040257896   -23.946279    774.48602     989.2851     10.25656    9.8128481    9.8293467   -0.2453178   -0.2571032   -0.3012912 
    1070    62.766171   -23.977298  0.032452658   -23.944845    1005.9367     989.2851     10.25656    9.8128481    9.8293467   -0.2453178   -0.2571032   -0.3012912 
    1080    64.655611   -23.978319  0.033429575   -23.944889    815.08739     989.2851     10.25656    9.8128481    9.8293467   -0.2453178   -0.2571032   -0.3012912 
    1090    93.358438   -23.993274  0.048270101   -23.945004    221.58693     989.2851     10.25656    9.8128481    9.8293467   -0.2453178   -0.2571032   -0.3012912 
    1100    66.276405    -23.97317  0.034267591   -23.938902   -439.24218     989.2851     10.25656    9.8128481    9.8293467   -0.2453178   -0.2571032   -0.3012912 
    1110    99.708292   -23.981632  0.051553233   -23.930078   -935.35306     989.2851     10.25656    9.8128481    9.8293467   -0.2453178   -0.2571032   -0.3012912 
    1120    67.197257   -23.948766  0.034743709   -23.914022   -1168.0407     989.2851     10.25656    9.8128481    9.8293467   -0.2453178   -0.2571032   -0.3012912 
    1130    129.12252   -23.967923  0.066761584   -23.901161   -912.22633     989.2851     10.25656    9.8128481    9.8293467   -0.2453178   -0.2571032   -0.3012912 
    1140    137.64082   -23.955623  0.071165892   -23.884457   -82.601365     989.2851     10.25656    9.8128481    9.8293467   -0.2453178   -0.2571032   -0.3012912 
    1150    144.60414   -23.940579   0.07476621   -23.865813    834.50929     989.2851     10.25656    9.8128481    9.8293467   -0.2453178   -0.2571032   -0.3012912 
    1160    159.50697   -23.935826  0.082471578   -23.853354    1356.5085     989.2851     10.25656    9.8128481    9.8293467   -0.2453178   -0.2571032   -0.3012912 
    1170    133.28285   -23.916672  0.068912645    -23.84776     1352.238     989.2851     10.25656    9.8128481    9.8293467   -0.2453178   -0.2571032   -0.3012912 
    1180      157.745   -23.938581  0.081560565    -23.85702    552.63831     989.2851     10.25656    9.8128481    9.8293467   -0.2453178   -0.2571032   -0.3012912 
    1190    164.69745   -23.950171  0.085155266   -23.865016   -432.32244     989.2851     10.25656    9.8128481    9.8293467   -0.2453178   -0.2571032   -0.3012912 
    1200    91.420061   -23.916986  0.047267881   -23.869718   -1118.4625     989.2851     10.25656    9.8128481    9.8293467   -0.2453178   -0.2571032   -0.3012912 
    1210    132.78681   -23.949318   0.06865617   -23.880662   -1318.2019     989.2851     10.25656    9.8128481    9.8293467   -0.2453178   -0.2571032   -0.3012912 
    1220    75.761359    -23.93206  0.039171697   -23.892888   -918.17417     989.2851     10.25656    9.8128481    9.8293467   -0.2453178   -0.2571032   -0.3012912 
    1230    129.76157   -23.973568  0.067091996   -23.906476   -137.80365     989.2851     10.25656    9.8128481    9.8293467   -0.2453178   -0.2571032   -0.3012912 
    1240    93.206452   -23.960473  0.048191518   -23.912281    623.71571     989.2851     10.25656    9.8128481    9.8293467   -0.2453178   -0.2571032   -0.3012912 
    1250    76.998438   -23.956438  0.039811317   -23.916627    1106.0227     989.2851     10.25656    9.8128481    9.8293467   -0.2453178   -0.2571032   -0.3012912 
    1260    97.677309   -23.972524  0.050503133   -23.922021    1134.9764     989.2851     10.25656    9.8128481    9.8293467   -0.2453178   -0.2571032   -0.3012912 
    1270     71.82041   -23.966425  0.037134066   -23.929291    617.39856     989.2851     10.25656    9.8128481    9.8293467   -0.2453178   -0.2571032   -0.3012912 
    1280    115.58058   -23.993785  0.059759852   -23.934025   -128.29219     989.2851     10.25656    9.8128481    9.8293467   -0.2453178   -0.2571032   -0.3012912 
    1290    69.435847   -23.967679  0.035901151   -23.931778   -747.36273     989.2851     10.25656    9.8128481    9.8293467   -0.2453178   -0.2571032   -0.3012912 
    1300    82.262903   -23.973176  0.042533259   -23.930643   -1111.4048     989.2851     10.25656    9.8128481    9.8293467   -0.2453178   -0.2571032   -0.3012912 
    1310    80.133095   -23.971891  0.041432062   -23.930459   -1041.1269     989.2851     10.25656    9.8128481    9.8293467   -0.2453178   -0.2571032   -0.3012912 
    1320    93.628942    -23.98112  0.048409962    -23.93271   -496.46301     989.2851     10.25656    9.8128481    9.8293467   -0.2453178   -0.2571032   -0.3012912 
    1330    105.64006   -23.986855  0.054620196   -23.932234    220.06666     989.2851     10.25656    9.8128481    9.8293467   -0.2453178   -0.2571032   -0.3012912 
    1340    101.48189   -23.981984  0.052470257   -23.929514     839.3771     989.2851     10.25656    9.8128481    9.8293467   -0.2453178   -0.2571032   -0.3012912 
    1350    87.704585   -23.970321  0.045346829   -23.924974    1154.2477     989.2851     10.25656    9.8128481    9.8293467   -0.2453178   -0.2571032   -0.3012912 
    1360    122.02324   -23.987751  0.063090967    -23.92466    929.63401     989.2851     10.25656    9.8128481    9.8293467   -0.2453178   -0.2571032   -0.3012912 
    1370    102.45266    -23.97519  0.052972181   -23.922218    229.22735     989.2851     10.25656    9.8128481    9.8293467   -0.2453178   -0.2571032   -0.3012912 
    1380    157.29384   -23.997465    0.0813273   -23.916137   -540.36345     989.2851     10.25656    9.8128481    9.8293467   -0.2453178   -0.2571032   -0.3012912 
    1390    103.55388   -23.957655   0.05354156   -23.904113   -1143.8789     989.2851     10.25656    9.8128481    9.8293467   -0.2453178   -0.2571032   -0.3012912 
    1400    151.68567   -23.970962  0.078427645   -23.892534   -1388.4238     989.2851     10.25656    9.8128481    9.8293467   -0.2453178   -0.2571032   -0.3012912 
    1410    159.61504   -23.961343  0.082527453   -23.878816   -987.46259     989.2851     10.25656    9.8128481    9.8293467   -0.2453178   -0.2571032   -0.3012912 
    1420    200.68066   -23.962987   0.10376005   -23.859227   -40.973574     989.2851     10.25656    9.8128481    9.8293467   -0.2453178   -0.2571032   -0.3012912 
    1430    257.62171   -23.962948   0.13320088   -23.829747    935.79692     989.2851     10.25656    9.8128481    9.8293467   -0.2453178   -0.2571032   -0.3012912 
    1440     213.8574   -23.907087   0.11057296   -23.796515    1617.1486     989.2851     10.25656    9.8128481    9.8293467   -0.2453178   -0.2571032   -0.3012912 
    1450    272.77077   -23.929231   0.14103356   -23.788197    1400.3777     989.2851     10.25656    9.8128481    9.8293467   -0.2453178   -0.2571032   -0.3012912 
    1460    241.91165   -23.924791   0.12507814   -23.799712    361.81114     989.2851     10.25656    9.8128481    9.8293467   -0.2453178   -0.2571032   -0.3012912 
    1470    180.59135   -23.911142  0.093373059   -23.817769    -712.4498     989.2851     10.25656    9.8128481    9.8293467   -0.2453178   -0.2571032   -0.3012912 
    1480    179.29629   -23.937533  0.092703459   -23.844829   -1292.5256     989.2851     10.25656    9.8128481    9.8293467   -0.2453178   -0.2571032   -0.3012912 
    1490    74.533827   -23.905201  0.038537013   -23.866664   -1202.8497     989.2851     10.25656    9.8128481    9.8293467   -0.2453178   -0.2571032   -0.3012912 
    1500    150.04728   -23.966955  0.077580534   -23.889375   -563.97349     989.2851     10.25656    9.8128481    9.8293467   -0.2453178   -0.2571032   -0.3012912 
    1510    105.35701   -23.953121  0.054473852   -23.898648    271.17298     989.2851     10.25656    9.8128481    9.8293467   -0.2453178   -0.2571032   -0.3012912 
    1520    95.804588   -23.951213   0.04953486   -23.901678    959.67243     989.2851     10.25656    9.8128481    9.8293467   -0.2453178   -0.2571032   -0.3012912 
    1530    112.01323   -23.964823  0.057915384   -23.906907    1247.6104     989.2851     10.25656    9.8128481    9.8293467   -0.2453178   -0.2571032   -0.3012912 
    1540     58.63495     -23.9428  0.030316649   -23.912483    954.95023     989.2851     10.25656    9.8128481    9.8293467   -0.2453178   -0.2571032   -0.3012912 
    1550    144.07689   -23.995949  0.074493601   -23.921455    260.67782     989.2851     10.25656    9.8128481    9.8293467   -0.2453178   -0.2571032   -0.3012912 
    1560    65.243254   -23.956325   0.03373341   -23.922591   -494.93986     989.2851     10.25656    9.8128481    9.8293467   -0.2453178   -0.2571032   -0.3012912 
    1570    106.67112    -23.97908    0.0551533   -23.923926   -1037.1673     989.2851     10.25656    9.8128481    9.8293467   -0.2453178   -0.2571032   -0.3012912 
    1580    67.841829   -23.959281  0.035076979   -23.924204   -1136.0745     989.2851     10.25656    9.8128481    9.8293467   -0.2453178   -0.2571032   -0.3012912 
    1590    86.172677   -23.972847  0.044554771   -23.928292   -769.60793     989.2851     10.25656    9.8128481    9.8293467   -0.2453178   -0.2571032   -0.3012912 
    1600    103.41873   -23.985791  0.053471682   -23.932319   -118.68144     989.2851     10.25656    9.8128481    9.8293467   -0.2453178   -0.2571032   -0.3012912 
    1610    89.041837   -23.978138  0.046038243   -23.932099    600.19669     989.2851     10.25656    9.8128481    9.8293467   -0.2453178   -0.2571032   -0.3012912 
    1620     81.59223   -23.972263  0.042186494   -23.930077    1075.3715     989.2851     10.25656    9.8128481    9.8293467   -0.2453178   -0.2571032   -0.3012912 
    1630    99.566256   -23.982344  0.051479795   -23.930865    1053.1599     989.2851     10.25656    9.8128481    9.8293467   -0.2453178   -0.2571032   -0.3012912 
    1640    75.855015   -23.970285  0.039220121   -23.931065    568.94639     989.2851     10.25656    9.8128481    9.8293467   -0.2453178   -0.2571032   -0.3012912 
    1650    139.14539    -24.00311  0.071943813   -23.931166   -130.27926     989.2851     10.25656    9.8128481    9.8293467   -0.2453178   -0.2571032   -0.3012912 
    1660     65.95248   -23.957265  0.034100109   -23.923164   -846.52366     989.2851     10.25656    9.8128481    9.8293467   -0.2453178   -0.2571032   -0.3012912 
    1670    124.42864   -23.981424  0.064334658    -23.91709   -1263.7167     989.2851     10.25656    9.8128481    9.8293467   -0.2453178   -0.2571032   -0.3012912 
    1680    89.922593   -23.957335   0.04649363   -23.910842   -1110.6685     989.2851     10.25656    9.8128481    9.8293467   -0.2453178   -0.2571032   -0.3012912 
    1690    141.55035   -23.981663  0.073187277   -23.908476   -503.03501     989.2851     10.25656    9.8128481    9.8293467   -0.2453178   -0.2571032   -0.3012912 
    1700    167.56415   -23.986819  0.086637467   -23.900182    278.60226     989.2851     10.25656    9.8128481    9.8293467   -0.2453178   -0.2571032   -0.3012912 
    1710    106.40872    -23.94071  0.055017627   -23.885692    1100.6457     989.2851     10.25656    9.8128481    9.8293467   -0.2453178   -0.2571032   -0.3012912 
    1720     181.8252   -23.966393  0.094011006   -23.872382    1457.3494     989.2851     10.25656    9.8128481    9.8293467   -0.2453178   -0.2571032   -0.3012912 
    1730    121.27467   -23.927836  0.062703927   -23.865132    972.27862     989.2851     10.25656    9.8128481    9.8293467   -0.2453178   -0.2571032   -0.3012912 
    1740    196.01989   -23.964366   0.10135024   -23.863016    102.53862     989.2851     10.25656    9.8128481    9.8293467   -0.2453178   -0.2571032   -0.3012912 
    1750    154.87106   -23.940522  0.080074623   -23.860448   -761.87512     989.2851     10.25656    9.8128481    9.8293467   -0.2453178   -0.2571032   -0.3012912 
    1760    113.84991   -23.918552  0.058865026   -23.859687   -1336.1104     989.2851     10.25656    9.8128481    9.8293467   -0.2453178   -0.2571032   -0.3012912 
    1770    137.65125   -23.942881   0.07117128    -23.87171   -1251.9234     989.2851     10.25656    9.8128481    9.8293467   -0.2453178   -0.2571032   -0.3012912 
    1780    94.866548   -23.937824  0.049049855   -23.888774   -545.30029     989.2851     10.25656    9.8128481    9.8293467   -0.2453178   -0.2571032   -0.3012912 
    1790    113.72544    -23.96445   0.05880067   -23.905649    270.83789     989.2851     10.25656    9.8128481    9.8293467   -0.2453178   -0.2571032   -0.3012912 
    1800    78.150318   -23.959661  0.040406886   -23.919254    888.17071     989.2851     10.25656    9.8128481    9.8293467   -0.2453178   -0.2571032   -0.3012912 
    1810    42.180611   -23.948472  0.021809087   -23.926663    1106.2965     989.2851     10.25656    9.8128481    9.8293467   -0.2453178   -0.2571032   -0.3012912 
    1820    86.140371   -23.982241  0.044538068   -23.937703    828.23373     989.2851     10.25656    9.8128481    9.8293467   -0.2453178   -0.2571032   -0.3012912 
    1830    36.223609    -23.96105  0.018729076   -23.942321    252.89422     989.2851     10.25656    9.8128481    9.8293467   -0.2453178   -0.2571032   -0.3012912 
    1840    82.262078   -23.987781  0.042532832   -23.945248   -372.87257     989.2851     10.25656    9.8128481    9.8293467   -0.2453178   -0.2571032   -0.3012912 
    1850    36.494555   -23.962003  0.018869166   -23.943134   -849.36274     989.2851     10.25656    9.8128481    9.8293467   -0.2453178   -0.2571032   -0.3012912 
    1860    56.742187   -23.971678  0.029338013    -23.94234   -984.78223     989.2851     10.25656    9.8128481    9.8293467   -0.2453178   -0.2571032   -0.3012912 
    1870    59.707648   -23.972739  0.030871277   -23.941868   -714.23617     989.2851     10.25656    9.8128481    9.8293467   -0.2453178   -0.2571032   -0.3012912 
    1880    56.326505   -23.969945  0.029123089   -23.940821   -143.47359     989.2851     10.25656    9.8128481    9.8293467   -0.2453178   -0.2571032   -0.3012912 
    1890    87.107503    -23.98293  0.045038114   -23.937892    507.60345     989.2851     10.25656    9.8128481    9.8293467   -0.2453178   -0.2571032   -0.3012912 
    1900    59.328793   -23.961158  0.030675394   -23.930482    996.44098     989.2851     10.25656    9.8128481    9.8293467   -0.2453178   -0.2571032   -0.3012912 
    1910    71.869678   -23.963417   0.03715954   -23.926258     1064.066     989.2851     10.25656    9.8128481    9.8293467   -0.2453178   -0.2571032   -0.3012912 
    1920    112.11575    -23.98272  0.057968393   -23.924752    662.29902     989.2851     10.25656    9.8128481    9.8293467   -0.2453178   -0.2571032   -0.3012912 
    1930    82.519106    -23.96195  0.042665726   -23.919284   -62.833366     989.2851     10.25656    9.8128481    9.8293467   -0.2453178   -0.2571032   -0.3012912 
    1940    142.81143   -23.985664  0.073839306   -23.911825    -838.6327     989.2851     10.25656    9.8128481    9.8293467   -0.2453178   -0.2571032   -0.3012912 
    1950    75.089586   -23.939798  0.038824363   -23.900974   -1252.5022     989.2851     10.25656    9.8128481    9.8293467   -0.2453178   -0.2571032   -0.3012912 
    1960    149.25418   -23.975302  0.077170467   -23.898132   -1113.4956     989.2851     10.25656    9.8128481    9.8293467   -0.2453178   -0.2571032   -0.3012912 
    1970     140.5472   -23.968038  0.072668603    -23.89537   -556.31207     989.2851     10.25656    9.8128481    9.8293467   -0.2453178   -0.2571032   -0.3012912 
    1980    146.33442   -23.971774  0.075660832   -23.896113     279.7276     989.2851     10.25656    9.8128481    9.8293467   -0.2453178   -0.2571032   -0.3012912 
    1990    183.79145   -23.989614  0.095027638   -23.894587    1119.8219     989.2851     10.25656    9.8128481    9.8293467   -0.2453178   -0.2571032   -0.3012912 
    2000    92.361934   -23.939771  0.047754868   -23.892017    1305.8036     989.2851     10.25656    9.8128481    9.8293467   -0.2453178   -0.2571032   -0.3012912 
    2010    195.26531   -24.001658   0.10096009   -23.900698    813.45278     989.2851     10.25656    9.8128481    9.8293467   -0.2453178   -0.2571032   -0.3012912 
    2020    120.10058   -23.964764  0.062096873   -23.902667    119.62895     989.2851     10.25656    9.8128481    9.8293467   -0.2453178   -0.2571032   -0.3012912 
    2030     156.1174   -23.987309  0.080719031    -23.90659   -685.89449     989.2851     10.25656    9.8128481    9.8293467   -0.2453178   -0.2571032   -0.3012912 
    2040    102.21139   -23.960275  0.052847435   -23.907427   -1246.9923     989.2851     10.25656    9.8128481    9.8293467   -0.2453178   -0.2571032   -0.3012912 
    2050    93.354187   -23.963195  0.048267903   -23.914927   -1153.6638     989.2851     10.25656    9.8128481    9.8293467   -0.2453178   -0.2571032   -0.3012912 
    2060    112.87266    -23.98503  0.058359746    -23.92667   -600.21793     989.2851     10.25656    9.8128481    9.8293467   -0.2453178   -0.2571032   -0.3012912 
    2070    86.062251    -23.98205  0.044497676   -23.937553    69.446794     989.2851     10.25656    9.8128481    9.8293467   -0.2453178   -0.2571032   -0.3012912 
    2080    70.498928   -23.984239  0.036450807   -23.947788    670.18755     989.2851     10.25656    9.8128481    9.8293467   -0.2453178   -0.2571032   -0.3012912 
    2090    54.943703   -23.987396  0.028408124   -23.958988    941.89791     989.2851     10.25656    9.8128481    9.8293467   -0.2453178   -0.2571032   -0.3012912 
    2100    29.697246   -23.982256  0.015354681   -23.966902    757.31259     989.2851     10.25656    9.8128481    9.8293467   -0.2453178   -0.2571032   -0.3012912 
    2110    56.169913    -24.00196  0.029042125   -23.972918    341.28395     989.2851     10.25656    9.8128481    9.8293467   -0.2453178   -0.2571032   -0.3012912 
    2120    27.311654   -23.987851  0.014121234    -23.97373   -131.05068     989.2851     10.25656    9.8128481    9.8293467   -0.2453178   -0.2571032   -0.3012912 
    2130    46.943371   -23.997813  0.024271628   -23.973542   -566.63381     989.2851     10.25656    9.8128481    9.8293467   -0.2453178   -0.2571032   -0.3012912 
    2140    29.092124   -23.986034  0.015041809   -23.970992   -806.45707     989.2851     10.25656    9.8128481    9.8293467   -0.2453178   -0.2571032   -0.3012912 
    2150    31.502814   -23.986182  0.016288233   -23.969894    -715.3698     989.2851     10.25656    9.8128481    9.8293467   -0.2453178   -0.2571032   -0.3012912 
    2160    55.364581    -23.99745  0.028625735   -23.968824   -339.73117     989.2851     10.25656    9.8128481    9.8293467   -0.2453178   -0.2571032   -0.3012912 
    2170    33.462006   -23.981902  0.017301215   -23.964601    176.63016     989.2851     10.25656    9.8128481    9.8293467   -0.2453178   -0.2571032   -0.3012912 
    2180    68.773794   -23.994808  0.035558843    -23.95925    695.80414     989.2851     10.25656    9.8128481    9.8293467   -0.2453178   -0.2571032   -0.3012912 
    2190     32.69101   -23.966555  0.016902579   -23.949653    1003.3124     989.2851     10.25656    9.8128481    9.8293467   -0.2453178   -0.2571032   -0.3012912 
    2200    72.150112   -23.982193  0.037304536   -23.944888    873.59263     989.2851     10.25656    9.8128481    9.8293467   -0.2453178   -0.2571032   -0.3012912 
    2210    77.282816    -23.97823  0.039958352   -23.938271    364.95898     989.2851     10.25656    9.8128481    9.8293467   -0.2453178   -0.2571032   -0.3012912 
    2220    70.364713   -23.967335  0.036381412   -23.930953   -307.99632     989.2851     10.25656    9.8128481    9.8293467   -0.2453178   -0.2571032   -0.3012912 
    2230    90.240731   -23.968145   0.04665812   -23.921486   -921.75006     989.2851     10.25656    9.8128481    9.8293467   -0.2453178   -0.2571032   -0.3012912 
    2240     64.92039   -23.945977  0.033566476    -23.91241   -1133.9189     989.2851     10.25656    9.8128481    9.8293467   -0.2453178   -0.2571032   -0.3012912 
    2250    94.167576   -23.957551  0.048688458   -23.908862   -828.66223     989.2851     10.25656    9.8128481    9.8293467   -0.2453178   -0.2571032   -0.3012912 
    2260    127.27391   -23.971253  0.065805774   -23.905447   -170.25935     989.2851     10.25656    9.8128481    9.8293467   -0.2453178   -0.2571032   -0.3012912 
    2270    89.162205   -23.944531  0.046100478   -23.898431    654.94254     989.2851     10.25656    9.8128481    9.8293467   -0.2453178   -0.2571032   -0.3012912 
    2280    135.49986   -23.961203  0.070058928   -23.891144    1281.8764     989.2851     10.25656    9.8128481    9.8293467   -0.2453178   -0.2571032   -0.3012912 
    2290    75.291812   -23.926105  0.038928922   -23.887176    1257.0917     989.2851     10.25656    9.8128481    9.8293467   -0.2453178   -0.2571032   -0.3012912 
    2300    144.51523   -23.965342  0.074720239   -23.890622    714.65619     989.2851     10.25656    9.8128481    9.8293467   -0.2453178   -0.2571032   -0.3012912 
    2310    120.89439   -23.955494  0.062507305   -23.892987   -94.733792     989.2851     10.25656    9.8128481    9.8293467   -0.2453178   -0.2571032   -0.3012912 
    2320    118.50241   -23.953888  0.061270557   -23.892618   -904.16987     989.2851     10.25656    9.8128481    9.8293467   -0.2453178   -0.2571032   -0.3012912 
    2330    108.23078   -23.948712  0.055959704   -23.892752   -1266.6832     989.2851     10.25656    9.8128481    9.8293467   -0.2453178   -0.2571032   -0.3012912 
    2340    101.55021   -23.952231  0.052505578   -23.899725   -1014.4476     989.2851     10.25656    9.8128481    9.8293467   -0.2453178   -0.2571032   -0.3012912 
    2350    113.44831   -23.967771  0.058657378   -23.909114    -400.5774     989.2851     10.25656    9.8128481    9.8293467   -0.2453178   -0.2571032   -0.3012912 
    2360    124.11579   -23.982968  0.064172899   -23.918795     372.1443     989.2851     10.25656    9.8128481    9.8293467   -0.2453178   -0.2571032   -0.3012912 
    2370    69.089484    -23.95948  0.035722067   -23.923757    985.32371     989.2851     10.25656    9.8128481    9.8293467   -0.2453178   -0.2571032   -0.3012912 
    2380    104.95065   -23.988703  0.054263747   -23.934439    1075.0047     989.2851     10.25656    9.8128481    9.8293467   -0.2453178   -0.2571032   -0.3012912 
    2390    51.675747   -23.969412  0.026718458   -23.942694    722.83043     989.2851     10.25656    9.8128481    9.8293467   -0.2453178   -0.2571032   -0.3012912 
    2400    92.189488   -23.999549  0.047665706   -23.951883    158.27898     989.2851     10.25656    9.8128481    9.8293467   -0.2453178   -0.2571032   -0.3012912 
    2410    56.818804   -23.984932  0.029377627   -23.955554   -467.11548     989.2851     10.25656    9.8128481    9.8293467   -0.2453178   -0.2571032   -0.3012912 
    2420    52.569246   -23.984108  0.027180433   -23.956927   -877.21084     989.2851     10.25656    9.8128481    9.8293467   -0.2453178   -0.2571032   -0.3012912 
    2430    59.050298   -23.989573  0.030531401   -23.959042   -894.18335     989.2851     10.25656    9.8128481    9.8293467   -0.2453178   -0.2571032   -0.3012912 
    2440    38.939951   -23.980685  0.020133535   -23.960551   -599.97072     989.2851     10.25656    9.8128481    9.8293467   -0.2453178   -0.2571032   -0.3012912 
    2450    81.100427   -24.004588  0.041932212   -23.962656   -120.75061     989.2851     10.25656    9.8128481    9.8293467   -0.2453178   -0.2571032   -0.3012912 
    2460    40.900168   -23.981077  0.021147047    -23.95993    467.10639     989.2851     10.25656    9.8128481    9.8293467   -0.2453178   -0.2571032   -0.3012912 
    2470    71.604168   -23.993035   0.03702226   -23.956012    906.51521     989.2851     10.25656    9.8128481    9.8293467   -0.2453178   -0.2571032   -0.3012912 
    2480    53.820646   -23.977969  0.027827458   -23.950141    919.97565     989.2851     10.25656    9.8128481    9.8293467   -0.2453178   -0.2571032   -0.3012912 
    2490    82.277702   -23.987057  0.042540911   -23.944516    580.92589     989.2851     10.25656    9.8128481    9.8293467   -0.2453178   -0.2571032   -0.3012912 
    2500    101.56682   -23.984893  0.052514167   -23.932378   -17.886017     989.2851     10.25656    9.8128481    9.8293467   -0.2453178   -0.2571032   -0.3012912 
    2510    105.69346   -23.969769  0.054647808   -23.915122   -789.67432     989.2851     10.25656    9.8128481    9.8293467   -0.2453178   -0.2571032   -0.3012912 
    2520     109.4016   -23.954671  0.056565069   -23.898106    -1309.647     989.2851     10.25656    9.8128481    9.8293467   -0.2453178   -0.2571032   -0.3012912 
    2530    140.41738    -23.96469  0.072601486   -23.892089   -1168.3513     989.2851     10.25656    9.8128481    9.8293467   -0.2453178   -0.2571032   -0.3012912 
    2540    109.46727   -23.946942  0.056599021   -23.890343   -584.21544     989.2851     10.25656    9.8128481    9.8293467   -0.2453178   -0.2571032   -0.3012912 
    2550     190.5451   -23.991945   0.09851955   -23.893425    225.73206     989.2851     10.25656    9.8128481    9.8293467   -0.2453178   -0.2571032   -0.3012912 
    2560    82.095726    -23.92835  0.042446822   -23.885903    1065.8938     989.2851     10.25656    9.8128481    9.8293467   -0.2453178   -0.2571032   -0.3012912 
    2570    142.65068     -23.9596   0.07375619   -23.885844    1298.8361     989.2851     10.25656    9.8128481    9.8293467   -0.2453178   -0.2571032   -0.3012912 
    2580    93.764124   -23.940403  0.048479857   -23.891923    890.26817     989.2851     10.25656    9.8128481    9.8293467   -0.2453178   -0.2571032   -0.3012912 
    2590    117.33261   -23.959774  0.060665719   -23.899109    191.33233     989.2851     10.25656    9.8128481    9.8293467   -0.2453178   -0.2571032   -0.3012912 
    2600    118.86446   -23.966234  0.061457751   -23.904777   -618.79619     989.2851     10.25656    9.8128481    9.8293467   -0.2453178   -0.2571032   -0.3012912 
    2610    67.439273   -23.942021  0.034868841   -23.907153   -1114.3419     989.2851     10.25656    9.8128481    9.8293467   -0.2453178   -0.2571032   -0.3012912 
    2620    90.654472   -23.961138  0.046872041   -23.914266   -1083.0094     989.2851     10.25656    9.8128481    9.8293467   -0.2453178   -0.2571032   -0.3012912 
    2630    77.120825   -23.961325  0.039874596    -23.92145   -637.58692     989.2851     10.25656    9.8128481    9.8293467   -0.2453178   -0.2571032   -0.3012912 
    2640    78.796505   -23.968412  0.040740991   -23.927671     35.07914     989.2851     10.25656    9.8128481    9.8293467   -0.2453178   -0.2571032   -0.3012912 
    2650    92.479116   -23.979455  0.047815456    -23.93164    730.34272     989.2851     10.25656    9.8128481    9.8293467   -0.2453178   -0.2571032   -0.3012912 
    2660    45.999327   -23.955313  0.023783519   -23.931529    1067.3926     989.2851     10.25656    9.8128481    9.8293467   -0.2453178   -0.2571032   -0.3012912 
    2670    86.971881   -23.981808  0.044967992   -23.936841    911.41255     989.2851     10.25656    9.8128481    9.8293467   -0.2453178   -0.2571032   -0.3012912 
    2680    63.095298   -23.973138   0.03262283   -23.940515    456.34895     989.2851     10.25656    9.8128481    9.8293467   -0.2453178   -0.2571032   -0.3012912 
    2690    72.895514   -23.980339  0.037689939   -23.942649   -198.15878     989.2851     10.25656    9.8128481    9.8293467   -0.2453178   -0.2571032   -0.3012912 
    2700    76.443983   -23.980625  0.039524641   -23.941101   -802.70236     989.2851     10.25656    9.8128481    9.8293467   -0.2453178   -0.2571032   -0.3012912 
    2710    37.746813   -23.957349  0.019516634   -23.937833   -1028.1736     989.2851     10.25656    9.8128481    9.8293467   -0.2453178   -0.2571032   -0.3012912 
    2720     92.84637   -23.986405  0.048005341   -23.938399   -831.91599     989.2851     10.25656    9.8128481    9.8293467   -0.2453178   -0.2571032   -0.3012912 
    2730    57.694201   -23.964497  0.029830243   -23.934667   -347.46222     989.2851     10.25656    9.8128481    9.8293467   -0.2453178   -0.2571032   -0.3012912 
    2740    115.80143   -23.990759  0.059874038   -23.930885    342.19466     989.2851     10.25656    9.8128481    9.8293467   -0.2453178   -0.2571032   -0.3012912 
    2750    82.100762   -23.959973  0.042449426   -23.917523    1013.5619     989.2851     10.25656    9.8128481    9.8293467   -0.2453178   -0.2571032   -0.3012912 
    2760    106.65941   -23.960114  0.055147243   -23.904967    1225.6255     989.2851     10.25656    9.8128481    9.8293467   -0.2453178   -0.2571032   -0.3012912 
    2770    147.01426   -23.969572  0.076012336    -23.89356    860.99324     989.2851     10.25656    9.8128481    9.8293467   -0.2453178   -0.2571032   -0.3012912 
    2780    154.47187   -23.963034  0.079868224   -23.883166    99.891119     989.2851     10.25656    9.8128481    9.8293467   -0.2453178   -0.2571032   -0.3012912 
    2790    179.84358   -23.962902  0.092986429   -23.869916   -874.90686     989.2851     10.25656    9.8128481    9.8293467   -0.2453178   -0.2571032   -0.3012912 
    2800    168.70353   -23.946529  0.087226571   -23.859303   -1443.4442     989.2851     10.25656    9.8128481    9.8293467   -0.2453178   -0.2571032   -0.3012912 
    2810     142.5766   -23.933038  0.073717885    -23.85932   -1332.6824     989.2851     10.25656    9.8128481    9.8293467   -0.2453178   -0.2571032   -0.3012912 
    2820      219.553    -23.98221   0.11351781   -23.868692   -733.15967     989.2851     10.25656    9.8128481    9.8293467   -0.2453178   -0.2571032   -0.3012912 
    2830     130.0416   -23.943592  0.067236783   -23.876356    232.37316     989.2851     10.25656    9.8128481    9.8293467   -0.2453178   -0.2571032   -0.3012912 
    2840    188.07449   -23.980207  0.097242144   -23.882965    1119.9482     989.2851     10.25656    9.8128481    9.8293467   -0.2453178   -0.2571032   -0.3012912 
    2850    83.102961   -23.930433  0.042967603   -23.887466    1301.5163     989.2851     10.25656    9.8128481    9.8293467   -0.2453178   -0.2571032   -0.3012912 
    2860    143.42537   -23.974519  0.074156736   -23.900362    926.24691     989.2851     10.25656    9.8128481    9.8293467   -0.2453178   -0.2571032   -0.3012912 
    2870    106.80286   -23.965472  0.055221411    -23.91025    250.62891     989.2851     10.25656    9.8128481    9.8293467   -0.2453178   -0.2571032   -0.3012912 
    2880    94.110984   -23.963621  0.048659198   -23.914961   -558.17462     989.2851     10.25656    9.8128481    9.8293467   -0.2453178   -0.2571032   -0.3012912 
    2890    90.465963   -23.962852  0.046774574   -23.916078   -1084.3769     989.2851     10.25656    9.8128481    9.8293467   -0.2453178   -0.2571032   -0.3012912 
    2900    70.103904   -23.955174  0.036246563   -23.918927   -1091.0372     989.2851     10.25656    9.8128481    9.8293467   -0.2453178   -0.2571032   -0.3012912 
    2910    82.500101   -23.965448    0.0426559   -23.922792   -701.62093     989.2851     10.25656    9.8128481    9.8293467   -0.2453178   -0.2571032   -0.3012912 
    2920    102.68515   -23.978778  0.053092391   -23.925686   -34.674672     989.2851     10.25656    9.8128481    9.8293467   -0.2453178   -0.2571032   -0.3012912 
    2930    64.431411    -23.95639  0.033313654   -23.923077    717.63255     989.2851     10.25656    9.8128481    9.8293467   -0.2453178   -0.2571032   -0.3012912 
    2940    99.105781   -23.972307  0.051241711   -23.921066    1127.7794     989.2851     10.25656    9.8128481    9.8293467   -0.2453178   -0.2571032   -0.3012912 
    2950    53.234234   -23.947381  0.027524259   -23.919857    1039.6689     989.2851     10.25656    9.8128481    9.8293467   -0.2453178   -0.2571032   -0.3012912 
    2960    98.763375   -23.973438  0.051064673   -23.922373    570.37106     989.2851     10.25656    9.8128481    9.8293467   -0.2453178   -0.2571032   -0.3012912 
    2970    102.04474   -23.976337   0.05276127   -23.923576   -197.32163     989.2851     10.25656    9.8128481    9.8293467   -0.2453178   -0.2571032   -0.3012912 
    2980    66.756076   -23.952938    0.0345156   -23.918422   -893.52102     989.2851     10.25656    9.8128481    9.8293467   -0.2453178   -0.2571032   -0.3012912 
    2990    104.12917   -23.969127  0.053839005   -23.915288   -1143.5295     989.2851     10.25656    9.8128481    9.8293467   -0.2453178   -0.2571032   -0.3012912 
    3000     47.40285   -23.937414  0.024509197   -23.912905   -945.86902     989.2851     10.25656    9.8128481    9.8293467   -0.2453178   -0.2571032   -0.3012912 
Loop time of 37.1552 on 1 procs for 3000 steps with 5 atoms

Performance: 13.952 ns/day, 1.720 hours/ns, 80.742 timesteps/s
245.4% CPU use with 1 MPI tasks x no OpenMP threads

MPI task timing breakdown:
Section |  min time  |  avg time  |  max time  |%varavg| %total
---------------------------------------------------------------
Pair    | 36.334     | 36.334     | 36.334     |   0.0 | 97.79
Neigh   | 0.0015323  | 0.0015323  | 0.0015323  |   0.0 |  0.00
Comm    | 0.01112    | 0.01112    | 0.01112    |   0.0 |  0.03
Output  | 0.78115    | 0.78115    | 0.78115    |   0.0 |  2.10
Modify  | 0.020844   | 0.020844   | 0.020844   |   0.0 |  0.06
Other   |            | 0.006444   |            |       |  0.02

Nlocal:    5 ave 5 max 5 min
Histogram: 1 0 0 0 0 0 0 0 0 0
Nghost:    103 ave 103 max 103 min
Histogram: 1 0 0 0 0 0 0 0 0 0
Neighs:    0 ave 0 max 0 min
Histogram: 1 0 0 0 0 0 0 0 0 0

Total # of neighbors = 0
Ave neighs/atom = 0
Neighbor list builds = 122
Dangerous builds = 0
Total wall time: 0:00:41
