2019-06-25 21:08:43.462432: I tensorflow/core/platform/cpu_feature_guard.cc:140] Your CPU supports instructions that this TensorFlow binary was not compiled to use: AVX512F
2019-06-25 21:08:45.038202: E tensorflow/stream_executor/cuda/cuda_driver.cc:406] failed call to cuInit: CUDA_ERROR_NO_DEVICE
2019-06-25 21:08:45.038269: I tensorflow/stream_executor/cuda/cuda_diagnostics.cc:158] retrieving CUDA diagnostic information for host: SR760-GPU-4
2019-06-25 21:08:45.038279: I tensorflow/stream_executor/cuda/cuda_diagnostics.cc:165] hostname: SR760-GPU-4
2019-06-25 21:08:45.038336: I tensorflow/stream_executor/cuda/cuda_diagnostics.cc:189] libcuda reported version is: 410.48.0
2019-06-25 21:08:45.038395: I tensorflow/stream_executor/cuda/cuda_diagnostics.cc:193] kernel reported version is: 410.48.0
2019-06-25 21:08:45.038402: I tensorflow/stream_executor/cuda/cuda_diagnostics.cc:300] kernel version seems to match DSO: 410.48.0
Info of lammps module:
  use deepmd-kit at:  /sharedext4/local/deepmd-kit-0.12.4
  source:             v0.12.4-1-ge3cd911-dirty
  source branch:      master
  source commit:      e3cd911
  source commit at:   2019-02-07 10:22:13 +0800
  build float prec:   double
  build with tf inc:  /sharedext4/local/tensorflow/r1.8.gpu.cc/include
  build with tf lib:  /sharedext4/local/tensorflow/r1.8.gpu.cc/lib/libtensorflow_cc.so;/sharedext4/local/tensorflow/r1.8.gpu.cc/lib/libtensorflow_framework.so
  >>> Info of model(s):
  using   4 model(s): ../graph.002.pb ../graph.003.pb ../graph.000.pb ../graph.001.pb 
  rcut in model:      5
  ntypes in model:    2
Neighbor list info ...
  update every 1 steps, delay 10 steps, check yes
  max neighbors/atom: 2000, page size: 100000
  master list distance cutoff = 6
  ghost atom cutoff = 6
  binsize = 3, bins = 4 4 4
  1 neighbor lists, perpetual/occasional/extra = 1 0 0
  (1) pair deepmd, perpetual
      attributes: , newton on
      pair build: full/bin/atomonly
      stencil: full/bin/3d
      bin: standard
Setting up Verlet run ...
  Unit style    : metal
  Current step  : 0
  Time step     : 0.002
Per MPI rank memory allocation (min/avg/max) = 3.934 | 3.934 | 3.934 Mbytes
Step Temp PotEng KinEng TotEng Press Volume Lx Ly Lz Xy Xz Yz 
       0          100   -23.964408  0.051704058   -23.912704   -529.13032    996.43826    10.006619    9.7418852    10.221626   -0.2212445    -0.082073    0.2414281 
      10    73.555833   -23.951318   0.03803135   -23.913287   -148.50071    996.43826    10.006619    9.7418852    10.221626   -0.2212445    -0.082073    0.2414281 
      20    49.958026   -23.938445  0.025830327   -23.912615    303.21747    996.43826    10.006619    9.7418852    10.221626   -0.2212445    -0.082073    0.2414281 
      30    113.79051   -23.973041  0.058834313   -23.914207    562.81778    996.43826    10.006619    9.7418852    10.221626   -0.2212445    -0.082073    0.2414281 
      40    114.13323   -23.974868   0.05901151   -23.915857    542.12471    996.43826    10.006619    9.7418852    10.221626   -0.2212445    -0.082073    0.2414281 
      50    68.420679     -23.9505  0.035376267   -23.915124    148.14071    996.43826    10.006619    9.7418852    10.221626   -0.2212445    -0.082073    0.2414281 
      60    159.40448   -23.995138  0.082418587    -23.91272    -370.5537    996.43826    10.006619    9.7418852    10.221626   -0.2212445    -0.082073    0.2414281 
      70    144.83323   -23.979242  0.074884656   -23.904357   -691.60066    996.43826    10.006619    9.7418852    10.221626   -0.2212445    -0.082073    0.2414281 
      80    66.819904   -23.927342  0.034548602   -23.892793   -751.54785    996.43826    10.006619    9.7418852    10.221626   -0.2212445    -0.082073    0.2414281 
      90    192.28615   -23.983933  0.099419745   -23.884513   -395.48775    996.43826    10.006619    9.7418852    10.221626   -0.2212445    -0.082073    0.2414281 
     100    160.30783   -23.947983  0.082885652   -23.865097    291.61324    996.43826    10.006619    9.7418852    10.221626   -0.2212445    -0.082073    0.2414281 
     110    70.522792   -23.877831  0.036463145   -23.841368    831.24264    996.43826    10.006619    9.7418852    10.221626   -0.2212445    -0.082073    0.2414281 
     120    182.43193   -23.917026  0.094324712   -23.822702    1042.2143    996.43826    10.006619    9.7418852    10.221626   -0.2212445    -0.082073    0.2414281 
     130    229.01374    -23.93896   0.11840939   -23.820551    459.01576    996.43826    10.006619    9.7418852    10.221626   -0.2212445    -0.082073    0.2414281 
     140    88.230931    -23.86043  0.045618972   -23.814811   -384.18637    996.43826    10.006619    9.7418852    10.221626   -0.2212445    -0.082073    0.2414281 
     150    241.35898    -23.94769   0.12479238   -23.822898   -851.53178    996.43826    10.006619    9.7418852    10.221626   -0.2212445    -0.082073    0.2414281 
     160    231.81252   -23.951753   0.11985648   -23.831897     -882.284    996.43826    10.006619    9.7418852    10.221626   -0.2212445    -0.082073    0.2414281 
     170    132.48537   -23.919883   0.06850031   -23.851382   -258.18909    996.43826    10.006619    9.7418852    10.221626   -0.2212445    -0.082073    0.2414281 
     180    172.87318   -23.962239  0.089382449   -23.872856    443.97609    996.43826    10.006619    9.7418852    10.221626   -0.2212445    -0.082073    0.2414281 
     190    153.31424   -23.964501  0.079269686   -23.885231    835.14925    996.43826    10.006619    9.7418852    10.221626   -0.2212445    -0.082073    0.2414281 
     200    69.746254   -23.932495  0.036061644   -23.896433    779.14839    996.43826    10.006619    9.7418852    10.221626   -0.2212445    -0.082073    0.2414281 
     210    78.744622   -23.945154  0.040714165    -23.90444    302.84585    996.43826    10.006619    9.7418852    10.221626   -0.2212445    -0.082073    0.2414281 
     220    127.22101   -23.976584  0.065778424   -23.910806   -187.78748    996.43826    10.006619    9.7418852    10.221626   -0.2212445    -0.082073    0.2414281 
     230    28.876948   -23.925753  0.014930554   -23.910822   -555.35993    996.43826    10.006619    9.7418852    10.221626   -0.2212445    -0.082073    0.2414281 
     240    81.588008   -23.955114  0.042184311    -23.91293   -637.30336    996.43826    10.006619    9.7418852    10.221626   -0.2212445    -0.082073    0.2414281 
     250    113.15415   -23.975392   0.05850529   -23.916887   -317.22458    996.43826    10.006619    9.7418852    10.221626   -0.2212445    -0.082073    0.2414281 
     260    54.174137   -23.943841  0.028010227   -23.915831    129.65473    996.43826    10.006619    9.7418852    10.221626   -0.2212445    -0.082073    0.2414281 
     270    94.912886   -23.966294  0.049073813    -23.91722    544.81898    996.43826    10.006619    9.7418852    10.221626   -0.2212445    -0.082073    0.2414281 
     280    130.47362   -23.985676  0.067460154   -23.918216    771.79327    996.43826    10.006619    9.7418852    10.221626   -0.2212445    -0.082073    0.2414281 
     290    57.286854   -23.945925  0.029619628   -23.916305    477.44829    996.43826    10.006619    9.7418852    10.221626   -0.2212445    -0.082073    0.2414281 
     300    120.54855    -23.97939  0.062328492   -23.917062   -20.526705    996.43826    10.006619    9.7418852    10.221626   -0.2212445    -0.082073    0.2414281 
Loop time of 4.2795 on 1 procs for 300 steps with 5 atoms

Performance: 12.114 ns/day, 1.981 hours/ns, 70.102 timesteps/s
298.9% CPU use with 1 MPI tasks x no OpenMP threads

MPI task timing breakdown:
Section |  min time  |  avg time  |  max time  |%varavg| %total
---------------------------------------------------------------
Pair    | 4.0762     | 4.0762     | 4.0762     |   0.0 | 95.25
Neigh   | 0.0001452  | 0.0001452  | 0.0001452  |   0.0 |  0.00
Comm    | 0.0011246  | 0.0011246  | 0.0011246  |   0.0 |  0.03
Output  | 0.19908    | 0.19908    | 0.19908    |   0.0 |  4.65
Modify  | 0.0018742  | 0.0018742  | 0.0018742  |   0.0 |  0.04
Other   |            | 0.001097   |            |       |  0.03

Nlocal:    5 ave 5 max 5 min
Histogram: 1 0 0 0 0 0 0 0 0 0
Nghost:    103 ave 103 max 103 min
Histogram: 1 0 0 0 0 0 0 0 0 0
Neighs:    0 ave 0 max 0 min
Histogram: 1 0 0 0 0 0 0 0 0 0

Total # of neighbors = 0
Ave neighs/atom = 0
Neighbor list builds = 9
Dangerous builds = 0
Total wall time: 0:00:06
