2019-06-25 21:42:02.321545: I tensorflow/core/platform/cpu_feature_guard.cc:140] Your CPU supports instructions that this TensorFlow binary was not compiled to use: AVX512F
2019-06-25 21:42:06.429015: E tensorflow/stream_executor/cuda/cuda_driver.cc:406] failed call to cuInit: CUDA_ERROR_NO_DEVICE
2019-06-25 21:42:06.429236: I tensorflow/stream_executor/cuda/cuda_diagnostics.cc:158] retrieving CUDA diagnostic information for host: SR760-GPU-5
2019-06-25 21:42:06.429265: I tensorflow/stream_executor/cuda/cuda_diagnostics.cc:165] hostname: SR760-GPU-5
2019-06-25 21:42:06.429505: I tensorflow/stream_executor/cuda/cuda_diagnostics.cc:189] libcuda reported version is: 410.48.0
2019-06-25 21:42:06.429663: I tensorflow/stream_executor/cuda/cuda_diagnostics.cc:193] kernel reported version is: 410.48.0
2019-06-25 21:42:06.429685: I tensorflow/stream_executor/cuda/cuda_diagnostics.cc:300] kernel version seems to match DSO: 410.48.0
> Info of lammps module:
  use deepmd-kit at:  /sharedext4/local/deepmd-kit-0.12.4
  source:             v0.12.4-1-ge3cd911-dirty
  source branch:      master
  source commit:      e3cd911
  source commit at:   2019-02-07 10:22:13 +0800
  build float prec:   double
  build with tf inc:  /sharedext4/local/tensorflow/r1.8.gpu.cc/include
  build with tf lib:  /sharedext4/local/tensorflow/r1.8.gpu.cc/lib/libtensorflow_cc.so;/sharedext4/local/tensorflow/r1.8.gpu.cc/lib/libtensorflow_framework.so
  >>> Info of model(s):
  using   4 model(s): ../graph.002.pb ../graph.003.pb ../graph.000.pb ../graph.001.pb 
  rcut in model:      5
  ntypes in model:    2
Neighbor list info ...
  update every 1 steps, delay 10 steps, check yes
  max neighbors/atom: 2000, page size: 100000
  master list distance cutoff = 6
  ghost atom cutoff = 6
  binsize = 3, bins = 4 4 4
  1 neighbor lists, perpetual/occasional/extra = 1 0 0
  (1) pair deepmd, perpetual
      attributes: , newton on
      pair build: full/bin/atomonly
      stencil: full/bin/3d
      bin: standard
Setting up Verlet run ...
  Unit style    : metal
  Current step  : 0
  Time step     : 0.002
Per MPI rank memory allocation (min/avg/max) = 3.934 | 3.934 | 3.934 Mbytes
Step Temp PotEng KinEng TotEng Press Volume Lx Ly Lz Xy Xz Yz 
       0          100   -23.991227  0.051704058   -23.939523   -400.22019    989.85339    10.060183     9.967228    9.8716698    0.1252106   -0.0200632   -0.2242534 
      10    100.37863   -23.991071  0.051899823   -23.939171   -515.85291    989.85339    10.060183     9.967228    9.8716698    0.1252106   -0.0200632   -0.2242534 
      20    99.010358    -23.98963  0.051192373   -23.938438    -507.1639    989.85339    10.060183     9.967228    9.8716698    0.1252106   -0.0200632   -0.2242534 
      30    122.43459   -23.999855  0.063303654   -23.936551   -425.70106    989.85339    10.060183     9.967228    9.8716698    0.1252106   -0.0200632   -0.2242534 
      40    104.68194   -23.987354  0.054124812    -23.93323   -80.036026    989.85339    10.060183     9.967228    9.8716698    0.1252106   -0.0200632   -0.2242534 
      50     130.9566   -23.995406  0.067709879   -23.927696    321.40763    989.85339    10.060183     9.967228    9.8716698    0.1252106   -0.0200632   -0.2242534 
      60    115.32655   -23.975955  0.059628508   -23.916326    425.47561    989.85339    10.060183     9.967228    9.8716698    0.1252106   -0.0200632   -0.2242534 
      70     113.2222   -23.959668  0.058540473   -23.901127    384.54271    989.85339    10.060183     9.967228    9.8716698    0.1252106   -0.0200632   -0.2242534 
      80    135.25449   -23.954292  0.069932062    -23.88436     257.5177    989.85339    10.060183     9.967228    9.8716698    0.1252106   -0.0200632   -0.2242534 
      90    89.855153   -23.910477   0.04645876   -23.864019   -79.666379    989.85339    10.060183     9.967228    9.8716698    0.1252106   -0.0200632   -0.2242534 
     100    110.44392   -23.901065   0.05710399   -23.843961   -309.82224    989.85339    10.060183     9.967228    9.8716698    0.1252106   -0.0200632   -0.2242534 
     110    87.298344   -23.873198  0.045136786   -23.828061   -218.37377    989.85339    10.060183     9.967228    9.8716698    0.1252106   -0.0200632   -0.2242534 
     120    114.95892   -23.883194  0.059438426   -23.823755    94.930591    989.85339    10.060183     9.967228    9.8716698    0.1252106   -0.0200632   -0.2242534 
     130    147.61641   -23.904104  0.076323673    -23.82778    501.18877    989.85339    10.060183     9.967228    9.8716698    0.1252106   -0.0200632   -0.2242534 
     140    148.08447   -23.916038  0.076565679   -23.839472    711.78826    989.85339    10.060183     9.967228    9.8716698    0.1252106   -0.0200632   -0.2242534 
     150    208.89117   -23.966666   0.10800521   -23.858661    571.25249    989.85339    10.060183     9.967228    9.8716698    0.1252106   -0.0200632   -0.2242534 
     160    190.58204     -23.9748  0.098538648   -23.876261    163.80445    989.85339    10.060183     9.967228    9.8716698    0.1252106   -0.0200632   -0.2242534 
     170    179.56096   -23.980687  0.092840304   -23.887847   -313.68071    989.85339    10.060183     9.967228    9.8716698    0.1252106   -0.0200632   -0.2242534 
     180    179.12794   -23.987967  0.092616414   -23.895351   -632.60959    989.85339    10.060183     9.967228    9.8716698    0.1252106   -0.0200632   -0.2242534 
     190    119.59008   -23.961148  0.061832926   -23.899315   -719.10846    989.85339    10.060183     9.967228    9.8716698    0.1252106   -0.0200632   -0.2242534 
     200    149.21558   -23.981166   0.07715051   -23.904015   -536.32763    989.85339    10.060183     9.967228    9.8716698    0.1252106   -0.0200632   -0.2242534 
     210    98.012985   -23.952819   0.05067669   -23.902142    -128.8036    989.85339    10.060183     9.967228    9.8716698    0.1252106   -0.0200632   -0.2242534 
     220     95.32953   -23.948146  0.049289235   -23.898857    247.08819    989.85339    10.060183     9.967228    9.8716698    0.1252106   -0.0200632   -0.2242534 
     230    86.816116   -23.940084  0.044887455   -23.895196    442.82795    989.85339    10.060183     9.967228    9.8716698    0.1252106   -0.0200632   -0.2242534 
     240    44.646071   -23.915729  0.023083831   -23.892645    423.92468    989.85339    10.060183     9.967228    9.8716698    0.1252106   -0.0200632   -0.2242534 
     250     77.68733   -23.935884  0.040167502   -23.895716    130.54101    989.85339    10.060183     9.967228    9.8716698    0.1252106   -0.0200632   -0.2242534 
     260    37.236582   -23.915063  0.019252824    -23.89581   -219.06584    989.85339    10.060183     9.967228    9.8716698    0.1252106   -0.0200632   -0.2242534 
     270    68.616198   -23.933691  0.035477359   -23.898213   -450.11915    989.85339    10.060183     9.967228    9.8716698    0.1252106   -0.0200632   -0.2242534 
     280    65.018953   -23.935007  0.033617437    -23.90139   -543.46749    989.85339    10.060183     9.967228    9.8716698    0.1252106   -0.0200632   -0.2242534 
     290     60.76958   -23.935734  0.031420339   -23.904314   -381.47975    989.85339    10.060183     9.967228    9.8716698    0.1252106   -0.0200632   -0.2242534 
     300    105.86817   -23.962995  0.054738142   -23.908257    3.0801111    989.85339    10.060183     9.967228    9.8716698    0.1252106   -0.0200632   -0.2242534 
     310       79.076   -23.953617  0.040885501   -23.912732    260.65625    989.85339    10.060183     9.967228    9.8716698    0.1252106   -0.0200632   -0.2242534 
     320    124.71536   -23.983095    0.0644829   -23.918612    332.77442    989.85339    10.060183     9.967228    9.8716698    0.1252106   -0.0200632   -0.2242534 
     330    112.46778   -23.978774  0.058150408   -23.920624    357.72596    989.85339    10.060183     9.967228    9.8716698    0.1252106   -0.0200632   -0.2242534 
     340    123.35328   -23.986625  0.063778653   -23.922847    76.533376    989.85339    10.060183     9.967228    9.8716698    0.1252106   -0.0200632   -0.2242534 
     350    142.16422    -23.99242  0.073504672   -23.918916   -358.12303    989.85339    10.060183     9.967228    9.8716698    0.1252106   -0.0200632   -0.2242534 
     360    103.62849   -23.967736  0.053580135   -23.914155   -502.47101    989.85339    10.060183     9.967228    9.8716698    0.1252106   -0.0200632   -0.2242534 
     370    139.54609   -23.986297  0.072150991   -23.914146   -453.37977    989.85339    10.060183     9.967228    9.8716698    0.1252106   -0.0200632   -0.2242534 
     380      99.3292   -23.960496  0.051357227   -23.909139    -302.6689    989.85339    10.060183     9.967228    9.8716698    0.1252106   -0.0200632   -0.2242534 
     390    107.29656   -23.961087  0.055476675    -23.90561     121.4606    989.85339    10.060183     9.967228    9.8716698    0.1252106   -0.0200632   -0.2242534 
     400    104.78237    -23.95287  0.054176735   -23.898693    585.66979    989.85339    10.060183     9.967228    9.8716698    0.1252106   -0.0200632   -0.2242534 
     410     68.46776   -23.923435  0.035400611   -23.888035    758.35379    989.85339    10.060183     9.967228    9.8716698    0.1252106   -0.0200632   -0.2242534 
     420    92.752321   -23.927487  0.047956714    -23.87953    740.18681    989.85339    10.060183     9.967228    9.8716698    0.1252106   -0.0200632   -0.2242534 
     430    81.918308   -23.914603  0.042355089   -23.872248    510.74787    989.85339    10.060183     9.967228    9.8716698    0.1252106   -0.0200632   -0.2242534 
     440    87.346246   -23.910622  0.045161554   -23.865461    78.945257    989.85339    10.060183     9.967228    9.8716698    0.1252106   -0.0200632   -0.2242534 
     450    119.53291   -23.925201  0.061803366   -23.863398   -156.44472    989.85339    10.060183     9.967228    9.8716698    0.1252106   -0.0200632   -0.2242534 
     460    103.87008    -23.91716  0.053705044   -23.863455   -169.61967    989.85339    10.060183     9.967228    9.8716698    0.1252106   -0.0200632   -0.2242534 
     470     181.9234   -23.957993  0.094061783   -23.863931   -82.558233    989.85339    10.060183     9.967228    9.8716698    0.1252106   -0.0200632   -0.2242534 
     480    175.42017   -23.961566  0.090699347   -23.870866    281.62149    989.85339    10.060183     9.967228    9.8716698    0.1252106   -0.0200632   -0.2242534 
     490    191.84424   -23.979041  0.099191258    -23.87985    526.60491    989.85339    10.060183     9.967228    9.8716698    0.1252106   -0.0200632   -0.2242534 
     500     198.3605   -23.990082   0.10256043   -23.887522    351.70818    989.85339    10.060183     9.967228    9.8716698    0.1252106   -0.0200632   -0.2242534 
     510    135.20707   -23.963222   0.06990754   -23.893314    93.297709    989.85339    10.060183     9.967228    9.8716698    0.1252106   -0.0200632   -0.2242534 
     520    150.18458   -23.979585  0.077651523   -23.901933    -219.3329    989.85339    10.060183     9.967228    9.8716698    0.1252106   -0.0200632   -0.2242534 
     530    80.416072   -23.950387  0.041578373   -23.908809   -512.86454    989.85339    10.060183     9.967228    9.8716698    0.1252106   -0.0200632   -0.2242534 
     540    78.720935   -23.958072  0.040701918    -23.91737    -561.7066    989.85339    10.060183     9.967228    9.8716698    0.1252106   -0.0200632   -0.2242534 
     550    66.927038   -23.958924  0.034603995    -23.92432   -358.04323    989.85339    10.060183     9.967228    9.8716698    0.1252106   -0.0200632   -0.2242534 
     560     41.19113   -23.948936  0.021297486   -23.927639    -59.76887    989.85339    10.060183     9.967228    9.8716698    0.1252106   -0.0200632   -0.2242534 
     570    55.700982   -23.959539  0.028799668   -23.930739    229.81923    989.85339    10.060183     9.967228    9.8716698    0.1252106   -0.0200632   -0.2242534 
     580    27.519699   -23.945184  0.014228801   -23.930955    423.36178    989.85339    10.060183     9.967228    9.8716698    0.1252106   -0.0200632   -0.2242534 
     590    38.181641   -23.951419  0.019741458   -23.931678    412.08401    989.85339    10.060183     9.967228    9.8716698    0.1252106   -0.0200632   -0.2242534 
     600    36.773248    -23.95126  0.019013261   -23.932247    217.93937    989.85339    10.060183     9.967228    9.8716698    0.1252106   -0.0200632   -0.2242534 
     610    25.752067   -23.944783  0.013314864   -23.931468   -56.919504    989.85339    10.060183     9.967228    9.8716698    0.1252106   -0.0200632   -0.2242534 
     620    57.286966   -23.959913  0.029619686   -23.930293   -319.65416    989.85339    10.060183     9.967228    9.8716698    0.1252106   -0.0200632   -0.2242534 
     630     30.32789   -23.942376   0.01568075   -23.926695   -457.86867    989.85339    10.060183     9.967228    9.8716698    0.1252106   -0.0200632   -0.2242534 
     640     69.11936   -23.959964  0.035737514   -23.924227   -391.48366    989.85339    10.060183     9.967228    9.8716698    0.1252106   -0.0200632   -0.2242534 
     650     68.93324    -23.95441  0.035641282   -23.918768     -145.336    989.85339    10.060183     9.967228    9.8716698    0.1252106   -0.0200632   -0.2242534 
     660    83.996876   -23.958029  0.043429793   -23.914599     159.5105    989.85339    10.060183     9.967228    9.8716698    0.1252106   -0.0200632   -0.2242534 
     670    126.24048   -23.976619  0.065271451   -23.911348    383.20724    989.85339    10.060183     9.967228    9.8716698    0.1252106   -0.0200632   -0.2242534 
     680    109.51227   -23.963313   0.05662229    -23.90669    433.78013    989.85339    10.060183     9.967228    9.8716698    0.1252106   -0.0200632   -0.2242534 
     690    176.86154   -23.997484  0.091444593    -23.90604    199.91814    989.85339    10.060183     9.967228    9.8716698    0.1252106   -0.0200632   -0.2242534 
     700    157.22529   -23.980016  0.081291857   -23.898724   -233.53337    989.85339    10.060183     9.967228    9.8716698    0.1252106   -0.0200632   -0.2242534 
     710    167.12015   -23.976848    0.0864079    -23.89044   -576.48135    989.85339    10.060183     9.967228    9.8716698    0.1252106   -0.0200632   -0.2242534 
     720    174.69327   -23.978303   0.09032351   -23.887979   -674.58864    989.85339    10.060183     9.967228    9.8716698    0.1252106   -0.0200632   -0.2242534 
     730    115.60272   -23.944289  0.059771295   -23.884518   -507.42218    989.85339    10.060183     9.967228    9.8716698    0.1252106   -0.0200632   -0.2242534 
     740    136.64895   -23.951785  0.070653053   -23.881132   -96.927249    989.85339    10.060183     9.967228    9.8716698    0.1252106   -0.0200632   -0.2242534 
     750     81.31627   -23.919382  0.042043811   -23.877338    375.60863    989.85339    10.060183     9.967228    9.8716698    0.1252106   -0.0200632   -0.2242534 
     760    82.599764   -23.916459   0.04270743   -23.873752    651.25908    989.85339    10.060183     9.967228    9.8716698    0.1252106   -0.0200632   -0.2242534 
     770    72.609118    -23.91196  0.037541861   -23.874419    600.59503    989.85339    10.060183     9.967228    9.8716698    0.1252106   -0.0200632   -0.2242534 
     780    49.381056   -23.905013   0.02553201   -23.879481    320.02255    989.85339    10.060183     9.967228    9.8716698    0.1252106   -0.0200632   -0.2242534 
     790    91.099164   -23.933091  0.047101964   -23.885989   -66.031475    989.85339    10.060183     9.967228    9.8716698    0.1252106   -0.0200632   -0.2242534 
     800    58.603343   -23.922863  0.030300307   -23.892563   -413.15885    989.85339    10.060183     9.967228    9.8716698    0.1252106   -0.0200632   -0.2242534 
     810     90.19433   -23.947425  0.046634129   -23.900791   -503.69702    989.85339    10.060183     9.967228    9.8716698    0.1252106   -0.0200632   -0.2242534 
     820    97.128642   -23.956977  0.050219449   -23.906758    -322.5108    989.85339    10.060183     9.967228    9.8716698    0.1252106   -0.0200632   -0.2242534 
     830    96.677817   -23.963937  0.049986354   -23.913951    -33.79402    989.85339    10.060183     9.967228    9.8716698    0.1252106   -0.0200632   -0.2242534 
     840    133.60706   -23.991752   0.06908027   -23.922671    260.99217    989.85339    10.060183     9.967228    9.8716698    0.1252106   -0.0200632   -0.2242534 
     850    101.05695   -23.978626  0.052250542   -23.926375    451.31195    989.85339    10.060183     9.967228    9.8716698    0.1252106   -0.0200632   -0.2242534 
     860    124.85874   -23.996641  0.064557034   -23.932084    382.17115    989.85339    10.060183     9.967228    9.8716698    0.1252106   -0.0200632   -0.2242534 
     870    117.43766   -23.995269  0.060720036   -23.934549    93.628429    989.85339    10.060183     9.967228    9.8716698    0.1252106   -0.0200632   -0.2242534 
     880    101.22034   -23.986432  0.052335024   -23.934097   -217.82861    989.85339    10.060183     9.967228    9.8716698    0.1252106   -0.0200632   -0.2242534 
     890    119.31293   -23.997281  0.061689629   -23.935591   -462.09889    989.85339    10.060183     9.967228    9.8716698    0.1252106   -0.0200632   -0.2242534 
     900     76.09112   -23.974357  0.039342197   -23.935015   -555.50417    989.85339    10.060183     9.967228    9.8716698    0.1252106   -0.0200632   -0.2242534 
     910    99.025054   -23.987177  0.051199971   -23.935977   -403.26791    989.85339    10.060183     9.967228    9.8716698    0.1252106   -0.0200632   -0.2242534 
     920    75.832114   -23.974683   0.03920828   -23.935475   -71.893175    989.85339    10.060183     9.967228    9.8716698    0.1252106   -0.0200632   -0.2242534 
     930    70.784512   -23.969558  0.036598465    -23.93296    249.59538    989.85339    10.060183     9.967228    9.8716698    0.1252106   -0.0200632   -0.2242534 
     940    74.765224   -23.965956  0.038656655     -23.9273    476.66327    989.85339    10.060183     9.967228    9.8716698    0.1252106   -0.0200632   -0.2242534 
     950    38.841929   -23.940226  0.020082853   -23.920143    548.10668    989.85339    10.060183     9.967228    9.8716698    0.1252106   -0.0200632   -0.2242534 
     960    75.074891   -23.953257  0.038816765    -23.91444    363.72585    989.85339    10.060183     9.967228    9.8716698    0.1252106   -0.0200632   -0.2242534 
     970    43.109562   -23.926057  0.022289393   -23.903768    26.126462    989.85339    10.060183     9.967228    9.8716698    0.1252106   -0.0200632   -0.2242534 
     980    62.386418   -23.925297   0.03225631    -23.89304   -259.15619    989.85339    10.060183     9.967228    9.8716698    0.1252106   -0.0200632   -0.2242534 
     990    69.798679   -23.917098   0.03608875   -23.881009   -405.95296    989.85339    10.060183     9.967228    9.8716698    0.1252106   -0.0200632   -0.2242534 
    1000    65.792583   -23.904722  0.034017435   -23.870705   -313.30921    989.85339    10.060183     9.967228    9.8716698    0.1252106   -0.0200632   -0.2242534 
    1010    141.37128   -23.937879  0.073094688   -23.864784    82.519891    989.85339    10.060183     9.967228    9.8716698    0.1252106   -0.0200632   -0.2242534 
    1020     125.0944   -23.923403  0.064678879   -23.858725    435.96677    989.85339    10.060183     9.967228    9.8716698    0.1252106   -0.0200632   -0.2242534 
    1030    190.73659   -23.962279  0.098618556   -23.863661    547.18048    989.85339    10.060183     9.967228    9.8716698    0.1252106   -0.0200632   -0.2242534 
    1040    220.91955   -23.986223   0.11422437   -23.871998    518.99423    989.85339    10.060183     9.967228    9.8716698    0.1252106   -0.0200632   -0.2242534 
    1050    187.24842   -23.971574  0.096815029   -23.874759    57.910571    989.85339    10.060183     9.967228    9.8716698    0.1252106   -0.0200632   -0.2242534 
    1060    218.84672   -23.989924   0.11315263   -23.876771   -534.54167    989.85339    10.060183     9.967228    9.8716698    0.1252106   -0.0200632   -0.2242534 
    1070    143.44037   -23.953392  0.074164491   -23.879228   -735.06786    989.85339    10.060183     9.967228    9.8716698    0.1252106   -0.0200632   -0.2242534 
    1080    142.31483   -23.959241  0.073582542   -23.885658   -701.42182    989.85339    10.060183     9.967228    9.8716698    0.1252106   -0.0200632   -0.2242534 
    1090    106.65389   -23.949678  0.055144387   -23.894534   -475.37395    989.85339    10.060183     9.967228    9.8716698    0.1252106   -0.0200632   -0.2242534 
    1100    75.872889   -23.941613  0.039229363   -23.902384   -6.4415619    989.85339    10.060183     9.967228    9.8716698    0.1252106   -0.0200632   -0.2242534 
    1110    76.621627   -23.948268   0.03961649   -23.908652    348.42425    989.85339    10.060183     9.967228    9.8716698    0.1252106   -0.0200632   -0.2242534 
    1120    32.360898   -23.931295  0.016731897   -23.914563    422.89468    989.85339    10.060183     9.967228    9.8716698    0.1252106   -0.0200632   -0.2242534 
    1130    47.873647    -23.94544  0.024752618   -23.920687    353.22841    989.85339    10.060183     9.967228    9.8716698    0.1252106   -0.0200632   -0.2242534 
    1140    44.497489   -23.948729  0.023007007   -23.925722    100.11824    989.85339    10.060183     9.967228    9.8716698    0.1252106   -0.0200632   -0.2242534 
    1150    39.330956   -23.948358    0.0203357   -23.928022   -256.47596    989.85339    10.060183     9.967228    9.8716698    0.1252106   -0.0200632   -0.2242534 
    1160     61.39488   -23.961011  0.031743644   -23.929268   -452.19197    989.85339    10.060183     9.967228    9.8716698    0.1252106   -0.0200632   -0.2242534 
    1170    36.918826   -23.948206  0.019088531   -23.929118   -466.22391    989.85339    10.060183     9.967228    9.8716698    0.1252106   -0.0200632   -0.2242534 
    1180    75.806605   -23.969396  0.039195091   -23.930201   -359.68428    989.85339    10.060183     9.967228    9.8716698    0.1252106   -0.0200632   -0.2242534 
    1190    66.626218   -23.964368  0.034448458   -23.929919   -66.371438    989.85339    10.060183     9.967228    9.8716698    0.1252106   -0.0200632   -0.2242534 
    1200    79.003513   -23.971108  0.040848022    -23.93026    278.05191    989.85339    10.060183     9.967228    9.8716698    0.1252106   -0.0200632   -0.2242534 
    1210    102.28812   -23.984002   0.05288711   -23.931115    394.40449    989.85339    10.060183     9.967228    9.8716698    0.1252106   -0.0200632   -0.2242534 
    1220    87.758813   -23.976224  0.045374868   -23.930849    315.78784    989.85339    10.060183     9.967228    9.8716698    0.1252106   -0.0200632   -0.2242534 
    1230    137.21828   -24.001526  0.070947417   -23.930579    118.01138    989.85339    10.060183     9.967228    9.8716698    0.1252106   -0.0200632   -0.2242534 
    1240     111.7319   -23.982484  0.057769928   -23.924714   -251.62114    989.85339    10.060183     9.967228    9.8716698    0.1252106   -0.0200632   -0.2242534 
    1250    136.83106   -23.988404   0.07074721   -23.917657   -572.71102    989.85339    10.060183     9.967228    9.8716698    0.1252106   -0.0200632   -0.2242534 
    1260    127.36779   -23.978156  0.065854314   -23.912301   -591.28637    989.85339    10.060183     9.967228    9.8716698    0.1252106   -0.0200632   -0.2242534 
    1270    119.33672   -23.969807  0.061701928   -23.908105   -367.45744    989.85339    10.060183     9.967228    9.8716698    0.1252106   -0.0200632   -0.2242534 
    1280    126.12571   -23.968239  0.065212108   -23.903027   -2.1818318    989.85339    10.060183     9.967228    9.8716698    0.1252106   -0.0200632   -0.2242534 
    1290    104.72676   -23.950751  0.054147984   -23.896603    467.13605    989.85339    10.060183     9.967228    9.8716698    0.1252106   -0.0200632   -0.2242534 
    1300    95.782191   -23.937944   0.04952328   -23.888421    795.91972    989.85339    10.060183     9.967228    9.8716698    0.1252106   -0.0200632   -0.2242534 
    1310    103.32585   -23.935392  0.053423658   -23.881969     786.6022    989.85339    10.060183     9.967228    9.8716698    0.1252106   -0.0200632   -0.2242534 
    1320    60.995247   -23.908327  0.031537018    -23.87679    520.59305    989.85339    10.060183     9.967228    9.8716698    0.1252106   -0.0200632   -0.2242534 
    1330    102.78219   -23.928039  0.053142565   -23.874896     144.4433    989.85339    10.060183     9.967228    9.8716698    0.1252106   -0.0200632   -0.2242534 
    1340    63.176504    -23.90658  0.032664816   -23.873915    -158.3123    989.85339    10.060183     9.967228    9.8716698    0.1252106   -0.0200632   -0.2242534 
    1350    100.15635   -23.931626  0.051784899   -23.879841   -237.28732    989.85339    10.060183     9.967228    9.8716698    0.1252106   -0.0200632   -0.2242534 
    1360    117.77123   -23.946682  0.060892503   -23.885789   -84.283034    989.85339    10.060183     9.967228    9.8716698    0.1252106   -0.0200632   -0.2242534 
    1370    116.41185   -23.953578  0.060189651   -23.893388    219.75451    989.85339    10.060183     9.967228    9.8716698    0.1252106   -0.0200632   -0.2242534 
    1380    159.19935   -23.989594  0.082312526   -23.907281     473.9968    989.85339    10.060183     9.967228    9.8716698    0.1252106   -0.0200632   -0.2242534 
    1390    111.12716   -23.976409  0.057457249   -23.918952    467.14176    989.85339    10.060183     9.967228    9.8716698    0.1252106   -0.0200632   -0.2242534 
    1400    129.48049   -23.997608  0.066946668   -23.930661    264.19967    989.85339    10.060183     9.967228    9.8716698    0.1252106   -0.0200632   -0.2242534 
    1410    104.94094     -23.9937  0.054258725   -23.939441   -26.570676    989.85339    10.060183     9.967228    9.8716698    0.1252106   -0.0200632   -0.2242534 
    1420    88.593871   -23.990227  0.045806626   -23.944421   -355.13033    989.85339    10.060183     9.967228    9.8716698    0.1252106   -0.0200632   -0.2242534 
    1430    90.544968    -23.99482  0.046815423   -23.948004   -544.27574    989.85339    10.060183     9.967228    9.8716698    0.1252106   -0.0200632   -0.2242534 
    1440    64.779283   -23.984367  0.033493518   -23.950873   -493.09496    989.85339    10.060183     9.967228    9.8716698    0.1252106   -0.0200632   -0.2242534 
    1450    79.006449   -23.993897   0.04084954   -23.953047    -299.9092    989.85339    10.060183     9.967228    9.8716698    0.1252106   -0.0200632   -0.2242534 
    1460    65.306066   -23.986167  0.033765886   -23.952401   -32.140999    989.85339    10.060183     9.967228    9.8716698    0.1252106   -0.0200632   -0.2242534 
    1470    54.256085   -23.977884  0.028052598   -23.949831    266.95195    989.85339    10.060183     9.967228    9.8716698    0.1252106   -0.0200632   -0.2242534 
    1480    64.520326   -23.978919  0.033359627   -23.945559    434.76366    989.85339    10.060183     9.967228    9.8716698    0.1252106   -0.0200632   -0.2242534 
    1490    35.053784   -23.957609  0.018124229   -23.939485     364.2989    989.85339    10.060183     9.967228    9.8716698    0.1252106   -0.0200632   -0.2242534 
    1500    65.640032   -23.967984   0.03393856   -23.934046    155.20324    989.85339    10.060183     9.967228    9.8716698    0.1252106   -0.0200632   -0.2242534 
    1510    40.071345   -23.945804  0.020718512   -23.925086   -127.82103    989.85339    10.060183     9.967228    9.8716698    0.1252106   -0.0200632   -0.2242534 
    1520    53.351743   -23.942298  0.027585016   -23.914713   -437.65888    989.85339    10.060183     9.967228    9.8716698    0.1252106   -0.0200632   -0.2242534 
    1530    62.886491   -23.935708  0.032514868   -23.903193   -541.62377    989.85339    10.060183     9.967228    9.8716698    0.1252106   -0.0200632   -0.2242534 
    1540    44.769621   -23.915298  0.023147711    -23.89215   -355.43831    989.85339    10.060183     9.967228    9.8716698    0.1252106   -0.0200632   -0.2242534 
    1550    94.935259    -23.93229  0.049085381   -23.883205   -70.582234    989.85339    10.060183     9.967228    9.8716698    0.1252106   -0.0200632   -0.2242534 
    1560    76.313691    -23.91573  0.039457275   -23.876273    289.66307    989.85339    10.060183     9.967228    9.8716698    0.1252106   -0.0200632   -0.2242534 
    1570    128.54406    -23.94287  0.066462495   -23.876407    556.84473    989.85339    10.060183     9.967228    9.8716698    0.1252106   -0.0200632   -0.2242534 
    1580    156.49713   -23.964239  0.080915365   -23.883324    340.67835    989.85339    10.060183     9.967228    9.8716698    0.1252106   -0.0200632   -0.2242534 
    1590    153.26053   -23.968358  0.079241916   -23.889116   -81.765514    989.85339    10.060183     9.967228    9.8716698    0.1252106   -0.0200632   -0.2242534 
    1600    206.89817    -24.00043   0.10697475   -23.893456   -426.50467    989.85339    10.060183     9.967228    9.8716698    0.1252106   -0.0200632   -0.2242534 
    1610    152.59998   -23.970097  0.078900384   -23.891197   -732.73341    989.85339    10.060183     9.967228    9.8716698    0.1252106   -0.0200632   -0.2242534 
    1620    171.08884    -23.98187  0.088459875    -23.89341   -747.34156    989.85339    10.060183     9.967228    9.8716698    0.1252106   -0.0200632   -0.2242534 
    1630    148.43307   -23.974152  0.076745921   -23.897406   -359.47655    989.85339    10.060183     9.967228    9.8716698    0.1252106   -0.0200632   -0.2242534 
    1640    115.75177   -23.957328  0.059848361    -23.89748    93.487929    989.85339    10.060183     9.967228    9.8716698    0.1252106   -0.0200632   -0.2242534 
    1650    123.28532   -23.961257  0.063743512   -23.897513    414.15538    989.85339    10.060183     9.967228    9.8716698    0.1252106   -0.0200632   -0.2242534 
    1660    55.946996   -23.925277  0.028926867    -23.89635    574.22363    989.85339    10.060183     9.967228    9.8716698    0.1252106   -0.0200632   -0.2242534 
    1670    87.480745   -23.945778  0.045231095   -23.900547    424.51419    989.85339    10.060183     9.967228    9.8716698    0.1252106   -0.0200632   -0.2242534 
    1680    47.793092    -23.92853  0.024710968   -23.903819    70.261065    989.85339    10.060183     9.967228    9.8716698    0.1252106   -0.0200632   -0.2242534 
    1690    46.571462   -23.931794  0.024079336   -23.907715   -239.78808    989.85339    10.060183     9.967228    9.8716698    0.1252106   -0.0200632   -0.2242534 
    1700    58.241522   -23.942008   0.03011323   -23.911895    -426.9777    989.85339    10.060183     9.967228    9.8716698    0.1252106   -0.0200632   -0.2242534 
    1710    37.647447   -23.935173  0.019465258   -23.915708   -410.74086    989.85339    10.060183     9.967228    9.8716698    0.1252106   -0.0200632   -0.2242534 
    1720    67.307303   -23.956787  0.034800607   -23.921987   -164.91795    989.85339    10.060183     9.967228    9.8716698    0.1252106   -0.0200632   -0.2242534 
    1730    52.326352   -23.953576  0.027054847   -23.926521    155.90445    989.85339    10.060183     9.967228    9.8716698    0.1252106   -0.0200632   -0.2242534 
    1740    57.664992   -23.963095  0.029815141    -23.93328    370.47727    989.85339    10.060183     9.967228    9.8716698    0.1252106   -0.0200632   -0.2242534 
    1750    70.993415   -23.979701  0.036706476   -23.942995    437.58133    989.85339    10.060183     9.967228    9.8716698    0.1252106   -0.0200632   -0.2242534 
    1760    47.444216    -23.97569  0.024530585   -23.951159    327.70164    989.85339    10.060183     9.967228    9.8716698    0.1252106   -0.0200632   -0.2242534 
    1770     70.17672   -23.996268  0.036284212   -23.959984    55.924385    989.85339    10.060183     9.967228    9.8716698    0.1252106   -0.0200632   -0.2242534 
    1780    47.564078   -23.989901  0.024592559   -23.965309   -211.35769    989.85339    10.060183     9.967228    9.8716698    0.1252106   -0.0200632   -0.2242534 
    1790    55.804086   -23.997571  0.028852977   -23.968718   -359.42938    989.85339    10.060183     9.967228    9.8716698    0.1252106   -0.0200632   -0.2242534 
    1800    52.493285    -23.99787  0.027141159   -23.970729   -389.46635    989.85339    10.060183     9.967228    9.8716698    0.1252106   -0.0200632   -0.2242534 
    1810    45.090882   -23.995292  0.023313816   -23.971979   -301.22709    989.85339    10.060183     9.967228    9.8716698    0.1252106   -0.0200632   -0.2242534 
    1820    63.957779   -24.006118  0.033068767   -23.973049   -89.050994    989.85339    10.060183     9.967228    9.8716698    0.1252106   -0.0200632   -0.2242534 
    1830    47.212591   -23.995811  0.024410826     -23.9714    153.41915    989.85339    10.060183     9.967228    9.8716698    0.1252106   -0.0200632   -0.2242534 
    1840      66.9471   -24.004437  0.034614367   -23.969823    295.42403    989.85339    10.060183     9.967228    9.8716698    0.1252106   -0.0200632   -0.2242534 
    1850    63.859994   -23.998712  0.033018208   -23.965693    316.06894    989.85339    10.060183     9.967228    9.8716698    0.1252106   -0.0200632   -0.2242534 
    1860    72.706922   -23.997411  0.037592429   -23.959818    209.48995    989.85339    10.060183     9.967228    9.8716698    0.1252106   -0.0200632   -0.2242534 
    1870    95.148353   -24.001719  0.049195559   -23.952523    -60.23478    989.85339    10.060183     9.967228    9.8716698    0.1252106   -0.0200632   -0.2242534 
    1880    78.048412   -23.982911  0.040354196   -23.942556   -366.00915    989.85339    10.060183     9.967228    9.8716698    0.1252106   -0.0200632   -0.2242534 
    1890    101.43509   -23.986693  0.052446056   -23.934247   -497.09819    989.85339    10.060183     9.967228    9.8716698    0.1252106   -0.0200632   -0.2242534 
    1900    87.112409    -23.97224  0.045040651     -23.9272   -431.79125    989.85339    10.060183     9.967228    9.8716698    0.1252106   -0.0200632   -0.2242534 
    1910    90.682332    -23.96854  0.046886446   -23.921654   -196.37099    989.85339    10.060183     9.967228    9.8716698    0.1252106   -0.0200632   -0.2242534 
    1920    103.34764   -23.967494  0.053434926   -23.914059    230.84189    989.85339    10.060183     9.967228    9.8716698    0.1252106   -0.0200632   -0.2242534 
    1930    59.908195   -23.935063  0.030974968   -23.904088    619.32522    989.85339    10.060183     9.967228    9.8716698    0.1252106   -0.0200632   -0.2242534 
    1940    95.500501   -23.946693  0.049377635   -23.897316     713.2849    989.85339    10.060183     9.967228    9.8716698    0.1252106   -0.0200632   -0.2242534 
    1950    50.983686   -23.914494  0.026360635   -23.888134     600.2889    989.85339    10.060183     9.967228    9.8716698    0.1252106   -0.0200632   -0.2242534 
    1960    72.787516   -23.922373    0.0376341   -23.884739    321.32831    989.85339    10.060183     9.967228    9.8716698    0.1252106   -0.0200632   -0.2242534 
    1970    77.226954   -23.922284  0.039929469   -23.882355   -84.374236    989.85339    10.060183     9.967228    9.8716698    0.1252106   -0.0200632   -0.2242534 
    1980    62.903752   -23.913356  0.032523793   -23.880832   -295.73543    989.85339    10.060183     9.967228    9.8716698    0.1252106   -0.0200632   -0.2242534 
    1990    123.80361   -23.948567  0.064011492   -23.884555   -186.16767    989.85339    10.060183     9.967228    9.8716698    0.1252106   -0.0200632   -0.2242534 
    2000    105.85231   -23.939009  0.054729941   -23.884279    18.714193    989.85339    10.060183     9.967228    9.8716698    0.1252106   -0.0200632   -0.2242534 
    2010    147.75439   -23.964698  0.076395016   -23.888303    281.48317    989.85339    10.060183     9.967228    9.8716698    0.1252106   -0.0200632   -0.2242534 
    2020    155.91142   -23.976231   0.08061253   -23.895618    562.62212    989.85339    10.060183     9.967228    9.8716698    0.1252106   -0.0200632   -0.2242534 
    2030    142.36529   -23.974799   0.07360863    -23.90119    487.26758    989.85339    10.060183     9.967228    9.8716698    0.1252106   -0.0200632   -0.2242534 
    2040    168.52803   -23.993583  0.087135828   -23.906447    106.66713    989.85339    10.060183     9.967228    9.8716698    0.1252106   -0.0200632   -0.2242534 
    2050    118.68571   -23.969959  0.061365328   -23.908594   -268.87971    989.85339    10.060183     9.967228    9.8716698    0.1252106   -0.0200632   -0.2242534 
    2060    127.50862   -23.979364  0.065927131   -23.913437   -571.10669    989.85339    10.060183     9.967228    9.8716698    0.1252106   -0.0200632   -0.2242534 
    2070     94.41639   -23.967479  0.048817105   -23.918662    -690.5862    989.85339    10.060183     9.967228    9.8716698    0.1252106   -0.0200632   -0.2242534 
    2080    69.024789   -23.960587  0.035688617   -23.924898   -523.50183    989.85339    10.060183     9.967228    9.8716698    0.1252106   -0.0200632   -0.2242534 
    2090    80.335829   -23.973704  0.041536884   -23.932167    -171.1377    989.85339    10.060183     9.967228    9.8716698    0.1252106   -0.0200632   -0.2242534 
    2100    37.204461    -23.95491  0.019236216   -23.935673    158.13023    989.85339    10.060183     9.967228    9.8716698    0.1252106   -0.0200632   -0.2242534 
    2110    50.171071   -23.965729   0.02594048   -23.939788    356.13261    989.85339    10.060183     9.967228    9.8716698    0.1252106   -0.0200632   -0.2242534 
    2120    29.375757   -23.957756  0.015188458   -23.942568    395.38277    989.85339    10.060183     9.967228    9.8716698    0.1252106   -0.0200632   -0.2242534 
    2130     32.48493   -23.962252  0.016796027   -23.945456    240.33727    989.85339    10.060183     9.967228    9.8716698    0.1252106   -0.0200632   -0.2242534 
    2140    35.075334   -23.965328  0.018135371   -23.947193   -40.023635    989.85339    10.060183     9.967228    9.8716698    0.1252106   -0.0200632   -0.2242534 
    2150    20.056208   -23.957169  0.010369873   -23.946799   -282.76816    989.85339    10.060183     9.967228    9.8716698    0.1252106   -0.0200632   -0.2242534 
    2160    37.867312   -23.965557  0.019578937   -23.945978   -411.69545    989.85339    10.060183     9.967228    9.8716698    0.1252106   -0.0200632   -0.2242534 
    2170    26.091858   -23.956106  0.013490549   -23.942616   -411.36762    989.85339    10.060183     9.967228    9.8716698    0.1252106   -0.0200632   -0.2242534 
    2180    38.493938   -23.958238  0.019902928   -23.938335   -234.56866    989.85339    10.060183     9.967228    9.8716698    0.1252106   -0.0200632   -0.2242534 
    2190    60.865811    -23.96223  0.031470094    -23.93076    95.306548    989.85339    10.060183     9.967228    9.8716698    0.1252106   -0.0200632   -0.2242534 
    2200    54.294744   -23.947107  0.028072586   -23.919034    355.52241    989.85339    10.060183     9.967228    9.8716698    0.1252106   -0.0200632   -0.2242534 
    2210    109.60645   -23.965771   0.05667098     -23.9091    390.47412    989.85339    10.060183     9.967228    9.8716698    0.1252106   -0.0200632   -0.2242534 
    2220    110.09544    -23.95798  0.056923809   -23.901056    296.68961    989.85339    10.060183     9.967228    9.8716698    0.1252106   -0.0200632   -0.2242534 
    2230     162.1475   -23.983077  0.083836837    -23.89924   -98.459518    989.85339    10.060183     9.967228    9.8716698    0.1252106   -0.0200632   -0.2242534 
    2240    171.17394   -23.981729  0.088503875   -23.893225   -682.98996    989.85339    10.060183     9.967228    9.8716698    0.1252106   -0.0200632   -0.2242534 
    2250     156.7172   -23.969114   0.08102915   -23.888085   -839.82542    989.85339    10.060183     9.967228    9.8716698    0.1252106   -0.0200632   -0.2242534 
    2260    191.18227   -23.988129  0.098848993    -23.88928   -608.15137    989.85339    10.060183     9.967228    9.8716698    0.1252106   -0.0200632   -0.2242534 
    2270     138.4067   -23.958608  0.071561881   -23.887047   -317.55644    989.85339    10.060183     9.967228    9.8716698    0.1252106   -0.0200632   -0.2242534 
    2280    149.42091   -23.964163  0.077256675   -23.886906    198.97264    989.85339    10.060183     9.967228    9.8716698    0.1252106   -0.0200632   -0.2242534 
    2290    112.58864   -23.940792  0.058212896   -23.882579    708.09625    989.85339    10.060183     9.967228    9.8716698    0.1252106   -0.0200632   -0.2242534 
    2300    74.444678    -23.92001   0.03849092   -23.881519    705.33813    989.85339    10.060183     9.967228    9.8716698    0.1252106   -0.0200632   -0.2242534 
    2310    80.020319   -23.926974  0.041373752     -23.8856     453.2817    989.85339    10.060183     9.967228    9.8716698    0.1252106   -0.0200632   -0.2242534 
    2320    61.312029   -23.923269  0.031700807   -23.891568    111.05383    989.85339    10.060183     9.967228    9.8716698    0.1252106   -0.0200632   -0.2242534 
    2330    65.715246   -23.931039  0.033977449   -23.897062   -307.85518    989.85339    10.060183     9.967228    9.8716698    0.1252106   -0.0200632   -0.2242534 
    2340    63.554001   -23.936115  0.032859997   -23.903255   -464.93113    989.85339    10.060183     9.967228    9.8716698    0.1252106   -0.0200632   -0.2242534 
    2350    44.699992   -23.933381   0.02311171   -23.910269   -318.43917    989.85339    10.060183     9.967228    9.8716698    0.1252106   -0.0200632   -0.2242534 
    2360    86.140897   -23.962537   0.04453834   -23.917999   -70.233117    989.85339    10.060183     9.967228    9.8716698    0.1252106   -0.0200632   -0.2242534 
    2370    57.999786   -23.953842  0.029988243   -23.923853    255.24578    989.85339    10.060183     9.967228    9.8716698    0.1252106   -0.0200632   -0.2242534 
    2380    89.065124   -23.976641  0.046050283    -23.93059    533.23891    989.85339    10.060183     9.967228    9.8716698    0.1252106   -0.0200632   -0.2242534 
    2390    81.051178   -23.977681  0.041906748   -23.935775    499.45209    989.85339    10.060183     9.967228    9.8716698    0.1252106   -0.0200632   -0.2242534 
    2400    84.179524   -23.984515   0.04352423    -23.94099    239.28463    989.85339    10.060183     9.967228    9.8716698    0.1252106   -0.0200632   -0.2242534 
    2410    106.80769   -24.000214  0.055223911    -23.94499   -53.698223    989.85339    10.060183     9.967228    9.8716698    0.1252106   -0.0200632   -0.2242534 
    2420    79.105599    -23.98556  0.040900805    -23.94466   -370.46587    989.85339    10.060183     9.967228    9.8716698    0.1252106   -0.0200632   -0.2242534 
    2430    103.13036   -23.998246  0.053322579   -23.944924   -601.22216    989.85339    10.060183     9.967228    9.8716698    0.1252106   -0.0200632   -0.2242534 
    2440    87.748782   -23.990174  0.045369681   -23.944804   -548.56132    989.85339    10.060183     9.967228    9.8716698    0.1252106   -0.0200632   -0.2242534 
    2450     97.89718   -23.994968  0.050616814   -23.944351   -273.48788    989.85339    10.060183     9.967228    9.8716698    0.1252106   -0.0200632   -0.2242534 
    2460    110.60986   -23.998894  0.057189785   -23.941704    35.227272    989.85339    10.060183     9.967228    9.8716698    0.1252106   -0.0200632   -0.2242534 
    2470    92.587181   -23.982616   0.04787133   -23.934745    339.05742    989.85339    10.060183     9.967228    9.8716698    0.1252106   -0.0200632   -0.2242534 
    2480    123.27084   -23.986564  0.063736024   -23.922828     542.3327    989.85339    10.060183     9.967228    9.8716698    0.1252106   -0.0200632   -0.2242534 
    2490     100.4383   -23.960036  0.051930677   -23.908105    458.86217    989.85339    10.060183     9.967228    9.8716698    0.1252106   -0.0200632   -0.2242534 
    2500    111.22333   -23.950012  0.057506973   -23.892505    117.07432    989.85339    10.060183     9.967228    9.8716698    0.1252106   -0.0200632   -0.2242534 
    2510    107.29905   -23.929325  0.055477964   -23.873847   -242.13269    989.85339    10.060183     9.967228    9.8716698    0.1252106   -0.0200632   -0.2242534 
    2520    68.381865   -23.894325  0.035356199   -23.858969   -462.95317    989.85339    10.060183     9.967228    9.8716698    0.1252106   -0.0200632   -0.2242534 
    2530    105.82794   -23.904895  0.054717337   -23.850178   -432.63734    989.85339    10.060183     9.967228    9.8716698    0.1252106   -0.0200632   -0.2242534 
    2540    83.213108   -23.889387  0.043024554   -23.846362   -37.910738    989.85339    10.060183     9.967228    9.8716698    0.1252106   -0.0200632   -0.2242534 
    2550    142.59992   -23.923817  0.073729945   -23.850087     471.1052    989.85339    10.060183     9.967228    9.8716698    0.1252106   -0.0200632   -0.2242534 
    2560     134.3128   -23.923531  0.069445166   -23.854086    695.73413    989.85339    10.060183     9.967228    9.8716698    0.1252106   -0.0200632   -0.2242534 
    2570    143.17133     -23.9426  0.074025388   -23.868575    654.64577    989.85339    10.060183     9.967228    9.8716698    0.1252106   -0.0200632   -0.2242534 
    2580    189.42852   -23.984968  0.097942234   -23.887026    307.14327    989.85339    10.060183     9.967228    9.8716698    0.1252106   -0.0200632   -0.2242534 
    2590    162.35196   -23.980785  0.083942549   -23.896843   -317.90665    989.85339    10.060183     9.967228    9.8716698    0.1252106   -0.0200632   -0.2242534 
    2600    156.75902   -23.986781  0.081050774    -23.90573   -714.48255    989.85339    10.060183     9.967228    9.8716698    0.1252106   -0.0200632   -0.2242534 
    2610    145.12118    -23.99098  0.075033538   -23.915947   -736.68546    989.85339    10.060183     9.967228    9.8716698    0.1252106   -0.0200632   -0.2242534 
    2620    108.00689   -23.978143  0.055843947   -23.922299   -629.97106    989.85339    10.060183     9.967228    9.8716698    0.1252106   -0.0200632   -0.2242534 
    2630    120.81006   -23.992483  0.062463705   -23.930019   -321.60691    989.85339    10.060183     9.967228    9.8716698    0.1252106   -0.0200632   -0.2242534 
    2640    79.725071    -23.97219  0.041221097   -23.930969    175.22068    989.85339    10.060183     9.967228    9.8716698    0.1252106   -0.0200632   -0.2242534 
    2650    77.075458   -23.968649   0.03985114   -23.928798    427.64524    989.85339    10.060183     9.967228    9.8716698    0.1252106   -0.0200632   -0.2242534 
    2660    62.597773   -23.961492  0.032365589   -23.929127    378.76517    989.85339    10.060183     9.967228    9.8716698    0.1252106   -0.0200632   -0.2242534 
    2670    50.955725   -23.953921  0.026346178   -23.927575    239.84267    989.85339    10.060183     9.967228    9.8716698    0.1252106   -0.0200632   -0.2242534 
    2680    63.005028   -23.959769  0.032576156   -23.927193   -79.492238    989.85339    10.060183     9.967228    9.8716698    0.1252106   -0.0200632   -0.2242534 
    2690    34.317948   -23.942417  0.017743772   -23.924673   -448.32613    989.85339    10.060183     9.967228    9.8716698    0.1252106   -0.0200632   -0.2242534 
    2700    50.811422   -23.948763  0.026271567   -23.922491   -582.40885    989.85339    10.060183     9.967228    9.8716698    0.1252106   -0.0200632   -0.2242534 
    2710    41.649735   -23.941462  0.021534603   -23.919927   -482.30463    989.85339    10.060183     9.967228    9.8716698    0.1252106   -0.0200632   -0.2242534 
    2720    47.684812   -23.942704  0.024654983   -23.918049    -253.1438    989.85339    10.060183     9.967228    9.8716698    0.1252106   -0.0200632   -0.2242534 
    2730     62.40209   -23.947959  0.032264413   -23.915694      113.699    989.85339    10.060183     9.967228    9.8716698    0.1252106   -0.0200632   -0.2242534 
    2740    56.624333   -23.942872  0.029277078   -23.913595    425.88674    989.85339    10.060183     9.967228    9.8716698    0.1252106   -0.0200632   -0.2242534 
    2750    91.776134    -23.96377  0.047451986   -23.916318    416.71453    989.85339    10.060183     9.967228    9.8716698    0.1252106   -0.0200632   -0.2242534 
    2760    92.604137   -23.966065  0.047880097   -23.918185    196.64357    989.85339    10.060183     9.967228    9.8716698    0.1252106   -0.0200632   -0.2242534 
    2770    111.57281   -23.978303  0.057687672   -23.920616   -163.04203    989.85339    10.060183     9.967228    9.8716698    0.1252106   -0.0200632   -0.2242534 
    2780    126.87869   -23.984559  0.065601434   -23.918958   -585.13533    989.85339    10.060183     9.967228    9.8716698    0.1252106   -0.0200632   -0.2242534 
    2790    117.33547   -23.975085  0.060667199   -23.914418   -777.21507    989.85339    10.060183     9.967228    9.8716698    0.1252106   -0.0200632   -0.2242534 
    2800    146.64446   -23.989044  0.075821138   -23.913223   -632.98441    989.85339    10.060183     9.967228    9.8716698    0.1252106   -0.0200632   -0.2242534 
    2810    135.19489   -23.980607  0.069901246   -23.910705   -267.49938    989.85339    10.060183     9.967228    9.8716698    0.1252106   -0.0200632   -0.2242534 
    2820    132.97049   -23.974921  0.068751142    -23.90617    182.09799    989.85339    10.060183     9.967228    9.8716698    0.1252106   -0.0200632   -0.2242534 
    2830    136.43098   -23.972229  0.070540351   -23.901689    592.88576    989.85339    10.060183     9.967228    9.8716698    0.1252106   -0.0200632   -0.2242534 
    2840    103.15878   -23.948098  0.053337275   -23.894761    758.98289    989.85339    10.060183     9.967228    9.8716698    0.1252106   -0.0200632   -0.2242534 
    2850    110.99382   -23.948179  0.057388311    -23.89079    530.86629    989.85339    10.060183     9.967228    9.8716698    0.1252106   -0.0200632   -0.2242534 
    2860    77.182235   -23.927596  0.039906348    -23.88769    152.06614    989.85339    10.060183     9.967228    9.8716698    0.1252106   -0.0200632   -0.2242534 
    2870    78.463902   -23.925525  0.040569021   -23.884956   -163.75102    989.85339    10.060183     9.967228    9.8716698    0.1252106   -0.0200632   -0.2242534 
    2880    69.963801   -23.918857  0.036174124   -23.882683   -375.74984    989.85339    10.060183     9.967228    9.8716698    0.1252106   -0.0200632   -0.2242534 
    2890     54.55429   -23.912491  0.028206782   -23.884284   -284.38977    989.85339    10.060183     9.967228    9.8716698    0.1252106   -0.0200632   -0.2242534 
    2900    94.349392    -23.93933  0.048782464   -23.890548    146.13113    989.85339    10.060183     9.967228    9.8716698    0.1252106   -0.0200632   -0.2242534 
    2910    73.854975   -23.934283  0.038186019   -23.896097    499.21742    989.85339    10.060183     9.967228    9.8716698    0.1252106   -0.0200632   -0.2242534 
    2920    100.04485   -23.957978  0.051727248   -23.906251    629.99067    989.85339    10.060183     9.967228    9.8716698    0.1252106   -0.0200632   -0.2242534 
    2930    101.95558   -23.969325  0.052715171    -23.91661    647.08467    989.85339    10.060183     9.967228    9.8716698    0.1252106   -0.0200632   -0.2242534 
    2940    101.40671   -23.978802  0.052431384   -23.926371    318.52483    989.85339    10.060183     9.967228    9.8716698    0.1252106   -0.0200632   -0.2242534 
    2950    114.43965   -23.992668  0.059169942   -23.933498   -201.51374    989.85339    10.060183     9.967228    9.8716698    0.1252106   -0.0200632   -0.2242534 
    2960    92.073565   -23.985301   0.04760577   -23.937695    -481.5407    989.85339    10.060183     9.967228    9.8716698    0.1252106   -0.0200632   -0.2242534 
    2970    102.41293   -23.994711  0.052951641   -23.941759   -571.22877    989.85339    10.060183     9.967228    9.8716698    0.1252106   -0.0200632   -0.2242534 
    2980    90.245935   -23.991362  0.046660811   -23.944701   -554.35366    989.85339    10.060183     9.967228    9.8716698    0.1252106   -0.0200632   -0.2242534 
    2990    90.203455   -23.995269  0.046638847    -23.94863   -264.30472    989.85339    10.060183     9.967228    9.8716698    0.1252106   -0.0200632   -0.2242534 
    3000    96.031181   -24.000039  0.049652018   -23.950387    165.11809    989.85339    10.060183     9.967228    9.8716698    0.1252106   -0.0200632   -0.2242534 
Loop time of 34.6052 on 1 procs for 3000 steps with 5 atoms

Performance: 14.980 ns/day, 1.602 hours/ns, 86.692 timesteps/s
233.0% CPU use with 1 MPI tasks x no OpenMP threads

MPI task timing breakdown:
Section |  min time  |  avg time  |  max time  |%varavg| %total
---------------------------------------------------------------
Pair    | 33.96      | 33.96      | 33.96      |   0.0 | 98.14
Neigh   | 0.0010254  | 0.0010254  | 0.0010254  |   0.0 |  0.00
Comm    | 0.010605   | 0.010605   | 0.010605   |   0.0 |  0.03
Output  | 0.60789    | 0.60789    | 0.60789    |   0.0 |  1.76
Modify  | 0.018601   | 0.018601   | 0.018601   |   0.0 |  0.05
Other   |            | 0.006717   |            |       |  0.02

Nlocal:    5 ave 5 max 5 min
Histogram: 1 0 0 0 0 0 0 0 0 0
Nghost:    121 ave 121 max 121 min
Histogram: 1 0 0 0 0 0 0 0 0 0
Neighs:    0 ave 0 max 0 min
Histogram: 1 0 0 0 0 0 0 0 0 0

Total # of neighbors = 0
Ave neighs/atom = 0
Neighbor list builds = 104
Dangerous builds = 0
Total wall time: 0:00:39
