2019-06-25 21:08:43.439526: I tensorflow/core/platform/cpu_feature_guard.cc:140] Your CPU supports instructions that this TensorFlow binary was not compiled to use: AVX512F
2019-06-25 21:08:44.562971: E tensorflow/stream_executor/cuda/cuda_driver.cc:406] failed call to cuInit: CUDA_ERROR_NO_DEVICE
2019-06-25 21:08:44.563093: I tensorflow/stream_executor/cuda/cuda_diagnostics.cc:158] retrieving CUDA diagnostic information for host: SR760-GPU-4
2019-06-25 21:08:44.563117: I tensorflow/stream_executor/cuda/cuda_diagnostics.cc:165] hostname: SR760-GPU-4
2019-06-25 21:08:44.563223: I tensorflow/stream_executor/cuda/cuda_diagnostics.cc:189] libcuda reported version is: 410.48.0
2019-06-25 21:08:44.563320: I tensorflow/stream_executor/cuda/cuda_diagnostics.cc:193] kernel reported version is: 410.48.0
2019-06-25 21:08:44.563337: I tensorflow/stream_executor/cuda/cuda_diagnostics.cc:300] kernel version seems to match DSO: 410.48.0
fo of lammps module:
  use deepmd-kit at:  /sharedext4/local/deepmd-kit-0.12.4
  source:             v0.12.4-1-ge3cd911-dirty
  source branch:      master
  source commit:      e3cd911
  source commit at:   2019-02-07 10:22:13 +0800
  build float prec:   double
  build with tf inc:  /sharedext4/local/tensorflow/r1.8.gpu.cc/include
  build with tf lib:  /sharedext4/local/tensorflow/r1.8.gpu.cc/lib/libtensorflow_cc.so;/sharedext4/local/tensorflow/r1.8.gpu.cc/lib/libtensorflow_framework.so
  >>> Info of model(s):
  using   4 model(s): ../graph.002.pb ../graph.003.pb ../graph.000.pb ../graph.001.pb 
  rcut in model:      5
  ntypes in model:    2
Neighbor list info ...
  update every 1 steps, delay 10 steps, check yes
  max neighbors/atom: 2000, page size: 100000
  master list distance cutoff = 6
  ghost atom cutoff = 6
  binsize = 3, bins = 4 4 4
  1 neighbor lists, perpetual/occasional/extra = 1 0 0
  (1) pair deepmd, perpetual
      attributes: , newton on
      pair build: full/bin/atomonly
      stencil: full/bin/3d
      bin: standard
Setting up Verlet run ...
  Unit style    : metal
  Current step  : 0
  Time step     : 0.002
Per MPI rank memory allocation (min/avg/max) = 3.934 | 3.934 | 3.934 Mbytes
Step Temp PotEng KinEng TotEng Press Volume Lx Ly Lz Xy Xz Yz 
       0          100   -23.970198  0.051704058   -23.918494   -991.59202    1020.5078     9.888299    10.090798    10.227493    0.2133294    0.0527356    0.0794372 
      10    71.390848   -23.957314  0.036911966   -23.920402   -567.12213    1020.5078     9.888299    10.090798    10.227493    0.2133294    0.0527356    0.0794372 
      20     124.7677   -23.987632  0.064509963   -23.923122    125.95912    1020.5078     9.888299    10.090798    10.227493    0.2133294    0.0527356    0.0794372 
      30    89.760188     -23.9652   0.04640966   -23.918791     736.4513    1020.5078     9.888299    10.090798    10.227493    0.2133294    0.0527356    0.0794372 
      40    68.676633   -23.946715  0.035508606   -23.911206    969.72206    1020.5078     9.888299    10.090798    10.227493    0.2133294    0.0527356    0.0794372 
      50    109.20246   -23.965742  0.056462104    -23.90928    653.66707    1020.5078     9.888299    10.090798    10.227493    0.2133294    0.0527356    0.0794372 
      60    88.084209   -23.950291   0.04554311   -23.904748   -51.063051    1020.5078     9.888299    10.090798    10.227493    0.2133294    0.0527356    0.0794372 
      70    83.550382   -23.938841  0.043198938   -23.895643   -751.64646    1020.5078     9.888299    10.090798    10.227493    0.2133294    0.0527356    0.0794372 
      80    88.152011   -23.930217  0.045578167   -23.884639   -1145.2657    1020.5078     9.888299    10.090798    10.227493    0.2133294    0.0527356    0.0794372 
      90    127.53808   -23.938956  0.065942365   -23.873014   -1032.8184    1020.5078     9.888299    10.090798    10.227493    0.2133294    0.0527356    0.0794372 
     100    105.33815   -23.915194  0.054464099    -23.86073   -386.95874    1020.5078     9.888299    10.090798    10.227493    0.2133294    0.0527356    0.0794372 
     110    204.75179   -23.954661   0.10586499   -23.848796    585.47693    1020.5078     9.888299    10.090798    10.227493    0.2133294    0.0527356    0.0794372 
     120    212.02562   -23.946745   0.10962585    -23.83712     1168.696    1020.5078     9.888299    10.090798    10.227493    0.2133294    0.0527356    0.0794372 
     130    201.74353   -23.939594   0.10430959   -23.835285    1001.7775    1020.5078     9.888299    10.090798    10.227493    0.2133294    0.0527356    0.0794372 
     140    256.38126    -23.96456   0.13255952   -23.832001    163.78397    1020.5078     9.888299    10.090798    10.227493    0.2133294    0.0527356    0.0794372 
     150     213.6355   -23.935041   0.11045822   -23.824583   -833.41905    1020.5078     9.888299    10.090798    10.227493    0.2133294    0.0527356    0.0794372 
     160    116.46043   -23.894349  0.060214767   -23.834135   -1095.4046    1020.5078     9.888299    10.090798    10.227493    0.2133294    0.0527356    0.0794372 
     170    108.22835   -23.910947  0.055958451   -23.854989   -772.22824    1020.5078     9.888299    10.090798    10.227493    0.2133294    0.0527356    0.0794372 
     180    123.37237   -23.944526   0.06378852   -23.880738   -16.758849    1020.5078     9.888299    10.090798    10.227493    0.2133294    0.0527356    0.0794372 
     190    78.507132   -23.936349  0.040591373   -23.895758    727.72753    1020.5078     9.888299    10.090798    10.227493    0.2133294    0.0527356    0.0794372 
     200    80.601706   -23.949267  0.041674353   -23.907593    1017.4705    1020.5078     9.888299    10.090798    10.227493    0.2133294    0.0527356    0.0794372 
     210    89.454146   -23.964479  0.046251423   -23.918228    840.81711    1020.5078     9.888299    10.090798    10.227493    0.2133294    0.0527356    0.0794372 
     220    102.66237   -23.980131  0.053080611   -23.927051    201.78547    1020.5078     9.888299    10.090798    10.227493    0.2133294    0.0527356    0.0794372 
     230    85.848898   -23.971018  0.044387364   -23.926631   -526.37873    1020.5078     9.888299    10.090798    10.227493    0.2133294    0.0527356    0.0794372 
     240    111.32663   -23.983609  0.057560387   -23.926049   -940.21571    1020.5078     9.888299    10.090798    10.227493    0.2133294    0.0527356    0.0794372 
     250    69.259274   -23.960121  0.035809855   -23.924311   -1005.7685    1020.5078     9.888299    10.090798    10.227493    0.2133294    0.0527356    0.0794372 
     260    98.289849   -23.977517  0.050819841   -23.926697   -624.36982    1020.5078     9.888299    10.090798    10.227493    0.2133294    0.0527356    0.0794372 
     270    120.08416   -23.990127  0.062088386   -23.928039    92.970106    1020.5078     9.888299    10.090798    10.227493    0.2133294    0.0527356    0.0794372 
     280    71.791658   -23.958457  0.037119201   -23.921337     736.8939    1020.5078     9.888299    10.090798    10.227493    0.2133294    0.0527356    0.0794372 
     290    81.536283   -23.955834  0.042157567   -23.913677    1060.6588    1020.5078     9.888299    10.090798    10.227493    0.2133294    0.0527356    0.0794372 
     300    88.965852   -23.954768  0.045998956   -23.908769    888.40127    1020.5078     9.888299    10.090798    10.227493    0.2133294    0.0527356    0.0794372 
Loop time of 4.52523 on 1 procs for 300 steps with 5 atoms

Performance: 11.456 ns/day, 2.095 hours/ns, 66.295 timesteps/s
290.1% CPU use with 1 MPI tasks x no OpenMP threads

MPI task timing breakdown:
Section |  min time  |  avg time  |  max time  |%varavg| %total
---------------------------------------------------------------
Pair    | 4.2021     | 4.2021     | 4.2021     |   0.0 | 92.86
Neigh   | 0.0002172  | 0.0002172  | 0.0002172  |   0.0 |  0.00
Comm    | 0.0011716  | 0.0011716  | 0.0011716  |   0.0 |  0.03
Output  | 0.31893    | 0.31893    | 0.31893    |   0.0 |  7.05
Modify  | 0.0019188  | 0.0019188  | 0.0019188  |   0.0 |  0.04
Other   |            | 0.0009353  |            |       |  0.02

Nlocal:    5 ave 5 max 5 min
Histogram: 1 0 0 0 0 0 0 0 0 0
Nghost:    103 ave 103 max 103 min
Histogram: 1 0 0 0 0 0 0 0 0 0
Neighs:    0 ave 0 max 0 min
Histogram: 1 0 0 0 0 0 0 0 0 0

Total # of neighbors = 0
Ave neighs/atom = 0
Neighbor list builds = 12
Dangerous builds = 0
Total wall time: 0:00:06
