2019-06-25 21:42:13.753511: I tensorflow/core/platform/cpu_feature_guard.cc:140] Your CPU supports instructions that this TensorFlow binary was not compiled to use: AVX512F
2019-06-25 21:42:14.576115: E tensorflow/stream_executor/cuda/cuda_driver.cc:406] failed call to cuInit: CUDA_ERROR_NO_DEVICE
2019-06-25 21:42:14.576190: I tensorflow/stream_executor/cuda/cuda_diagnostics.cc:158] retrieving CUDA diagnostic information for host: SR760-GPU-5
2019-06-25 21:42:14.576200: I tensorflow/stream_executor/cuda/cuda_diagnostics.cc:165] hostname: SR760-GPU-5
2019-06-25 21:42:14.576264: I tensorflow/stream_executor/cuda/cuda_diagnostics.cc:189] libcuda reported version is: 410.48.0
2019-06-25 21:42:14.576341: I tensorflow/stream_executor/cuda/cuda_diagnostics.cc:193] kernel reported version is: 410.48.0
2019-06-25 21:42:14.576349: I tensorflow/stream_executor/cuda/cuda_diagnostics.cc:300] kernel version seems to match DSO: 410.48.0
> Info of lammps module:
  use deepmd-kit at:  /sharedext4/local/deepmd-kit-0.12.4
  source:             v0.12.4-1-ge3cd911-dirty
  source branch:      master
  source commit:      e3cd911
  source commit at:   2019-02-07 10:22:13 +0800
  build float prec:   double
  build with tf inc:  /sharedext4/local/tensorflow/r1.8.gpu.cc/include
  build with tf lib:  /sharedext4/local/tensorflow/r1.8.gpu.cc/lib/libtensorflow_cc.so;/sharedext4/local/tensorflow/r1.8.gpu.cc/lib/libtensorflow_framework.so
  >>> Info of model(s):
  using   4 model(s): ../graph.002.pb ../graph.003.pb ../graph.000.pb ../graph.001.pb 
  rcut in model:      5
  ntypes in model:    2
Neighbor list info ...
  update every 1 steps, delay 10 steps, check yes
  max neighbors/atom: 2000, page size: 100000
  master list distance cutoff = 6
  ghost atom cutoff = 6
  binsize = 3, bins = 4 4 4
  1 neighbor lists, perpetual/occasional/extra = 1 0 0
  (1) pair deepmd, perpetual
      attributes: , newton on
      pair build: full/bin/atomonly
      stencil: full/bin/3d
      bin: standard
Setting up Verlet run ...
  Unit style    : metal
  Current step  : 0
  Time step     : 0.002
Per MPI rank memory allocation (min/avg/max) = 3.934 | 3.934 | 3.934 Mbytes
Step Temp PotEng KinEng TotEng Press Volume Lx Ly Lz Xy Xz Yz 
       0          100   -23.992745  0.051704058   -23.941041    -308.3372    992.60221    9.8583442    10.127241    9.9421454    0.0794064    0.2350018   -0.0446778 
      10    53.311418   -23.963761  0.027564166   -23.936197   -1016.2767    992.60221    9.8583442    10.127241    9.9421454    0.0794064    0.2350018   -0.0446778 
      20    35.242069   -23.950868   0.01822158   -23.932646   -1279.6858    992.60221    9.8583442    10.127241    9.9421454    0.0794064    0.2350018   -0.0446778 
      30    86.268835   -23.976802  0.044604488   -23.932197   -1028.9457    992.60221    9.8583442    10.127241    9.9421454    0.0794064    0.2350018   -0.0446778 
      40    42.123669   -23.951615  0.021779646   -23.929835   -334.37842    992.60221    9.8583442    10.127241    9.9421454    0.0794064    0.2350018   -0.0446778 
      50    126.86441   -23.991877  0.065594046   -23.926283    576.57834    992.60221    9.8583442    10.127241    9.9421454    0.0794064    0.2350018   -0.0446778 
      60    47.871365   -23.934631  0.024751439    -23.90988     1359.905    992.60221    9.8583442    10.127241    9.9421454    0.0794064    0.2350018   -0.0446778 
      70    84.647243   -23.943132   0.04376606   -23.899366    1551.1051    992.60221    9.8583442    10.127241    9.9421454    0.0794064    0.2350018   -0.0446778 
      80     142.1908   -23.967126  0.073518412   -23.893608    1001.1538    992.60221    9.8583442    10.127241    9.9421454    0.0794064    0.2350018   -0.0446778 
      90    77.912001   -23.923705  0.040283666   -23.883421   -67.805681    992.60221    9.8583442    10.127241    9.9421454    0.0794064    0.2350018   -0.0446778 
     100    188.58988   -23.969466  0.097508621   -23.871958   -1214.0093    992.60221    9.8583442    10.127241    9.9421454    0.0794064    0.2350018   -0.0446778 
     110    36.108444   -23.875867  0.018669531   -23.857197   -1777.5138    992.60221    9.8583442    10.127241    9.9421454    0.0794064    0.2350018   -0.0446778 
     120    179.08415   -23.954395  0.092593772   -23.861801   -1487.2356    992.60221    9.8583442    10.127241    9.9421454    0.0794064    0.2350018   -0.0446778 
     130    157.11411   -23.946948  0.081234371   -23.865714   -488.35955    992.60221    9.8583442    10.127241    9.9421454    0.0794064    0.2350018   -0.0446778 
     140    127.01006   -23.933436  0.065669357   -23.867766    786.55861    992.60221    9.8583442    10.127241    9.9421454    0.0794064    0.2350018   -0.0446778 
     150    183.31203   -23.960679  0.094779759     -23.8659    1709.1256    992.60221    9.8583442    10.127241    9.9421454    0.0794064    0.2350018   -0.0446778 
     160    43.969844   -23.886476  0.022734194   -23.863742    1715.0202    992.60221    9.8583442    10.127241    9.9421454    0.0794064    0.2350018   -0.0446778 
     170    209.52576   -23.988004   0.10833332   -23.879671     853.2786    992.60221    9.8583442    10.127241    9.9421454    0.0794064    0.2350018   -0.0446778 
     180    99.867106   -23.934073  0.051635346   -23.882437   -302.59447    992.60221    9.8583442    10.127241    9.9421454    0.0794064    0.2350018   -0.0446778 
     190    120.87583   -23.944312  0.062497711   -23.881814   -1293.6892    992.60221    9.8583442    10.127241    9.9421454    0.0794064    0.2350018   -0.0446778 
     200    107.72363   -23.940257  0.055697487   -23.884559   -1672.1061    992.60221    9.8583442    10.127241    9.9421454    0.0794064    0.2350018   -0.0446778 
     210    51.514535   -23.917829  0.026635105   -23.891194   -1271.3637    992.60221    9.8583442    10.127241    9.9421454    0.0794064    0.2350018   -0.0446778 
     220    169.00725   -23.990832  0.087383606   -23.903448   -328.44696    992.60221    9.8583442    10.127241    9.9421454    0.0794064    0.2350018   -0.0446778 
     230    51.076755   -23.929986  0.026408755   -23.903577    726.14616    992.60221    9.8583442    10.127241    9.9421454    0.0794064    0.2350018   -0.0446778 
     240    111.66639   -23.961849  0.057736053   -23.904113    1426.8953    992.60221    9.8583442    10.127241    9.9421454    0.0794064    0.2350018   -0.0446778 
     250    58.233263   -23.935277   0.03010896   -23.905168    1474.7709    992.60221    9.8583442    10.127241    9.9421454    0.0794064    0.2350018   -0.0446778 
     260    68.672023   -23.948787  0.035506223   -23.913281    838.99971    992.60221    9.8583442    10.127241    9.9421454    0.0794064    0.2350018   -0.0446778 
     270    127.32604   -23.986307   0.06583273   -23.920474   -122.19389    992.60221    9.8583442    10.127241    9.9421454    0.0794064    0.2350018   -0.0446778 
     280    31.101997   -23.933425  0.016080995   -23.917344   -959.13641    992.60221    9.8583442    10.127241    9.9421454    0.0794064    0.2350018   -0.0446778 
     290    97.919178   -23.969248  0.050628188    -23.91862   -1373.1909    992.60221    9.8583442    10.127241    9.9421454    0.0794064    0.2350018   -0.0446778 
     300    40.944619   -23.942301   0.02117003   -23.921131   -1183.6004    992.60221    9.8583442    10.127241    9.9421454    0.0794064    0.2350018   -0.0446778 
     310    78.860791   -23.968605  0.040774229   -23.927831   -498.43714    992.60221    9.8583442    10.127241    9.9421454    0.0794064    0.2350018   -0.0446778 
     320     92.53023   -23.978845  0.047841884   -23.931003    392.91954    992.60221    9.8583442    10.127241    9.9421454    0.0794064    0.2350018   -0.0446778 
     330    27.514394   -23.943124  0.014226058   -23.928898    1109.6154    992.60221    9.8583442    10.127241    9.9421454    0.0794064    0.2350018   -0.0446778 
     340    93.293454    -23.98034  0.048236501   -23.932103    1331.7018    992.60221    9.8583442    10.127241    9.9421454    0.0794064    0.2350018   -0.0446778 
     350    24.809581   -23.948936   0.01282756   -23.936108    969.94765    992.60221    9.8583442    10.127241    9.9421454    0.0794064    0.2350018   -0.0446778 
     360    98.013906   -23.993577  0.050677167     -23.9429    207.70572    992.60221    9.8583442    10.127241    9.9421454    0.0794064    0.2350018   -0.0446778 
     370    65.453836    -23.97598  0.033842289   -23.942138   -587.43394    992.60221    9.8583442    10.127241    9.9421454    0.0794064    0.2350018   -0.0446778 
     380    35.377352   -23.956473  0.018291527   -23.938181   -1140.9616    992.60221    9.8583442    10.127241    9.9421454    0.0794064    0.2350018   -0.0446778 
     390     75.92007   -23.976485  0.039253757   -23.937231   -1250.0154    992.60221    9.8583442    10.127241    9.9421454    0.0794064    0.2350018   -0.0446778 
     400    30.241031   -23.951815   0.01563584   -23.936179   -828.31725    992.60221    9.8583442    10.127241    9.9421454    0.0794064    0.2350018   -0.0446778 
     410    114.56977   -23.996158  0.059237219    -23.93692   -42.107501    992.60221    9.8583442    10.127241    9.9421454    0.0794064    0.2350018   -0.0446778 
     420    55.667424   -23.956472  0.028782317   -23.927689      817.844    992.60221    9.8583442    10.127241    9.9421454    0.0794064    0.2350018   -0.0446778 
     430    76.931669   -23.958595  0.039776795   -23.918819    1398.8078    992.60221    9.8583442    10.127241    9.9421454    0.0794064    0.2350018   -0.0446778 
     440    111.32875   -23.968534  0.057561479   -23.910972    1394.5101    992.60221    9.8583442    10.127241    9.9421454    0.0794064    0.2350018   -0.0446778 
     450    68.338445   -23.941886  0.035333749   -23.906553     684.1849    992.60221    9.8583442    10.127241    9.9421454    0.0794064    0.2350018   -0.0446778 
     460    190.25718   -23.999042  0.098370684   -23.900671   -440.23384    992.60221    9.8583442    10.127241    9.9421454    0.0794064    0.2350018   -0.0446778 
     470    61.639707   -23.914715   0.03187023   -23.882845   -1370.2951    992.60221    9.8583442    10.127241    9.9421454    0.0794064    0.2350018   -0.0446778 
     480    127.08139    -23.93942  0.065706238   -23.873714   -1758.9254    992.60221    9.8583442    10.127241    9.9421454    0.0794064    0.2350018   -0.0446778 
     490    121.67859   -23.933337  0.062912769   -23.870424   -1374.8839    992.60221    9.8583442    10.127241    9.9421454    0.0794064    0.2350018   -0.0446778 
     500    135.90816    -23.94466  0.070270033    -23.87439   -270.20972    992.60221    9.8583442    10.127241    9.9421454    0.0794064    0.2350018   -0.0446778 
     510    227.06706   -23.989786   0.11740288   -23.872383    1015.4368    992.60221    9.8583442    10.127241    9.9421454    0.0794064    0.2350018   -0.0446778 
     520    44.381426   -23.882935  0.022946998   -23.859988    1747.1869    992.60221    9.8583442    10.127241    9.9421454    0.0794064    0.2350018   -0.0446778 
     530    200.25275   -23.968456    0.1035388   -23.864917    1585.4959    992.60221    9.8583442    10.127241    9.9421454    0.0794064    0.2350018   -0.0446778 
     540    113.72789    -23.93072  0.058801933   -23.871918    664.58963    992.60221    9.8583442    10.127241    9.9421454    0.0794064    0.2350018   -0.0446778 
     550    136.66406     -23.9456  0.070660864   -23.874939   -600.35738    992.60221    9.8583442    10.127241    9.9421454    0.0794064    0.2350018   -0.0446778 
     560    118.76573   -23.938083  0.061406702   -23.876677    -1487.586    992.60221    9.8583442    10.127241    9.9421454    0.0794064    0.2350018   -0.0446778 
     570    34.769488   -23.899642  0.017977236   -23.881665   -1609.1965    992.60221    9.8583442    10.127241    9.9421454    0.0794064    0.2350018   -0.0446778 
     580    149.25958   -23.976415  0.077173262   -23.899241   -1048.2032    992.60221    9.8583442    10.127241    9.9421454    0.0794064    0.2350018   -0.0446778 
     590      55.5126   -23.940109  0.028702267   -23.911407   -71.141015    992.60221    9.8583442    10.127241    9.9421454    0.0794064    0.2350018   -0.0446778 
     600     110.9739   -23.977685   0.05737801   -23.920307    866.60047    992.60221    9.8583442    10.127241    9.9421454    0.0794064    0.2350018   -0.0446778 
     610    56.843281   -23.953875  0.029390283   -23.924485    1349.2488    992.60221    9.8583442    10.127241    9.9421454    0.0794064    0.2350018   -0.0446778 
     620     31.33815   -23.947376  0.016203095   -23.931172      1195.47    992.60221    9.8583442    10.127241    9.9421454    0.0794064    0.2350018   -0.0446778 
     630    91.524645   -23.988981  0.047321955   -23.941659    584.75799    992.60221    9.8583442    10.127241    9.9421454    0.0794064    0.2350018   -0.0446778 
     640    28.000287    -23.95805  0.014477285   -23.943573   -210.76721    992.60221    9.8583442    10.127241    9.9421454    0.0794064    0.2350018   -0.0446778 
     650     79.58319   -23.984806  0.041147739   -23.943659   -903.03661    992.60221    9.8583442    10.127241    9.9421454    0.0794064    0.2350018   -0.0446778 
     660    22.018873    -23.95169  0.011384651   -23.940306   -1206.3008    992.60221    9.8583442    10.127241    9.9421454    0.0794064    0.2350018   -0.0446778 
     670    52.286024   -23.968427  0.027033996   -23.941393   -1027.3386    992.60221    9.8583442    10.127241    9.9421454    0.0794064    0.2350018   -0.0446778 
     680    81.068615   -23.984385  0.041915764   -23.942469   -433.13124    992.60221    9.8583442    10.127241    9.9421454    0.0794064    0.2350018   -0.0446778 
     690    34.977817   -23.957739  0.018084951   -23.939654    380.49048    992.60221    9.8583442    10.127241    9.9421454    0.0794064    0.2350018   -0.0446778 
     700    93.296603   -23.983613   0.04823813   -23.935375    1081.8411    992.60221    9.8583442    10.127241    9.9421454    0.0794064    0.2350018   -0.0446778 
     710    16.162317   -23.936427 0.0083565739    -23.92807    1332.5931    992.60221    9.8583442    10.127241    9.9421454    0.0794064    0.2350018   -0.0446778 
     720    84.309926   -23.973569  0.043591653   -23.929977    982.39902    992.60221    9.8583442    10.127241    9.9421454    0.0794064    0.2350018   -0.0446778 
     730    84.370204   -23.972779  0.043622819   -23.929156    215.40928    992.60221    9.8583442    10.127241    9.9421454    0.0794064    0.2350018   -0.0446778 
     740    58.975055   -23.953607  0.030492497   -23.923115    -689.8629    992.60221    9.8583442    10.127241    9.9421454    0.0794064    0.2350018   -0.0446778 
     750    108.09096    -23.97099   0.05588741   -23.915102   -1352.4444    992.60221    9.8583442    10.127241    9.9421454    0.0794064    0.2350018   -0.0446778 
     760    19.851284   -23.917272  0.010263919   -23.907008   -1408.7079    992.60221    9.8583442    10.127241    9.9421454    0.0794064    0.2350018   -0.0446778 
     770    142.26667   -23.982009  0.073557643   -23.908452   -850.10886    992.60221    9.8583442    10.127241    9.9421454    0.0794064    0.2350018   -0.0446778 
     780    89.894261    -23.94918  0.046478981   -23.902701    107.59551    992.60221    9.8583442    10.127241    9.9421454    0.0794064    0.2350018   -0.0446778 
     790    98.641921   -23.947136  0.051001876   -23.896134    1102.5685    992.60221    9.8583442    10.127241    9.9421454    0.0794064    0.2350018   -0.0446778 
     800    123.40557   -23.950436  0.063805685    -23.88663    1680.6793    992.60221    9.8583442    10.127241    9.9421454    0.0794064    0.2350018   -0.0446778 
     810    54.783312   -23.913196  0.028325195   -23.884871    1374.2815    992.60221    9.8583442    10.127241    9.9421454    0.0794064    0.2350018   -0.0446778 
     820    216.34355   -24.003148   0.11185839   -23.891289    333.44639    992.60221    9.8583442    10.127241    9.9421454    0.0794064    0.2350018   -0.0446778 
     830     83.70573   -23.925293  0.043279259   -23.882014   -772.63621    992.60221    9.8583442    10.127241    9.9421454    0.0794064    0.2350018   -0.0446778 
     840    147.03493   -23.950613  0.076023025    -23.87459   -1607.2475    992.60221    9.8583442    10.127241    9.9421454    0.0794064    0.2350018   -0.0446778 
     850    101.05339   -23.922917  0.052248705   -23.870669   -1775.1905    992.60221    9.8583442    10.127241    9.9421454    0.0794064    0.2350018   -0.0446778 
     860    103.06837   -23.930316  0.053290527   -23.877025     -1070.91    992.60221    9.8583442    10.127241    9.9421454    0.0794064    0.2350018   -0.0446778 
     870    199.49151   -23.986978   0.10314521   -23.883832    164.46908    992.60221    9.8583442    10.127241    9.9421454    0.0794064    0.2350018   -0.0446778 
     880    61.551083   -23.910274  0.031824408    -23.87845    1216.8397    992.60221    9.8583442    10.127241    9.9421454    0.0794064    0.2350018   -0.0446778 
     890    156.51108   -23.962438  0.080922581   -23.881515    1667.4318    992.60221    9.8583442    10.127241    9.9421454    0.0794064    0.2350018   -0.0446778 
     900     79.06606   -23.932003  0.040880361   -23.891123    1343.9649    992.60221    9.8583442    10.127241    9.9421454    0.0794064    0.2350018   -0.0446778 
     910    104.45973   -23.962046  0.054009919   -23.908036    326.43292    992.60221    9.8583442    10.127241    9.9421454    0.0794064    0.2350018   -0.0446778 
     920    108.32942   -23.978172  0.056010708   -23.922161   -661.58394    992.60221    9.8583442    10.127241    9.9421454    0.0794064    0.2350018   -0.0446778 
     930    23.000341   -23.940119   0.01189211   -23.928227   -1192.2435    992.60221    9.8583442    10.127241    9.9421454    0.0794064    0.2350018   -0.0446778 
     940    82.459038   -23.980679  0.042634669   -23.938045   -1231.6046    992.60221    9.8583442    10.127241    9.9421454    0.0794064    0.2350018   -0.0446778 
     950    29.128672   -23.959505  0.015060706   -23.944445   -814.15704    992.60221    9.8583442    10.127241    9.9421454    0.0794064    0.2350018   -0.0446778 
     960      78.2741    -23.99127  0.040470886     -23.9508   -85.169453    992.60221    9.8583442    10.127241    9.9421454    0.0794064    0.2350018   -0.0446778 
     970    57.969076   -23.979805  0.029972365   -23.949833    676.85964    992.60221    9.8583442    10.127241    9.9421454    0.0794064    0.2350018   -0.0446778 
     980    25.851064   -23.960073  0.013366049   -23.946707    1126.3536    992.60221    9.8583442    10.127241    9.9421454    0.0794064    0.2350018   -0.0446778 
     990    76.329734   -23.986176   0.03946557   -23.946711    1124.8592    992.60221    9.8583442    10.127241    9.9421454    0.0794064    0.2350018   -0.0446778 
    1000    25.221949   -23.959233  0.013040771   -23.946193    662.92152    992.60221    9.8583442    10.127241    9.9421454    0.0794064    0.2350018   -0.0446778 
    1010    96.879568   -23.996389  0.050090668   -23.946298   -128.89958    992.60221    9.8583442    10.127241    9.9421454    0.0794064    0.2350018   -0.0446778 
    1020    42.650962    -23.95884  0.022052278   -23.936788   -882.10112    992.60221    9.8583442    10.127241    9.9421454    0.0794064    0.2350018   -0.0446778 
    1030    49.431348   -23.954255  0.025558013   -23.928697   -1304.3397    992.60221    9.8583442    10.127241    9.9421454    0.0794064    0.2350018   -0.0446778 
    1040     85.65761   -23.965897   0.04428846   -23.921608   -1226.5462    992.60221    9.8583442    10.127241    9.9421454    0.0794064    0.2350018   -0.0446778 
    1050    51.491217   -23.943406  0.026623049   -23.916783   -580.49411    992.60221    9.8583442    10.127241    9.9421454    0.0794064    0.2350018   -0.0446778 
    1060    154.11186   -23.991794  0.079682084   -23.912112    423.14152    992.60221    9.8583442    10.127241    9.9421454    0.0794064    0.2350018   -0.0446778 
    1070    49.144254   -23.921722  0.025409574   -23.896312    1328.4416    992.60221    9.8583442    10.127241    9.9421454    0.0794064    0.2350018   -0.0446778 
    1080    99.299168   -23.942212    0.0513417   -23.890871    1595.5313    992.60221    9.8583442    10.127241    9.9421454    0.0794064    0.2350018   -0.0446778 
    1090    114.43942   -23.949205  0.059169823   -23.890036    1176.9215    992.60221    9.8583442    10.127241    9.9421454    0.0794064    0.2350018   -0.0446778 
    1100    94.874112   -23.941261  0.049053766   -23.892207     119.3683    992.60221    9.8583442    10.127241    9.9421454    0.0794064    0.2350018   -0.0446778 
    1110    182.65119   -23.982471  0.094438078   -23.888033   -1053.7042    992.60221    9.8583442    10.127241    9.9421454    0.0794064    0.2350018   -0.0446778 
    1120    35.297916   -23.896557  0.018250455   -23.878306    -1634.502    992.60221    9.8583442    10.127241    9.9421454    0.0794064    0.2350018   -0.0446778 
    1130    154.74009   -23.962697  0.080006906   -23.882691   -1507.7621    992.60221    9.8583442    10.127241    9.9421454    0.0794064    0.2350018   -0.0446778 
    1140    106.86087   -23.940949  0.055251408   -23.885698   -764.21608    992.60221    9.8583442    10.127241    9.9421454    0.0794064    0.2350018   -0.0446778 
    1150    129.39067   -23.957484  0.066900225   -23.890584    389.26685    992.60221    9.8583442    10.127241    9.9421454    0.0794064    0.2350018   -0.0446778 
    1160    155.76821   -23.968135  0.080538486   -23.887596    1445.2972    992.60221    9.8583442    10.127241    9.9421454    0.0794064    0.2350018   -0.0446778 
    1170    36.719742   -23.902151  0.018985597   -23.883166    1676.2585    992.60221    9.8583442    10.127241    9.9421454    0.0794064    0.2350018   -0.0446778 
    1180    181.87853   -23.988203  0.094038578   -23.894165    1078.3803    992.60221    9.8583442    10.127241    9.9421454    0.0794064    0.2350018   -0.0446778 
    1190    77.675446   -23.937849  0.040161358   -23.897688    127.68721    992.60221    9.8583442    10.127241    9.9421454    0.0794064    0.2350018   -0.0446778 
    1200    135.31924   -23.969651  0.069965536   -23.899686   -916.28642    992.60221    9.8583442    10.127241    9.9421454    0.0794064    0.2350018   -0.0446778 
    1210    78.520017   -23.939103  0.040598035   -23.898505   -1530.5042    992.60221    9.8583442    10.127241    9.9421454    0.0794064    0.2350018   -0.0446778 
    1220    50.908051   -23.931033  0.026321528   -23.904712   -1370.7833    992.60221    9.8583442    10.127241    9.9421454    0.0794064    0.2350018   -0.0446778 
    1230    128.48527   -23.984822  0.066432101    -23.91839   -636.60137    992.60221    9.8583442    10.127241    9.9421454    0.0794064    0.2350018   -0.0446778 
    1240    48.155758   -23.950636  0.024898481   -23.925738    273.52486    992.60221    9.8583442    10.127241    9.9421454    0.0794064    0.2350018   -0.0446778 
    1250    91.394478   -23.980669  0.047254654   -23.933415    1014.9599    992.60221    9.8583442    10.127241    9.9421454    0.0794064    0.2350018   -0.0446778 
    1260     36.57421   -23.957628  0.018910351   -23.938718    1298.4166    992.60221    9.8583442    10.127241    9.9421454    0.0794064    0.2350018   -0.0446778 
    1270    41.759178   -23.969218   0.02159119   -23.947627    970.08189    992.60221    9.8583442    10.127241    9.9421454    0.0794064    0.2350018   -0.0446778 
    1280    76.271159   -23.996085  0.039435284    -23.95665    305.62277    992.60221    9.8583442    10.127241    9.9421454    0.0794064    0.2350018   -0.0446778 
    1290    23.162312   -23.969706  0.011975855    -23.95773   -379.65358    992.60221    9.8583442    10.127241    9.9421454    0.0794064    0.2350018   -0.0446778 
    1300    63.491682   -23.991055  0.032827776   -23.958227    -903.5444    992.60221    9.8583442    10.127241    9.9421454    0.0794064    0.2350018   -0.0446778 
    1310    12.685197   -23.962718 0.0065587614   -23.956159    -1080.044    992.60221    9.8583442    10.127241    9.9421454    0.0794064    0.2350018   -0.0446778 
    1320     49.90959   -23.983837  0.025805283   -23.958031    -817.1035    992.60221    9.8583442    10.127241    9.9421454    0.0794064    0.2350018   -0.0446778 
    1330    58.074798   -23.987653  0.030027027   -23.957626   -207.76397    992.60221    9.8583442    10.127241    9.9421454    0.0794064    0.2350018   -0.0446778 
    1340    33.910681   -23.971144  0.017533198   -23.953611    500.84369    992.60221    9.8583442    10.127241    9.9421454    0.0794064    0.2350018   -0.0446778 
    1350    77.315975   -23.987937  0.039975496   -23.947962    1062.5911    992.60221    9.8583442    10.127241    9.9421454    0.0794064    0.2350018   -0.0446778 
    1360    12.303055   -23.945527 0.0063611787   -23.939166    1246.7348    992.60221    9.8583442    10.127241    9.9421454    0.0794064    0.2350018   -0.0446778 
    1370    85.932784   -23.983214  0.044430736   -23.938783    845.79325    992.60221    9.8583442    10.127241    9.9421454    0.0794064    0.2350018   -0.0446778 
    1380    65.624412   -23.968666  0.033930484   -23.934735    44.532085    992.60221    9.8583442    10.127241    9.9421454    0.0794064    0.2350018   -0.0446778 
    1390    62.099946   -23.960292  0.032108192   -23.928183   -783.58695    992.60221    9.8583442    10.127241    9.9421454    0.0794064    0.2350018   -0.0446778 
    1400    85.712576   -23.965605   0.04431688   -23.921288   -1319.6982    992.60221    9.8583442    10.127241    9.9421454    0.0794064    0.2350018   -0.0446778 
    1410    23.577479   -23.928665  0.012190513   -23.916475   -1314.2377    992.60221    9.8583442    10.127241    9.9421454    0.0794064    0.2350018   -0.0446778 
    1420    127.98624   -23.986453  0.066174081   -23.920278   -718.08105    992.60221    9.8583442    10.127241    9.9421454    0.0794064    0.2350018   -0.0446778 
    1430    71.403965   -23.953078  0.036918748   -23.916159    250.45098    992.60221    9.8583442    10.127241    9.9421454    0.0794064    0.2350018   -0.0446778 
    1440    90.375509   -23.957419  0.046727806   -23.910691    1111.7336    992.60221    9.8583442    10.127241    9.9421454    0.0794064    0.2350018   -0.0446778 
    1450    97.014131   -23.954865  0.050160242   -23.904705    1536.2478    992.60221    9.8583442    10.127241    9.9421454    0.0794064    0.2350018   -0.0446778 
    1460    49.363665   -23.928188  0.025523018   -23.902665    1255.6218    992.60221    9.8583442    10.127241    9.9421454    0.0794064    0.2350018   -0.0446778 
    1470    176.00121   -23.999072  0.090999766   -23.908072    291.52721    992.60221    9.8583442    10.127241    9.9421454    0.0794064    0.2350018   -0.0446778 
    1480    61.590819    -23.92992  0.031844953   -23.898075   -764.72653    992.60221    9.8583442    10.127241    9.9421454    0.0794064    0.2350018   -0.0446778 
    1490    136.96921   -23.961619  0.070818639     -23.8908   -1508.2563    992.60221    9.8583442    10.127241    9.9421454    0.0794064    0.2350018   -0.0446778 
    1500    85.114575   -23.927098  0.044007689   -23.883091   -1655.9438    992.60221    9.8583442    10.127241    9.9421454    0.0794064    0.2350018   -0.0446778 
    1510    110.53197   -23.942663  0.057149512   -23.885513   -1059.2483    992.60221    9.8583442    10.127241    9.9421454    0.0794064    0.2350018   -0.0446778 
    1520    195.44563   -23.988792   0.10105332   -23.887738    106.80989    992.60221    9.8583442    10.127241    9.9421454    0.0794064    0.2350018   -0.0446778 
    1530    64.545872   -23.909192  0.033372835   -23.875819     1239.967    992.60221    9.8583442    10.127241    9.9421454    0.0794064    0.2350018   -0.0446778 
    1540    173.67182   -23.961928   0.08979538   -23.872133    1701.2401    992.60221    9.8583442    10.127241    9.9421454    0.0794064    0.2350018   -0.0446778 
    1550    76.751824   -23.906473  0.039683808   -23.866789    1413.6992    992.60221    9.8583442    10.127241    9.9421454    0.0794064    0.2350018   -0.0446778 
    1560     173.6721   -23.963029  0.089795521   -23.873234    339.32515    992.60221    9.8583442    10.127241    9.9421454    0.0794064    0.2350018   -0.0446778 
    1570    169.24343   -23.957285  0.087505723   -23.869779   -950.37175    992.60221    9.8583442    10.127241    9.9421454    0.0794064    0.2350018   -0.0446778 
    1580     51.08943   -23.888021  0.026415308   -23.861606   -1685.6525    992.60221    9.8583442    10.127241    9.9421454    0.0794064    0.2350018   -0.0446778 
    1590    158.21714   -23.950767   0.08180468   -23.868963   -1630.0598    992.60221    9.8583442    10.127241    9.9421454    0.0794064    0.2350018   -0.0446778 
    1600    62.733958   -23.910619  0.032436002   -23.878183   -872.69332    992.60221    9.8583442    10.127241    9.9421454    0.0794064    0.2350018   -0.0446778 
    1610    156.72827   -23.973164  0.081034877   -23.892129    245.27088    992.60221    9.8583442    10.127241    9.9421454    0.0794064    0.2350018   -0.0446778 
    1620    80.754519   -23.937035  0.041753363   -23.895282    1246.5642    992.60221    9.8583442    10.127241    9.9421454    0.0794064    0.2350018   -0.0446778 
    1630    52.850381   -23.928834  0.027325791   -23.901508    1526.3918    992.60221    9.8583442    10.127241    9.9421454    0.0794064    0.2350018   -0.0446778 
    1640    115.39646   -23.976972  0.059664652   -23.917308    1080.2995    992.60221    9.8583442    10.127241    9.9421454    0.0794064    0.2350018   -0.0446778 
    1650    39.844943   -23.946713  0.020601452   -23.926111       262.53    992.60221    9.8583442    10.127241    9.9421454    0.0794064    0.2350018   -0.0446778 
    1660    113.02107   -23.991591  0.058436482   -23.933155   -614.59443    992.60221    9.8583442    10.127241    9.9421454    0.0794064    0.2350018   -0.0446778 
    1670    29.560775   -23.947156   0.01528412   -23.931872   -1189.7996    992.60221    9.8583442    10.127241    9.9421454    0.0794064    0.2350018   -0.0446778 
    1680    55.047863   -23.962687  0.028461979   -23.934225   -1252.5011    992.60221    9.8583442    10.127241    9.9421454    0.0794064    0.2350018   -0.0446778 
    1690    73.310974   -23.976701  0.037904748   -23.938796   -803.08202    992.60221    9.8583442    10.127241    9.9421454    0.0794064    0.2350018   -0.0446778 
    1700    46.612297   -23.964518  0.024100449   -23.940418   -45.252656    992.60221    9.8583442    10.127241    9.9421454    0.0794064    0.2350018   -0.0446778 
    1710    100.24305   -23.991421  0.051829725   -23.939591    736.59632    992.60221    9.8583442    10.127241    9.9421454    0.0794064    0.2350018   -0.0446778 
    1720    21.677917   -23.943596  0.011208363   -23.932387    1272.9746    992.60221    9.8583442    10.127241    9.9421454    0.0794064    0.2350018   -0.0446778 
    1730    87.337178   -23.977538  0.045156865   -23.932381    1243.2125    992.60221    9.8583442    10.127241    9.9421454    0.0794064    0.2350018   -0.0446778 
    1740    85.055021   -23.975011  0.043976898   -23.931034    632.31818    992.60221    9.8583442    10.127241    9.9421454    0.0794064    0.2350018   -0.0446778 
    1750    75.165991   -23.963663  0.038863867   -23.924799   -270.33935    992.60221    9.8583442    10.127241    9.9421454    0.0794064    0.2350018   -0.0446778 
    1760    130.25756   -23.979291  0.067348446   -23.911942   -1141.1142    992.60221    9.8583442    10.127241    9.9421454    0.0794064    0.2350018   -0.0446778 
    1770    30.716025   -23.909289  0.015881431   -23.893408   -1625.4916    992.60221    9.8583442    10.127241    9.9421454    0.0794064    0.2350018   -0.0446778 
    1780     166.6147   -23.972195  0.086146561   -23.886049   -1417.0886    992.60221    9.8583442    10.127241    9.9421454    0.0794064    0.2350018   -0.0446778 
    1790    115.31134   -23.939175  0.059620641   -23.879554   -426.73657    992.60221    9.8583442    10.127241    9.9421454    0.0794064    0.2350018   -0.0446778 
    1800    171.81631    -23.96307  0.088836003   -23.874234    817.71439    992.60221    9.8583442    10.127241    9.9421454    0.0794064    0.2350018   -0.0446778 
    1810    167.83618   -23.950982  0.086778115   -23.864204    1651.1079    992.60221    9.8583442    10.127241    9.9421454    0.0794064    0.2350018   -0.0446778 
    1820    67.341487   -23.892458  0.034818281    -23.85764    1752.9101    992.60221    9.8583442    10.127241    9.9421454    0.0794064    0.2350018   -0.0446778 
    1830    225.96228   -23.985153   0.11683167   -23.868321    905.21038    992.60221    9.8583442    10.127241    9.9421454    0.0794064    0.2350018   -0.0446778 
    1840    89.335634   -23.912124  0.046190148   -23.865934   -392.19329    992.60221    9.8583442    10.127241    9.9421454    0.0794064    0.2350018   -0.0446778 
    1850    158.00399    -23.94629  0.081694473   -23.864595   -1387.1672    992.60221    9.8583442    10.127241    9.9421454    0.0794064    0.2350018   -0.0446778 
    1860     89.41253   -23.912579  0.046229906   -23.866349   -1643.5279    992.60221    9.8583442    10.127241    9.9421454    0.0794064    0.2350018   -0.0446778 
    1870    78.760512   -23.914346  0.040722381   -23.873623   -1181.1544    992.60221    9.8583442    10.127241    9.9421454    0.0794064    0.2350018   -0.0446778 
    1880    168.95978   -23.973809   0.08735906    -23.88645   -170.46721    992.60221    9.8583442    10.127241    9.9421454    0.0794064    0.2350018   -0.0446778 
    1890    45.351309   -23.908309  0.023448467   -23.884861    990.10058    992.60221    9.8583442    10.127241    9.9421454    0.0794064    0.2350018   -0.0446778 
    1900    128.20451   -23.952671  0.066286932   -23.886384    1594.0215    992.60221    9.8583442    10.127241    9.9421454    0.0794064    0.2350018   -0.0446778 
    1910    44.209405   -23.914742  0.022858056   -23.891884    1456.7037    992.60221    9.8583442    10.127241    9.9421454    0.0794064    0.2350018   -0.0446778 
    1920    99.947382   -23.955122  0.051676853   -23.903445    704.47357    992.60221    9.8583442    10.127241    9.9421454    0.0794064    0.2350018   -0.0446778 
    1930    119.72836   -23.973345  0.061904423   -23.911441   -342.87338    992.60221    9.8583442    10.127241    9.9421454    0.0794064    0.2350018   -0.0446778 
    1940    30.597417   -23.924255  0.015820106   -23.908435   -1150.6158    992.60221    9.8583442    10.127241    9.9421454    0.0794064    0.2350018   -0.0446778 
    1950    106.43181   -23.967656  0.055029563   -23.912627    -1394.935    992.60221    9.8583442    10.127241    9.9421454    0.0794064    0.2350018   -0.0446778 
    1960    24.508613   -23.928758  0.012671947   -23.916086   -1048.2802    992.60221    9.8583442    10.127241    9.9421454    0.0794064    0.2350018   -0.0446778 
    1970    114.51326   -23.983388  0.059208005    -23.92418   -287.19174    992.60221    9.8583442    10.127241    9.9421454    0.0794064    0.2350018   -0.0446778 
    1980    72.426781   -23.963138  0.037447585    -23.92569    650.99099    992.60221    9.8583442    10.127241    9.9421454    0.0794064    0.2350018   -0.0446778 
    1990    53.275148   -23.951056  0.027545413   -23.923511    1298.8824    992.60221    9.8583442    10.127241    9.9421454    0.0794064    0.2350018   -0.0446778 
    2000    94.126513   -23.976638  0.048667227    -23.92797    1303.5036    992.60221    9.8583442    10.127241    9.9421454    0.0794064    0.2350018   -0.0446778 
    2010    40.632648   -23.953676  0.021008728   -23.932668    798.70603    992.60221    9.8583442    10.127241    9.9421454    0.0794064    0.2350018   -0.0446778 
    2020    117.66437    -23.99989  0.060837252   -23.939052   -15.288368    992.60221    9.8583442    10.127241    9.9421454    0.0794064    0.2350018   -0.0446778 
    2030     54.34536   -23.965793  0.028098757   -23.937694   -836.78668    992.60221    9.8583442    10.127241    9.9421454    0.0794064    0.2350018   -0.0446778 
    2040    54.539329   -23.964352  0.028199046   -23.936153   -1275.6666    992.60221    9.8583442    10.127241    9.9421454    0.0794064    0.2350018   -0.0446778 
    2050    72.942787   -23.976351  0.037714381   -23.938636   -1148.8486    992.60221    9.8583442    10.127241    9.9421454    0.0794064    0.2350018   -0.0446778 
    2060    46.958669   -23.965202  0.024279537   -23.940923   -599.39267    992.60221    9.8583442    10.127241    9.9421454    0.0794064    0.2350018   -0.0446778 
    2070    119.95816   -24.005391  0.062023237   -23.943368    162.57947    992.60221    9.8583442    10.127241    9.9421454    0.0794064    0.2350018   -0.0446778 
    2080    41.115348   -23.958968  0.021258303    -23.93771    962.00424    992.60221    9.8583442    10.127241    9.9421454    0.0794064    0.2350018   -0.0446778 
    2090    92.185669   -23.980576  0.047663732   -23.932912    1363.2184    992.60221    9.8583442    10.127241    9.9421454    0.0794064    0.2350018   -0.0446778 
    2100    84.666388   -23.973653  0.043775958   -23.929877    1084.8384    992.60221    9.8583442    10.127241    9.9421454    0.0794064    0.2350018   -0.0446778 
    2110     81.35458   -23.968151  0.042063619   -23.926088    348.41206    992.60221    9.8583442    10.127241    9.9421454    0.0794064    0.2350018   -0.0446778 
    2120    151.34006   -23.996149  0.078248952     -23.9179   -573.68091    992.60221    9.8583442    10.127241    9.9421454    0.0794064    0.2350018   -0.0446778 
    2130    43.413237   -23.923675  0.022446405   -23.901228   -1412.6582    992.60221    9.8583442    10.127241    9.9421454    0.0794064    0.2350018   -0.0446778 
    2140    143.00014   -23.966266  0.073936877   -23.892329   -1697.9517    992.60221    9.8583442    10.127241    9.9421454    0.0794064    0.2350018   -0.0446778 
    2150    89.872173   -23.933408   0.04646756   -23.886941   -1107.5766    992.60221    9.8583442    10.127241    9.9421454    0.0794064    0.2350018   -0.0446778 
    2160    165.85148   -23.971884  0.085751945   -23.886132   -15.321659    992.60221    9.8583442    10.127241    9.9421454    0.0794064    0.2350018   -0.0446778 
    2170    173.57841   -23.965267   0.08974708    -23.87552    1054.8788    992.60221    9.8583442    10.127241    9.9421454    0.0794064    0.2350018   -0.0446778 
    2180    51.443527   -23.882752  0.026598391   -23.856154    1781.1559    992.60221    9.8583442    10.127241    9.9421454    0.0794064    0.2350018   -0.0446778 
    2190    182.45998   -23.951883  0.094339214   -23.857543    1509.1839    992.60221    9.8583442    10.127241    9.9421454    0.0794064    0.2350018   -0.0446778 
    2200    81.720608   -23.902083   0.04225287    -23.85983    383.76365    992.60221    9.8583442    10.127241    9.9421454    0.0794064    0.2350018   -0.0446778 
    2210    150.23562   -23.937562  0.077677912   -23.859884   -847.76908    992.60221    9.8583442    10.127241    9.9421454    0.0794064    0.2350018   -0.0446778 
    2220    91.838552     -23.9057  0.047484258   -23.858215   -1615.6489    992.60221    9.8583442    10.127241    9.9421454    0.0794064    0.2350018   -0.0446778 
    2230    58.610338   -23.892193  0.030303923   -23.861889   -1651.5151    992.60221    9.8583442    10.127241    9.9421454    0.0794064    0.2350018   -0.0446778 
    2240    175.69112   -23.969184  0.090839437   -23.878344   -901.90842    992.60221    9.8583442    10.127241    9.9421454    0.0794064    0.2350018   -0.0446778 
    2250    52.387387   -23.913202  0.027086405   -23.886116     258.6112    992.60221    9.8583442    10.127241    9.9421454    0.0794064    0.2350018   -0.0446778 
    2260     146.9449   -23.971971  0.075976479   -23.895994    1160.4289    992.60221    9.8583442    10.127241    9.9421454    0.0794064    0.2350018   -0.0446778 
    2270     37.52904   -23.921889  0.019404036   -23.902485    1501.7237    992.60221    9.8583442    10.127241    9.9421454    0.0794064    0.2350018   -0.0446778 
    2280    79.334425   -23.959178  0.041019117   -23.918158    1131.2623    992.60221    9.8583442    10.127241    9.9421454    0.0794064    0.2350018   -0.0446778 
    2290    101.52799    -23.98647  0.052494093   -23.933976    262.32676    992.60221    9.8583442    10.127241    9.9421454    0.0794064    0.2350018   -0.0446778 
    2300    49.764861   -23.962533  0.025730452   -23.936803   -578.84752    992.60221    9.8583442    10.127241    9.9421454    0.0794064    0.2350018   -0.0446778 
    2310    89.558563   -23.985483  0.046305412   -23.939177   -1123.7089    992.60221    9.8583442    10.127241    9.9421454    0.0794064    0.2350018   -0.0446778 
    2320    25.160485   -23.952035  0.013008992   -23.939026   -1241.6091    992.60221    9.8583442    10.127241    9.9421454    0.0794064    0.2350018   -0.0446778 
    2330    82.615957   -23.986081  0.042715802   -23.943365   -876.26977    992.60221    9.8583442    10.127241    9.9421454    0.0794064    0.2350018   -0.0446778 
    2340    80.910136   -23.986948  0.041833824   -23.945114   -111.65897    992.60221    9.8583442    10.127241    9.9421454    0.0794064    0.2350018   -0.0446778 
    2350    52.901714   -23.969872  0.027352333    -23.94252    689.93103    992.60221    9.8583442    10.127241    9.9421454    0.0794064    0.2350018   -0.0446778 
    2360    92.728854   -23.987275   0.04794458   -23.939331    1176.7616    992.60221    9.8583442    10.127241    9.9421454    0.0794064    0.2350018   -0.0446778 
    2370    27.184539   -23.948906   0.01405551   -23.934851    1221.8297    992.60221    9.8583442    10.127241    9.9421454    0.0794064    0.2350018   -0.0446778 
    2380    113.56865   -23.996927    0.0587196   -23.938207    710.20673    992.60221    9.8583442    10.127241    9.9421454    0.0794064    0.2350018   -0.0446778 
    2390    77.046035   -23.974536  0.039835927     -23.9347   -186.58545    992.60221    9.8583442    10.127241    9.9421454    0.0794064    0.2350018   -0.0446778 
    2400    79.660711   -23.968562   0.04118782   -23.927374   -995.28306    992.60221    9.8583442    10.127241    9.9421454    0.0794064    0.2350018   -0.0446778 
    2410    98.362216   -23.972172  0.050857257   -23.921315   -1383.7389    992.60221    9.8583442    10.127241    9.9421454    0.0794064    0.2350018   -0.0446778 
    2420    38.813783   -23.936694  0.020068301   -23.916625   -1253.4466    992.60221    9.8583442    10.127241    9.9421454    0.0794064    0.2350018   -0.0446778 
    2430    149.85687   -23.996285  0.077482086   -23.918803   -589.81151    992.60221    9.8583442    10.127241    9.9421454    0.0794064    0.2350018   -0.0446778 
    2440    66.987421   -23.946946  0.034635215   -23.912311    461.17115    992.60221    9.8583442    10.127241    9.9421454    0.0794064    0.2350018   -0.0446778 
    2450    123.78963   -23.968901  0.064004261   -23.904896    1329.6498    992.60221    9.8583442    10.127241    9.9421454    0.0794064    0.2350018   -0.0446778 
    2460    93.698728   -23.943639  0.048446045   -23.895193    1564.5516    992.60221    9.8583442    10.127241    9.9421454    0.0794064    0.2350018   -0.0446778 
    2470    78.825821   -23.933382  0.040756148   -23.892626    1122.2629    992.60221    9.8583442    10.127241    9.9421454    0.0794064    0.2350018   -0.0446778 
    2480    176.92914    -23.98638  0.091479547   -23.894901    108.37768    992.60221    9.8583442    10.127241    9.9421454    0.0794064    0.2350018   -0.0446778 
    2490    50.404868   -23.909136  0.026061362   -23.883074   -958.47618    992.60221    9.8583442    10.127241    9.9421454    0.0794064    0.2350018   -0.0446778 
    2500    126.32361   -23.942589  0.065314434   -23.877275   -1544.3784    992.60221    9.8583442    10.127241    9.9421454    0.0794064    0.2350018   -0.0446778 
    2510    71.800924    -23.91144  0.037123992   -23.874316   -1397.4666    992.60221    9.8583442    10.127241    9.9421454    0.0794064    0.2350018   -0.0446778 
    2520    107.03336   -23.934298  0.055340589   -23.878958   -575.60371    992.60221    9.8583442    10.127241    9.9421454    0.0794064    0.2350018   -0.0446778 
    2530    161.09284   -23.963208  0.083291535   -23.879916    626.21122    992.60221    9.8583442    10.127241    9.9421454    0.0794064    0.2350018   -0.0446778 
    2540    37.447968   -23.889617  0.019362119   -23.870255     1574.598    992.60221    9.8583442    10.127241    9.9421454    0.0794064    0.2350018   -0.0446778 
    2550    162.42396   -23.958866  0.083979781   -23.874886    1712.3346    992.60221    9.8583442    10.127241    9.9421454    0.0794064    0.2350018   -0.0446778 
    2560    57.520124   -23.911338  0.029740238   -23.881598    1124.3595    992.60221    9.8583442    10.127241    9.9421454    0.0794064    0.2350018   -0.0446778 
    2570    159.30759   -23.977005  0.082368487   -23.894636    11.707282    992.60221    9.8583442    10.127241    9.9421454    0.0794064    0.2350018   -0.0446778 
    2580    102.35861    -23.95329  0.052923555   -23.900366   -1045.1022    992.60221    9.8583442    10.127241    9.9421454    0.0794064    0.2350018   -0.0446778 
    2590     46.56389   -23.931331   0.02407542   -23.907255   -1466.6951    992.60221    9.8583442    10.127241    9.9421454    0.0794064    0.2350018   -0.0446778 
    2600    97.846396   -23.975002  0.050590557   -23.924411   -1213.3252    992.60221    9.8583442    10.127241    9.9421454    0.0794064    0.2350018   -0.0446778 
    2610    46.280407   -23.960479  0.023928849    -23.93655   -555.90923    992.60221    9.8583442    10.127241    9.9421454    0.0794064    0.2350018   -0.0446778 
    2620    103.45327    -23.99953  0.053489541   -23.946041    243.56602    992.60221    9.8583442    10.127241    9.9421454    0.0794064    0.2350018   -0.0446778 
    2630    54.123497   -23.975497  0.027984044   -23.947513    954.57955    992.60221    9.8583442    10.127241    9.9421454    0.0794064    0.2350018   -0.0446778 
    2640    44.517987    -23.97087  0.023017606   -23.947853    1202.6449    992.60221    9.8583442    10.127241    9.9421454    0.0794064    0.2350018   -0.0446778 
    2650    76.826989   -23.991809  0.039722671   -23.952086    913.37368    992.60221    9.8583442    10.127241    9.9421454    0.0794064    0.2350018   -0.0446778 
    2660     39.99456   -23.973626  0.020678811   -23.952947    304.01155    992.60221    9.8583442    10.127241    9.9421454    0.0794064    0.2350018   -0.0446778 
    2670    98.942172   -24.004265  0.051157118   -23.953108   -436.87089    992.60221    9.8583442    10.127241    9.9421454    0.0794064    0.2350018   -0.0446778 
    2680    33.316265   -23.963123  0.017225861   -23.945897     -1054.63    992.60221    9.8583442    10.127241    9.9421454    0.0794064    0.2350018   -0.0446778 
    2690    66.616155   -23.976246  0.034443255   -23.941803   -1263.3883    992.60221    9.8583442    10.127241    9.9421454    0.0794064    0.2350018   -0.0446778 
    2700    77.831253    -23.97882  0.040241916   -23.938578   -933.54078    992.60221    9.8583442    10.127241    9.9421454    0.0794064    0.2350018   -0.0446778 
    2710    66.969157   -23.969523  0.034625772   -23.934897   -213.96074    992.60221    9.8583442    10.127241    9.9421454    0.0794064    0.2350018   -0.0446778 
    2720    135.77971   -23.998331   0.07020362   -23.928127    649.82328    992.60221    9.8583442    10.127241    9.9421454    0.0794064    0.2350018   -0.0446778 
    2730    37.376298   -23.931114  0.019325063   -23.911789    1400.2542    992.60221    9.8583442    10.127241    9.9421454    0.0794064    0.2350018   -0.0446778 
    2740    132.54924   -23.973774  0.068533336    -23.90524    1493.8164    992.60221    9.8583442    10.127241    9.9421454    0.0794064    0.2350018   -0.0446778 
    2750     102.4398    -23.95299  0.052965532   -23.900025    796.99599    992.60221    9.8583442    10.127241    9.9421454    0.0794064    0.2350018   -0.0446778 
    2760    112.58292    -23.95352  0.058209941    -23.89531   -259.45563    992.60221    9.8583442    10.127241    9.9421454    0.0794064    0.2350018   -0.0446778 
    2770    141.97366   -23.960798  0.073406145   -23.887392   -1225.5878    992.60221    9.8583442    10.127241    9.9421454    0.0794064    0.2350018   -0.0446778 
    2780    38.213243   -23.897667  0.019757797   -23.877909   -1689.1546    992.60221    9.8583442    10.127241    9.9421454    0.0794064    0.2350018   -0.0446778 
    2790     161.6676   -23.965631  0.083588711   -23.882043   -1391.0151    992.60221    9.8583442    10.127241    9.9421454    0.0794064    0.2350018   -0.0446778 
    2800    87.194869   -23.928909  0.045083286   -23.883826   -399.94302    992.60221    9.8583442    10.127241    9.9421454    0.0794064    0.2350018   -0.0446778 
    2810    132.46386   -23.950777  0.068489193   -23.882288    756.22418    992.60221    9.8583442    10.127241    9.9421454    0.0794064    0.2350018   -0.0446778 
    2820    99.335613   -23.925711  0.051360543    -23.87435    1564.5907    992.60221    9.8583442    10.127241    9.9421454    0.0794064    0.2350018   -0.0446778 
    2830    41.147582   -23.893877   0.02127497   -23.872602    1634.1247    992.60221    9.8583442    10.127241    9.9421454    0.0794064    0.2350018   -0.0446778 
    2840    170.12334   -23.974202  0.087960669   -23.886241    847.83498    992.60221    9.8583442    10.127241    9.9421454    0.0794064    0.2350018   -0.0446778 
    2850    58.745333   -23.918957  0.030373721   -23.888583   -253.26257    992.60221    9.8583442    10.127241    9.9421454    0.0794064    0.2350018   -0.0446778 
    2860    136.88213   -23.960667  0.070773617   -23.889893   -1182.5741    992.60221    9.8583442    10.127241    9.9421454    0.0794064    0.2350018   -0.0446778 
    2870    59.025982   -23.919855  0.030518828   -23.889337   -1558.2753    992.60221    9.8583442    10.127241    9.9421454    0.0794064    0.2350018   -0.0446778 
    2880    69.324543   -23.932385  0.035843602   -23.896541   -1227.6209    992.60221    9.8583442    10.127241    9.9421454    0.0794064    0.2350018   -0.0446778 
    2890    130.67955   -23.976751  0.067566629   -23.909184   -335.07595    992.60221    9.8583442    10.127241    9.9421454    0.0794064    0.2350018   -0.0446778 
    2900    55.645731   -23.942448  0.028771101   -23.913677    650.55039    992.60221    9.8583442    10.127241    9.9421454    0.0794064    0.2350018   -0.0446778 
    2910    112.71558   -23.979252   0.05827853   -23.920973    1253.2504    992.60221    9.8583442    10.127241    9.9421454    0.0794064    0.2350018   -0.0446778 
    2920    38.632053   -23.949875  0.019974339   -23.929901     1298.908    992.60221    9.8583442    10.127241    9.9421454    0.0794064    0.2350018   -0.0446778 
    2930    78.624275   -23.983646  0.040651941   -23.942994    760.05914    992.60221    9.8583442    10.127241    9.9421454    0.0794064    0.2350018   -0.0446778 
    2940    83.083804   -23.996101  0.042957698   -23.953143   -42.513128    992.60221    9.8583442    10.127241    9.9421454    0.0794064    0.2350018   -0.0446778 
    2950    35.654222   -23.973038   0.01843468   -23.954603   -718.72371    992.60221    9.8583442    10.127241    9.9421454    0.0794064    0.2350018   -0.0446778 
    2960    70.396371   -23.993568   0.03639778    -23.95717   -1069.6716    992.60221    9.8583442    10.127241    9.9421454    0.0794064    0.2350018   -0.0446778 
    2970    18.415582   -23.967033 0.0095216031   -23.957511   -1028.5746    992.60221    9.8583442    10.127241    9.9421454    0.0794064    0.2350018   -0.0446778 
    2980    70.272372   -23.997753  0.036333668   -23.961419   -607.83974    992.60221    9.8583442    10.127241    9.9421454    0.0794064    0.2350018   -0.0446778 
    2990    52.800463   -23.988992  0.027299982   -23.961692     78.06526    992.60221    9.8583442    10.127241    9.9421454    0.0794064    0.2350018   -0.0446778 
    3000    48.949011   -23.984053  0.025308625   -23.958744    740.17312    992.60221    9.8583442    10.127241    9.9421454    0.0794064    0.2350018   -0.0446778 
Loop time of 35.4936 on 1 procs for 3000 steps with 5 atoms

Performance: 14.605 ns/day, 1.643 hours/ns, 84.522 timesteps/s
243.2% CPU use with 1 MPI tasks x no OpenMP threads

MPI task timing breakdown:
Section |  min time  |  avg time  |  max time  |%varavg| %total
---------------------------------------------------------------
Pair    | 35.095     | 35.095     | 35.095     |   0.0 | 98.88
Neigh   | 0.00030947 | 0.00030947 | 0.00030947 |   0.0 |  0.00
Comm    | 0.0099068  | 0.0099068  | 0.0099068  |   0.0 |  0.03
Output  | 0.36305    | 0.36305    | 0.36305    |   0.0 |  1.02
Modify  | 0.018508   | 0.018508   | 0.018508   |   0.0 |  0.05
Other   |            | 0.006329   |            |       |  0.02

Nlocal:    5 ave 5 max 5 min
Histogram: 1 0 0 0 0 0 0 0 0 0
Nghost:    121 ave 121 max 121 min
Histogram: 1 0 0 0 0 0 0 0 0 0
Neighs:    0 ave 0 max 0 min
Histogram: 1 0 0 0 0 0 0 0 0 0

Total # of neighbors = 0
Ave neighs/atom = 0
Neighbor list builds = 29
Dangerous builds = 0
Total wall time: 0:00:37
