#       step         max_devi_e         min_devi_e         avg_devi_e         max_devi_f         min_devi_f         avg_devi_f
           0       6.746394e-01       1.618684e-01       2.700752e-01       3.315487e-03       1.908538e-03       2.725351e-03
          10       6.515527e-01       1.559855e-01       2.610192e-01       8.083621e-03       3.409779e-03       5.168384e-03
          20       6.366530e-01       1.550961e-01       2.548491e-01       3.063709e-03       1.174596e-03       2.079450e-03
          30       6.327829e-01       1.525454e-01       2.534339e-01       5.375898e-03       3.782757e-03       4.310279e-03
          40       6.422656e-01       1.534090e-01       2.571696e-01       3.144632e-03       1.748792e-03       2.415195e-03
          50       6.678808e-01       1.629798e-01       2.672495e-01       5.397620e-03       3.428938e-03       4.682771e-03
          60       6.935981e-01       1.593205e-01       2.780853e-01       4.107082e-03       2.616728e-03       3.220090e-03
          70       7.087103e-01       1.625735e-01       2.843359e-01       9.094376e-03       2.823450e-03       7.310569e-03
          80       7.088361e-01       1.677975e-01       2.837882e-01       1.080268e-02       2.392405e-03       5.784987e-03
          90       6.929468e-01       1.513353e-01       2.782135e-01       1.664167e-02       6.093015e-03       9.288473e-03
         100       6.607194e-01       1.374308e-01       2.673699e-01       7.899912e-03       3.180674e-03       5.794918e-03
         110       6.277757e-01       1.295509e-01       2.541329e-01       1.446229e-02       6.781014e-03       1.071137e-02
         120       6.218704e-01       1.262098e-01       2.542640e-01       1.352376e-02       7.350896e-03       1.111443e-02
         130       6.414013e-01       1.284976e-01       2.637202e-01       1.807744e-02       4.863313e-03       9.333301e-03
         140       6.699724e-01       1.354766e-01       2.720304e-01       8.333027e-03       3.663406e-03       5.606094e-03
         150       6.996467e-01       1.395826e-01       2.829682e-01       1.822032e-02       3.177300e-03       1.060985e-02
         160       7.139529e-01       1.421534e-01       2.894700e-01       1.007287e-02       5.917125e-03       7.973174e-03
         170       7.072268e-01       1.436302e-01       2.868251e-01       1.137009e-02       4.474705e-03       9.258514e-03
         180       6.782375e-01       1.394295e-01       2.740987e-01       9.744218e-03       2.584105e-03       7.797052e-03
         190       6.497849e-01       1.348613e-01       2.625704e-01       1.008881e-02       4.393643e-03       5.778390e-03
         200       6.308291e-01       1.367281e-01       2.553163e-01       1.532671e-02       5.176992e-03       8.484617e-03
         210       6.264927e-01       1.382045e-01       2.530206e-01       5.084185e-03       2.214162e-03       3.310915e-03
         220       6.456989e-01       1.471921e-01       2.592917e-01       1.644495e-02       6.873972e-03       9.852817e-03
         230       6.734856e-01       1.446757e-01       2.706196e-01       5.204384e-03       2.296193e-03       3.713898e-03
         240       6.978314e-01       1.465691e-01       2.808403e-01       1.222939e-02       4.183936e-03       8.342619e-03
         250       7.071184e-01       1.554953e-01       2.835927e-01       1.020110e-02       3.558087e-03       5.873285e-03
         260       7.019039e-01       1.543222e-01       2.814121e-01       8.176757e-03       2.662965e-03       5.839483e-03
         270       6.834540e-01       1.440113e-01       2.751720e-01       6.134839e-03       2.303858e-03       4.270961e-03
         280       6.536358e-01       1.406370e-01       2.627909e-01       5.977645e-03       4.158197e-03       4.937083e-03
         290       6.344628e-01       1.402119e-01       2.545050e-01       9.161385e-03       4.158476e-03       6.227277e-03
         300       6.297663e-01       1.351426e-01       2.538651e-01       1.103533e-02       4.191183e-03       6.207767e-03
         310       6.396345e-01       1.377721e-01       2.578361e-01       5.878950e-03       2.980257e-03       4.107137e-03
         320       6.612170e-01       1.470658e-01       2.652710e-01       8.397362e-03       2.926307e-03       6.138250e-03
         330       6.853018e-01       1.491868e-01       2.756023e-01       4.224050e-03       2.309484e-03       3.450056e-03
         340       7.027800e-01       1.493317e-01       2.834848e-01       1.982538e-02       5.046513e-03       9.210634e-03
         350       7.001406e-01       1.525608e-01       2.813248e-01       1.039996e-02       1.456427e-03       5.952258e-03
         360       6.861266e-01       1.505402e-01       2.755949e-01       9.130174e-03       2.295197e-03       5.985327e-03
         370       6.650248e-01       1.416604e-01       2.690380e-01       1.088723e-02       3.078747e-03       5.876122e-03
         380       6.376884e-01       1.375140e-01       2.577985e-01       1.245750e-02       4.534631e-03       6.455483e-03
         390       6.234507e-01       1.386646e-01       2.508705e-01       1.139243e-02       8.535585e-03       9.940075e-03
         400       6.302719e-01       1.368161e-01       2.556691e-01       8.391141e-03       3.648103e-03       5.520500e-03
         410       6.551950e-01       1.387034e-01       2.657448e-01       6.832231e-03       5.199957e-03       5.899565e-03
         420       6.851032e-01       1.492884e-01       2.752198e-01       1.803519e-02       6.304048e-03       1.080074e-02
         430       7.080428e-01       1.495221e-01       2.852413e-01       9.787083e-03       2.088153e-03       5.720417e-03
         440       7.182027e-01       1.447869e-01       2.911966e-01       2.583478e-02       5.961371e-03       1.464702e-02
         450       6.952756e-01       1.462890e-01       2.798175e-01       8.881146e-03       1.739291e-03       5.647871e-03
         460       6.639138e-01       1.456240e-01       2.663406e-01       1.280093e-02       4.695128e-03       8.726825e-03
         470       6.358868e-01       1.332382e-01       2.570775e-01       1.301027e-02       5.570699e-03       7.733529e-03
         480       6.234121e-01       1.334753e-01       2.510411e-01       6.298942e-03       3.479543e-03       5.258897e-03
         490       6.348873e-01       1.430088e-01       2.548435e-01       1.735460e-02       7.822291e-03       1.127100e-02
         500       6.594727e-01       1.422160e-01       2.657214e-01       1.025136e-02       4.699326e-03       7.070794e-03
         510       6.869443e-01       1.500407e-01       2.763616e-01       9.230942e-03       4.847183e-03       6.133902e-03
         520       7.012396e-01       1.640444e-01       2.814160e-01       9.006893e-03       5.102427e-03       6.764286e-03
         530       6.989221e-01       1.578532e-01       2.808327e-01       6.986334e-03       3.315105e-03       4.540636e-03
         540       6.882160e-01       1.496152e-01       2.771318e-01       1.147119e-02       4.108233e-03       7.173253e-03
         550       6.643691e-01       1.530847e-01       2.669331e-01       4.695123e-03       2.410224e-03       3.736043e-03
         560       6.437141e-01       1.464443e-01       2.588768e-01       8.357333e-03       3.537094e-03       4.965800e-03
         570       6.328255e-01       1.420124e-01       2.553504e-01       6.914397e-03       4.121039e-03       4.868534e-03
         580       6.358409e-01       1.402464e-01       2.562309e-01       6.847945e-03       2.693415e-03       3.834341e-03
         590       6.523882e-01       1.423346e-01       2.626311e-01       1.414980e-02       4.476573e-03       7.156174e-03
         600       6.727529e-01       1.464914e-01       2.710263e-01       4.549461e-03       2.791843e-03       3.466377e-03
         610       6.943232e-01       1.490006e-01       2.797428e-01       7.902235e-03       2.994887e-03       6.166210e-03
         620       7.005658e-01       1.516239e-01       2.817342e-01       8.259502e-03       1.816048e-03       4.821466e-03
         630       6.931703e-01       1.502331e-01       2.789527e-01       1.102864e-02       4.131315e-03       7.138641e-03
         640       6.751967e-01       1.434101e-01       2.724855e-01       8.507795e-03       3.134593e-03       5.975233e-03
         650       6.491301e-01       1.377940e-01       2.617136e-01       5.107661e-03       3.938823e-03       4.443936e-03
         660       6.312443e-01       1.359501e-01       2.543723e-01       1.271918e-02       4.681166e-03       7.740121e-03
         670       6.276972e-01       1.322668e-01       2.536600e-01       7.002224e-03       4.677121e-03       5.681983e-03
         680       6.444483e-01       1.342164e-01       2.603617e-01       8.964037e-03       3.894758e-03       5.465916e-03
         690       6.703757e-01       1.433594e-01       2.698420e-01       1.168985e-02       4.738136e-03       7.243440e-03
         700       6.932151e-01       1.466450e-01       2.787935e-01       4.049689e-03       2.381663e-03       3.457568e-03
         710       7.105058e-01       1.454352e-01       2.863858e-01       1.526901e-02       5.173949e-03       1.008656e-02
         720       7.026430e-01       1.475318e-01       2.828097e-01       7.234652e-03       3.048866e-03       4.316648e-03
         730       6.833776e-01       1.480361e-01       2.747863e-01       1.156039e-02       4.936077e-03       7.453754e-03
         740       6.556987e-01       1.388528e-01       2.640077e-01       1.392550e-02       3.996231e-03       6.679590e-03
         750       6.329944e-01       1.369235e-01       2.551523e-01       9.449097e-03       4.230883e-03       5.777720e-03
         760       6.275388e-01       1.421220e-01       2.524158e-01       1.352084e-02       5.380261e-03       9.699810e-03
         770       6.401649e-01       1.444443e-01       2.576270e-01       5.526211e-03       3.015606e-03       3.842427e-03
         780       6.691167e-01       1.447129e-01       2.697809e-01       1.833979e-02       5.868152e-03       8.759144e-03
         790       6.918350e-01       1.514513e-01       2.780704e-01       5.542683e-03       3.763637e-03       4.522011e-03
         800       7.064315e-01       1.572625e-01       2.837159e-01       7.808267e-03       4.674526e-03       6.604893e-03
         810       7.072088e-01       1.506253e-01       2.850219e-01       1.730399e-02       1.400051e-03       8.520587e-03
         820       6.856362e-01       1.445867e-01       2.763045e-01       8.726216e-03       3.670401e-03       5.824309e-03
         830       6.589619e-01       1.402070e-01       2.651637e-01       7.152417e-03       4.483287e-03       6.346668e-03
         840       6.360959e-01       1.322643e-01       2.576497e-01       1.135496e-02       4.111735e-03       7.051065e-03
         850       6.288445e-01       1.287162e-01       2.560202e-01       1.276371e-02       3.211189e-03       6.212085e-03
         860       6.372333e-01       1.316575e-01       2.573919e-01       1.590507e-02       6.389126e-03       1.019553e-02
         870       6.582123e-01       1.344916e-01       2.660029e-01       4.549331e-03       2.267349e-03       3.592604e-03
         880       6.888502e-01       1.382747e-01       2.792300e-01       1.527664e-02       5.626650e-03       1.074633e-02
         890       7.023931e-01       1.451884e-01       2.828453e-01       6.557714e-03       2.235892e-03       4.471659e-03
         900       7.028516e-01       1.472324e-01       2.825384e-01       1.371930e-02       3.363849e-03       9.040145e-03
         910       6.894162e-01       1.395024e-01       2.787257e-01       7.266945e-03       2.587298e-03       5.002581e-03
         920       6.658252e-01       1.367681e-01       2.689202e-01       8.949111e-03       4.127336e-03       6.476348e-03
         930       6.417652e-01       1.392251e-01       2.576286e-01       1.236368e-02       5.664003e-03       8.325324e-03
         940       6.279600e-01       1.338169e-01       2.528825e-01       5.934446e-03       3.365256e-03       4.243240e-03
         950       6.395681e-01       1.366026e-01       2.576636e-01       9.241668e-03       2.485924e-03       5.072712e-03
         960       6.594226e-01       1.555268e-01       2.642494e-01       1.020342e-02       4.606829e-03       6.653364e-03
         970       6.813354e-01       1.609501e-01       2.729666e-01       4.624235e-03       2.177773e-03       3.205841e-03
         980       7.033532e-01       1.593102e-01       2.820612e-01       1.382371e-02       4.254270e-03       8.896474e-03
         990       7.075658e-01       1.664493e-01       2.835032e-01       4.605599e-03       1.994560e-03       3.172580e-03
        1000       6.959767e-01       1.549629e-01       2.792005e-01       1.446614e-02       4.510630e-03       9.021327e-03
        1010       6.689909e-01       1.513476e-01       2.683767e-01       3.988723e-03       1.948353e-03       2.796841e-03
        1020       6.472297e-01       1.429826e-01       2.600517e-01       9.461108e-03       2.813647e-03       5.525997e-03
        1030       6.327199e-01       1.309669e-01       2.561177e-01       1.508773e-02       4.384347e-03       7.907311e-03
        1040       6.310695e-01       1.301070e-01       2.555424e-01       8.314541e-03       3.911023e-03       5.245742e-03
        1050       6.526537e-01       1.340463e-01       2.635206e-01       1.042095e-02       4.235282e-03       6.750028e-03
        1060       6.795524e-01       1.358767e-01       2.753582e-01       1.175962e-02       3.482177e-03       5.866278e-03
        1070       7.017006e-01       1.388324e-01       2.843090e-01       1.557202e-02       3.416791e-03       8.688952e-03
        1080       7.083592e-01       1.416296e-01       2.861365e-01       1.466482e-02       4.019051e-03       8.643372e-03
        1090       6.973731e-01       1.391133e-01       2.821026e-01       8.214689e-03       5.191225e-03       6.600733e-03
        1100       6.752254e-01       1.339552e-01       2.743487e-01       1.452169e-02       4.032475e-03       8.694587e-03
        1110       6.439637e-01       1.305412e-01       2.613257e-01       6.302628e-03       3.752797e-03       4.586500e-03
        1120       6.292410e-01       1.279946e-01       2.558583e-01       9.855435e-03       4.730280e-03       7.304725e-03
        1130       6.313626e-01       1.303826e-01       2.559174e-01       7.140594e-03       4.463182e-03       5.725096e-03
        1140       6.510303e-01       1.407209e-01       2.620674e-01       3.740211e-03       2.042827e-03       2.645613e-03
        1150       6.808634e-01       1.529111e-01       2.734952e-01       1.565609e-02       4.893833e-03       8.528257e-03
        1160       7.016891e-01       1.606791e-01       2.815103e-01       3.224324e-03       1.178978e-03       2.025038e-03
        1170       7.101443e-01       1.657615e-01       2.847378e-01       1.532388e-02       1.992945e-03       9.723995e-03
        1180       6.975355e-01       1.602581e-01       2.795367e-01       4.995621e-03       2.100316e-03       3.143065e-03
        1190       6.768708e-01       1.520921e-01       2.715491e-01       1.303722e-02       3.926692e-03       6.658632e-03
        1200       6.517895e-01       1.494563e-01       2.614725e-01       6.055135e-03       2.099876e-03       3.691002e-03
        1210       6.334583e-01       1.451680e-01       2.539908e-01       4.924868e-03       2.163895e-03       4.266183e-03
        1220       6.338243e-01       1.406068e-01       2.544472e-01       7.344595e-03       2.271001e-03       4.522561e-03
        1230       6.459903e-01       1.434248e-01       2.595202e-01       3.794676e-03       2.788913e-03       3.504169e-03
        1240       6.651994e-01       1.497800e-01       2.670550e-01       5.183703e-03       1.486272e-03       3.485184e-03
        1250       6.847909e-01       1.512990e-01       2.746735e-01       7.717967e-03       3.003564e-03       5.587865e-03
        1260       6.962652e-01       1.518767e-01       2.795983e-01       3.567330e-03       2.083134e-03       2.909883e-03
        1270       6.960238e-01       1.539371e-01       2.798337e-01       7.056335e-03       4.122779e-03       5.607867e-03
        1280       6.802399e-01       1.516606e-01       2.729211e-01       3.667279e-03       1.646995e-03       2.854103e-03
        1290       6.627870e-01       1.451349e-01       2.661164e-01       7.251701e-03       2.858092e-03       4.357204e-03
        1300       6.442165e-01       1.398685e-01       2.597940e-01       9.554640e-03       3.648124e-03       5.337755e-03
        1310       6.308345e-01       1.378282e-01       2.545866e-01       3.913722e-03       1.972776e-03       2.919099e-03
        1320       6.336453e-01       1.361282e-01       2.550855e-01       1.363860e-02       5.685244e-03       9.293617e-03
        1330       6.528856e-01       1.388224e-01       2.640429e-01       5.288157e-03       2.545611e-03       3.884918e-03
        1340       6.815696e-01       1.430006e-01       2.768438e-01       2.256277e-02       8.158147e-03       1.215887e-02
        1350       6.989064e-01       1.465050e-01       2.822855e-01       1.251128e-02       4.754024e-03       7.122167e-03
        1360       7.060852e-01       1.460459e-01       2.854742e-01       1.599471e-02       5.105701e-03       1.080657e-02
        1370       6.949990e-01       1.438306e-01       2.827167e-01       1.792274e-02       2.907890e-03       8.189240e-03
        1380       6.621974e-01       1.391527e-01       2.685957e-01       1.070970e-02       7.666726e-03       8.993671e-03
        1390       6.321707e-01       1.345810e-01       2.556632e-01       9.293078e-03       5.739607e-03       7.379606e-03
        1400       6.215402e-01       1.343974e-01       2.525523e-01       1.054503e-02       5.867245e-03       7.896348e-03
        1410       6.318522e-01       1.386771e-01       2.549401e-01       5.257526e-03       2.248720e-03       3.255133e-03
        1420       6.564500e-01       1.452724e-01       2.633774e-01       1.252501e-02       4.951425e-03       9.471315e-03
        1430       6.852348e-01       1.481727e-01       2.754778e-01       4.384244e-03       1.986941e-03       2.857183e-03
        1440       7.093622e-01       1.538398e-01       2.850063e-01       1.599542e-02       6.632622e-03       8.928966e-03
        1450       7.099220e-01       1.587273e-01       2.845153e-01       9.532266e-03       3.745113e-03       5.954006e-03
        1460       6.917926e-01       1.541242e-01       2.774271e-01       6.751697e-03       3.348003e-03       5.659515e-03
        1470       6.692286e-01       1.490392e-01       2.684505e-01       8.334825e-03       3.101924e-03       4.582941e-03
        1480       6.459946e-01       1.477959e-01       2.589103e-01       3.944097e-03       2.482918e-03       3.170872e-03
        1490       6.330630e-01       1.419462e-01       2.547881e-01       6.532038e-03       2.721411e-03       4.654611e-03
        1500       6.332275e-01       1.443468e-01       2.542451e-01       4.987444e-03       2.465914e-03       3.767787e-03
        1510       6.517825e-01       1.489656e-01       2.613967e-01       5.953726e-03       3.660804e-03       4.267053e-03
        1520       6.754731e-01       1.461340e-01       2.721072e-01       5.083402e-03       2.964692e-03       3.867103e-03
        1530       6.914620e-01       1.504914e-01       2.781617e-01       3.942193e-03       3.295719e-03       3.570484e-03
        1540       6.998691e-01       1.572147e-01       2.807151e-01       1.346014e-02       2.667608e-03       7.039236e-03
        1550       6.945326e-01       1.510123e-01       2.794092e-01       7.343008e-03       3.903418e-03       5.368705e-03
        1560       6.770561e-01       1.435664e-01       2.734890e-01       5.722046e-03       2.717205e-03       4.290832e-03
        1570       6.506076e-01       1.384954e-01       2.620854e-01       7.321205e-03       3.158864e-03       4.935756e-03
        1580       6.304210e-01       1.306650e-01       2.553542e-01       6.583674e-03       3.474450e-03       5.080707e-03
        1590       6.267970e-01       1.273185e-01       2.576769e-01       2.166164e-02       5.613474e-03       1.058836e-02
        1600       6.406466e-01       1.300216e-01       2.605952e-01       8.384350e-03       3.870813e-03       6.134125e-03
        1610       6.736113e-01       1.340863e-01       2.728749e-01       1.740405e-02       6.087388e-03       1.064560e-02
        1620       7.122506e-01       1.402771e-01       2.899671e-01       2.916637e-02       5.454317e-03       1.394170e-02
        1630       7.229854e-01       1.478257e-01       2.925597e-01       2.261032e-02       3.777907e-03       1.225667e-02
        1640       7.076540e-01       1.487585e-01       2.846288e-01       2.355390e-02       9.750989e-03       1.402035e-02
        1650       6.711340e-01       1.429006e-01       2.698992e-01       5.532700e-03       3.194923e-03       4.181677e-03
        1660       6.437857e-01       1.429293e-01       2.586674e-01       1.205611e-02       4.409508e-03       7.049898e-03
        1670       6.260814e-01       1.460727e-01       2.511164e-01       9.936619e-03       4.285513e-03       6.541447e-03
        1680       6.308458e-01       1.416936e-01       2.533593e-01       6.781810e-03       3.787903e-03       4.796355e-03
        1690       6.548799e-01       1.523489e-01       2.622108e-01       1.489893e-02       5.573354e-03       7.696196e-03
        1700       6.815159e-01       1.522232e-01       2.732074e-01       3.827752e-03       2.210668e-03       3.239218e-03
        1710       7.028325e-01       1.514895e-01       2.823060e-01       1.137063e-02       5.271930e-03       8.895461e-03
        1720       7.057106e-01       1.571638e-01       2.828858e-01       7.081927e-03       1.972096e-03       4.334781e-03
        1730       6.959968e-01       1.558846e-01       2.791368e-01       9.901068e-03       2.780754e-03       6.097072e-03
        1740       6.736833e-01       1.439644e-01       2.708144e-01       1.167154e-02       2.805623e-03       5.649548e-03
        1750       6.488763e-01       1.383523e-01       2.609963e-01       5.309544e-03       3.341549e-03       4.177624e-03
        1760       6.334055e-01       1.345830e-01       2.552476e-01       1.031989e-02       3.699324e-03       6.726812e-03
        1770       6.316965e-01       1.313762e-01       2.554892e-01       7.992178e-03       3.752029e-03       4.955600e-03
        1780       6.469071e-01       1.335092e-01       2.612085e-01       1.363644e-02       3.496327e-03       6.370524e-03
        1790       6.702638e-01       1.402221e-01       2.701594e-01       6.932571e-03       2.829371e-03       4.525837e-03
        1800       6.917288e-01       1.410712e-01       2.794641e-01       1.291787e-02       3.500252e-03       6.404762e-03
        1810       7.053012e-01       1.418021e-01       2.848931e-01       1.347404e-02       4.272755e-03       7.910063e-03
        1820       6.999513e-01       1.430517e-01       2.821572e-01       8.812577e-03       4.385953e-03       6.014510e-03
        1830       6.828663e-01       1.386755e-01       2.764689e-01       8.621871e-03       4.218865e-03       6.091741e-03
        1840       6.532446e-01       1.316141e-01       2.655626e-01       1.135521e-02       5.881390e-03       7.468109e-03
        1850       6.287034e-01       1.278882e-01       2.554591e-01       8.927252e-03       4.541306e-03       6.737352e-03
        1860       6.233048e-01       1.280309e-01       2.545424e-01       2.515665e-02       9.706934e-03       1.478844e-02
        1870       6.395460e-01       1.347737e-01       2.593816e-01       4.287904e-03       2.652227e-03       3.372310e-03
        1880       6.778331e-01       1.522807e-01       2.719000e-01       1.778486e-02       6.596292e-03       1.420292e-02
        1890       7.096294e-01       1.479888e-01       2.859278e-01       7.012710e-03       2.512372e-03       4.514492e-03
        1900       7.264008e-01       1.483347e-01       2.931427e-01       1.935137e-02       1.050988e-02       1.321575e-02
        1910       7.124511e-01       1.523309e-01       2.860030e-01       1.111885e-02       4.510077e-03       7.792762e-03
        1920       6.793390e-01       1.432894e-01       2.733929e-01       1.107792e-02       6.206134e-03       7.729788e-03
        1930       6.460233e-01       1.333337e-01       2.611459e-01       1.049717e-02       3.300600e-03       5.881198e-03
        1940       6.251464e-01       1.323234e-01       2.518247e-01       9.153184e-03       4.157757e-03       6.197865e-03
        1950       6.278911e-01       1.321350e-01       2.542277e-01       9.594499e-03       4.375202e-03       7.221127e-03
        1960       6.464810e-01       1.349304e-01       2.614672e-01       1.380000e-02       4.434116e-03       6.843568e-03
        1970       6.747097e-01       1.447921e-01       2.713624e-01       1.150752e-02       3.555037e-03       6.559085e-03
        1980       6.998114e-01       1.512310e-01       2.821547e-01       1.057895e-02       4.712955e-03       6.733922e-03
        1990       7.071072e-01       1.479068e-01       2.857249e-01       1.213737e-02       2.192579e-03       6.066825e-03
        2000       6.977347e-01       1.469076e-01       2.812058e-01       1.292098e-02       5.176912e-03       9.089637e-03
        2010       6.728024e-01       1.468102e-01       2.709034e-01       6.723204e-03       3.589175e-03       5.131596e-03
        2020       6.482567e-01       1.395716e-01       2.623198e-01       4.675031e-03       2.419824e-03       3.387964e-03
        2030       6.291434e-01       1.367992e-01       2.543123e-01       9.352088e-03       5.353892e-03       6.423817e-03
        2040       6.258804e-01       1.394241e-01       2.521492e-01       5.621860e-03       4.214732e-03       4.800123e-03
        2050       6.440110e-01       1.429447e-01       2.599888e-01       1.786615e-02       4.944911e-03       9.334340e-03
        2060       6.696955e-01       1.462288e-01       2.697644e-01       4.814167e-03       3.775151e-03       4.462819e-03
        2070       6.937862e-01       1.495765e-01       2.787571e-01       1.608400e-02       5.300890e-03       9.746347e-03
        2080       7.042665e-01       1.557655e-01       2.829992e-01       7.030918e-03       2.035949e-03       4.341744e-03
        2090       7.023689e-01       1.541051e-01       2.825778e-01       1.324134e-02       4.307568e-03       7.893868e-03
        2100       6.840058e-01       1.469736e-01       2.749605e-01       7.275158e-03       3.649058e-03       4.971018e-03
        2110       6.539616e-01       1.438809e-01       2.624181e-01       5.497199e-03       3.616318e-03       4.055810e-03
        2120       6.337530e-01       1.415618e-01       2.544969e-01       5.740676e-03       2.783162e-03       4.508172e-03
        2130       6.289038e-01       1.347665e-01       2.532693e-01       1.034671e-02       3.658923e-03       5.831080e-03
        2140       6.397541e-01       1.375980e-01       2.576333e-01       6.220238e-03       2.655717e-03       3.793369e-03
        2150       6.639249e-01       1.489450e-01       2.662998e-01       1.325741e-02       4.667838e-03       7.388772e-03
        2160       6.934966e-01       1.471369e-01       2.788061e-01       1.087070e-02       3.488218e-03       5.961530e-03
        2170       7.156775e-01       1.465328e-01       2.893566e-01       1.231203e-02       2.722410e-03       8.701310e-03
        2180       7.089478e-01       1.524982e-01       2.856724e-01       6.934807e-03       3.152276e-03       5.376889e-03
        2190       6.852782e-01       1.506954e-01       2.754557e-01       1.678376e-02       4.448394e-03       9.402426e-03
        2200       6.545009e-01       1.369097e-01       2.655262e-01       1.380030e-02       4.306049e-03       7.622314e-03
        2210       6.281615e-01       1.340010e-01       2.562469e-01       1.142012e-02       4.488980e-03       6.796667e-03
        2220       6.178480e-01       1.286708e-01       2.506388e-01       1.915831e-02       9.850922e-03       1.569236e-02
        2230       6.348482e-01       1.327013e-01       2.574477e-01       8.058747e-03       5.202701e-03       6.949844e-03
        2240       6.726453e-01       1.376357e-01       2.731409e-01       2.273906e-02       5.416052e-03       1.031407e-02
        2250       6.984202e-01       1.425723e-01       2.820750e-01       1.386012e-02       4.355898e-03       7.758767e-03
        2260       7.069154e-01       1.478325e-01       2.844402e-01       1.611021e-02       2.006071e-03       8.765727e-03
        2270       7.015359e-01       1.492185e-01       2.825559e-01       9.469835e-03       3.847134e-03       6.464551e-03
        2280       6.815110e-01       1.434582e-01       2.746631e-01       7.320981e-03       2.454574e-03       4.539387e-03
        2290       6.549698e-01       1.405580e-01       2.633049e-01       6.197811e-03       2.886472e-03       4.858210e-03
        2300       6.344132e-01       1.406221e-01       2.546071e-01       6.133133e-03       1.793645e-03       3.987991e-03
        2310       6.317800e-01       1.378894e-01       2.539714e-01       7.425283e-03       3.221144e-03       4.824837e-03
        2320       6.420881e-01       1.398756e-01       2.580541e-01       3.503788e-03       2.762393e-03       3.141352e-03
        2330       6.605198e-01       1.496608e-01       2.647504e-01       5.587440e-03       2.187200e-03       3.815582e-03
        2340       6.837670e-01       1.535992e-01       2.740216e-01       5.249994e-03       3.174728e-03       4.248834e-03
        2350       7.006168e-01       1.522170e-01       2.812687e-01       5.375190e-03       2.814232e-03       4.145099e-03
        2360       7.028808e-01       1.557008e-01       2.820195e-01       7.628361e-03       2.165296e-03       5.253824e-03
        2370       6.886552e-01       1.577792e-01       2.757985e-01       6.127354e-03       3.921218e-03       4.895521e-03
        2380       6.679762e-01       1.484430e-01       2.679685e-01       7.828663e-03       3.012285e-03       4.514427e-03
        2390       6.459768e-01       1.425997e-01       2.601627e-01       1.469677e-02       3.718919e-03       6.869595e-03
        2400       6.282619e-01       1.380538e-01       2.529016e-01       5.892362e-03       3.660202e-03       4.394381e-03
        2410       6.305121e-01       1.385010e-01       2.535285e-01       1.131672e-02       5.046035e-03       7.984993e-03
        2420       6.521438e-01       1.378366e-01       2.634625e-01       6.123087e-03       3.639086e-03       4.490168e-03
        2430       6.815328e-01       1.396333e-01       2.755623e-01       1.390346e-02       2.978615e-03       6.781254e-03
        2440       7.031087e-01       1.457458e-01       2.833591e-01       1.341049e-02       4.048239e-03       9.449295e-03
        2450       7.105978e-01       1.480893e-01       2.864704e-01       6.453871e-03       3.771039e-03       5.506628e-03
        2460       7.031492e-01       1.413936e-01       2.846122e-01       2.334082e-02       7.315531e-03       1.179775e-02
        2470       6.727224e-01       1.357781e-01       2.725647e-01       8.048501e-03       3.011279e-03       5.012649e-03
        2480       6.425394e-01       1.303951e-01       2.608728e-01       1.780318e-02       5.392629e-03       1.096713e-02
        2490       6.248875e-01       1.273664e-01       2.545213e-01       8.520201e-03       4.416571e-03       6.384650e-03
        2500       6.289986e-01       1.280384e-01       2.560948e-01       1.901794e-02       5.337192e-03       9.574734e-03
        2510       6.512144e-01       1.347676e-01       2.632865e-01       1.130977e-02       4.425114e-03       6.695903e-03
        2520       6.797448e-01       1.434428e-01       2.735690e-01       6.829806e-03       4.577724e-03       5.511701e-03
        2530       7.045672e-01       1.485202e-01       2.833179e-01       1.008185e-02       4.334603e-03       6.005400e-03
        2540       7.124251e-01       1.519498e-01       2.864143e-01       1.166517e-02       5.199085e-03       8.519409e-03
        2550       7.001068e-01       1.533604e-01       2.810973e-01       5.891506e-03       3.574533e-03       4.613273e-03
        2560       6.753148e-01       1.487014e-01       2.709635e-01       9.910971e-03       3.463519e-03       7.071010e-03
        2570       6.464569e-01       1.433846e-01       2.594574e-01       7.886873e-03       2.413872e-03       4.448540e-03
        2580       6.306732e-01       1.456667e-01       2.529282e-01       9.459381e-03       4.929817e-03       6.137018e-03
        2590       6.296701e-01       1.519792e-01       2.520565e-01       7.856192e-03       2.950160e-03       5.207087e-03
        2600       6.460917e-01       1.568582e-01       2.586339e-01       4.083973e-03       3.527726e-03       3.749007e-03
        2610       6.754457e-01       1.589301e-01       2.704878e-01       1.168816e-02       3.958509e-03       6.124057e-03
        2620       6.971951e-01       1.657063e-01       2.792340e-01       3.990886e-03       3.385881e-03       3.668231e-03
        2630       7.078373e-01       1.621039e-01       2.837103e-01       1.158536e-02       4.504986e-03       7.651431e-03
        2640       6.995452e-01       1.677830e-01       2.800530e-01       7.513363e-03       2.501916e-03       4.676587e-03
        2650       6.820935e-01       1.601153e-01       2.733274e-01       7.748258e-03       3.404578e-03       5.322793e-03
        2660       6.565566e-01       1.483952e-01       2.636581e-01       9.116336e-03       2.543634e-03       5.685401e-03
        2670       6.335974e-01       1.421715e-01       2.543693e-01       5.506128e-03       3.031865e-03       3.729830e-03
        2680       6.296298e-01       1.459060e-01       2.526374e-01       1.035176e-02       4.824028e-03       6.748160e-03
        2690       6.402238e-01       1.407264e-01       2.578519e-01       9.777775e-03       3.788804e-03       5.376325e-03
        2700       6.603744e-01       1.434842e-01       2.659304e-01       7.636779e-03       3.291426e-03       5.353440e-03
        2710       6.822721e-01       1.540777e-01       2.738195e-01       6.529869e-03       3.922004e-03       5.797309e-03
        2720       6.986910e-01       1.539401e-01       2.809515e-01       5.007085e-03       1.969868e-03       3.679465e-03
        2730       7.026638e-01       1.493816e-01       2.832981e-01       1.748985e-02       2.863864e-03       8.742583e-03
        2740       6.864620e-01       1.509778e-01       2.759864e-01       5.865823e-03       8.974763e-04       3.616660e-03
        2750       6.656696e-01       1.473393e-01       2.677713e-01       8.233856e-03       4.205710e-03       5.779268e-03
        2760       6.427697e-01       1.350637e-01       2.606354e-01       1.443929e-02       4.709949e-03       7.276529e-03
        2770       6.245623e-01       1.320096e-01       2.533855e-01       1.342633e-02       5.388443e-03       7.819039e-03
        2780       6.274765e-01       1.348049e-01       2.536208e-01       1.540836e-02       6.864907e-03       1.144082e-02
        2790       6.500225e-01       1.346982e-01       2.643487e-01       8.724897e-03       5.306310e-03       6.559651e-03
        2800       6.838092e-01       1.404227e-01       2.779042e-01       1.703279e-02       2.977928e-03       8.145069e-03
        2810       7.043752e-01       1.512720e-01       2.840877e-01       1.254377e-02       2.712543e-03       7.538639e-03
        2820       7.109266e-01       1.504255e-01       2.872430e-01       1.274911e-02       3.595673e-03       7.393779e-03
        2830       6.994646e-01       1.453750e-01       2.840044e-01       2.019944e-02       6.152132e-03       1.289061e-02
        2840       6.630752e-01       1.426880e-01       2.674981e-01       4.835790e-03       1.872583e-03       3.263130e-03
        2850       6.336688e-01       1.406245e-01       2.546141e-01       1.794851e-02       8.233689e-03       1.218005e-02
        2860       6.222191e-01       1.376023e-01       2.510093e-01       8.072698e-03       2.733197e-03       4.699348e-03
        2870       6.330638e-01       1.427344e-01       2.549262e-01       1.169655e-02       4.708201e-03       6.838249e-03
        2880       6.583413e-01       1.587044e-01       2.636599e-01       8.566425e-03       2.800721e-03       5.659857e-03
        2890       6.865635e-01       1.584229e-01       2.752290e-01       4.851049e-03       1.911650e-03       3.347349e-03
        2900       7.070057e-01       1.577736e-01       2.842930e-01       8.212543e-03       5.087303e-03       6.802259e-03
        2910       7.033183e-01       1.642039e-01       2.818782e-01       6.469452e-03       1.770250e-03       3.831812e-03
        2920       6.909220e-01       1.653048e-01       2.766510e-01       9.459628e-03       2.649418e-03       5.701311e-03
        2930       6.694694e-01       1.527394e-01       2.689895e-01       4.496597e-03       2.870026e-03       3.861187e-03
        2940       6.453795e-01       1.427148e-01       2.596212e-01       3.974456e-03       2.496724e-03       3.546197e-03
        2950       6.312184e-01       1.418153e-01       2.531711e-01       6.161888e-03       3.781407e-03       5.071181e-03
        2960       6.327701e-01       1.384166e-01       2.546043e-01       4.241397e-03       3.667415e-03       4.001388e-03
        2970       6.496506e-01       1.373324e-01       2.623859e-01       5.313248e-03       4.045346e-03       4.664232e-03
        2980       6.696503e-01       1.444009e-01       2.689936e-01       4.649643e-03       3.585209e-03       3.895078e-03
        2990       6.913550e-01       1.504839e-01       2.775670e-01       6.773584e-03       1.658895e-03       3.977184e-03
        3000       7.054415e-01       1.467018e-01       2.846455e-01       1.270487e-02       5.249180e-03       7.793393e-03
