2019-06-25 21:42:05.404335: I tensorflow/core/platform/cpu_feature_guard.cc:140] Your CPU supports instructions that this TensorFlow binary was not compiled to use: AVX512F
2019-06-25 21:42:08.068541: E tensorflow/stream_executor/cuda/cuda_driver.cc:406] failed call to cuInit: CUDA_ERROR_NO_DEVICE
2019-06-25 21:42:08.068619: I tensorflow/stream_executor/cuda/cuda_diagnostics.cc:158] retrieving CUDA diagnostic information for host: SR760-GPU-5
2019-06-25 21:42:08.068629: I tensorflow/stream_executor/cuda/cuda_diagnostics.cc:165] hostname: SR760-GPU-5
2019-06-25 21:42:08.068692: I tensorflow/stream_executor/cuda/cuda_diagnostics.cc:189] libcuda reported version is: 410.48.0
2019-06-25 21:42:08.068754: I tensorflow/stream_executor/cuda/cuda_diagnostics.cc:193] kernel reported version is: 410.48.0
2019-06-25 21:42:08.068761: I tensorflow/stream_executor/cuda/cuda_diagnostics.cc:300] kernel version seems to match DSO: 410.48.0
 of lammps module:
  use deepmd-kit at:  /sharedext4/local/deepmd-kit-0.12.4
  source:             v0.12.4-1-ge3cd911-dirty
  source branch:      master
  source commit:      e3cd911
  source commit at:   2019-02-07 10:22:13 +0800
  build float prec:   double
  build with tf inc:  /sharedext4/local/tensorflow/r1.8.gpu.cc/include
  build with tf lib:  /sharedext4/local/tensorflow/r1.8.gpu.cc/lib/libtensorflow_cc.so;/sharedext4/local/tensorflow/r1.8.gpu.cc/lib/libtensorflow_framework.so
  >>> Info of model(s):
  using   4 model(s): ../graph.002.pb ../graph.003.pb ../graph.000.pb ../graph.001.pb 
  rcut in model:      5
  ntypes in model:    2
Neighbor list info ...
  update every 1 steps, delay 10 steps, check yes
  max neighbors/atom: 2000, page size: 100000
  master list distance cutoff = 6
  ghost atom cutoff = 6
  binsize = 3, bins = 4 4 4
  1 neighbor lists, perpetual/occasional/extra = 1 0 0
  (1) pair deepmd, perpetual
      attributes: , newton on
      pair build: full/bin/atomonly
      stencil: full/bin/3d
      bin: standard
Setting up Verlet run ...
  Unit style    : metal
  Current step  : 0
  Time step     : 0.002
Per MPI rank memory allocation (min/avg/max) = 3.934 | 3.934 | 3.934 Mbytes
Step Temp PotEng KinEng TotEng Press Volume Lx Ly Lz Xy Xz Yz 
       0          100   -23.993818  0.051704058   -23.942114    -279.2648    982.06466     9.950304    10.057652    9.8131209    0.1337501    0.1150473   -0.0564757 
      10    84.212948   -23.984911  0.043541512    -23.94137    492.70971    982.06466     9.950304    10.057652    9.8131209    0.1337501    0.1150473   -0.0564757 
      20    103.23378   -23.992772  0.053376052   -23.939396    973.75756    982.06466     9.950304    10.057652    9.8131209    0.1337501    0.1150473   -0.0564757 
      30     66.15567   -23.969359  0.034205166   -23.935154    1124.0286    982.06466     9.950304    10.057652    9.8131209    0.1337501    0.1150473   -0.0564757 
      40    124.78456   -23.998538  0.064518684   -23.934019    790.16884    982.06466     9.950304    10.057652    9.8131209    0.1337501    0.1150473   -0.0564757 
      50    89.462927    -23.97427  0.046255964   -23.928014    -49.59116    982.06466     9.950304    10.057652    9.8131209    0.1337501    0.1150473   -0.0564757 
      60    133.41616   -23.986219  0.068981571   -23.917237     -879.818    982.06466     9.950304    10.057652    9.8131209    0.1337501    0.1150473   -0.0564757 
      70    91.542435   -23.950147  0.047331154   -23.902816   -1344.5044    982.06466     9.950304    10.057652    9.8131209    0.1337501    0.1150473   -0.0564757 
      80    137.01614    -23.96223  0.070842903   -23.891387    -1383.871    982.06466     9.950304    10.057652    9.8131209    0.1337501    0.1150473   -0.0564757 
      90    140.49739   -23.954781  0.072642854   -23.882138   -814.32221    982.06466     9.950304    10.057652    9.8131209    0.1337501    0.1150473   -0.0564757 
     100    169.43286   -23.957484  0.087603667   -23.869881    330.22218    982.06466     9.950304    10.057652    9.8131209    0.1337501    0.1150473   -0.0564757 
     110    138.21445    -23.92143  0.071462478   -23.849967    1274.3127    982.06466     9.950304    10.057652    9.8131209    0.1337501    0.1150473   -0.0564757 
     120    127.91153   -23.904405  0.066135452   -23.838269    1510.8169    982.06466     9.950304    10.057652    9.8131209    0.1337501    0.1150473   -0.0564757 
     130    120.01205      -23.904  0.062051099   -23.841949    995.85071    982.06466     9.950304    10.057652    9.8131209    0.1337501    0.1150473   -0.0564757 
     140    175.19154    -23.94382  0.090581134   -23.853239   -47.427734    982.06466     9.950304    10.057652    9.8131209    0.1337501    0.1150473   -0.0564757 
     150    102.04631   -23.906196  0.052762082   -23.853434   -1038.2113    982.06466     9.950304    10.057652    9.8131209    0.1337501    0.1150473   -0.0564757 
     160    113.26303   -23.917111   0.05856158    -23.85855   -1489.0299    982.06466     9.950304    10.057652    9.8131209    0.1337501    0.1150473   -0.0564757 
     170    89.399081    -23.91338  0.046222953   -23.867157   -1198.1975    982.06466     9.950304    10.057652    9.8131209    0.1337501    0.1150473   -0.0564757 
     180    122.24769   -23.940309  0.063207017   -23.877102   -368.10423    982.06466     9.950304    10.057652    9.8131209    0.1337501    0.1150473   -0.0564757 
     190    135.82182   -23.955123  0.070225395   -23.884897    582.83181    982.06466     9.950304    10.057652    9.8131209    0.1337501    0.1150473   -0.0564757 
     200    91.408895   -23.933655  0.047262108   -23.886393    1259.9102    982.06466     9.950304    10.057652    9.8131209    0.1337501    0.1150473   -0.0564757 
     210    135.03682   -23.962835  0.069819516   -23.893016    1355.3506    982.06466     9.950304    10.057652    9.8131209    0.1337501    0.1150473   -0.0564757 
     220    92.646313   -23.951492  0.047901903   -23.903591    716.96128    982.06466     9.950304    10.057652    9.8131209    0.1337501    0.1150473   -0.0564757 
     230    148.98994   -23.985727  0.077033844   -23.908694   -216.46375    982.06466     9.950304    10.057652    9.8131209    0.1337501    0.1150473   -0.0564757 
     240    93.732691   -23.955874  0.048463605    -23.90741   -950.77837    982.06466     9.950304    10.057652    9.8131209    0.1337501    0.1150473   -0.0564757 
     250    96.411159   -23.958118  0.049848482    -23.90827   -1331.8168    982.06466     9.950304    10.057652    9.8131209    0.1337501    0.1150473   -0.0564757 
     260    97.406838   -23.962692  0.050363288   -23.912329   -1188.8818    982.06466     9.950304    10.057652    9.8131209    0.1337501    0.1150473   -0.0564757 
     270    102.40365   -23.972099  0.052946841   -23.919152   -473.39735    982.06466     9.950304    10.057652    9.8131209    0.1337501    0.1150473   -0.0564757 
     280    117.74557   -23.983232  0.060879236   -23.922353    421.29349    982.06466     9.950304    10.057652    9.8131209    0.1337501    0.1150473   -0.0564757 
     290    83.320118   -23.963586  0.043079882   -23.920507    1033.8694    982.06466     9.950304    10.057652    9.8131209    0.1337501    0.1150473   -0.0564757 
     300    76.377886   -23.959067  0.039490467   -23.919576    1240.3516    982.06466     9.950304    10.057652    9.8131209    0.1337501    0.1150473   -0.0564757 
     310    100.21457   -23.975497  0.051814999   -23.923682    932.32992    982.06466     9.950304    10.057652    9.8131209    0.1337501    0.1150473   -0.0564757 
     320    75.994535   -23.964794  0.039292258   -23.925502    138.76415    982.06466     9.950304    10.057652    9.8131209    0.1337501    0.1150473   -0.0564757 
     330    103.54393   -23.977584  0.053536415   -23.924048   -651.68382    982.06466     9.950304    10.057652    9.8131209    0.1337501    0.1150473   -0.0564757 
     340    49.133057   -23.946192  0.025403784   -23.920788   -1104.4177    982.06466     9.950304    10.057652    9.8131209    0.1337501    0.1150473   -0.0564757 
     350    79.874439   -23.960857  0.041298326   -23.919559   -1148.2407    982.06466     9.950304    10.057652    9.8131209    0.1337501    0.1150473   -0.0564757 
     360    78.712315    -23.95931  0.040697461   -23.918612   -699.78921    982.06466     9.950304    10.057652    9.8131209    0.1337501    0.1150473   -0.0564757 
     370    87.025863   -23.961307  0.044995903   -23.916311    152.65573    982.06466     9.950304    10.057652    9.8131209    0.1337501    0.1150473   -0.0564757 
     380    99.069349   -23.957585  0.051222873   -23.906362    967.98129    982.06466     9.950304    10.057652    9.8131209    0.1337501    0.1150473   -0.0564757 
     390    69.258433   -23.929639   0.03580942   -23.893829    1375.1143    982.06466     9.950304    10.057652    9.8131209    0.1337501    0.1150473   -0.0564757 
     400    104.12653     -23.9401  0.053837643   -23.886263    1277.6982    982.06466     9.950304    10.057652    9.8131209    0.1337501    0.1150473   -0.0564757 
     410    142.78839   -23.956647  0.073827393    -23.88282    514.36953    982.06466     9.950304    10.057652    9.8131209    0.1337501    0.1150473   -0.0564757 
     420    112.76151   -23.929402  0.058302279     -23.8711   -600.91932    982.06466     9.950304    10.057652    9.8131209    0.1337501    0.1150473   -0.0564757 
     430    159.65267   -23.941864   0.08254691   -23.859317   -1333.3957    982.06466     9.950304    10.057652    9.8131209    0.1337501    0.1150473   -0.0564757 
     440    97.064516   -23.902585  0.050186294   -23.852399   -1422.2615    982.06466     9.950304    10.057652    9.8131209    0.1337501    0.1150473   -0.0564757 
     450    192.56671   -23.954411  0.099564805   -23.854847   -926.79364    982.06466     9.950304    10.057652    9.8131209    0.1337501    0.1150473   -0.0564757 
     460    176.33213   -23.953667  0.091170867   -23.862496    128.86116    982.06466     9.950304    10.057652    9.8131209    0.1337501    0.1150473   -0.0564757 
     470     162.4426   -23.948368  0.083989417   -23.864379    1173.2255    982.06466     9.950304    10.057652    9.8131209    0.1337501    0.1150473   -0.0564757 
     480    161.87297   -23.955263  0.083694895   -23.871568    1462.7977    982.06466     9.950304    10.057652    9.8131209    0.1337501    0.1150473   -0.0564757 
     490    118.18896   -23.944615  0.061108489   -23.883506    1081.0047    982.06466     9.950304    10.057652    9.8131209    0.1337501    0.1150473   -0.0564757 
     500    144.62126    -23.97252   0.07477506   -23.897745    268.60973    982.06466     9.950304    10.057652    9.8131209    0.1337501    0.1150473   -0.0564757 
     510    113.30863   -23.967979  0.058585159   -23.909394   -631.07134    982.06466     9.950304    10.057652    9.8131209    0.1337501    0.1150473   -0.0564757 
     520    68.323107   -23.949753  0.035325819   -23.914427   -1144.4769    982.06466     9.950304    10.057652    9.8131209    0.1337501    0.1150473   -0.0564757 
     530    88.066081   -23.968446  0.045533738   -23.922912   -1103.9787    982.06466     9.950304    10.057652    9.8131209    0.1337501    0.1150473   -0.0564757 
     540    55.204344   -23.958099  0.028542886   -23.929556   -656.52085    982.06466     9.950304    10.057652    9.8131209    0.1337501    0.1150473   -0.0564757 
     550    93.550842   -23.983608  0.048369582   -23.935238    23.137023    982.06466     9.950304    10.057652    9.8131209    0.1337501    0.1150473   -0.0564757 
     560    62.227502   -23.965777  0.032174144   -23.933603    739.77435    982.06466     9.950304    10.057652    9.8131209    0.1337501    0.1150473   -0.0564757 
     570    51.255405   -23.957336  0.026501124   -23.930834    1132.0332    982.06466     9.950304    10.057652    9.8131209    0.1337501    0.1150473   -0.0564757 
     580    80.706904   -23.973733  0.041728745   -23.932004     993.3924    982.06466     9.950304    10.057652    9.8131209    0.1337501    0.1150473   -0.0564757 
     590    44.373722   -23.954361  0.022943015   -23.931418     470.5428    982.06466     9.950304    10.057652    9.8131209    0.1337501    0.1150473   -0.0564757 
     600    102.85833   -23.984705  0.053181931   -23.931523   -229.15392    982.06466     9.950304    10.057652    9.8131209    0.1337501    0.1150473   -0.0564757 
     610    40.977454   -23.946374  0.021187006   -23.925187   -880.37145    982.06466     9.950304    10.057652    9.8131209    0.1337501    0.1150473   -0.0564757 
     620    75.806942   -23.960739  0.039195265   -23.921544   -1151.6642    982.06466     9.950304    10.057652    9.8131209    0.1337501    0.1150473   -0.0564757 
     630    66.666234   -23.953987  0.034469148   -23.919518   -884.96391    982.06466     9.950304    10.057652    9.8131209    0.1337501    0.1150473   -0.0564757 
     640    83.880703   -23.962504  0.043369728   -23.919134   -225.42665    982.06466     9.950304    10.057652    9.8131209    0.1337501    0.1150473   -0.0564757 
     650    106.82524   -23.969575  0.055232982   -23.914342     546.8333    982.06466     9.950304    10.057652    9.8131209    0.1337501    0.1150473   -0.0564757 
     660    75.437322   -23.946081  0.039004157   -23.907077    1179.1063    982.06466     9.950304    10.057652    9.8131209    0.1337501    0.1150473   -0.0564757 
     670    90.786717   -23.950003  0.046940417   -23.903063    1298.1946    982.06466     9.950304    10.057652    9.8131209    0.1337501    0.1150473   -0.0564757 
     680    113.66448   -23.963118  0.058769147   -23.904349    772.37477    982.06466     9.950304    10.057652    9.8131209    0.1337501    0.1150473   -0.0564757 
     690    98.510295    -23.95357   0.05093382   -23.902636   -95.408231    982.06466     9.950304    10.057652    9.8131209    0.1337501    0.1150473   -0.0564757 
     700    144.19249   -23.973323  0.074553366   -23.898769   -901.36105    982.06466     9.950304    10.057652    9.8131209    0.1337501    0.1150473   -0.0564757 
     710    61.059108    -23.92389  0.031570037    -23.89232   -1332.8414    982.06466     9.950304    10.057652    9.8131209    0.1337501    0.1150473   -0.0564757 
     720    135.98056   -23.964457  0.070307467    -23.89415   -1193.4193    982.06466     9.950304    10.057652    9.8131209    0.1337501    0.1150473   -0.0564757 
     730    116.14025   -23.957555  0.060049221   -23.897505   -506.42775    982.06466     9.950304    10.057652    9.8131209    0.1337501    0.1150473   -0.0564757 
     740    128.48437   -23.966672  0.066431633   -23.900241    414.03313    982.06466     9.950304    10.057652    9.8131209    0.1337501    0.1150473   -0.0564757 
     750    130.23016   -23.965813  0.067334276   -23.898479    1149.0674    982.06466     9.950304    10.057652    9.8131209    0.1337501    0.1150473   -0.0564757 
     760    71.663766   -23.932362  0.037053075   -23.895309    1321.9716    982.06466     9.950304    10.057652    9.8131209    0.1337501    0.1150473   -0.0564757 
     770    151.65205   -23.979768  0.078410263   -23.901358    873.16528    982.06466     9.950304    10.057652    9.8131209    0.1337501    0.1150473   -0.0564757 
     780    94.259275   -23.951503   0.04873587   -23.902768      26.6469    982.06466     9.950304    10.057652    9.8131209    0.1337501    0.1150473   -0.0564757 
     790    128.72676   -23.968108  0.066556961   -23.901551   -837.76221    982.06466     9.950304    10.057652    9.8131209    0.1337501    0.1150473   -0.0564757 
     800    94.437462   -23.947534     0.048828   -23.898706   -1321.3963    982.06466     9.950304    10.057652    9.8131209    0.1337501    0.1150473   -0.0564757 
     810    78.302744   -23.940612  0.040485696   -23.900127   -1231.3111    982.06466     9.950304    10.057652    9.8131209    0.1337501    0.1150473   -0.0564757 
     820    115.69958   -23.963938  0.059821376   -23.904117   -636.93501    982.06466     9.950304    10.057652    9.8131209    0.1337501    0.1150473   -0.0564757 
     830    89.934756   -23.951094  0.046499919   -23.904594    240.71111    982.06466     9.950304    10.057652    9.8131209    0.1337501    0.1150473   -0.0564757 
     840    100.08489   -23.953808  0.051747948    -23.90206    1036.6098    982.06466     9.950304    10.057652    9.8131209    0.1337501    0.1150473   -0.0564757 
     850    83.532624   -23.941438  0.043189756   -23.898248    1307.2138    982.06466     9.950304    10.057652    9.8131209    0.1337501    0.1150473   -0.0564757 
     860    61.966787   -23.933764  0.032039344   -23.901724    939.02925    982.06466     9.950304    10.057652    9.8131209    0.1337501    0.1150473   -0.0564757 
     870    129.64659   -23.973902   0.06703255   -23.906869    236.32622    982.06466     9.950304    10.057652    9.8131209    0.1337501    0.1150473   -0.0564757 
     880    56.944627   -23.935091  0.029442683   -23.905648   -611.07286    982.06466     9.950304    10.057652    9.8131209    0.1337501    0.1150473   -0.0564757 
     890    102.93799   -23.957589  0.053223117   -23.904366   -1220.2986    982.06466     9.950304    10.057652    9.8131209    0.1337501    0.1150473   -0.0564757 
     900    59.334254   -23.934533  0.030678217   -23.903854   -1206.6384    982.06466     9.950304    10.057652    9.8131209    0.1337501    0.1150473   -0.0564757 
     910    107.49093   -23.964315  0.055577171   -23.908738   -677.55513    982.06466     9.950304    10.057652    9.8131209    0.1337501    0.1150473   -0.0564757 
     920    118.99055   -23.972068  0.061522945   -23.910545    41.485439    982.06466     9.950304    10.057652    9.8131209    0.1337501    0.1150473   -0.0564757 
     930    87.325904   -23.956582  0.045151036   -23.911431    808.36669    982.06466     9.950304    10.057652    9.8131209    0.1337501    0.1150473   -0.0564757 
     940    110.68614   -23.966811  0.057229224   -23.909582    1265.3613    982.06466     9.950304    10.057652    9.8131209    0.1337501    0.1150473   -0.0564757 
     950    96.336816   -23.964509  0.049810043   -23.914698     973.1064    982.06466     9.950304    10.057652    9.8131209    0.1337501    0.1150473   -0.0564757 
     960     118.3327   -23.979552  0.061182807   -23.918369    237.36284    982.06466     9.950304    10.057652    9.8131209    0.1337501    0.1150473   -0.0564757 
     970     137.4865   -23.988852  0.071086097   -23.917766   -494.71814    982.06466     9.950304    10.057652    9.8131209    0.1337501    0.1150473   -0.0564757 
     980    76.834388   -23.952351  0.039726497   -23.912624   -1154.0343    982.06466     9.950304    10.057652    9.8131209    0.1337501    0.1150473   -0.0564757 
     990    127.85854   -23.977915  0.066108051   -23.911807   -1379.7229    982.06466     9.950304    10.057652    9.8131209    0.1337501    0.1150473   -0.0564757 
    1000    82.041393   -23.955502  0.042418729   -23.913083   -905.93918    982.06466     9.950304    10.057652    9.8131209    0.1337501    0.1150473   -0.0564757 
    1010    141.69409   -23.988553  0.073261592   -23.915291   -93.146219    982.06466     9.950304    10.057652    9.8131209    0.1337501    0.1150473   -0.0564757 
    1020    111.46844   -23.968922  0.057633708   -23.911289    642.56891    982.06466     9.950304    10.057652    9.8131209    0.1337501    0.1150473   -0.0564757 
    1030    79.590137   -23.943469  0.041151331   -23.902318    1192.9994    982.06466     9.950304    10.057652    9.8131209    0.1337501    0.1150473   -0.0564757 
    1040    115.82794   -23.958546  0.059887746   -23.898659    1172.1062    982.06466     9.950304    10.057652    9.8131209    0.1337501    0.1150473   -0.0564757 
    1050    82.979862   -23.941612  0.042903956   -23.898708    463.15912    982.06466     9.950304    10.057652    9.8131209    0.1337501    0.1150473   -0.0564757 
    1060    121.37931   -23.958532  0.062758029   -23.895774   -411.78448    982.06466     9.950304    10.057652    9.8131209    0.1337501    0.1150473   -0.0564757 
    1070    80.930486   -23.932346  0.041844346   -23.890501   -1073.7043    982.06466     9.950304    10.057652    9.8131209    0.1337501    0.1150473   -0.0564757 
    1080    74.426954   -23.925282  0.038481755     -23.8868   -1345.0839    982.06466     9.950304    10.057652    9.8131209    0.1337501    0.1150473   -0.0564757 
    1090     106.5855   -23.942519   0.05510903    -23.88741   -1024.9919    982.06466     9.950304    10.057652    9.8131209    0.1337501    0.1150473   -0.0564757 
    1100    81.936407   -23.930648  0.042364448   -23.888283   -173.22915    982.06466     9.950304    10.057652    9.8131209    0.1337501    0.1150473   -0.0564757 
    1110    136.37148   -23.958268   0.07050959   -23.887759    742.00089    982.06466     9.950304    10.057652    9.8131209    0.1337501    0.1150473   -0.0564757 
    1120    82.146043   -23.925415  0.042472838   -23.882942    1279.7973    982.06466     9.950304    10.057652    9.8131209    0.1337501    0.1150473   -0.0564757 
    1130    95.284772   -23.937295  0.049266094   -23.888029    1200.2019    982.06466     9.950304    10.057652    9.8131209    0.1337501    0.1150473   -0.0564757 
    1140    152.74352   -23.979123  0.078974597   -23.900148    540.80742    982.06466     9.950304    10.057652    9.8131209    0.1337501    0.1150473   -0.0564757 
    1150    93.706139   -23.950966  0.048449877   -23.902516   -404.61386    982.06466     9.950304    10.057652    9.8131209    0.1337501    0.1150473   -0.0564757 
    1160    150.68906   -23.982818  0.077912359   -23.904905    -1168.009    982.06466     9.950304    10.057652    9.8131209    0.1337501    0.1150473   -0.0564757 
    1170    61.773051   -23.937854  0.031939174   -23.905914   -1383.5239    982.06466     9.950304    10.057652    9.8131209    0.1337501    0.1150473   -0.0564757 
    1180    133.91981   -23.985126  0.069241977   -23.915884   -1032.4722    982.06466     9.950304    10.057652    9.8131209    0.1337501    0.1150473   -0.0564757 
    1190    94.836298   -23.972783  0.049034215   -23.923749   -323.65681    982.06466     9.950304    10.057652    9.8131209    0.1337501    0.1150473   -0.0564757 
    1200    105.26196   -23.984563  0.054424704   -23.930138    494.86188    982.06466     9.950304    10.057652    9.8131209    0.1337501    0.1150473   -0.0564757 
    1210    86.947525   -23.977388  0.044955399   -23.932433     1058.635    982.06466     9.950304    10.057652    9.8131209    0.1337501    0.1150473   -0.0564757 
    1220    68.855412   -23.971652  0.035601042   -23.936051    1087.4904    982.06466     9.950304    10.057652    9.8131209    0.1337501    0.1150473   -0.0564757 
    1230    80.195145   -23.982691  0.041464144   -23.941227    658.61027    982.06466     9.950304    10.057652    9.8131209    0.1337501    0.1150473   -0.0564757 
    1240    84.174276   -23.988858  0.043521516   -23.945337    23.118771    982.06466     9.950304    10.057652    9.8131209    0.1337501    0.1150473   -0.0564757 
    1250    55.990768   -23.973875  0.028949499   -23.944925   -636.82271    982.06466     9.950304    10.057652    9.8131209    0.1337501    0.1150473   -0.0564757 
    1260    68.747523   -23.980461  0.035545259   -23.944915   -1027.7404    982.06466     9.950304    10.057652    9.8131209    0.1337501    0.1150473   -0.0564757 
    1270    35.771129   -23.963987  0.018495126   -23.945491   -953.88367    982.06466     9.950304    10.057652    9.8131209    0.1337501    0.1150473   -0.0564757 
    1280    75.966808   -23.987277  0.039277922   -23.947999   -520.36812    982.06466     9.950304    10.057652    9.8131209    0.1337501    0.1150473   -0.0564757 
    1290    62.797247   -23.979008  0.032468725   -23.946539    94.046276    982.06466     9.950304    10.057652    9.8131209    0.1337501    0.1150473   -0.0564757 
    1300    60.817083   -23.971971    0.0314449   -23.940527    750.63581    982.06466     9.950304    10.057652    9.8131209    0.1337501    0.1150473   -0.0564757 
    1310    75.636371    -23.96912  0.039107073   -23.930013    1176.7625    982.06466     9.950304    10.057652    9.8131209    0.1337501    0.1150473   -0.0564757 
    1320    40.986723   -23.939049  0.021191799   -23.917857    1048.1896    982.06466     9.950304    10.057652    9.8131209    0.1337501    0.1150473   -0.0564757 
    1330    129.85401   -23.974646  0.067139793   -23.907507    449.45164    982.06466     9.950304    10.057652    9.8131209    0.1337501    0.1150473   -0.0564757 
    1340    60.499538   -23.922061  0.031280716   -23.890781   -352.17657    982.06466     9.950304    10.057652    9.8131209    0.1337501    0.1150473   -0.0564757 
    1350    114.23943   -23.934729   0.05906642   -23.875662   -1092.9752    982.06466     9.950304    10.057652    9.8131209    0.1337501    0.1150473   -0.0564757 
    1360    67.429548   -23.897721  0.034863812   -23.862857   -1295.7065    982.06466     9.950304    10.057652    9.8131209    0.1337501    0.1150473   -0.0564757 
    1370    132.02914   -23.931744  0.068264421    -23.86348   -758.88932    982.06466     9.950304    10.057652    9.8131209    0.1337501    0.1150473   -0.0564757 
    1380    125.00947   -23.926333  0.064634971   -23.861698    158.30229    982.06466     9.950304    10.057652    9.8131209    0.1337501    0.1150473   -0.0564757 
    1390    138.72751    -23.93303  0.071727754   -23.861303    1128.7012    982.06466     9.950304    10.057652    9.8131209    0.1337501    0.1150473   -0.0564757 
    1400    96.132325   -23.911439  0.049704313   -23.861734    1613.3968    982.06466     9.950304    10.057652    9.8131209    0.1337501    0.1150473   -0.0564757 
    1410    170.67846   -23.964183  0.088247692   -23.875935    1206.8524    982.06466     9.950304    10.057652    9.8131209    0.1337501    0.1150473   -0.0564757 
    1420    113.38011    -23.94435  0.058622117   -23.885728    354.52876    982.06466     9.950304    10.057652    9.8131209    0.1337501    0.1150473   -0.0564757 
    1430     177.2945    -23.98639  0.091668453   -23.894722    -575.8657    982.06466     9.950304    10.057652    9.8131209    0.1337501    0.1150473   -0.0564757 
    1440    92.787067   -23.943183  0.047974679   -23.895208   -1321.3416    982.06466     9.950304    10.057652    9.8131209    0.1337501    0.1150473   -0.0564757 
    1450    114.63112   -23.961649  0.059268943    -23.90238   -1411.9113    982.06466     9.950304    10.057652    9.8131209    0.1337501    0.1150473   -0.0564757 
    1460    116.76323   -23.975423  0.060371327   -23.915051   -823.45542    982.06466     9.950304    10.057652    9.8131209    0.1337501    0.1150473   -0.0564757 
    1470     104.1519   -23.977429  0.053850761   -23.923578   -41.912403    982.06466     9.950304    10.057652    9.8131209    0.1337501    0.1150473   -0.0564757 
    1480    119.03312   -23.990563  0.061544951   -23.929018    651.55909    982.06466     9.950304    10.057652    9.8131209    0.1337501    0.1150473   -0.0564757 
    1490     67.01211   -23.963072   0.03464798   -23.928424    1162.9194    982.06466     9.950304    10.057652    9.8131209    0.1337501    0.1150473   -0.0564757 
    1500    85.483538   -23.974786  0.044198458   -23.930588    1072.5334    982.06466     9.950304    10.057652    9.8131209    0.1337501    0.1150473   -0.0564757 
    1510    83.405904   -23.977976  0.043124237   -23.934852    441.94153    982.06466     9.950304    10.057652    9.8131209    0.1337501    0.1150473   -0.0564757 
    1520    76.050147   -23.973989  0.039321012   -23.934668   -260.58682    982.06466     9.950304    10.057652    9.8131209    0.1337501    0.1150473   -0.0564757 
    1530    79.039157   -23.974262  0.040866452   -23.933396   -840.45963    982.06466     9.950304    10.057652    9.8131209    0.1337501    0.1150473   -0.0564757 
    1540    48.333627    -23.95475  0.024990446   -23.929759    -1145.797    982.06466     9.950304    10.057652    9.8131209    0.1337501    0.1150473   -0.0564757 
    1550    72.309481   -23.966965  0.037386936   -23.929578   -943.51326    982.06466     9.950304    10.057652    9.8131209    0.1337501    0.1150473   -0.0564757 
    1560    77.225384   -23.967092  0.039928657   -23.927163   -289.40842    982.06466     9.950304    10.057652    9.8131209    0.1337501    0.1150473   -0.0564757 
    1570    75.433453    -23.95484  0.039002156   -23.915838    472.50994    982.06466     9.950304    10.057652    9.8131209    0.1337501    0.1150473   -0.0564757 
    1580    101.64478   -23.946876  0.052554476   -23.894321     1168.757    982.06466     9.950304    10.057652    9.8131209    0.1337501    0.1150473   -0.0564757 
    1590    66.297463   -23.895132  0.034278479   -23.860854    1496.4748    982.06466     9.950304    10.057652    9.8131209    0.1337501    0.1150473   -0.0564757 
    1600    175.40658   -23.936954   0.09069232   -23.846261    893.25827    982.06466     9.950304    10.057652    9.8131209    0.1337501    0.1150473   -0.0564757 
    1610    157.90568   -23.912742  0.081643644   -23.831098   -216.96667    982.06466     9.950304    10.057652    9.8131209    0.1337501    0.1150473   -0.0564757 
    1620    152.22093   -23.901754  0.078704396   -23.823049   -1213.0127    982.06466     9.950304    10.057652    9.8131209    0.1337501    0.1150473   -0.0564757 
    1630    163.87167    -23.90637  0.084728305   -23.821642   -1698.1836    982.06466     9.950304    10.057652    9.8131209    0.1337501    0.1150473   -0.0564757 
    1640    153.98448   -23.911251  0.079616223   -23.831634    -1236.598    982.06466     9.950304    10.057652    9.8131209    0.1337501    0.1150473   -0.0564757 
    1650    229.90155   -23.972865   0.11886843   -23.853996   -81.938121    982.06466     9.950304    10.057652    9.8131209    0.1337501    0.1150473   -0.0564757 
    1660    165.02169   -23.953888  0.085322908   -23.868565    893.34279    982.06466     9.950304    10.057652    9.8131209    0.1337501    0.1150473   -0.0564757 
    1670    160.02332   -23.964675  0.082738551   -23.881936    1402.6681    982.06466     9.950304    10.057652    9.8131209    0.1337501    0.1150473   -0.0564757 
    1680    154.31172    -23.97537   0.07978542   -23.895585     1242.244    982.06466     9.950304    10.057652    9.8131209    0.1337501    0.1150473   -0.0564757 
    1690     117.3585   -23.966785  0.060679109   -23.906106    416.63042    982.06466     9.950304    10.057652    9.8131209    0.1337501    0.1150473   -0.0564757 
    1700    145.55968   -23.988976   0.07526026   -23.913716   -503.64886    982.06466     9.950304    10.057652    9.8131209    0.1337501    0.1150473   -0.0564757 
    1710    76.162859   -23.953621  0.039379289   -23.914242   -1138.0731    982.06466     9.950304    10.057652    9.8131209    0.1337501    0.1150473   -0.0564757 
    1720    101.16251   -23.970726  0.052305124   -23.918421   -1321.1932    982.06466     9.950304    10.057652    9.8131209    0.1337501    0.1150473   -0.0564757 
    1730    84.114247   -23.968272  0.043490479   -23.924782   -962.60973    982.06466     9.950304    10.057652    9.8131209    0.1337501    0.1150473   -0.0564757 
    1740    97.348826   -23.980215  0.050333293   -23.929882   -215.31492    982.06466     9.950304    10.057652    9.8131209    0.1337501    0.1150473   -0.0564757 
    1750    97.186184   -23.979021  0.050249201   -23.928772    559.26951    982.06466     9.950304    10.057652    9.8131209    0.1337501    0.1150473   -0.0564757 
    1760    58.112722   -23.954938  0.030046636   -23.924891     1087.361    982.06466     9.950304    10.057652    9.8131209    0.1337501    0.1150473   -0.0564757 
    1770    75.280218   -23.961991  0.038922927   -23.923069    1162.7331    982.06466     9.950304    10.057652    9.8131209    0.1337501    0.1150473   -0.0564757 
    1780    67.068941    -23.95902  0.034677364   -23.924343    644.58251    982.06466     9.950304    10.057652    9.8131209    0.1337501    0.1150473   -0.0564757 
    1790    86.346571   -23.968524  0.044644681    -23.92388   -140.73315    982.06466     9.950304    10.057652    9.8131209    0.1337501    0.1150473   -0.0564757 
    1800    75.756114   -23.957974  0.039168985   -23.918805   -821.42574    982.06466     9.950304    10.057652    9.8131209    0.1337501    0.1150473   -0.0564757 
    1810    50.844975   -23.937536  0.026288915   -23.911247   -1224.9623    982.06466     9.950304    10.057652    9.8131209    0.1337501    0.1150473   -0.0564757 
    1820    78.404714   -23.945833  0.040538419   -23.905295   -1148.9549    982.06466     9.950304    10.057652    9.8131209    0.1337501    0.1150473   -0.0564757 
    1830    93.185131   -23.947629  0.048180494   -23.899448   -472.85035    982.06466     9.950304    10.057652    9.8131209    0.1337501    0.1150473   -0.0564757 
    1840     97.80192   -23.935506  0.050567561   -23.884938    482.07488    982.06466     9.950304    10.057652    9.8131209    0.1337501    0.1150473   -0.0564757 
    1850    132.69534   -23.933159  0.068608877    -23.86455    1239.6294    982.06466     9.950304    10.057652    9.8131209    0.1337501    0.1150473   -0.0564757 
    1860     86.38582   -23.889715  0.044664974    -23.84505     1558.806    982.06466     9.950304    10.057652    9.8131209    0.1337501    0.1150473   -0.0564757 
    1870    228.94365   -23.962638   0.11837316   -23.844265    978.67281    982.06466     9.950304    10.057652    9.8131209    0.1337501    0.1150473   -0.0564757 
    1880    147.50933   -23.914123  0.076268311   -23.837855   -293.59595    982.06466     9.950304    10.057652    9.8131209    0.1337501    0.1150473   -0.0564757 
    1890    242.26061   -23.956483   0.12525856   -23.831224   -1312.5459    982.06466     9.950304    10.057652    9.8131209    0.1337501    0.1150473   -0.0564757 
    1900    131.67008   -23.895597  0.068078776   -23.827519   -1767.7308    982.06466     9.950304    10.057652    9.8131209    0.1337501    0.1150473   -0.0564757 
    1910    188.51473   -23.938105  0.097469767   -23.840635   -1442.2061    982.06466     9.950304    10.057652    9.8131209    0.1337501    0.1150473   -0.0564757 
    1920     186.7437   -23.957961  0.096554069   -23.861407   -332.40555    982.06466     9.950304    10.057652    9.8131209    0.1337501    0.1150473   -0.0564757 
    1930    154.42125   -23.951255  0.079842052   -23.871413    815.73511    982.06466     9.950304    10.057652    9.8131209    0.1337501    0.1150473   -0.0564757 
    1940    145.35461   -23.952629   0.07515423   -23.877475    1356.1007    982.06466     9.950304    10.057652    9.8131209    0.1337501    0.1150473   -0.0564757 
    1950     95.46013   -23.933045  0.049356761   -23.883688    1373.5328    982.06466     9.950304    10.057652    9.8131209    0.1337501    0.1150473   -0.0564757 
    1960    126.47781   -23.960106  0.065394159   -23.894712    742.28382    982.06466     9.950304    10.057652    9.8131209    0.1337501    0.1150473   -0.0564757 
    1970    118.11239   -23.960768  0.061068898   -23.899699   -279.84246    982.06466     9.950304    10.057652    9.8131209    0.1337501    0.1150473   -0.0564757 
    1980    77.020293   -23.937366  0.039822617   -23.897543   -1028.7299    982.06466     9.950304    10.057652    9.8131209    0.1337501    0.1150473   -0.0564757 
    1990      90.5681   -23.945798  0.046827383   -23.898971   -1268.4962    982.06466     9.950304    10.057652    9.8131209    0.1337501    0.1150473   -0.0564757 
    2000    66.016336   -23.935802  0.034133125   -23.901669   -989.38891    982.06466     9.950304    10.057652    9.8131209    0.1337501    0.1150473   -0.0564757 
    2010    114.32948   -23.967338  0.059112979   -23.908225   -230.00149    982.06466     9.950304    10.057652    9.8131209    0.1337501    0.1150473   -0.0564757 
    2020    91.803245   -23.955243  0.047466003   -23.907777    682.78642    982.06466     9.950304    10.057652    9.8131209    0.1337501    0.1150473   -0.0564757 
    2030    70.680323    -23.94173  0.036544595   -23.905185    1265.2484    982.06466     9.950304    10.057652    9.8131209    0.1337501    0.1150473   -0.0564757 
    2040    93.012021   -23.955483  0.048090989   -23.907392    1308.3757    982.06466     9.950304    10.057652    9.8131209    0.1337501    0.1150473   -0.0564757 
    2050      63.5694    -23.94472   0.03286796   -23.911852    798.33144    982.06466     9.950304    10.057652    9.8131209    0.1337501    0.1150473   -0.0564757 
    2060    129.03674   -23.983551  0.066717233   -23.916834   -91.660897    982.06466     9.950304    10.057652    9.8131209    0.1337501    0.1150473   -0.0564757 
    2070    66.620877   -23.947329  0.034445697   -23.912883   -882.64957    982.06466     9.950304    10.057652    9.8131209    0.1337501    0.1150473   -0.0564757 
    2080    98.044176   -23.962693  0.050692817      -23.912   -1249.5324    982.06466     9.950304    10.057652    9.8131209    0.1337501    0.1150473   -0.0564757 
    2090    82.282135   -23.954148  0.042543203   -23.911605   -1142.6054    982.06466     9.950304    10.057652    9.8131209    0.1337501    0.1150473   -0.0564757 
    2100    107.32229   -23.970221   0.05548998   -23.914731    -531.9584    982.06466     9.950304    10.057652    9.8131209    0.1337501    0.1150473   -0.0564757 
    2110     122.7581   -23.978624  0.063470918   -23.915153    394.54804    982.06466     9.950304    10.057652    9.8131209    0.1337501    0.1150473   -0.0564757 
    2120    101.31004   -23.962775  0.052381403   -23.910394    1120.3962    982.06466     9.950304    10.057652    9.8131209    0.1337501    0.1150473   -0.0564757 
    2130    112.67692   -23.963958  0.058258542     -23.9057    1296.8478    982.06466     9.950304    10.057652    9.8131209    0.1337501    0.1150473   -0.0564757 
    2140     131.5232   -23.971613  0.068002833    -23.90361    951.68596    982.06466     9.950304    10.057652    9.8131209    0.1337501    0.1150473   -0.0564757 
    2150    127.86687   -23.965194  0.066112361   -23.899082    113.78712    982.06466     9.950304    10.057652    9.8131209    0.1337501    0.1150473   -0.0564757 
    2160      145.049   -23.962117  0.074996218   -23.887121   -873.79273    982.06466     9.950304    10.057652    9.8131209    0.1337501    0.1150473   -0.0564757 
    2170    85.956244   -23.918585  0.044442866   -23.874142    -1435.202    982.06466     9.950304    10.057652    9.8131209    0.1337501    0.1150473   -0.0564757 
    2180    140.47564   -23.940819  0.072631606   -23.868188   -1338.5145    982.06466     9.950304    10.057652    9.8131209    0.1337501    0.1150473   -0.0564757 
    2190    133.41055   -23.932815  0.068978667   -23.863836   -594.72659    982.06466     9.950304    10.057652    9.8131209    0.1337501    0.1150473   -0.0564757 
    2200     161.5535   -23.943148  0.083529713   -23.859618    526.51142    982.06466     9.950304    10.057652    9.8131209    0.1337501    0.1150473   -0.0564757 
    2210    140.73168    -23.92169  0.072763988   -23.848926    1429.9678    982.06466     9.950304    10.057652    9.8131209    0.1337501    0.1150473   -0.0564757 
    2220    98.045622   -23.894277  0.050693565   -23.843584    1622.9039    982.06466     9.950304    10.057652    9.8131209    0.1337501    0.1150473   -0.0564757 
    2230    149.98275   -23.933696  0.077547166   -23.856148    1049.9539    982.06466     9.950304    10.057652    9.8131209    0.1337501    0.1150473   -0.0564757 
    2240    122.01993   -23.932833  0.063089257   -23.869744   -43.433015    982.06466     9.950304    10.057652    9.8131209    0.1337501    0.1150473   -0.0564757 
    2250     123.1642   -23.942245  0.063680891   -23.878564   -1000.1548    982.06466     9.950304    10.057652    9.8131209    0.1337501    0.1150473   -0.0564757 
    2260    86.025231   -23.935235  0.044478535   -23.890756   -1345.0482    982.06466     9.950304    10.057652    9.8131209    0.1337501    0.1150473   -0.0564757 
    2270    81.313043   -23.947665  0.042042143   -23.905622   -1105.0168    982.06466     9.950304    10.057652    9.8131209    0.1337501    0.1150473   -0.0564757 
    2280    106.03282   -23.974616  0.054823272   -23.919793   -468.19577    982.06466     9.950304    10.057652    9.8131209    0.1337501    0.1150473   -0.0564757 
    2290    80.864161   -23.970454  0.041810053   -23.928644    377.31792    982.06466     9.950304    10.057652    9.8131209    0.1337501    0.1150473   -0.0564757 
    2300    85.748163   -23.977252   0.04433528   -23.932917    1028.2558    982.06466     9.950304    10.057652    9.8131209    0.1337501    0.1150473   -0.0564757 
    2310    64.227067   -23.968164     0.033208   -23.934956    1155.2108    982.06466     9.950304    10.057652    9.8131209    0.1337501    0.1150473   -0.0564757 
    2320    82.647011   -23.982416  0.042731859   -23.939684    813.48688    982.06466     9.950304    10.057652    9.8131209    0.1337501    0.1150473   -0.0564757 
    2330    93.002167   -23.990919  0.048085895   -23.942833    167.84448    982.06466     9.950304    10.057652    9.8131209    0.1337501    0.1150473   -0.0564757 
    2340     74.76945   -23.978314   0.03865884   -23.939655   -590.25744    982.06466     9.950304    10.057652    9.8131209    0.1337501    0.1150473   -0.0564757 
    2350    76.165408   -23.974826  0.039380607   -23.935446   -1131.7941    982.06466     9.950304    10.057652    9.8131209    0.1337501    0.1150473   -0.0564757 
    2360    65.331718   -23.966579   0.03377915     -23.9328   -1188.5085    982.06466     9.950304    10.057652    9.8131209    0.1337501    0.1150473   -0.0564757 
    2370    87.591695   -23.978207  0.045288461   -23.932919   -771.44341    982.06466     9.950304    10.057652    9.8131209    0.1337501    0.1150473   -0.0564757 
    2380    107.34749   -23.987163  0.055503009    -23.93166   -59.536535    982.06466     9.950304    10.057652    9.8131209    0.1337501    0.1150473   -0.0564757 
    2390    86.196919   -23.969848  0.044567305    -23.92528    743.63619    982.06466     9.950304    10.057652    9.8131209    0.1337501    0.1150473   -0.0564757 
    2400    101.99638   -23.967795  0.052736267   -23.915059     1261.419    982.06466     9.950304    10.057652    9.8131209    0.1337501    0.1150473   -0.0564757 
    2410    71.875314   -23.943536  0.037162454   -23.906373    1164.5815    982.06466     9.950304    10.057652    9.8131209    0.1337501    0.1150473   -0.0564757 
    2420    115.96515   -23.964346  0.059958688   -23.904387    511.72973    982.06466     9.950304    10.057652    9.8131209    0.1337501    0.1150473   -0.0564757 
    2430    114.97272   -23.956695  0.059445562   -23.897249   -405.56603    982.06466     9.950304    10.057652    9.8131209    0.1337501    0.1150473   -0.0564757 
    2440     85.99509    -23.93171  0.044462951   -23.887247   -1180.2623    982.06466     9.950304    10.057652    9.8131209    0.1337501    0.1150473   -0.0564757 
    2450     113.7071   -23.941023  0.058791184   -23.882231    -1452.742    982.06466     9.950304    10.057652    9.8131209    0.1337501    0.1150473   -0.0564757 
    2460    70.549668   -23.917405  0.036477041   -23.880928   -1070.6172    982.06466     9.950304    10.057652    9.8131209    0.1337501    0.1150473   -0.0564757 
    2470    152.00169   -23.962212   0.07859104   -23.883621   -178.56555    982.06466     9.950304    10.057652    9.8131209    0.1337501    0.1150473   -0.0564757 
    2480    80.176681   -23.920838  0.041454598   -23.879383    808.84342    982.06466     9.950304    10.057652    9.8131209    0.1337501    0.1150473   -0.0564757 
    2490     106.6288   -23.931662  0.055131418   -23.876531    1397.9709    982.06466     9.950304    10.057652    9.8131209    0.1337501    0.1150473   -0.0564757 
    2500    86.851198   -23.925046  0.044905594   -23.880141    1286.7555    982.06466     9.950304    10.057652    9.8131209    0.1337501    0.1150473   -0.0564757 
    2510    123.40905   -23.955114  0.063807488   -23.891307    554.94901    982.06466     9.950304    10.057652    9.8131209    0.1337501    0.1150473   -0.0564757 
    2520    123.58237    -23.95882  0.063897098   -23.894923   -442.28609    982.06466     9.950304    10.057652    9.8131209    0.1337501    0.1150473   -0.0564757 
    2530    116.55597   -23.954353  0.060264167   -23.894089   -1218.0678    982.06466     9.950304    10.057652    9.8131209    0.1337501    0.1150473   -0.0564757 
    2540    84.339573   -23.937486  0.043606982   -23.893879   -1460.4544    982.06466     9.950304    10.057652    9.8131209    0.1337501    0.1150473   -0.0564757 
    2550    132.56599    -23.96842  0.068541996   -23.899878   -1101.7972    982.06466     9.950304    10.057652    9.8131209    0.1337501    0.1150473   -0.0564757 
    2560    109.35483   -23.962715  0.056540884   -23.906174   -263.33976    982.06466     9.950304    10.057652    9.8131209    0.1337501    0.1150473   -0.0564757 
    2570    152.74031   -23.990206  0.078972941   -23.911233    683.64605    982.06466     9.950304    10.057652    9.8131209    0.1337501    0.1150473   -0.0564757 
    2580    95.930344   -23.960671  0.049599881   -23.911071    1237.4976    982.06466     9.950304    10.057652    9.8131209    0.1337501    0.1150473   -0.0564757 
    2590    113.51568   -23.973975  0.058692213   -23.915282    1232.6176    982.06466     9.950304    10.057652    9.8131209    0.1337501    0.1150473   -0.0564757 
    2600    136.74239   -23.992464  0.070701366   -23.921762    678.81007    982.06466     9.950304    10.057652    9.8131209    0.1337501    0.1150473   -0.0564757 
    2610    106.25586   -23.977419  0.054938592    -23.92248   -239.83927    982.06466     9.950304    10.057652    9.8131209    0.1337501    0.1150473   -0.0564757 
    2620    126.26436   -23.986412  0.065283799   -23.921128   -1031.1477    982.06466     9.950304    10.057652    9.8131209    0.1337501    0.1150473   -0.0564757 
    2630    72.372882   -23.958417  0.037419717   -23.920997    -1313.853    982.06466     9.950304    10.057652    9.8131209    0.1337501    0.1150473   -0.0564757 
    2640    100.93817   -23.977269  0.052189132    -23.92508    -1111.899    982.06466     9.950304    10.057652    9.8131209    0.1337501    0.1150473   -0.0564757 
    2650    99.337624   -23.982416  0.051361583   -23.931055   -509.27369    982.06466     9.950304    10.057652    9.8131209    0.1337501    0.1150473   -0.0564757 
    2660    90.553079   -23.980837  0.046819616   -23.934018    360.81608    982.06466     9.950304    10.057652    9.8131209    0.1337501    0.1150473   -0.0564757 
    2670    91.945899   -23.979309  0.047539761   -23.931769    1057.8614    982.06466     9.950304    10.057652    9.8131209    0.1337501    0.1150473   -0.0564757 
    2680    56.550442    -23.95964  0.029238873   -23.930402    1200.2069    982.06466     9.950304    10.057652    9.8131209    0.1337501    0.1150473   -0.0564757 
    2690     82.55886   -23.976146  0.042686281    -23.93346    869.99117    982.06466     9.950304    10.057652    9.8131209    0.1337501    0.1150473   -0.0564757 
    2700    82.797096   -23.978709  0.042809459   -23.935899    217.32427    982.06466     9.950304    10.057652    9.8131209    0.1337501    0.1150473   -0.0564757 
    2710    60.584477   -23.965138  0.031324633   -23.933813    -569.5223    982.06466     9.950304    10.057652    9.8131209    0.1337501    0.1150473   -0.0564757 
    2720    71.558261   -23.967652  0.036998525   -23.930653   -1098.4314    982.06466     9.950304    10.057652    9.8131209    0.1337501    0.1150473   -0.0564757 
    2730    34.206293    -23.94495  0.017686042   -23.927264   -1128.2448    982.06466     9.950304    10.057652    9.8131209    0.1337501    0.1150473   -0.0564757 
    2740    92.143291   -23.974834  0.047641821   -23.927192   -713.25523    982.06466     9.950304    10.057652    9.8131209    0.1337501    0.1150473   -0.0564757 
    2750    73.519864   -23.960133  0.038012753   -23.922121    3.4836937    982.06466     9.950304    10.057652    9.8131209    0.1337501    0.1150473   -0.0564757 
    2760    78.195507   -23.952692   0.04043025   -23.912262    860.79332    982.06466     9.950304    10.057652    9.8131209    0.1337501    0.1150473   -0.0564757 
    2770    77.844649    -23.93619  0.040248842   -23.895941    1401.5776    982.06466     9.950304    10.057652    9.8131209    0.1337501    0.1150473   -0.0564757 
    2780    61.818125   -23.918648  0.031962479   -23.886685    1270.1427    982.06466     9.950304    10.057652    9.8131209    0.1337501    0.1150473   -0.0564757 
    2790    128.07795   -23.947306  0.066221498   -23.881085    586.72357    982.06466     9.950304    10.057652    9.8131209    0.1337501    0.1150473   -0.0564757 
    2800    108.31505   -23.929037  0.056003277   -23.873034   -394.77557    982.06466     9.950304    10.057652    9.8131209    0.1337501    0.1150473   -0.0564757 
    2810    109.99834   -23.919081  0.056873604   -23.862207   -1229.4318    982.06466     9.950304    10.057652    9.8131209    0.1337501    0.1150473   -0.0564757 
    2820    126.46174   -23.920939  0.065385854   -23.855554   -1420.8985    982.06466     9.950304    10.057652    9.8131209    0.1337501    0.1150473   -0.0564757 
    2830    98.525371   -23.907782  0.050941615    -23.85684    -862.8374    982.06466     9.950304    10.057652    9.8131209    0.1337501    0.1150473   -0.0564757 
    2840    213.94244   -23.975387   0.11061692    -23.86477      151.496    982.06466     9.950304    10.057652    9.8131209    0.1337501    0.1150473   -0.0564757 
    2850    112.40611   -23.924664  0.058118519   -23.866545    1136.4052    982.06466     9.950304    10.057652    9.8131209    0.1337501    0.1150473   -0.0564757 
    2860    162.30407    -23.95793  0.083917792   -23.874013    1550.7834    982.06466     9.950304    10.057652    9.8131209    0.1337501    0.1150473   -0.0564757 
    2870     133.2892   -23.956436  0.068915923    -23.88752    1215.1918    982.06466     9.950304    10.057652    9.8131209    0.1337501    0.1150473   -0.0564757 
    2880    133.49093   -23.970632  0.069020228   -23.901612    294.36923    982.06466     9.950304    10.057652    9.8131209    0.1337501    0.1150473   -0.0564757 
    2890     141.4161   -23.983834  0.073117865   -23.910716   -686.14619    982.06466     9.950304    10.057652    9.8131209    0.1337501    0.1150473   -0.0564757 
    2900    62.992582   -23.949557  0.032569721   -23.916987   -1230.9967    982.06466     9.950304    10.057652    9.8131209    0.1337501    0.1150473   -0.0564757 
    2910    95.617261   -23.975628  0.049438004    -23.92619   -1259.7652    982.06466     9.950304    10.057652    9.8131209    0.1337501    0.1150473   -0.0564757 
    2920    66.209547   -23.969502  0.034233023   -23.935269   -832.13652    982.06466     9.950304    10.057652    9.8131209    0.1337501    0.1150473   -0.0564757 
    2930    89.047536   -23.988377   0.04604119   -23.942336   -86.083805    982.06466     9.950304    10.057652    9.8131209    0.1337501    0.1150473   -0.0564757 
    2940    77.141207   -23.981704  0.039885134   -23.941819    688.78117    982.06466     9.950304    10.057652    9.8131209    0.1337501    0.1150473   -0.0564757 
    2950    48.499205   -23.963321  0.025076057   -23.938245    1118.1472    982.06466     9.950304    10.057652    9.8131209    0.1337501    0.1150473   -0.0564757 
    2960    69.077089   -23.973692  0.035715658   -23.937977    1076.2561    982.06466     9.950304    10.057652    9.8131209    0.1337501    0.1150473   -0.0564757 
    2970     63.23797   -23.970931  0.032696597   -23.938234    613.19803    982.06466     9.950304    10.057652    9.8131209    0.1337501    0.1150473   -0.0564757 
    2980    71.529501    -23.97425  0.036983655   -23.937266   -162.80096    982.06466     9.950304    10.057652    9.8131209    0.1337501    0.1150473   -0.0564757 
    2990    78.198947   -23.973317  0.040432029   -23.932884   -879.86389    982.06466     9.950304    10.057652    9.8131209    0.1337501    0.1150473   -0.0564757 
    3000     31.56842   -23.943471  0.016322154   -23.927149   -1210.2991    982.06466     9.950304    10.057652    9.8131209    0.1337501    0.1150473   -0.0564757 
Loop time of 35.2016 on 1 procs for 3000 steps with 5 atoms

Performance: 14.727 ns/day, 1.630 hours/ns, 85.223 timesteps/s
234.7% CPU use with 1 MPI tasks x no OpenMP threads

MPI task timing breakdown:
Section |  min time  |  avg time  |  max time  |%varavg| %total
---------------------------------------------------------------
Pair    | 34.678     | 34.678     | 34.678     |   0.0 | 98.51
Neigh   | 0.00098991 | 0.00098991 | 0.00098991 |   0.0 |  0.00
Comm    | 0.011847   | 0.011847   | 0.011847   |   0.0 |  0.03
Output  | 0.48352    | 0.48352    | 0.48352    |   0.0 |  1.37
Modify  | 0.020191   | 0.020191   | 0.020191   |   0.0 |  0.06
Other   |            | 0.006729   |            |       |  0.02

Nlocal:    5 ave 5 max 5 min
Histogram: 1 0 0 0 0 0 0 0 0 0
Nghost:    121 ave 121 max 121 min
Histogram: 1 0 0 0 0 0 0 0 0 0
Neighs:    0 ave 0 max 0 min
Histogram: 1 0 0 0 0 0 0 0 0 0

Total # of neighbors = 0
Ave neighs/atom = 0
Neighbor list builds = 97
Dangerous builds = 0
Total wall time: 0:00:39
