2019-06-25 21:08:46.490548: I tensorflow/core/platform/cpu_feature_guard.cc:140] Your CPU supports instructions that this TensorFlow binary was not compiled to use: AVX512F
2019-06-25 21:08:48.615304: E tensorflow/stream_executor/cuda/cuda_driver.cc:406] failed call to cuInit: CUDA_ERROR_NO_DEVICE
2019-06-25 21:08:48.615413: I tensorflow/stream_executor/cuda/cuda_diagnostics.cc:158] retrieving CUDA diagnostic information for host: SR760-GPU-4
2019-06-25 21:08:48.615438: I tensorflow/stream_executor/cuda/cuda_diagnostics.cc:165] hostname: SR760-GPU-4
2019-06-25 21:08:48.615550: I tensorflow/stream_executor/cuda/cuda_diagnostics.cc:189] libcuda reported version is: 410.48.0
2019-06-25 21:08:48.615666: I tensorflow/stream_executor/cuda/cuda_diagnostics.cc:193] kernel reported version is: 410.48.0
2019-06-25 21:08:48.615686: I tensorflow/stream_executor/cuda/cuda_diagnostics.cc:300] kernel version seems to match DSO: 410.48.0
> Info of lammps module:
  use deepmd-kit at:  /sharedext4/local/deepmd-kit-0.12.4
  source:             v0.12.4-1-ge3cd911-dirty
  source branch:      master
  source commit:      e3cd911
  source commit at:   2019-02-07 10:22:13 +0800
  build float prec:   double
  build with tf inc:  /sharedext4/local/tensorflow/r1.8.gpu.cc/include
  build with tf lib:  /sharedext4/local/tensorflow/r1.8.gpu.cc/lib/libtensorflow_cc.so;/sharedext4/local/tensorflow/r1.8.gpu.cc/lib/libtensorflow_framework.so
  >>> Info of model(s):
  using   4 model(s): ../graph.002.pb ../graph.003.pb ../graph.000.pb ../graph.001.pb 
  rcut in model:      5
  ntypes in model:    2
Neighbor list info ...
  update every 1 steps, delay 10 steps, check yes
  max neighbors/atom: 2000, page size: 100000
  master list distance cutoff = 6
  ghost atom cutoff = 6
  binsize = 3, bins = 4 4 4
  1 neighbor lists, perpetual/occasional/extra = 1 0 0
  (1) pair deepmd, perpetual
      attributes: , newton on
      pair build: full/bin/atomonly
      stencil: full/bin/3d
      bin: standard
Setting up Verlet run ...
  Unit style    : metal
  Current step  : 0
  Time step     : 0.002
Per MPI rank memory allocation (min/avg/max) = 3.934 | 3.934 | 3.934 Mbytes
Step Temp PotEng KinEng TotEng Press Volume Lx Ly Lz Xy Xz Yz 
       0          100   -23.961379  0.051704058   -23.909675   -400.37138    998.03132    9.7907372    10.210743    9.9832382   -0.3032843   -0.2392274    0.0022112 
      10    102.37295   -23.961072  0.052930968   -23.908141   -464.47718    998.03132    9.7907372    10.210743    9.9832382   -0.3032843   -0.2392274    0.0022112 
      20    100.49896   -23.961316  0.051962043   -23.909354   -323.90958    998.03132    9.7907372    10.210743    9.9832382   -0.3032843   -0.2392274    0.0022112 
      30    91.300516   -23.957894  0.047206072   -23.910688   -38.890729    998.03132    9.7907372    10.210743    9.9832382   -0.3032843   -0.2392274    0.0022112 
      40      90.5435   -23.960416  0.046814664   -23.913601    255.57056    998.03132    9.7907372    10.210743    9.9832382   -0.3032843   -0.2392274    0.0022112 
      50    84.675409   -23.962384  0.043780623   -23.918603      411.166    998.03132    9.7907372    10.210743    9.9832382   -0.3032843   -0.2392274    0.0022112 
      60    87.177057   -23.970344  0.045074076    -23.92527    332.13417    998.03132    9.7907372    10.210743    9.9832382   -0.3032843   -0.2392274    0.0022112 
      70    86.685872   -23.978722  0.044820114   -23.933902     84.68418    998.03132    9.7907372    10.210743    9.9832382   -0.3032843   -0.2392274    0.0022112 
      80    84.771867   -23.986493  0.043830495   -23.942663   -182.75065    998.03132    9.7907372    10.210743    9.9832382   -0.3032843   -0.2392274    0.0022112 
      90    69.965383   -23.985796  0.036174942   -23.949621   -381.73007    998.03132    9.7907372    10.210743    9.9832382   -0.3032843   -0.2392274    0.0022112 
     100    72.568734   -23.994758   0.03752098   -23.957237   -411.93444    998.03132    9.7907372    10.210743    9.9832382   -0.3032843   -0.2392274    0.0022112 
     110    61.793736    -23.99592  0.031949869    -23.96397   -268.70548    998.03132    9.7907372    10.210743    9.9832382   -0.3032843   -0.2392274    0.0022112 
     120    56.968335   -23.998371  0.029454941   -23.968916   -56.333868    998.03132    9.7907372    10.210743    9.9832382   -0.3032843   -0.2392274    0.0022112 
     130    56.191516   -24.001833  0.029053294    -23.97278     141.5129    998.03132    9.7907372    10.210743    9.9832382   -0.3032843   -0.2392274    0.0022112 
     140    50.273719   -24.000936  0.025993553   -23.974942    268.09621    998.03132    9.7907372    10.210743    9.9832382   -0.3032843   -0.2392274    0.0022112 
     150    46.654229   -23.999969   0.02412213   -23.975847    254.36401    998.03132    9.7907372    10.210743    9.9832382   -0.3032843   -0.2392274    0.0022112 
     160    53.660589    -24.00405  0.027744702   -23.976305     107.7242    998.03132    9.7907372    10.210743    9.9832382   -0.3032843   -0.2392274    0.0022112 
     170    47.646834   -23.999459  0.024635347   -23.974824   -92.058131    998.03132    9.7907372    10.210743    9.9832382   -0.3032843   -0.2392274    0.0022112 
     180    53.715669   -23.999501  0.027773181   -23.971727   -276.65145    998.03132    9.7907372    10.210743    9.9832382   -0.3032843   -0.2392274    0.0022112 
     190     60.14917   -23.997283  0.031099561   -23.966184    -391.2927    998.03132    9.7907372    10.210743    9.9832382   -0.3032843   -0.2392274    0.0022112 
     200    67.675327    -23.99181   0.03499089   -23.956819   -361.62952    998.03132    9.7907372    10.210743    9.9832382   -0.3032843   -0.2392274    0.0022112 
     210    85.902006   -23.988045  0.044414823   -23.943631   -173.37087    998.03132    9.7907372    10.210743    9.9832382   -0.3032843   -0.2392274    0.0022112 
     220    101.57955   -23.982371  0.052520752    -23.92985    106.83694    998.03132    9.7907372    10.210743    9.9832382   -0.3032843   -0.2392274    0.0022112 
     230    100.18974   -23.968067  0.051802163   -23.916265    342.96605    998.03132    9.7907372    10.210743    9.9832382   -0.3032843   -0.2392274    0.0022112 
     240    100.98895     -23.9596  0.052215384   -23.907385    378.71253    998.03132    9.7907372    10.210743    9.9832382   -0.3032843   -0.2392274    0.0022112 
     250     111.2522   -23.961173    0.0575219   -23.903651    190.39528    998.03132    9.7907372    10.210743    9.9832382   -0.3032843   -0.2392274    0.0022112 
     260    94.104271   -23.949621  0.048655727   -23.900965   -141.62029    998.03132    9.7907372    10.210743    9.9832382   -0.3032843   -0.2392274    0.0022112 
     270    116.55937   -23.962246  0.060265926    -23.90198   -427.23117    998.03132    9.7907372    10.210743    9.9832382   -0.3032843   -0.2392274    0.0022112 
     280    102.54657   -23.956481  0.053020739    -23.90346   -522.00851    998.03132    9.7907372    10.210743    9.9832382   -0.3032843   -0.2392274    0.0022112 
     290    106.81563   -23.962472  0.055228016   -23.907244   -393.91928    998.03132    9.7907372    10.210743    9.9832382   -0.3032843   -0.2392274    0.0022112 
     300    121.95238   -23.977041  0.063054332   -23.913987   -114.03231    998.03132    9.7907372    10.210743    9.9832382   -0.3032843   -0.2392274    0.0022112 
Loop time of 4.24656 on 1 procs for 300 steps with 5 atoms

Performance: 12.208 ns/day, 1.966 hours/ns, 70.645 timesteps/s
291.1% CPU use with 1 MPI tasks x no OpenMP threads

MPI task timing breakdown:
Section |  min time  |  avg time  |  max time  |%varavg| %total
---------------------------------------------------------------
Pair    | 3.9692     | 3.9692     | 3.9692     |   0.0 | 93.47
Neigh   | 0.00021482 | 0.00021482 | 0.00021482 |   0.0 |  0.01
Comm    | 0.0011592  | 0.0011592  | 0.0011592  |   0.0 |  0.03
Output  | 0.27311    | 0.27311    | 0.27311    |   0.0 |  6.43
Modify  | 0.0018404  | 0.0018404  | 0.0018404  |   0.0 |  0.04
Other   |            | 0.001008   |            |       |  0.02

Nlocal:    5 ave 5 max 5 min
Histogram: 1 0 0 0 0 0 0 0 0 0
Nghost:    115 ave 115 max 115 min
Histogram: 1 0 0 0 0 0 0 0 0 0
Neighs:    0 ave 0 max 0 min
Histogram: 1 0 0 0 0 0 0 0 0 0

Total # of neighbors = 0
Ave neighs/atom = 0
Neighbor list builds = 14
Dangerous builds = 0
Total wall time: 0:00:07
