2019-06-25 21:08:54.495411: I tensorflow/core/platform/cpu_feature_guard.cc:140] Your CPU supports instructions that this TensorFlow binary was not compiled to use: AVX512F
2019-06-25 21:08:55.588116: E tensorflow/stream_executor/cuda/cuda_driver.cc:406] failed call to cuInit: CUDA_ERROR_NO_DEVICE
2019-06-25 21:08:55.588235: I tensorflow/stream_executor/cuda/cuda_diagnostics.cc:158] retrieving CUDA diagnostic information for host: SR760-GPU-4
2019-06-25 21:08:55.588263: I tensorflow/stream_executor/cuda/cuda_diagnostics.cc:165] hostname: SR760-GPU-4
2019-06-25 21:08:55.588389: I tensorflow/stream_executor/cuda/cuda_diagnostics.cc:189] libcuda reported version is: 410.48.0
2019-06-25 21:08:55.588500: I tensorflow/stream_executor/cuda/cuda_diagnostics.cc:193] kernel reported version is: 410.48.0
2019-06-25 21:08:55.588521: I tensorflow/stream_executor/cuda/cuda_diagnostics.cc:300] kernel version seems to match DSO: 410.48.0
> Info of lammps module:
  use deepmd-kit at:  /sharedext4/local/deepmd-kit-0.12.4
  source:             v0.12.4-1-ge3cd911-dirty
  source branch:      master
  source commit:      e3cd911
  source commit at:   2019-02-07 10:22:13 +0800
  build float prec:   double
  build with tf inc:  /sharedext4/local/tensorflow/r1.8.gpu.cc/include
  build with tf lib:  /sharedext4/local/tensorflow/r1.8.gpu.cc/lib/libtensorflow_cc.so;/sharedext4/local/tensorflow/r1.8.gpu.cc/lib/libtensorflow_framework.so
  >>> Info of model(s):
  using   4 model(s): ../graph.002.pb ../graph.003.pb ../graph.000.pb ../graph.001.pb 
  rcut in model:      5
  ntypes in model:    2
Neighbor list info ...
  update every 1 steps, delay 10 steps, check yes
  max neighbors/atom: 2000, page size: 100000
  master list distance cutoff = 6
  ghost atom cutoff = 6
  binsize = 3, bins = 4 4 4
  1 neighbor lists, perpetual/occasional/extra = 1 0 0
  (1) pair deepmd, perpetual
      attributes: , newton on
      pair build: full/bin/atomonly
      stencil: full/bin/3d
      bin: standard
Setting up Verlet run ...
  Unit style    : metal
  Current step  : 0
  Time step     : 0.002
Per MPI rank memory allocation (min/avg/max) = 3.934 | 3.934 | 3.934 Mbytes
Step Temp PotEng KinEng TotEng Press Volume Lx Ly Lz Xy Xz Yz 
       0          100   -23.946779  0.051704058   -23.895075   -1049.5397    1019.6827    10.251062    9.7271137    10.226152   -0.2045252   -0.1997758    0.0336085 
      10    110.27749   -23.956323  0.057017937   -23.899305     -86.6948    1019.6827    10.251062    9.7271137    10.226152   -0.2045252   -0.1997758    0.0336085 
      20    118.71588   -23.958272   0.06138093   -23.896891    968.34239    1019.6827    10.251062    9.7271137    10.226152   -0.2045252   -0.1997758    0.0336085 
      30    69.144032   -23.926821  0.035750271   -23.891071    1554.8119    1019.6827    10.251062    9.7271137    10.226152   -0.2045252   -0.1997758    0.0336085 
      40    107.17278   -23.951999  0.055412677   -23.896586    1317.7263    1019.6827    10.251062    9.7271137    10.226152   -0.2045252   -0.1997758    0.0336085 
      50    131.16301   -23.970282  0.067816597   -23.902465    386.49488    1019.6827    10.251062    9.7271137    10.226152   -0.2045252   -0.1997758    0.0336085 
      60    98.709729   -23.948866  0.051036936   -23.897829   -697.01826    1019.6827    10.251062    9.7271137    10.226152   -0.2045252   -0.1997758    0.0336085 
      70    103.23479   -23.943205  0.053376578   -23.889828   -1397.4418    1019.6827    10.251062    9.7271137    10.226152   -0.2045252   -0.1997758    0.0336085 
      80    75.642855   -23.927334  0.039110426   -23.888224   -1413.8069    1019.6827    10.251062    9.7271137    10.226152   -0.2045252   -0.1997758    0.0336085 
      90     108.1846   -23.949031   0.05593583   -23.893095   -748.27144    1019.6827    10.251062    9.7271137    10.226152   -0.2045252   -0.1997758    0.0336085 
     100    119.91245    -23.95372  0.061999601    -23.89172    335.24878    1019.6827    10.251062    9.7271137    10.226152   -0.2045252   -0.1997758    0.0336085 
     110    102.32848   -23.935105  0.052907977   -23.882197    1339.7704    1019.6827    10.251062    9.7271137    10.226152   -0.2045252   -0.1997758    0.0336085 
     120    64.357288   -23.908154   0.03327533   -23.874878    1677.8237    1019.6827    10.251062    9.7271137    10.226152   -0.2045252   -0.1997758    0.0336085 
     130    124.01233   -23.944072  0.064119406   -23.879953    1143.9685    1019.6827    10.251062    9.7271137    10.226152   -0.2045252   -0.1997758    0.0336085 
     140    129.09806   -23.951034  0.066748934   -23.884285   -19.864305    1019.6827    10.251062    9.7271137    10.226152   -0.2045252   -0.1997758    0.0336085 
     150    107.16053   -23.930837  0.055406343   -23.875431   -1090.1328    1019.6827    10.251062    9.7271137    10.226152   -0.2045252   -0.1997758    0.0336085 
     160    104.32084   -23.923513   0.05393811   -23.869575   -1573.6714    1019.6827    10.251062    9.7271137    10.226152   -0.2045252   -0.1997758    0.0336085 
     170    120.63641   -23.934017  0.062373918   -23.871643    -1298.208    1019.6827    10.251062    9.7271137    10.226152   -0.2045252   -0.1997758    0.0336085 
     180    155.07337   -23.959793  0.080179225   -23.879614   -330.37727    1019.6827    10.251062    9.7271137    10.226152   -0.2045252   -0.1997758    0.0336085 
     190    151.34067   -23.962362  0.078249269   -23.884113    884.39911    1019.6827    10.251062    9.7271137    10.226152   -0.2045252   -0.1997758    0.0336085 
     200    140.87212   -23.951759  0.072836601   -23.878922    1633.5509    1019.6827    10.251062    9.7271137    10.226152   -0.2045252   -0.1997758    0.0336085 
     210    85.646732    -23.92398  0.044282836   -23.879697    1542.3404    1019.6827    10.251062    9.7271137    10.226152   -0.2045252   -0.1997758    0.0336085 
     220    137.97241   -23.959765  0.071337332   -23.888428    658.73358    1019.6827    10.251062    9.7271137    10.226152   -0.2045252   -0.1997758    0.0336085 
     230     105.9694   -23.946056  0.054790479   -23.891265   -438.63476    1019.6827    10.251062    9.7271137    10.226152   -0.2045252   -0.1997758    0.0336085 
     240    61.073789   -23.923338  0.031577627   -23.891761   -1118.1835    1019.6827    10.251062    9.7271137    10.226152   -0.2045252   -0.1997758    0.0336085 
     250    75.228226   -23.938123  0.038896045   -23.899227   -1175.1225    1019.6827    10.251062    9.7271137    10.226152   -0.2045252   -0.1997758    0.0336085 
     260    92.417541   -23.959318  0.047783619   -23.911534   -624.63467    1019.6827    10.251062    9.7271137    10.226152   -0.2045252   -0.1997758    0.0336085 
     270    87.724734   -23.964704  0.045357247   -23.919347    253.43315    1019.6827    10.251062    9.7271137    10.226152   -0.2045252   -0.1997758    0.0336085 
     280     81.45376   -23.965376  0.042114899   -23.923261    1027.2311    1019.6827    10.251062    9.7271137    10.226152   -0.2045252   -0.1997758    0.0336085 
     290    69.523963   -23.961813   0.03594671   -23.925867    1311.7167    1019.6827    10.251062    9.7271137    10.226152   -0.2045252   -0.1997758    0.0336085 
     300     55.05116   -23.959031  0.028463683   -23.930567    960.76395    1019.6827    10.251062    9.7271137    10.226152   -0.2045252   -0.1997758    0.0336085 
Loop time of 3.76762 on 1 procs for 300 steps with 5 atoms

Performance: 13.759 ns/day, 1.744 hours/ns, 79.626 timesteps/s
278.9% CPU use with 1 MPI tasks x no OpenMP threads

MPI task timing breakdown:
Section |  min time  |  avg time  |  max time  |%varavg| %total
---------------------------------------------------------------
Pair    | 3.5023     | 3.5023     | 3.5023     |   0.0 | 92.96
Neigh   | 9.8944e-05 | 9.8944e-05 | 9.8944e-05 |   0.0 |  0.00
Comm    | 0.0010488  | 0.0010488  | 0.0010488  |   0.0 |  0.03
Output  | 0.26145    | 0.26145    | 0.26145    |   0.0 |  6.94
Modify  | 0.0016828  | 0.0016828  | 0.0016828  |   0.0 |  0.04
Other   |            | 0.001018   |            |       |  0.03

Nlocal:    5 ave 5 max 5 min
Histogram: 1 0 0 0 0 0 0 0 0 0
Nghost:    112 ave 112 max 112 min
Histogram: 1 0 0 0 0 0 0 0 0 0
Neighs:    0 ave 0 max 0 min
Histogram: 1 0 0 0 0 0 0 0 0 0

Total # of neighbors = 0
Ave neighs/atom = 0
Neighbor list builds = 7
Dangerous builds = 0
Total wall time: 0:00:06
