2019-06-25 21:08:55.304680: I tensorflow/core/platform/cpu_feature_guard.cc:140] Your CPU supports instructions that this TensorFlow binary was not compiled to use: AVX512F
2019-06-25 21:08:56.070244: E tensorflow/stream_executor/cuda/cuda_driver.cc:406] failed call to cuInit: CUDA_ERROR_NO_DEVICE
2019-06-25 21:08:56.070305: I tensorflow/stream_executor/cuda/cuda_diagnostics.cc:158] retrieving CUDA diagnostic information for host: SR760-GPU-4
2019-06-25 21:08:56.070315: I tensorflow/stream_executor/cuda/cuda_diagnostics.cc:165] hostname: SR760-GPU-4
2019-06-25 21:08:56.070366: I tensorflow/stream_executor/cuda/cuda_diagnostics.cc:189] libcuda reported version is: 410.48.0
2019-06-25 21:08:56.070422: I tensorflow/stream_executor/cuda/cuda_diagnostics.cc:193] kernel reported version is: 410.48.0
2019-06-25 21:08:56.070429: I tensorflow/stream_executor/cuda/cuda_diagnostics.cc:300] kernel version seems to match DSO: 410.48.0
 of lammps module:
  use deepmd-kit at:  /sharedext4/local/deepmd-kit-0.12.4
  source:             v0.12.4-1-ge3cd911-dirty
  source branch:      master
  source commit:      e3cd911
  source commit at:   2019-02-07 10:22:13 +0800
  build float prec:   double
  build with tf inc:  /sharedext4/local/tensorflow/r1.8.gpu.cc/include
  build with tf lib:  /sharedext4/local/tensorflow/r1.8.gpu.cc/lib/libtensorflow_cc.so;/sharedext4/local/tensorflow/r1.8.gpu.cc/lib/libtensorflow_framework.so
  >>> Info of model(s):
  using   4 model(s): ../graph.002.pb ../graph.003.pb ../graph.000.pb ../graph.001.pb 
  rcut in model:      5
  ntypes in model:    2
Neighbor list info ...
  update every 1 steps, delay 10 steps, check yes
  max neighbors/atom: 2000, page size: 100000
  master list distance cutoff = 6
  ghost atom cutoff = 6
  binsize = 3, bins = 4 4 4
  1 neighbor lists, perpetual/occasional/extra = 1 0 0
  (1) pair deepmd, perpetual
      attributes: , newton on
      pair build: full/bin/atomonly
      stencil: full/bin/3d
      bin: standard
Setting up Verlet run ...
  Unit style    : metal
  Current step  : 0
  Time step     : 0.002
Per MPI rank memory allocation (min/avg/max) = 3.934 | 3.934 | 3.934 Mbytes
Step Temp PotEng KinEng TotEng Press Volume Lx Ly Lz Xy Xz Yz 
       0          100    -23.97016  0.051704058   -23.918456    617.00075    957.92627    9.7438946    9.9589844    9.8715296    0.2904835   -0.1112964    0.1928796 
      10    86.562189   -23.959104  0.044756164   -23.914348    780.18385    957.92627    9.7438946    9.9589844    9.8715296    0.2904835   -0.1112964    0.1928796 
      20    85.650216   -23.957491  0.044284637   -23.913207    530.12761    957.92627    9.7438946    9.9589844    9.8715296    0.2904835   -0.1112964    0.1928796 
      30    68.875424   -23.947378  0.035611389   -23.911766    65.477278    957.92627    9.7438946    9.9589844    9.8715296    0.2904835   -0.1112964    0.1928796 
      40    81.433213   -23.952606  0.042104275   -23.910501   -346.44165    957.92627    9.7438946    9.9589844    9.8715296    0.2904835   -0.1112964    0.1928796 
      50     49.58083   -23.933732  0.025635301   -23.908096   -578.61715    957.92627    9.7438946    9.9589844    9.8715296    0.2904835   -0.1112964    0.1928796 
      60    77.507477   -23.948679  0.040074511   -23.908605   -430.53105    957.92627    9.7438946    9.9589844    9.8715296    0.2904835   -0.1112964    0.1928796 
      70    84.948835   -23.951658  0.043921995   -23.907736   -26.070115    957.92627    9.7438946    9.9589844    9.8715296    0.2904835   -0.1112964    0.1928796 
      80    81.235157    -23.94872  0.042001873   -23.906718    440.48083    957.92627    9.7438946    9.9589844    9.8715296    0.2904835   -0.1112964    0.1928796 
      90    110.86581   -23.963071  0.057322123   -23.905749    781.43929    957.92627    9.7438946    9.9589844    9.8715296    0.2904835   -0.1112964    0.1928796 
     100    115.00292   -23.965379  0.059461175   -23.905918    680.49865    957.92627    9.7438946    9.9589844    9.8715296    0.2904835   -0.1112964    0.1928796 
     110    149.14905   -23.983582  0.077116113   -23.906465    258.79963    957.92627    9.7438946    9.9589844    9.8715296    0.2904835   -0.1112964    0.1928796 
     120    143.09274   -23.976247  0.073984752   -23.902262   -315.38117    957.92627    9.7438946    9.9589844    9.8715296    0.2904835   -0.1112964    0.1928796 
     130    178.79514   -23.989594  0.092444343   -23.897149   -845.95794    957.92627    9.7438946    9.9589844    9.8715296    0.2904835   -0.1112964    0.1928796 
     140    142.06752   -23.964307  0.073454675   -23.890852   -937.19996    957.92627    9.7438946    9.9589844    9.8715296    0.2904835   -0.1112964    0.1928796 
     150    171.94638   -23.977493  0.088903256    -23.88859   -628.94905    957.92627    9.7438946    9.9589844    9.8715296    0.2904835   -0.1112964    0.1928796 
     160    149.68197    -23.96258  0.077391652   -23.885188   -140.75265    957.92627    9.7438946    9.9589844    9.8715296    0.2904835   -0.1112964    0.1928796 
     170    125.27436    -23.94334  0.064771926   -23.878568    390.85293    957.92627    9.7438946    9.9589844    9.8715296    0.2904835   -0.1112964    0.1928796 
     180    114.65826   -23.942755  0.059282975   -23.883472    489.67903    957.92627    9.7438946    9.9589844    9.8715296    0.2904835   -0.1112964    0.1928796 
     190    117.79561   -23.953529   0.06090511   -23.892624    204.17424    957.92627    9.7438946    9.9589844    9.8715296    0.2904835   -0.1112964    0.1928796 
     200    107.36805   -23.962649  0.055513637   -23.907135   -258.50526    957.92627    9.7438946    9.9589844    9.8715296    0.2904835   -0.1112964    0.1928796 
     210    101.73387   -23.970152  0.052600538   -23.917552   -616.85993    957.92627    9.7438946    9.9589844    9.8715296    0.2904835   -0.1112964    0.1928796 
     220    111.20215   -23.985224  0.057496024   -23.927728   -713.21168    957.92627    9.7438946    9.9589844    9.8715296    0.2904835   -0.1112964    0.1928796 
     230    74.903616   -23.975012  0.038728209   -23.936284   -513.50277    957.92627    9.7438946    9.9589844    9.8715296    0.2904835   -0.1112964    0.1928796 
     240    94.823549   -23.991392  0.049027623   -23.942364   -127.39541    957.92627    9.7438946    9.9589844    9.8715296    0.2904835   -0.1112964    0.1928796 
     250    77.522633   -23.986452  0.040082347   -23.946369    214.46288    957.92627    9.7438946    9.9589844    9.8715296    0.2904835   -0.1112964    0.1928796 
     260    64.736134   -23.980272  0.033471208     -23.9468    442.89738    957.92627    9.7438946    9.9589844    9.8715296    0.2904835   -0.1112964    0.1928796 
     270    60.151996   -23.977313  0.031101023   -23.946212    411.19325    957.92627    9.7438946    9.9589844    9.8715296    0.2904835   -0.1112964    0.1928796 
     280    69.665105   -23.983639  0.036019686   -23.947619    125.67366    957.92627    9.7438946    9.9589844    9.8715296    0.2904835   -0.1112964    0.1928796 
     290    46.253018   -23.969003  0.023914687   -23.945089   -227.75957    957.92627    9.7438946    9.9589844    9.8715296    0.2904835   -0.1112964    0.1928796 
     300    62.746491   -23.975048  0.032442482   -23.942605   -512.22974    957.92627    9.7438946    9.9589844    9.8715296    0.2904835   -0.1112964    0.1928796 
Loop time of 3.77088 on 1 procs for 300 steps with 5 atoms

Performance: 13.747 ns/day, 1.746 hours/ns, 79.557 timesteps/s
275.8% CPU use with 1 MPI tasks x no OpenMP threads

MPI task timing breakdown:
Section |  min time  |  avg time  |  max time  |%varavg| %total
---------------------------------------------------------------
Pair    | 3.4384     | 3.4384     | 3.4384     |   0.0 | 91.18
Neigh   | 0.00018907 | 0.00018907 | 0.00018907 |   0.0 |  0.01
Comm    | 0.0010684  | 0.0010684  | 0.0010684  |   0.0 |  0.03
Output  | 0.32834    | 0.32834    | 0.32834    |   0.0 |  8.71
Modify  | 0.0016992  | 0.0016992  | 0.0016992  |   0.0 |  0.05
Other   |            | 0.001156   |            |       |  0.03

Nlocal:    5 ave 5 max 5 min
Histogram: 1 0 0 0 0 0 0 0 0 0
Nghost:    115 ave 115 max 115 min
Histogram: 1 0 0 0 0 0 0 0 0 0
Neighs:    0 ave 0 max 0 min
Histogram: 1 0 0 0 0 0 0 0 0 0

Total # of neighbors = 0
Ave neighs/atom = 0
Neighbor list builds = 14
Dangerous builds = 0
Total wall time: 0:00:05
